INFO: *****Converting ES-CT
INFO: ***Making ES-CT samples
INFO: selecting meta file ParlaMint-taxonomy-parla.legislature.xml
INFO: selecting meta file ParlaMint-taxonomy-speaker_types.xml
INFO: selecting meta file ParlaMint-taxonomy-subcorpus.xml
INFO: selecting meta file ParlaMint-taxonomy-CHES.xml
INFO: selecting meta file ParlaMint-taxonomy-politicalOrientation.xml
INFO: selecting meta file ParlaMint-ES-CT-listOrg.xml
INFO: selecting meta file ParlaMint-ES-CT-listPerson.xml
INFO: from 283 component files  selecting ~3 files:
INFO: selecting component file 2018/ParlaMint-ES-CT_2018-05-04-0702.xml
INFO: selecting component file 2020/ParlaMint-ES-CT_2020-09-09-6001.xml
INFO: selecting component file 2022/ParlaMint-ES-CT_2022-07-20-3601.xml
INFO: Converting directory /project/corpora/Parla/ParlaMint/ParlaMint/Corpora/Master/ParlaMint-ES-CT
INFO: Making text files
INFO: converting ParlaMint-ES-CT_2018-05-04-0702 to text file
INFO: converting ParlaMint-ES-CT_2022-07-20-3601 to text file
INFO: converting ParlaMint-ES-CT_2020-09-09-6001 to text file
INFO: Making metadata files
INFO: Converting ParlaMint-ES-CT_2022-07-20-3601 to metadata TSV
INFO: Converting ParlaMint-ES-CT_2020-09-09-6001 to metadata TSV
INFO: Converting ParlaMint-ES-CT_2018-05-04-0702 to metadata TSV
INFO: Converting ParlaMint-ES-CT_2018-05-04-0702 to metadata TSV
INFO: Converting ParlaMint-ES-CT_2022-07-20-3601 to metadata TSV
INFO: Converting ParlaMint-ES-CT_2020-09-09-6001 to metadata TSV
INFO: selecting meta file ParlaMint-taxonomy-parla.legislature.xml
INFO: selecting meta file ParlaMint-taxonomy-speaker_types.xml
INFO: selecting meta file ParlaMint-taxonomy-UD-SYN.ana.xml
INFO: selecting meta file ParlaMint-taxonomy-NER.ana.xml
INFO: selecting meta file ParlaMint-taxonomy-subcorpus.xml
INFO: selecting meta file ParlaMint-taxonomy-CHES.xml
INFO: selecting meta file ParlaMint-taxonomy-politicalOrientation.xml
INFO: selecting meta file ParlaMint-ES-CT-listOrg.xml
INFO: selecting meta file ParlaMint-ES-CT-listPerson.xml
INFO: from 283 component files  selecting ~3 files:
INFO: selecting component file 2018/ParlaMint-ES-CT_2018-05-04-0702.ana.xml
INFO: selecting component file 2020/ParlaMint-ES-CT_2020-09-09-6001.ana.xml
INFO: selecting component file 2022/ParlaMint-ES-CT_2022-07-20-3601.ana.xml
INFO: Converting directory /project/corpora/Parla/ParlaMint/ParlaMint/Corpora/Master/ParlaMint-ES-CT
INFO: Converting ParlaMint-ES-CT_2022-07-20-3601.ana to vertical
INFO: Converting ParlaMint-ES-CT_2018-05-04-0702.ana to vertical
INFO: Converting ParlaMint-ES-CT_2020-09-09-6001.ana to vertical
INFO: Converting directory /project/corpora/Parla/ParlaMint/ParlaMint/Corpora/Master/ParlaMint-ES-CT
INFO: Converting ParlaMint-ES-CT_2022-07-20-3601.ana to metadata TSV
INFO: Converting ParlaMint-ES-CT_2020-09-09-6001.ana to metadata TSV
INFO: Converting ParlaMint-ES-CT_2018-05-04-0702.ana to metadata TSV
INFO: Converting ParlaMint-ES-CT_2022-07-20-3601.ana to metadata TSV
INFO: Converting ParlaMint-ES-CT_2020-09-09-6001.ana to metadata TSV
INFO: Converting ParlaMint-ES-CT_2018-05-04-0702.ana to metadata TSV
/project/corpora/Parla/ParlaMint/ParlaMint/Corpora/Master/ParlaMint-ES-CT/ParlaMint-ES-CT_2018-05-04-0702.ana-meta-en.tsv not renamed: /project/corpora/Parla/ParlaMint/ParlaMint/Corpora/Master/ParlaMint-ES-CT/ParlaMint-ES-CT_2018-05-04-0702-meta-en.tsv already exists
/project/corpora/Parla/ParlaMint/ParlaMint/Corpora/Master/ParlaMint-ES-CT/ParlaMint-ES-CT_2020-09-09-6001.ana-meta-en.tsv not renamed: /project/corpora/Parla/ParlaMint/ParlaMint/Corpora/Master/ParlaMint-ES-CT/ParlaMint-ES-CT_2020-09-09-6001-meta-en.tsv already exists
/project/corpora/Parla/ParlaMint/ParlaMint/Corpora/Master/ParlaMint-ES-CT/ParlaMint-ES-CT_2022-07-20-3601.ana-meta-en.tsv not renamed: /project/corpora/Parla/ParlaMint/ParlaMint/Corpora/Master/ParlaMint-ES-CT/ParlaMint-ES-CT_2022-07-20-3601-meta-en.tsv already exists
*** PASSED ***
*** PASSED ***
*** PASSED ***
[Line 526 Sent ParlaMint-ES-CT_2022-07-20-3601.1.0.6.6]: [L2 Syntax head-self-loop] HEAD == ID for 2
[Line 525 Sent ParlaMint-ES-CT_2022-07-20-3601.1.0.6.6]: [L2 Format skipped-corrupt-tree] Skipping annotation tests because of corrupt tree structure.
Format errors: 1
Syntax errors: 1
*** FAILED *** with 2 errors
[Line 207 Sent ParlaMint-ES-CT_2018-05-04-0702.2.0.1.2]: [L2 Syntax non-tree] Non-tree structure. Words 1,2,3,4,5,6,7,8,9,10,11,12,13,14,15,16,17,18,19,20,21,22,23,24,25 are not reachable from the root 0.
[Line 207 Sent ParlaMint-ES-CT_2018-05-04-0702.2.0.1.2]: [L2 Format skipped-corrupt-tree] Skipping annotation tests because of corrupt tree structure.
Format errors: 1
Syntax errors: 1
*** FAILED *** with 2 errors
[Line 1616 Sent ParlaMint-ES-CT_2020-09-09-6001.245.0.8.1]: [L2 Syntax multiple-roots] Multiple root words: [5, 22]
[Line 1616 Sent ParlaMint-ES-CT_2020-09-09-6001.245.0.8.1]: [L2 Format skipped-corrupt-tree] Skipping annotation tests because of corrupt tree structure.
[Line 2591 Sent ParlaMint-ES-CT_2020-09-09-6001.245.0.40.1]: [L2 Syntax multiple-roots] Multiple root words: [1, 24]
[Line 2591 Sent ParlaMint-ES-CT_2020-09-09-6001.245.0.40.1]: [L2 Format skipped-corrupt-tree] Skipping annotation tests because of corrupt tree structure.
Format errors: 2
Syntax errors: 2
*** FAILED *** with 4 errors
*** PASSED ***
*** PASSED ***
*** PASSED ***
*** PASSED ***
*** PASSED ***
[Line 1]: [L1 Format invalid-line] Spurious line: '[0.003s][warning][perf,memops] Cannot use file /tmp/hsperfdata_tomaz/2010449 because it is locked by another process (errno = 11)'. All non-empty lines should start with a digit or the # character.
Format errors: 1
*** FAILED *** with 1 errors
[Line 526 Sent ParlaMint-ES-CT_2022-07-20-3601.1.0.6.6]: [L2 Syntax head-self-loop] HEAD == ID for 2
[Line 525 Sent ParlaMint-ES-CT_2022-07-20-3601.1.0.6.6]: [L2 Format skipped-corrupt-tree] Skipping annotation tests because of corrupt tree structure.
Format errors: 1
Syntax errors: 1
*** FAILED *** with 2 errors
[Line 526 Sent ParlaMint-ES-CT_2022-07-20-3601.1.0.6.6]: [L2 Syntax head-self-loop] HEAD == ID for 2
[Line 525 Sent ParlaMint-ES-CT_2022-07-20-3601.1.0.6.6]: [L2 Format skipped-corrupt-tree] Skipping annotation tests because of corrupt tree structure.
Format errors: 1
Syntax errors: 1
*** FAILED *** with 2 errors
[Line 207 Sent ParlaMint-ES-CT_2018-05-04-0702.2.0.1.2]: [L2 Syntax non-tree] Non-tree structure. Words 1,2,3,4,5,6,7,8,9,10,11,12,13,14,15,16,17,18,19,20,21,22,23,24,25 are not reachable from the root 0.
[Line 207 Sent ParlaMint-ES-CT_2018-05-04-0702.2.0.1.2]: [L2 Format skipped-corrupt-tree] Skipping annotation tests because of corrupt tree structure.
Format errors: 1
Syntax errors: 1
*** FAILED *** with 2 errors
[Line 207 Sent ParlaMint-ES-CT_2018-05-04-0702.2.0.1.2]: [L2 Syntax non-tree] Non-tree structure. Words 1,2,3,4,5,6,7,8,9,10,11,12,13,14,15,16,17,18,19,20,21,22,23,24,25 are not reachable from the root 0.
[Line 207 Sent ParlaMint-ES-CT_2018-05-04-0702.2.0.1.2]: [L2 Format skipped-corrupt-tree] Skipping annotation tests because of corrupt tree structure.
Format errors: 1
Syntax errors: 1
*** FAILED *** with 2 errors
[Line 1]: [L1 Format invalid-line] Spurious line: '[0.003s][warning][perf,memops] Cannot use file /tmp/hsperfdata_tomaz/2010449 because it is locked by another process (errno = 11)'. All non-empty lines should start with a digit or the # character.
[Line 1572 Sent ParlaMint-ES-CT_2020-09-09-6001.245.0.8.1]: [L2 Syntax multiple-roots] Multiple root words: [5, 22]
[Line 1572 Sent ParlaMint-ES-CT_2020-09-09-6001.245.0.8.1]: [L2 Format skipped-corrupt-tree] Skipping annotation tests because of corrupt tree structure.
[Line 2547 Sent ParlaMint-ES-CT_2020-09-09-6001.245.0.40.1]: [L2 Syntax multiple-roots] Multiple root words: [1, 24]
[Line 2547 Sent ParlaMint-ES-CT_2020-09-09-6001.245.0.40.1]: [L2 Format skipped-corrupt-tree] Skipping annotation tests because of corrupt tree structure.
Format errors: 3
Syntax errors: 2
*** FAILED *** with 5 errors
[Line 1616 Sent ParlaMint-ES-CT_2020-09-09-6001.245.0.8.1]: [L2 Syntax multiple-roots] Multiple root words: [5, 22]
[Line 1616 Sent ParlaMint-ES-CT_2020-09-09-6001.245.0.8.1]: [L2 Format skipped-corrupt-tree] Skipping annotation tests because of corrupt tree structure.
[Line 2591 Sent ParlaMint-ES-CT_2020-09-09-6001.245.0.40.1]: [L2 Syntax multiple-roots] Multiple root words: [1, 24]
[Line 2591 Sent ParlaMint-ES-CT_2020-09-09-6001.245.0.40.1]: [L2 Format skipped-corrupt-tree] Skipping annotation tests because of corrupt tree structure.
Format errors: 2
Syntax errors: 2
*** FAILED *** with 4 errors
*** PASSED ***
*** PASSED ***
*** PASSED ***
*** PASSED ***
*** PASSED ***
*** PASSED ***
*** PASSED ***
[Line 1]: [L1 Format invalid-line] Spurious line: '[0.003s][warning][perf,memops] Cannot use file /tmp/hsperfdata_tomaz/2010449 because it is locked by another process (errno = 11)'. All non-empty lines should start with a digit or the # character.
Format errors: 1
*** FAILED *** with 1 errors
*** PASSED ***
*** PASSED ***
*** PASSED ***
*** PASSED ***
[Line 526 Sent ParlaMint-ES-CT_2022-07-20-3601.1.0.6.6]: [L2 Syntax head-self-loop] HEAD == ID for 2
[Line 525 Sent ParlaMint-ES-CT_2022-07-20-3601.1.0.6.6]: [L2 Format skipped-corrupt-tree] Skipping annotation tests because of corrupt tree structure.
Format errors: 1
Syntax errors: 1
*** FAILED *** with 2 errors
[Line 526 Sent ParlaMint-ES-CT_2022-07-20-3601.1.0.6.6]: [L2 Syntax head-self-loop] HEAD == ID for 2
[Line 525 Sent ParlaMint-ES-CT_2022-07-20-3601.1.0.6.6]: [L2 Format skipped-corrupt-tree] Skipping annotation tests because of corrupt tree structure.
Format errors: 1
Syntax errors: 1
*** FAILED *** with 2 errors
[Line 207 Sent ParlaMint-ES-CT_2018-05-04-0702.2.0.1.2]: [L2 Syntax non-tree] Non-tree structure. Words 1,2,3,4,5,6,7,8,9,10,11,12,13,14,15,16,17,18,19,20,21,22,23,24,25 are not reachable from the root 0.
[Line 207 Sent ParlaMint-ES-CT_2018-05-04-0702.2.0.1.2]: [L2 Format skipped-corrupt-tree] Skipping annotation tests because of corrupt tree structure.
Format errors: 1
Syntax errors: 1
*** FAILED *** with 2 errors
[Line 207 Sent ParlaMint-ES-CT_2018-05-04-0702.2.0.1.2]: [L2 Syntax non-tree] Non-tree structure. Words 1,2,3,4,5,6,7,8,9,10,11,12,13,14,15,16,17,18,19,20,21,22,23,24,25 are not reachable from the root 0.
[Line 207 Sent ParlaMint-ES-CT_2018-05-04-0702.2.0.1.2]: [L2 Format skipped-corrupt-tree] Skipping annotation tests because of corrupt tree structure.
Format errors: 1
Syntax errors: 1
*** FAILED *** with 2 errors
[Line 1616 Sent ParlaMint-ES-CT_2020-09-09-6001.245.0.8.1]: [L2 Syntax multiple-roots] Multiple root words: [5, 22]
[Line 1616 Sent ParlaMint-ES-CT_2020-09-09-6001.245.0.8.1]: [L2 Format skipped-corrupt-tree] Skipping annotation tests because of corrupt tree structure.
[Line 2591 Sent ParlaMint-ES-CT_2020-09-09-6001.245.0.40.1]: [L2 Syntax multiple-roots] Multiple root words: [1, 24]
[Line 2591 Sent ParlaMint-ES-CT_2020-09-09-6001.245.0.40.1]: [L2 Format skipped-corrupt-tree] Skipping annotation tests because of corrupt tree structure.
Format errors: 2
Syntax errors: 2
*** FAILED *** with 4 errors
[Line 1]: [L1 Format invalid-line] Spurious line: '[0.003s][warning][perf,memops] Cannot use file /tmp/hsperfdata_tomaz/2010449 because it is locked by another process (errno = 11)'. All non-empty lines should start with a digit or the # character.
[Line 1572 Sent ParlaMint-ES-CT_2020-09-09-6001.245.0.8.1]: [L2 Syntax multiple-roots] Multiple root words: [5, 22]
[Line 1572 Sent ParlaMint-ES-CT_2020-09-09-6001.245.0.8.1]: [L2 Format skipped-corrupt-tree] Skipping annotation tests because of corrupt tree structure.
[Line 2547 Sent ParlaMint-ES-CT_2020-09-09-6001.245.0.40.1]: [L2 Syntax multiple-roots] Multiple root words: [1, 24]
[Line 2547 Sent ParlaMint-ES-CT_2020-09-09-6001.245.0.40.1]: [L2 Format skipped-corrupt-tree] Skipping annotation tests because of corrupt tree structure.
Format errors: 3
Syntax errors: 2
*** FAILED *** with 5 errors
INFO: ***Finished processing ES-CT corpus.
INFO: *****Converting ES-CT-en
INFO: ***Making ES-CT-en samples
WARN: No TEI files for ES-CT-en samples (needed root file is /project/corpora/Parla/ParlaMint/ParlaMint/Corpora/Master/ParlaMint-ES-CT-en.TEI/ParlaMint-ES-CT-en.xml)
INFO: selecting meta file ParlaMint-taxonomy-parla.legislature.xml
INFO: selecting meta file ParlaMint-taxonomy-speaker_types.xml
INFO: selecting meta file ParlaMint-taxonomy-NER.ana.xml
INFO: selecting meta file ParlaMint-taxonomy-subcorpus.xml
INFO: selecting meta file ParlaMint-taxonomy-CHES.xml
INFO: selecting meta file ParlaMint-taxonomy-politicalOrientation.xml
INFO: selecting meta file ParlaMint-taxonomy-USAS.ana.xml
INFO: selecting meta file ParlaMint-ES-CT-listOrg.xml
INFO: selecting meta file ParlaMint-ES-CT-listPerson.xml
INFO: from 283 component files  selecting ~3 files:
INFO: selecting component file 2018/ParlaMint-ES-CT-en_2018-05-04-0702.ana.xml
INFO: selecting component file 2020/ParlaMint-ES-CT-en_2020-09-09-6001.ana.xml
INFO: selecting component file 2022/ParlaMint-ES-CT-en_2022-07-20-3601.ana.xml
INFO: Converting directory /project/corpora/Parla/ParlaMint/ParlaMint/Corpora/Master/ParlaMint-ES-CT-en
INFO: Converting ParlaMint-ES-CT-en_2022-07-20-3601.ana to vertical
INFO: Converting ParlaMint-ES-CT-en_2020-09-09-6001.ana to vertical
INFO: Converting ParlaMint-ES-CT-en_2018-05-04-0702.ana to vertical
WARN: registry file parlamint41_es_ct_en not found
INFO: Converting directory /project/corpora/Parla/ParlaMint/ParlaMint/Corpora/Master/ParlaMint-ES-CT-en
INFO: Converting ParlaMint-ES-CT-en_2018-05-04-0702.ana to metadata TSV
INFO: Converting ParlaMint-ES-CT-en_2022-07-20-3601.ana to metadata TSV
INFO: Converting ParlaMint-ES-CT-en_2020-09-09-6001.ana to metadata TSV
*** PASSED ***
*** PASSED ***
*** PASSED ***
*** PASSED ***
*** PASSED ***
*** PASSED ***
INFO: ***Finished processing ES-CT-en corpus.
