INFO: Doing /home/project/corpora/Parla/ParlaMint/ParlaMint/Build/Sources-TSV/ParlaMint-PT
INFO: Transliteration
INFO: copying PT (nothing to transliterate)
INFO: Adding TSV metadata for Encoder orientations
WARN: For PT Independente no orientation in encoder TSV
WARN: For PT N達o-inscrito no orientation in encoder TSV
INFO: Adding TSV metadata for CHES orientations
INFO: Adding TSV metadata for Wiki orientations
WARN: For PT Independente no orientation in Wiki TSV
WARN: For PT N達o-inscrito no orientation in Wiki TSV
INFO: Transliteration
INFO: copying PT (nothing to transliterate)
INFO: No TSV metadata for Encoder ministers, skipping
INFO: No TSV metadata for Sex info, skipping
INFO: Doing /home/project/corpora/Parla/ParlaMint/ParlaMint/Build/Sources-TSV/ParlaMint-PT
INFO: Transliteration
INFO: copying PT (nothing to transliterate)
INFO: Adding TSV metadata for Encoder orientations
WARN: For PT Independente no orientation in encoder TSV
WARN: For PT N達o-inscrito no orientation in encoder TSV
INFO: Adding TSV metadata for CHES orientations
INFO: Adding TSV metadata for Wiki orientations
WARN: For PT Independente no orientation in Wiki TSV
WARN: For PT N達o-inscrito no orientation in Wiki TSV
INFO: Transliteration
INFO: copying PT (nothing to transliterate)
INFO: No TSV metadata for Encoder ministers, skipping
INFO: No TSV metadata for Sex info, skipping
