INFO: *****Converting GB
INFO: ***Making GB samples
INFO: selecting meta file ParlaMint-taxonomy-parla.legislature.xml
INFO: selecting meta file ParlaMint-taxonomy-speaker_types.xml
INFO: selecting meta file ParlaMint-taxonomy-subcorpus.xml
INFO: selecting meta file ParlaMint-taxonomy-CHES.xml
INFO: selecting meta file ParlaMint-taxonomy-politicalOrientation.xml
INFO: selecting meta file ParlaMint-GB-listOrg.xml
INFO: selecting meta file ParlaMint-GB-listPerson.xml
INFO: from 2209 component files  selecting ~3 files:
INFO: selecting component file 2017/ParlaMint-GB_2017-09-07-commons.xml
INFO: selecting component file 2020/ParlaMint-GB_2020-02-12-lords.xml
INFO: selecting component file 2022/ParlaMint-GB_2022-07-21-commons.xml
INFO: Converting directory /project/corpora/Parla/ParlaMint/ParlaMint/Corpora/Master/ParlaMint-GB
INFO: Making text files
INFO: converting ParlaMint-GB_2017-09-07-commons to text file
INFO: converting ParlaMint-GB_2022-07-21-commons to text file
INFO: converting ParlaMint-GB_2020-02-12-lords to text file
INFO: Making metadata files
INFO: Converting ParlaMint-GB_2020-02-12-lords to metadata TSV
ERROR: no meeting/text() or meeting/@n for parla.meeting in ParlaMint-GB_2020-02-12-lords
INFO: Converting ParlaMint-GB_2017-09-07-commons to metadata TSV
ERROR: no meeting/text() or meeting/@n for parla.meeting in ParlaMint-GB_2017-09-07-commons
INFO: Converting ParlaMint-GB_2022-07-21-commons to metadata TSV
ERROR: no meeting/text() or meeting/@n for parla.meeting in ParlaMint-GB_2022-07-21-commons
INFO: Converting ParlaMint-GB_2020-02-12-lords to metadata TSV
ERROR: no meeting/text() or meeting/@n for parla.meeting in ParlaMint-GB_2020-02-12-lords
INFO: Converting ParlaMint-GB_2022-07-21-commons to metadata TSV
ERROR: no meeting/text() or meeting/@n for parla.meeting in ParlaMint-GB_2022-07-21-commons
INFO: Converting ParlaMint-GB_2017-09-07-commons to metadata TSV
ERROR: no meeting/text() or meeting/@n for parla.meeting in ParlaMint-GB_2017-09-07-commons
INFO: selecting meta file ParlaMint-taxonomy-parla.legislature.xml
INFO: selecting meta file ParlaMint-taxonomy-speaker_types.xml
INFO: selecting meta file ParlaMint-taxonomy-subcorpus.xml
INFO: selecting meta file ParlaMint-taxonomy-NER.ana.xml
INFO: selecting meta file ParlaMint-taxonomy-UD-SYN.ana.xml
INFO: selecting meta file ParlaMint-taxonomy-CHES.xml
INFO: selecting meta file ParlaMint-taxonomy-politicalOrientation.xml
INFO: selecting meta file ParlaMint-GB-listOrg.xml
INFO: selecting meta file ParlaMint-GB-listPerson.xml
INFO: from 2209 component files  selecting ~3 files:
INFO: selecting component file 2017/ParlaMint-GB_2017-09-07-commons.ana.xml
INFO: selecting component file 2020/ParlaMint-GB_2020-02-12-lords.ana.xml
INFO: selecting component file 2022/ParlaMint-GB_2022-07-21-commons.ana.xml
INFO: Converting directory /project/corpora/Parla/ParlaMint/ParlaMint/Corpora/Master/ParlaMint-GB
INFO: Converting ParlaMint-GB_2017-09-07-commons.ana to vertical
ERROR: no meeting/text() or meeting/@n for parla.meeting in ParlaMint-GB_2017-09-07-commons.ana
INFO: Converting ParlaMint-GB_2022-07-21-commons.ana to vertical
ERROR: no meeting/text() or meeting/@n for parla.meeting in ParlaMint-GB_2022-07-21-commons.ana
INFO: Converting ParlaMint-GB_2020-02-12-lords.ana to vertical
ERROR: no meeting/text() or meeting/@n for parla.meeting in ParlaMint-GB_2020-02-12-lords.ana
INFO: Converting directory /project/corpora/Parla/ParlaMint/ParlaMint/Corpora/Master/ParlaMint-GB
INFO: Converting ParlaMint-GB_2017-09-07-commons.ana to metadata TSV
ERROR: no meeting/text() or meeting/@n for parla.meeting in ParlaMint-GB_2017-09-07-commons.ana
INFO: Converting ParlaMint-GB_2022-07-21-commons.ana to metadata TSV
ERROR: no meeting/text() or meeting/@n for parla.meeting in ParlaMint-GB_2022-07-21-commons.ana
INFO: Converting ParlaMint-GB_2020-02-12-lords.ana to metadata TSV
ERROR: no meeting/text() or meeting/@n for parla.meeting in ParlaMint-GB_2020-02-12-lords.ana
INFO: Converting ParlaMint-GB_2022-07-21-commons.ana to metadata TSV
ERROR: no meeting/text() or meeting/@n for parla.meeting in ParlaMint-GB_2022-07-21-commons.ana
INFO: Converting ParlaMint-GB_2017-09-07-commons.ana to metadata TSV
ERROR: no meeting/text() or meeting/@n for parla.meeting in ParlaMint-GB_2017-09-07-commons.ana
INFO: Converting ParlaMint-GB_2020-02-12-lords.ana to metadata TSV
ERROR: no meeting/text() or meeting/@n for parla.meeting in ParlaMint-GB_2020-02-12-lords.ana
/project/corpora/Parla/ParlaMint/ParlaMint/Corpora/Master/ParlaMint-GB/ParlaMint-GB_2017-09-07-commons.ana-meta-en.tsv not renamed: /project/corpora/Parla/ParlaMint/ParlaMint/Corpora/Master/ParlaMint-GB/ParlaMint-GB_2017-09-07-commons-meta-en.tsv already exists
/project/corpora/Parla/ParlaMint/ParlaMint/Corpora/Master/ParlaMint-GB/ParlaMint-GB_2020-02-12-lords.ana-meta-en.tsv not renamed: /project/corpora/Parla/ParlaMint/ParlaMint/Corpora/Master/ParlaMint-GB/ParlaMint-GB_2020-02-12-lords-meta-en.tsv already exists
/project/corpora/Parla/ParlaMint/ParlaMint/Corpora/Master/ParlaMint-GB/ParlaMint-GB_2022-07-21-commons.ana-meta-en.tsv not renamed: /project/corpora/Parla/ParlaMint/ParlaMint/Corpora/Master/ParlaMint-GB/ParlaMint-GB_2022-07-21-commons-meta-en.tsv already exists
*** PASSED ***
*** PASSED ***
*** PASSED ***
*** PASSED ***
*** PASSED ***
*** PASSED ***
INFO: ***Finished processing GB corpus.
INFO: *****Converting GB-en
INFO: ***Making GB-en samples
WARN: No TEI files for GB-en samples (needed root file is /project/corpora/Parla/ParlaMint/ParlaMint/Corpora/Master/ParlaMint-GB-en.TEI/ParlaMint-GB-en.xml)
INFO: selecting meta file ParlaMint-taxonomy-parla.legislature.xml
INFO: selecting meta file ParlaMint-taxonomy-speaker_types.xml
INFO: selecting meta file ParlaMint-taxonomy-subcorpus.xml
INFO: selecting meta file ParlaMint-taxonomy-NER.ana.xml
INFO: selecting meta file ParlaMint-taxonomy-CHES.xml
INFO: selecting meta file ParlaMint-taxonomy-politicalOrientation.xml
INFO: selecting meta file ParlaMint-taxonomy-USAS.ana.xml
INFO: selecting meta file ParlaMint-GB-listOrg.xml
INFO: selecting meta file ParlaMint-GB-listPerson.xml
INFO: from 2209 component files  selecting ~3 files:
INFO: selecting component file 2017/ParlaMint-GB-en_2017-09-07-commons.ana.xml
INFO: selecting component file 2020/ParlaMint-GB-en_2020-02-12-lords.ana.xml
INFO: selecting component file 2022/ParlaMint-GB-en_2022-07-21-commons.ana.xml
INFO: Converting directory /project/corpora/Parla/ParlaMint/ParlaMint/Corpora/Master/ParlaMint-GB-en
INFO: Converting ParlaMint-GB-en_2017-09-07-commons.ana to vertical
ERROR: no meeting/text() or meeting/@n for parla.meeting in ParlaMint-GB-en_2017-09-07-commons.ana
INFO: Converting ParlaMint-GB-en_2020-02-12-lords.ana to vertical
ERROR: no meeting/text() or meeting/@n for parla.meeting in ParlaMint-GB-en_2020-02-12-lords.ana
INFO: Converting ParlaMint-GB-en_2022-07-21-commons.ana to vertical
ERROR: no meeting/text() or meeting/@n for parla.meeting in ParlaMint-GB-en_2022-07-21-commons.ana
WARN: registry file parlamint41_gb_en not found
INFO: Converting directory /project/corpora/Parla/ParlaMint/ParlaMint/Corpora/Master/ParlaMint-GB-en
INFO: Converting ParlaMint-GB-en_2017-09-07-commons.ana to metadata TSV
ERROR: no meeting/text() or meeting/@n for parla.meeting in ParlaMint-GB-en_2017-09-07-commons.ana
INFO: Converting ParlaMint-GB-en_2022-07-21-commons.ana to metadata TSV
ERROR: no meeting/text() or meeting/@n for parla.meeting in ParlaMint-GB-en_2022-07-21-commons.ana
INFO: Converting ParlaMint-GB-en_2020-02-12-lords.ana to metadata TSV
ERROR: no meeting/text() or meeting/@n for parla.meeting in ParlaMint-GB-en_2020-02-12-lords.ana
*** PASSED ***
*** PASSED ***
*** PASSED ***
*** PASSED ***
*** PASSED ***
*** PASSED ***
INFO: ***Finished processing GB-en corpus.
