INFO: *****Converting BE
INFO: ***Making BE samples
INFO: selecting meta file ParlaMint-taxonomy-parla.legislature.xml
INFO: selecting meta file ParlaMint-taxonomy-speaker_types.xml
INFO: selecting meta file ParlaMint-BE-taxonomy-speaker_types.xml
INFO: selecting meta file ParlaMint-taxonomy-politicalOrientation.xml
INFO: selecting meta file ParlaMint-taxonomy-subcorpus.xml
INFO: selecting meta file ParlaMint-taxonomy-CHES.xml
INFO: selecting meta file ParlaMint-BE-listOrg.xml
INFO: selecting meta file ParlaMint-BE-listPerson.xml
INFO: from 2349 component files  selecting ~3 files:
INFO: selecting component file 2017/ParlaMint-BE_2017-04-27-54-plenair-ip165x.xml
INFO: selecting component file 2020/ParlaMint-BE_2020-06-17-55-commissie-ic210x.xml
INFO: selecting component file 2022/ParlaMint-BE_2022-07-13-voorlopig-55-commissie-ic862x.xml
INFO: Converting directory /project/corpora/Parla/ParlaMint/ParlaMint/Corpora/Master/ParlaMint-BE
INFO: Making text files
INFO: converting ParlaMint-BE_2020-06-17-55-commissie-ic210x to text file
INFO: converting ParlaMint-BE_2017-04-27-54-plenair-ip165x to text file
INFO: converting ParlaMint-BE_2022-07-13-voorlopig-55-commissie-ic862x to text file
INFO: Making metadata files
INFO: Converting ParlaMint-BE_2017-04-27-54-plenair-ip165x to metadata TSV
INFO: Converting ParlaMint-BE_2022-07-13-voorlopig-55-commissie-ic862x to metadata TSV
INFO: Converting ParlaMint-BE_2020-06-17-55-commissie-ic210x to metadata TSV
INFO: Converting ParlaMint-BE_2017-04-27-54-plenair-ip165x to metadata TSV
INFO: Converting ParlaMint-BE_2020-06-17-55-commissie-ic210x to metadata TSV
INFO: Converting ParlaMint-BE_2022-07-13-voorlopig-55-commissie-ic862x to metadata TSV
INFO: selecting meta file ParlaMint-taxonomy-parla.legislature.xml
INFO: selecting meta file ParlaMint-taxonomy-speaker_types.xml
INFO: selecting meta file ParlaMint-BE-taxonomy-speaker_types.xml
INFO: selecting meta file ParlaMint-taxonomy-politicalOrientation.xml
INFO: selecting meta file ParlaMint-taxonomy-subcorpus.xml
INFO: selecting meta file ParlaMint-taxonomy-UD-SYN.ana.xml
INFO: selecting meta file ParlaMint-taxonomy-NER.ana.xml
INFO: selecting meta file ParlaMint-BE-taxonomy-chn_pos_tagging.ana.xml
INFO: selecting meta file ParlaMint-taxonomy-CHES.xml
INFO: selecting meta file ParlaMint-BE-listOrg.xml
INFO: selecting meta file ParlaMint-BE-listPerson.xml
INFO: from 2349 component files  selecting ~3 files:
INFO: selecting component file 2017/ParlaMint-BE_2017-04-27-54-plenair-ip165x.ana.xml
INFO: selecting component file 2020/ParlaMint-BE_2020-06-17-55-commissie-ic210x.ana.xml
INFO: selecting component file 2022/ParlaMint-BE_2022-07-13-voorlopig-55-commissie-ic862x.ana.xml
INFO: Converting directory /project/corpora/Parla/ParlaMint/ParlaMint/Corpora/Master/ParlaMint-BE
INFO: Converting ParlaMint-BE_2022-07-13-voorlopig-55-commissie-ic862x.ana to vertical
INFO: Converting ParlaMint-BE_2020-06-17-55-commissie-ic210x.ana to vertical
INFO: Converting ParlaMint-BE_2017-04-27-54-plenair-ip165x.ana to vertical
WARN: registry file parlamint41_be not found
INFO: Converting directory /project/corpora/Parla/ParlaMint/ParlaMint/Corpora/Master/ParlaMint-BE
INFO: Converting ParlaMint-BE_2022-07-13-voorlopig-55-commissie-ic862x.ana to metadata TSV
INFO: Converting ParlaMint-BE_2017-04-27-54-plenair-ip165x.ana to metadata TSV
INFO: Converting ParlaMint-BE_2020-06-17-55-commissie-ic210x.ana to metadata TSV
INFO: Converting ParlaMint-BE_2017-04-27-54-plenair-ip165x.ana to metadata TSV
INFO: Converting ParlaMint-BE_2022-07-13-voorlopig-55-commissie-ic862x.ana to metadata TSV
INFO: Converting ParlaMint-BE_2020-06-17-55-commissie-ic210x.ana to metadata TSV
/project/corpora/Parla/ParlaMint/ParlaMint/Corpora/Master/ParlaMint-BE/ParlaMint-BE_2017-04-27-54-plenair-ip165x.ana-meta-en.tsv not renamed: /project/corpora/Parla/ParlaMint/ParlaMint/Corpora/Master/ParlaMint-BE/ParlaMint-BE_2017-04-27-54-plenair-ip165x-meta-en.tsv already exists
/project/corpora/Parla/ParlaMint/ParlaMint/Corpora/Master/ParlaMint-BE/ParlaMint-BE_2020-06-17-55-commissie-ic210x.ana-meta-en.tsv not renamed: /project/corpora/Parla/ParlaMint/ParlaMint/Corpora/Master/ParlaMint-BE/ParlaMint-BE_2020-06-17-55-commissie-ic210x-meta-en.tsv already exists
/project/corpora/Parla/ParlaMint/ParlaMint/Corpora/Master/ParlaMint-BE/ParlaMint-BE_2022-07-13-voorlopig-55-commissie-ic862x.ana-meta-en.tsv not renamed: /project/corpora/Parla/ParlaMint/ParlaMint/Corpora/Master/ParlaMint-BE/ParlaMint-BE_2022-07-13-voorlopig-55-commissie-ic862x-meta-en.tsv already exists
*** PASSED ***
*** PASSED ***
*** PASSED ***
*** PASSED ***
*** PASSED ***
*** PASSED ***
*** PASSED ***
*** PASSED ***
*** PASSED ***
*** PASSED ***
*** PASSED ***
*** PASSED ***
*** PASSED ***
*** PASSED ***
*** PASSED ***
*** PASSED ***
*** PASSED ***
*** PASSED ***
*** PASSED ***
*** PASSED ***
*** PASSED ***
*** PASSED ***
*** PASSED ***
*** PASSED ***
*** PASSED ***
*** PASSED ***
*** PASSED ***
*** PASSED ***
*** PASSED ***
*** PASSED ***
*** PASSED ***
*** PASSED ***
*** PASSED ***
*** PASSED ***
*** PASSED ***
*** PASSED ***
INFO: ***Finished processing BE corpus.
INFO: *****Converting BE-en
INFO: ***Making BE-en samples
WARN: No TEI files for BE-en samples (needed root file is /project/corpora/Parla/ParlaMint/ParlaMint/Corpora/Master/ParlaMint-BE-en.TEI/ParlaMint-BE-en.xml)
INFO: selecting meta file ParlaMint-taxonomy-parla.legislature.xml
INFO: selecting meta file ParlaMint-taxonomy-speaker_types.xml
INFO: selecting meta file ParlaMint-BE-taxonomy-speaker_types.xml
INFO: selecting meta file ParlaMint-taxonomy-politicalOrientation.xml
INFO: selecting meta file ParlaMint-taxonomy-subcorpus.xml
INFO: selecting meta file ParlaMint-taxonomy-NER.ana.xml
INFO: selecting meta file ParlaMint-taxonomy-CHES.xml
INFO: selecting meta file ParlaMint-taxonomy-USAS.ana.xml
INFO: selecting meta file ParlaMint-BE-listOrg.xml
INFO: selecting meta file ParlaMint-BE-listPerson.xml
INFO: from 2349 component files  selecting ~3 files:
INFO: selecting component file 2017/ParlaMint-BE-en_2017-04-27-54-plenair-ip165x.ana.xml
INFO: selecting component file 2020/ParlaMint-BE-en_2020-06-17-55-commissie-ic210x.ana.xml
INFO: selecting component file 2022/ParlaMint-BE-en_2022-07-13-voorlopig-55-commissie-ic862x.ana.xml
INFO: Converting directory /project/corpora/Parla/ParlaMint/ParlaMint/Corpora/Master/ParlaMint-BE-en
INFO: Converting ParlaMint-BE-en_2017-04-27-54-plenair-ip165x.ana to vertical
INFO: Converting ParlaMint-BE-en_2020-06-17-55-commissie-ic210x.ana to vertical
INFO: Converting ParlaMint-BE-en_2022-07-13-voorlopig-55-commissie-ic862x.ana to vertical
WARN: registry file parlamint41_be_en not found
INFO: Converting directory /project/corpora/Parla/ParlaMint/ParlaMint/Corpora/Master/ParlaMint-BE-en
INFO: Converting ParlaMint-BE-en_2022-07-13-voorlopig-55-commissie-ic862x.ana to metadata TSV
INFO: Converting ParlaMint-BE-en_2017-04-27-54-plenair-ip165x.ana to metadata TSV
INFO: Converting ParlaMint-BE-en_2020-06-17-55-commissie-ic210x.ana to metadata TSV
*** PASSED ***
*** PASSED ***
*** PASSED ***
*** PASSED ***
*** PASSED ***
*** PASSED ***
INFO: ***Finished processing BE-en corpus.
