INFO: *****Converting IS
INFO: ***Making IS samples
INFO: selecting meta file ParlaMint-taxonomy-speaker_types.xml
INFO: selecting meta file ParlaMint-taxonomy-parla.legislature.xml
INFO: selecting meta file ParlaMint-taxonomy-subcorpus.xml
INFO: selecting meta file ParlaMint-IS-taxonomy-parla.categories.xml
INFO: selecting meta file ParlaMint-IS-taxonomy-parla.topics.xml
INFO: selecting meta file ParlaMint-IS-taxonomy-parla.constituencies.xml
INFO: selecting meta file ParlaMint-IS-taxonomy-gov.ministries.xml
INFO: selecting meta file ParlaMint-taxonomy-CHES.xml
INFO: selecting meta file ParlaMint-taxonomy-politicalOrientation.xml
INFO: selecting meta file ParlaMint-IS-listOrg.xml
INFO: selecting meta file ParlaMint-IS-listPerson.xml
INFO: from 928 component files  selecting ~3 files:
INFO: selecting component file 2017/ParlaMint-IS_2017-03-20-44.xml
INFO: selecting component file 2019/ParlaMint-IS_2019-12-17-48.xml
INFO: selecting component file 2022/ParlaMint-IS_2022-06-15.xml
INFO: Converting directory /project/corpora/Parla/ParlaMint/ParlaMint/Corpora/Master/ParlaMint-IS
INFO: Making text files
INFO: converting ParlaMint-IS_2019-12-17-48 to text file
INFO: converting ParlaMint-IS_2022-06-15 to text file
INFO: converting ParlaMint-IS_2017-03-20-44 to text file
INFO: Making metadata files
INFO: Converting ParlaMint-IS_2017-03-20-44 to metadata TSV
INFO: Converting ParlaMint-IS_2019-12-17-48 to metadata TSV
INFO: Converting ParlaMint-IS_2022-06-15 to metadata TSV
INFO: Converting ParlaMint-IS_2017-03-20-44 to metadata TSV
INFO: Converting ParlaMint-IS_2019-12-17-48 to metadata TSV
INFO: Converting ParlaMint-IS_2022-06-15 to metadata TSV
INFO: selecting meta file ParlaMint-taxonomy-speaker_types.xml
INFO: selecting meta file ParlaMint-taxonomy-parla.legislature.xml
INFO: selecting meta file ParlaMint-taxonomy-subcorpus.xml
INFO: selecting meta file ParlaMint-IS-taxonomy-parla.categories.xml
INFO: selecting meta file ParlaMint-IS-taxonomy-parla.topics.xml
INFO: selecting meta file ParlaMint-IS-taxonomy-parla.constituencies.xml
INFO: selecting meta file ParlaMint-IS-taxonomy-gov.ministries.xml
INFO: selecting meta file ParlaMint-taxonomy-UD-SYN.ana.xml
INFO: selecting meta file ParlaMint-taxonomy-NER.ana.xml
INFO: selecting meta file ParlaMint-taxonomy-CHES.xml
INFO: selecting meta file ParlaMint-taxonomy-politicalOrientation.xml
INFO: selecting meta file ParlaMint-IS-listOrg.xml
INFO: selecting meta file ParlaMint-IS-listPerson.xml
INFO: from 928 component files  selecting ~3 files:
INFO: selecting component file 2017/ParlaMint-IS_2017-03-20-44.ana.xml
INFO: selecting component file 2019/ParlaMint-IS_2019-12-17-48.ana.xml
INFO: selecting component file 2022/ParlaMint-IS_2022-06-15.ana.xml
INFO: Converting directory /project/corpora/Parla/ParlaMint/ParlaMint/Corpora/Master/ParlaMint-IS
INFO: Converting ParlaMint-IS_2017-03-20-44.ana to vertical
INFO: Converting ParlaMint-IS_2019-12-17-48.ana to vertical
INFO: Converting ParlaMint-IS_2022-06-15.ana to vertical
INFO: Converting directory /project/corpora/Parla/ParlaMint/ParlaMint/Corpora/Master/ParlaMint-IS
INFO: Converting ParlaMint-IS_2017-03-20-44.ana to metadata TSV
INFO: Converting ParlaMint-IS_2019-12-17-48.ana to metadata TSV
INFO: Converting ParlaMint-IS_2022-06-15.ana to metadata TSV
INFO: Converting ParlaMint-IS_2017-03-20-44.ana to metadata TSV
INFO: Converting ParlaMint-IS_2019-12-17-48.ana to metadata TSV
INFO: Converting ParlaMint-IS_2022-06-15.ana to metadata TSV
/project/corpora/Parla/ParlaMint/ParlaMint/Corpora/Master/ParlaMint-IS/ParlaMint-IS_2017-03-20-44.ana-meta-en.tsv not renamed: /project/corpora/Parla/ParlaMint/ParlaMint/Corpora/Master/ParlaMint-IS/ParlaMint-IS_2017-03-20-44-meta-en.tsv already exists
/project/corpora/Parla/ParlaMint/ParlaMint/Corpora/Master/ParlaMint-IS/ParlaMint-IS_2019-12-17-48.ana-meta-en.tsv not renamed: /project/corpora/Parla/ParlaMint/ParlaMint/Corpora/Master/ParlaMint-IS/ParlaMint-IS_2019-12-17-48-meta-en.tsv already exists
/project/corpora/Parla/ParlaMint/ParlaMint/Corpora/Master/ParlaMint-IS/ParlaMint-IS_2022-06-15.ana-meta-en.tsv not renamed: /project/corpora/Parla/ParlaMint/ParlaMint/Corpora/Master/ParlaMint-IS/ParlaMint-IS_2022-06-15-meta-en.tsv already exists
*** PASSED ***
*** PASSED ***
*** PASSED ***
*** PASSED ***
*** PASSED ***
*** PASSED ***
INFO: ***Finished processing IS corpus.
INFO: *****Converting IS-en
INFO: ***Making IS-en samples
WARN: No TEI files for IS-en samples (needed root file is /project/corpora/Parla/ParlaMint/ParlaMint/Corpora/Master/ParlaMint-IS-en.TEI/ParlaMint-IS-en.xml)
INFO: selecting meta file ParlaMint-taxonomy-speaker_types.xml
INFO: selecting meta file ParlaMint-taxonomy-parla.legislature.xml
INFO: selecting meta file ParlaMint-taxonomy-subcorpus.xml
INFO: selecting meta file ParlaMint-IS-taxonomy-parla.categories.xml
INFO: selecting meta file ParlaMint-IS-taxonomy-parla.topics.xml
INFO: selecting meta file ParlaMint-IS-taxonomy-parla.constituencies.xml
INFO: selecting meta file ParlaMint-IS-taxonomy-gov.ministries.xml
INFO: selecting meta file ParlaMint-taxonomy-NER.ana.xml
INFO: selecting meta file ParlaMint-taxonomy-CHES.xml
INFO: selecting meta file ParlaMint-taxonomy-politicalOrientation.xml
INFO: selecting meta file ParlaMint-taxonomy-USAS.ana.xml
INFO: selecting meta file ParlaMint-IS-listOrg.xml
INFO: selecting meta file ParlaMint-IS-listPerson.xml
INFO: from 928 component files  selecting ~3 files:
INFO: selecting component file 2017/ParlaMint-IS-en_2017-03-20-44.ana.xml
INFO: selecting component file 2019/ParlaMint-IS-en_2019-12-17-48.ana.xml
INFO: selecting component file 2022/ParlaMint-IS-en_2022-06-15.ana.xml
INFO: Converting directory /project/corpora/Parla/ParlaMint/ParlaMint/Corpora/Master/ParlaMint-IS-en
INFO: Converting ParlaMint-IS-en_2017-03-20-44.ana to vertical
INFO: Converting ParlaMint-IS-en_2019-12-17-48.ana to vertical
INFO: Converting ParlaMint-IS-en_2022-06-15.ana to vertical
WARN: registry file parlamint41_is_en not found
INFO: Converting directory /project/corpora/Parla/ParlaMint/ParlaMint/Corpora/Master/ParlaMint-IS-en
INFO: Converting ParlaMint-IS-en_2017-03-20-44.ana to metadata TSV
INFO: Converting ParlaMint-IS-en_2019-12-17-48.ana to metadata TSV
INFO: Converting ParlaMint-IS-en_2022-06-15.ana to metadata TSV
*** PASSED ***
*** PASSED ***
*** PASSED ***
*** PASSED ***
*** PASSED ***
*** PASSED ***
INFO: ***Finished processing IS-en corpus.
