INFO: Converting directory /home/project/corpora/Parla/ParlaMint/ParlaMint/ParlaMint-GB
INFO: Converting ParlaMint-GB_2021-02-11-commons
INFO: Validating level 1: ParlaMint-GB_2021-02-11-commons
*** PASSED ***
INFO: Validating level 2: ParlaMint-GB_2021-02-11-commons
[Line 97 Sent ParlaMint-GB_2021-02-11-commons.seg14.1]: [L2 Syntax unknown-deprel] Unknown DEPREL label: 'ref'
[Tree number 4 on line 95 Sent ParlaMint-GB_2021-02-11-commons.seg14.1]: [L2 Syntax non-tree] Non-tree structure. Words 1,2,3,4,5,6,7,8,9,10,11,12 are not reachable from the root 0.
[Tree number 4 on line 95 Sent ParlaMint-GB_2021-02-11-commons.seg14.1]: [L2 Format skipped-corrupt-tree] Skipping annotation tests because of corrupt tree structure.
[Line 223 Sent ParlaMint-GB_2021-02-11-commons.seg16.1]: [L2 Syntax unknown-deprel] Unknown DEPREL label: 'ref'
[Line 399 Sent ParlaMint-GB_2021-02-11-commons.seg18.1]: [L2 Syntax unknown-deprel] Unknown DEPREL label: 'ref'
Format errors: 1
Syntax errors: 4
*** FAILED *** with 5 errors
INFO: Converting ParlaMint-GB_2021-02-11-lords
INFO: Validating level 1: ParlaMint-GB_2021-02-11-lords
*** PASSED ***
INFO: Validating level 2: ParlaMint-GB_2021-02-11-lords
[Line 230 Sent ParlaMint-GB_2021-02-11-lords.seg26.4]: [L2 Syntax unknown-deprel] Unknown DEPREL label: 'ref'
Syntax errors: 1
*** FAILED *** with 1 errors
