make[1]: Entering directory '/home/project/corpora/Parla/ParlaMint/ParlaMint'
Scripts/parlamint2conllu.pl ParlaMint-BE ParlaMint-BE
INFO: Converting directory /home/project/corpora/Parla/ParlaMint/ParlaMint/ParlaMint-BE
INFO: Converting ParlaMint-BE_2015-06-10-54-commissie-ic189x
INFO: Validating level 1: ParlaMint-BE_2015-06-10-54-commissie-ic189x
*** PASSED ***
INFO: Validating level 2: ParlaMint-BE_2015-06-10-54-commissie-ic189x
[Line 50 Sent ParlaMint-BE_2015-06-10-54-commissie-ic189x.s8]: [L2 Syntax root-is-not-0] DEPREL cannot be 'root' if HEAD is not 0.
[Tree number 1 on line 5 Sent ParlaMint-BE_2015-06-10-54-commissie-ic189x.s8]: [L2 Syntax non-tree] Non-tree structure. Words 1,2,3,4,5,6,7,8,9,10,11,12,13,14,15,16,17,18,19,20,21,22,23,24,25,26,27,28,29,30,31,32,33,34,35,36,37,38,39,40,41 are not reachable from the root 0.
[Tree number 1 on line 5 Sent ParlaMint-BE_2015-06-10-54-commissie-ic189x.s8]: [L2 Format skipped-corrupt-tree] Skipping annotation tests because of corrupt tree structure.
[Line 73 Sent ParlaMint-BE_2015-06-10-54-commissie-ic189x.s9]: [L2 Syntax root-is-not-0] DEPREL cannot be 'root' if HEAD is not 0.
[Tree number 2 on line 53 Sent ParlaMint-BE_2015-06-10-54-commissie-ic189x.s9]: [L2 Syntax non-tree] Non-tree structure. Words 1,2,3,4,5,6,7,8,9,10,11,12,13,14,15,16,17,18 are not reachable from the root 0.
[Tree number 2 on line 53 Sent ParlaMint-BE_2015-06-10-54-commissie-ic189x.s9]: [L2 Format skipped-corrupt-tree] Skipping annotation tests because of corrupt tree structure.
[Line 107 Sent ParlaMint-BE_2015-06-10-54-commissie-ic189x.s10]: [L2 Syntax root-is-not-0] DEPREL cannot be 'root' if HEAD is not 0.
[Tree number 3 on line 77 Sent ParlaMint-BE_2015-06-10-54-commissie-ic189x.s10]: [L2 Syntax non-tree] Non-tree structure. Words 1,2,3,4,5,6,7,8,9,10,11,12,13,14,15,16,17,18,19,20,21,22,23,24,25,26,27 are not reachable from the root 0.
[Tree number 3 on line 77 Sent ParlaMint-BE_2015-06-10-54-commissie-ic189x.s10]: [L2 Format skipped-corrupt-tree] Skipping annotation tests because of corrupt tree structure.
[Line 130 Sent ParlaMint-BE_2015-06-10-54-commissie-ic189x.s11]: [L2 Syntax root-is-not-0] DEPREL cannot be 'root' if HEAD is not 0.
[Tree number 4 on line 110 Sent ParlaMint-BE_2015-06-10-54-commissie-ic189x.s11]: [L2 Syntax non-tree] Non-tree structure. Words 1,2,3,4,5,6,7,8,9,10,11,12,13,14,15,16,17,18,19 are not reachable from the root 0.
[Tree number 4 on line 110 Sent ParlaMint-BE_2015-06-10-54-commissie-ic189x.s11]: [L2 Format skipped-corrupt-tree] Skipping annotation tests because of corrupt tree structure.
[Line 147 Sent ParlaMint-BE_2015-06-10-54-commissie-ic189x.s12]: [L2 Syntax root-is-not-0] DEPREL cannot be 'root' if HEAD is not 0.
[Tree number 5 on line 133 Sent ParlaMint-BE_2015-06-10-54-commissie-ic189x.s12]: [L2 Syntax non-tree] Non-tree structure. Words 1,2,3,4,5,6,7,8,9,10,11,12,13 are not reachable from the root 0.
[Tree number 5 on line 133 Sent ParlaMint-BE_2015-06-10-54-commissie-ic189x.s12]: [L2 Format skipped-corrupt-tree] Skipping annotation tests because of corrupt tree structure.
[Line 177 Sent ParlaMint-BE_2015-06-10-54-commissie-ic189x.s13]: [L2 Syntax root-is-not-0] DEPREL cannot be 'root' if HEAD is not 0.
[Tree number 6 on line 151 Sent ParlaMint-BE_2015-06-10-54-commissie-ic189x.s13]: [L2 Syntax non-tree] Non-tree structure. Words 1,2,3,4,5,6,7,8,9,10,11,12,13,14,15,16,17,18,19,20,21,22,23 are not reachable from the root 0.
[Tree number 6 on line 151 Sent ParlaMint-BE_2015-06-10-54-commissie-ic189x.s13]: [L2 Format skipped-corrupt-tree] Skipping annotation tests because of corrupt tree structure.
[Line 209 Sent ParlaMint-BE_2015-06-10-54-commissie-ic189x.s14]: [L2 Syntax root-is-not-0] DEPREL cannot be 'root' if HEAD is not 0.
[Tree number 7 on line 180 Sent ParlaMint-BE_2015-06-10-54-commissie-ic189x.s14]: [L2 Syntax non-tree] Non-tree structure. Words 1,2,3,4,5,6,7,8,9,10,11,12,13,14,15,16,17,18,19,20,21,22,23,24,25,26,27,28 are not reachable from the root 0.
[Tree number 7 on line 180 Sent ParlaMint-BE_2015-06-10-54-commissie-ic189x.s14]: [L2 Format skipped-corrupt-tree] Skipping annotation tests because of corrupt tree structure.
[Line 242 Sent ParlaMint-BE_2015-06-10-54-commissie-ic189x.s15]: [L2 Syntax root-is-not-0] DEPREL cannot be 'root' if HEAD is not 0.
[Tree number 8 on line 213 Sent ParlaMint-BE_2015-06-10-54-commissie-ic189x.s15]: [L2 Syntax non-tree] Non-tree structure. Words 1,2,3,4,5,6,7,8,9,10,11,12,13,14,15,16,17,18,19,20,21,22,23,24,25,26,27,28 are not reachable from the root 0.
[Tree number 8 on line 213 Sent ParlaMint-BE_2015-06-10-54-commissie-ic189x.s15]: [L2 Format skipped-corrupt-tree] Skipping annotation tests because of corrupt tree structure.
[Line 275 Sent ParlaMint-BE_2015-06-10-54-commissie-ic189x.s16]: [L2 Syntax root-is-not-0] DEPREL cannot be 'root' if HEAD is not 0.
[Tree number 9 on line 246 Sent ParlaMint-BE_2015-06-10-54-commissie-ic189x.s16]: [L2 Syntax non-tree] Non-tree structure. Words 1,2,3,4,5,6,7,8,9,10,11,12,13,14,15,16,17,18,19,20,21,22,23,24,25,26,27,28 are not reachable from the root 0.
[Tree number 9 on line 246 Sent ParlaMint-BE_2015-06-10-54-commissie-ic189x.s16]: [L2 Format skipped-corrupt-tree] Skipping annotation tests because of corrupt tree structure.
[Line 302 Sent ParlaMint-BE_2015-06-10-54-commissie-ic189x.s17]: [L2 Syntax root-is-not-0] DEPREL cannot be 'root' if HEAD is not 0.
...suppressing further errors regarding Syntax
[Tree number 10 on line 278 Sent ParlaMint-BE_2015-06-10-54-commissie-ic189x.s17]: [L2 Format skipped-corrupt-tree] Skipping annotation tests because of corrupt tree structure.
[Tree number 11 on line 307 Sent ParlaMint-BE_2015-06-10-54-commissie-ic189x.s19]: [L2 Format skipped-corrupt-tree] Skipping annotation tests because of corrupt tree structure.
[Tree number 12 on line 322 Sent ParlaMint-BE_2015-06-10-54-commissie-ic189x.s20]: [L2 Format skipped-corrupt-tree] Skipping annotation tests because of corrupt tree structure.
[Tree number 13 on line 349 Sent ParlaMint-BE_2015-06-10-54-commissie-ic189x.s21]: [L2 Format skipped-corrupt-tree] Skipping annotation tests because of corrupt tree structure.
[Tree number 14 on line 368 Sent ParlaMint-BE_2015-06-10-54-commissie-ic189x.s22]: [L2 Format skipped-corrupt-tree] Skipping annotation tests because of corrupt tree structure.
[Tree number 15 on line 394 Sent ParlaMint-BE_2015-06-10-54-commissie-ic189x.s23]: [L2 Format skipped-corrupt-tree] Skipping annotation tests because of corrupt tree structure.
[Tree number 16 on line 437 Sent ParlaMint-BE_2015-06-10-54-commissie-ic189x.s24]: [L2 Format skipped-corrupt-tree] Skipping annotation tests because of corrupt tree structure.
[Tree number 17 on line 473 Sent ParlaMint-BE_2015-06-10-54-commissie-ic189x.s25]: [L2 Format skipped-corrupt-tree] Skipping annotation tests because of corrupt tree structure.
[Tree number 18 on line 495 Sent ParlaMint-BE_2015-06-10-54-commissie-ic189x.s26]: [L2 Format skipped-corrupt-tree] Skipping annotation tests because of corrupt tree structure.
[Tree number 19 on line 524 Sent ParlaMint-BE_2015-06-10-54-commissie-ic189x.s27]: [L2 Format skipped-corrupt-tree] Skipping annotation tests because of corrupt tree structure.
...suppressing further errors regarding Format
Format errors: 24
Syntax errors: 48
*** FAILED *** with 72 errors
INFO: Converting ParlaMint-BE_2015-06-10-54-commissie-ic189x
INFO: Validating level 1: ParlaMint-BE_2015-06-10-54-commissie-ic189x
*** PASSED ***
INFO: Validating level 2: ParlaMint-BE_2015-06-10-54-commissie-ic189x
[Line 22 Sent ParlaMint-BE_2015-06-10-54-commissie-ic189x.s725]: [L2 Syntax root-is-not-0] DEPREL cannot be 'root' if HEAD is not 0.
[Tree number 1 on line 5 Sent ParlaMint-BE_2015-06-10-54-commissie-ic189x.s725]: [L2 Syntax non-tree] Non-tree structure. Words 1,2,3,4,5,6,7,8,9,10,11,12,13,14,15,16 are not reachable from the root 0.
[Tree number 1 on line 5 Sent ParlaMint-BE_2015-06-10-54-commissie-ic189x.s725]: [L2 Format skipped-corrupt-tree] Skipping annotation tests because of corrupt tree structure.
[Line 49 Sent ParlaMint-BE_2015-06-10-54-commissie-ic189x.s726]: [L2 Syntax root-is-not-0] DEPREL cannot be 'root' if HEAD is not 0.
[Tree number 2 on line 25 Sent ParlaMint-BE_2015-06-10-54-commissie-ic189x.s726]: [L2 Syntax non-tree] Non-tree structure. Words 1,2,3,4,5,6,7,8,9,10,11,12,13,14,15,16,17,18,19,20,21,22,23 are not reachable from the root 0.
[Tree number 2 on line 25 Sent ParlaMint-BE_2015-06-10-54-commissie-ic189x.s726]: [L2 Format skipped-corrupt-tree] Skipping annotation tests because of corrupt tree structure.
[Line 67 Sent ParlaMint-BE_2015-06-10-54-commissie-ic189x.s727]: [L2 Syntax root-is-not-0] DEPREL cannot be 'root' if HEAD is not 0.
[Tree number 3 on line 52 Sent ParlaMint-BE_2015-06-10-54-commissie-ic189x.s727]: [L2 Syntax non-tree] Non-tree structure. Words 1,2,3,4,5,6,7,8,9,10,11,12,13,14 are not reachable from the root 0.
[Tree number 3 on line 52 Sent ParlaMint-BE_2015-06-10-54-commissie-ic189x.s727]: [L2 Format skipped-corrupt-tree] Skipping annotation tests because of corrupt tree structure.
[Line 77 Sent ParlaMint-BE_2015-06-10-54-commissie-ic189x.s728]: [L2 Syntax root-is-not-0] DEPREL cannot be 'root' if HEAD is not 0.
[Tree number 4 on line 70 Sent ParlaMint-BE_2015-06-10-54-commissie-ic189x.s728]: [L2 Syntax non-tree] Non-tree structure. Words 1,2,3,4,5,6 are not reachable from the root 0.
[Tree number 4 on line 70 Sent ParlaMint-BE_2015-06-10-54-commissie-ic189x.s728]: [L2 Format skipped-corrupt-tree] Skipping annotation tests because of corrupt tree structure.
[Line 86 Sent ParlaMint-BE_2015-06-10-54-commissie-ic189x.s729]: [L2 Syntax root-is-not-0] DEPREL cannot be 'root' if HEAD is not 0.
[Tree number 5 on line 80 Sent ParlaMint-BE_2015-06-10-54-commissie-ic189x.s729]: [L2 Syntax non-tree] Non-tree structure. Words 1,2,3,4,5 are not reachable from the root 0.
[Tree number 5 on line 80 Sent ParlaMint-BE_2015-06-10-54-commissie-ic189x.s729]: [L2 Format skipped-corrupt-tree] Skipping annotation tests because of corrupt tree structure.
[Line 95 Sent ParlaMint-BE_2015-06-10-54-commissie-ic189x.s730]: [L2 Syntax root-is-not-0] DEPREL cannot be 'root' if HEAD is not 0.
[Tree number 6 on line 89 Sent ParlaMint-BE_2015-06-10-54-commissie-ic189x.s730]: [L2 Syntax non-tree] Non-tree structure. Words 1,2,3,4,5 are not reachable from the root 0.
[Tree number 6 on line 89 Sent ParlaMint-BE_2015-06-10-54-commissie-ic189x.s730]: [L2 Format skipped-corrupt-tree] Skipping annotation tests because of corrupt tree structure.
[Line 121 Sent ParlaMint-BE_2015-06-10-54-commissie-ic189x.s734]: [L2 Syntax root-is-not-0] DEPREL cannot be 'root' if HEAD is not 0.
[Tree number 7 on line 100 Sent ParlaMint-BE_2015-06-10-54-commissie-ic189x.s734]: [L2 Syntax non-tree] Non-tree structure. Words 1,2,3,4,5,6,7,8,9,10,11,12,13,14,15,16,17,18,19,20 are not reachable from the root 0.
[Tree number 7 on line 100 Sent ParlaMint-BE_2015-06-10-54-commissie-ic189x.s734]: [L2 Format skipped-corrupt-tree] Skipping annotation tests because of corrupt tree structure.
Format errors: 7
Syntax errors: 14
*** FAILED *** with 21 errors
INFO: Converting ParlaMint-BE_2016-07-05-54-commissie-ic463x
INFO: Validating level 1: ParlaMint-BE_2016-07-05-54-commissie-ic463x
*** PASSED ***
INFO: Validating level 2: ParlaMint-BE_2016-07-05-54-commissie-ic463x
[Line 17 Sent ParlaMint-BE_2016-07-05-54-commissie-ic463x.s10]: [L2 Syntax root-is-not-0] DEPREL cannot be 'root' if HEAD is not 0.
[Tree number 1 on line 5 Sent ParlaMint-BE_2016-07-05-54-commissie-ic463x.s10]: [L2 Syntax non-tree] Non-tree structure. Words 1,2,3,4,5,6,7,8,9,10,11 are not reachable from the root 0.
[Tree number 1 on line 5 Sent ParlaMint-BE_2016-07-05-54-commissie-ic463x.s10]: [L2 Format skipped-corrupt-tree] Skipping annotation tests because of corrupt tree structure.
[Line 54 Sent ParlaMint-BE_2016-07-05-54-commissie-ic463x.s12]: [L2 Syntax root-is-not-0] DEPREL cannot be 'root' if HEAD is not 0.
[Tree number 2 on line 22 Sent ParlaMint-BE_2016-07-05-54-commissie-ic463x.s12]: [L2 Syntax non-tree] Non-tree structure. Words 1,2,3,4,5,6,7,8,9,10,11,12,13,14,15,16,17,18,19,20,21,22,23,24,25,26,27 are not reachable from the root 0.
[Tree number 2 on line 22 Sent ParlaMint-BE_2016-07-05-54-commissie-ic463x.s12]: [L2 Format skipped-corrupt-tree] Skipping annotation tests because of corrupt tree structure.
[Line 68 Sent ParlaMint-BE_2016-07-05-54-commissie-ic463x.s13]: [L2 Syntax root-is-not-0] DEPREL cannot be 'root' if HEAD is not 0.
[Tree number 3 on line 57 Sent ParlaMint-BE_2016-07-05-54-commissie-ic463x.s13]: [L2 Syntax non-tree] Non-tree structure. Words 1,2,3,4,5,6,7,8,9 are not reachable from the root 0.
[Tree number 3 on line 57 Sent ParlaMint-BE_2016-07-05-54-commissie-ic463x.s13]: [L2 Format skipped-corrupt-tree] Skipping annotation tests because of corrupt tree structure.
[Line 97 Sent ParlaMint-BE_2016-07-05-54-commissie-ic463x.s14]: [L2 Syntax root-is-not-0] DEPREL cannot be 'root' if HEAD is not 0.
[Tree number 4 on line 71 Sent ParlaMint-BE_2016-07-05-54-commissie-ic463x.s14]: [L2 Syntax non-tree] Non-tree structure. Words 1,2,3,4,5,6,7,8,9,10,11,12,13,14,15,16,17,18,19,20,21,22,23 are not reachable from the root 0.
[Tree number 4 on line 71 Sent ParlaMint-BE_2016-07-05-54-commissie-ic463x.s14]: [L2 Format skipped-corrupt-tree] Skipping annotation tests because of corrupt tree structure.
[Line 112 Sent ParlaMint-BE_2016-07-05-54-commissie-ic463x.s15]: [L2 Syntax root-is-not-0] DEPREL cannot be 'root' if HEAD is not 0.
[Tree number 5 on line 100 Sent ParlaMint-BE_2016-07-05-54-commissie-ic463x.s15]: [L2 Syntax non-tree] Non-tree structure. Words 1,2,3,4,5,6,7,8,9,10,11 are not reachable from the root 0.
[Tree number 5 on line 100 Sent ParlaMint-BE_2016-07-05-54-commissie-ic463x.s15]: [L2 Format skipped-corrupt-tree] Skipping annotation tests because of corrupt tree structure.
[Line 139 Sent ParlaMint-BE_2016-07-05-54-commissie-ic463x.s16]: [L2 Syntax root-is-not-0] DEPREL cannot be 'root' if HEAD is not 0.
[Tree number 6 on line 116 Sent ParlaMint-BE_2016-07-05-54-commissie-ic463x.s16]: [L2 Syntax non-tree] Non-tree structure. Words 1,2,3,4,5,6,7,8,9,10,11,12,13,14,15,16,17,18,19,20,21,22 are not reachable from the root 0.
[Tree number 6 on line 116 Sent ParlaMint-BE_2016-07-05-54-commissie-ic463x.s16]: [L2 Format skipped-corrupt-tree] Skipping annotation tests because of corrupt tree structure.
[Line 154 Sent ParlaMint-BE_2016-07-05-54-commissie-ic463x.s17]: [L2 Syntax root-is-not-0] DEPREL cannot be 'root' if HEAD is not 0.
[Tree number 7 on line 142 Sent ParlaMint-BE_2016-07-05-54-commissie-ic463x.s17]: [L2 Syntax non-tree] Non-tree structure. Words 1,2,3,4,5,6,7,8,9,10,11 are not reachable from the root 0.
[Tree number 7 on line 142 Sent ParlaMint-BE_2016-07-05-54-commissie-ic463x.s17]: [L2 Format skipped-corrupt-tree] Skipping annotation tests because of corrupt tree structure.
[Line 182 Sent ParlaMint-BE_2016-07-05-54-commissie-ic463x.s18]: [L2 Syntax root-is-not-0] DEPREL cannot be 'root' if HEAD is not 0.
[Tree number 8 on line 157 Sent ParlaMint-BE_2016-07-05-54-commissie-ic463x.s18]: [L2 Syntax non-tree] Non-tree structure. Words 1,2,3,4,5,6,7,8,9,10,11,12,13,14,15,16,17,18,19,20,21,22,23,24 are not reachable from the root 0.
[Tree number 8 on line 157 Sent ParlaMint-BE_2016-07-05-54-commissie-ic463x.s18]: [L2 Format skipped-corrupt-tree] Skipping annotation tests because of corrupt tree structure.
[Line 212 Sent ParlaMint-BE_2016-07-05-54-commissie-ic463x.s19]: [L2 Syntax root-is-not-0] DEPREL cannot be 'root' if HEAD is not 0.
[Tree number 9 on line 186 Sent ParlaMint-BE_2016-07-05-54-commissie-ic463x.s19]: [L2 Syntax non-tree] Non-tree structure. Words 1,2,3,4,5,6,7,8,9,10,11,12,13,14,15,16,17,18,19,20,21,22,23,24 are not reachable from the root 0.
[Tree number 9 on line 186 Sent ParlaMint-BE_2016-07-05-54-commissie-ic463x.s19]: [L2 Format skipped-corrupt-tree] Skipping annotation tests because of corrupt tree structure.
[Line 266 Sent ParlaMint-BE_2016-07-05-54-commissie-ic463x.s20]: [L2 Syntax root-is-not-0] DEPREL cannot be 'root' if HEAD is not 0.
...suppressing further errors regarding Syntax
[Tree number 10 on line 215 Sent ParlaMint-BE_2016-07-05-54-commissie-ic463x.s20]: [L2 Format skipped-corrupt-tree] Skipping annotation tests because of corrupt tree structure.
[Tree number 11 on line 270 Sent ParlaMint-BE_2016-07-05-54-commissie-ic463x.s21]: [L2 Format skipped-corrupt-tree] Skipping annotation tests because of corrupt tree structure.
[Tree number 12 on line 325 Sent ParlaMint-BE_2016-07-05-54-commissie-ic463x.s22]: [L2 Format skipped-corrupt-tree] Skipping annotation tests because of corrupt tree structure.
[Tree number 13 on line 401 Sent ParlaMint-BE_2016-07-05-54-commissie-ic463x.s23]: [L2 Format skipped-corrupt-tree] Skipping annotation tests because of corrupt tree structure.
[Tree number 14 on line 500 Sent ParlaMint-BE_2016-07-05-54-commissie-ic463x.s24]: [L2 Format skipped-corrupt-tree] Skipping annotation tests because of corrupt tree structure.
[Tree number 15 on line 539 Sent ParlaMint-BE_2016-07-05-54-commissie-ic463x.s25]: [L2 Format skipped-corrupt-tree] Skipping annotation tests because of corrupt tree structure.
[Tree number 16 on line 572 Sent ParlaMint-BE_2016-07-05-54-commissie-ic463x.s26]: [L2 Format skipped-corrupt-tree] Skipping annotation tests because of corrupt tree structure.
[Tree number 17 on line 618 Sent ParlaMint-BE_2016-07-05-54-commissie-ic463x.s27]: [L2 Format skipped-corrupt-tree] Skipping annotation tests because of corrupt tree structure.
[Tree number 18 on line 712 Sent ParlaMint-BE_2016-07-05-54-commissie-ic463x.s28]: [L2 Format skipped-corrupt-tree] Skipping annotation tests because of corrupt tree structure.
[Tree number 19 on line 726 Sent ParlaMint-BE_2016-07-05-54-commissie-ic463x.s29]: [L2 Format skipped-corrupt-tree] Skipping annotation tests because of corrupt tree structure.
...suppressing further errors regarding Format
Format errors: 27
Syntax errors: 54
*** FAILED *** with 81 errors
INFO: Converting ParlaMint-BE_2016-07-05-54-commissie-ic463x
INFO: Validating level 1: ParlaMint-BE_2016-07-05-54-commissie-ic463x
*** PASSED ***
INFO: Validating level 2: ParlaMint-BE_2016-07-05-54-commissie-ic463x
[Line 24 Sent ParlaMint-BE_2016-07-05-54-commissie-ic463x.s1062]: [L2 Syntax root-is-not-0] DEPREL cannot be 'root' if HEAD is not 0.
[Tree number 1 on line 5 Sent ParlaMint-BE_2016-07-05-54-commissie-ic463x.s1062]: [L2 Syntax non-tree] Non-tree structure. Words 1,2,3,4,5,6,7,8,9,10,11,12,13,14,15,16,17,18 are not reachable from the root 0.
[Tree number 1 on line 5 Sent ParlaMint-BE_2016-07-05-54-commissie-ic463x.s1062]: [L2 Format skipped-corrupt-tree] Skipping annotation tests because of corrupt tree structure.
[Line 52 Sent ParlaMint-BE_2016-07-05-54-commissie-ic463x.s1063]: [L2 Syntax root-is-not-0] DEPREL cannot be 'root' if HEAD is not 0.
[Tree number 2 on line 27 Sent ParlaMint-BE_2016-07-05-54-commissie-ic463x.s1063]: [L2 Syntax non-tree] Non-tree structure. Words 1,2,3,4,5,6,7,8,9,10,11,12,13,14,15,16,17,18,19,20,21,22,23,24 are not reachable from the root 0.
[Tree number 2 on line 27 Sent ParlaMint-BE_2016-07-05-54-commissie-ic463x.s1063]: [L2 Format skipped-corrupt-tree] Skipping annotation tests because of corrupt tree structure.
[Line 85 Sent ParlaMint-BE_2016-07-05-54-commissie-ic463x.s1064]: [L2 Syntax root-is-not-0] DEPREL cannot be 'root' if HEAD is not 0.
[Tree number 3 on line 55 Sent ParlaMint-BE_2016-07-05-54-commissie-ic463x.s1064]: [L2 Syntax non-tree] Non-tree structure. Words 1,2,3,4,5,6,7,8,9,10,11,12,13,14,15,16,17,18,19,20,21,22,23,24,25,26,27,28,29 are not reachable from the root 0.
[Tree number 3 on line 55 Sent ParlaMint-BE_2016-07-05-54-commissie-ic463x.s1064]: [L2 Format skipped-corrupt-tree] Skipping annotation tests because of corrupt tree structure.
[Line 123 Sent ParlaMint-BE_2016-07-05-54-commissie-ic463x.s1065]: [L2 Syntax root-is-not-0] DEPREL cannot be 'root' if HEAD is not 0.
[Tree number 4 on line 89 Sent ParlaMint-BE_2016-07-05-54-commissie-ic463x.s1065]: [L2 Syntax non-tree] Non-tree structure. Words 1,2,3,4,5,6,7,8,9,10,11,12,13,14,15,16,17,18,19,20,21,22,23,24,25,26,27,28,29,30,31,32,33 are not reachable from the root 0.
[Tree number 4 on line 89 Sent ParlaMint-BE_2016-07-05-54-commissie-ic463x.s1065]: [L2 Format skipped-corrupt-tree] Skipping annotation tests because of corrupt tree structure.
[Line 139 Sent ParlaMint-BE_2016-07-05-54-commissie-ic463x.s1066]: [L2 Syntax root-is-not-0] DEPREL cannot be 'root' if HEAD is not 0.
[Tree number 5 on line 126 Sent ParlaMint-BE_2016-07-05-54-commissie-ic463x.s1066]: [L2 Syntax non-tree] Non-tree structure. Words 1,2,3,4,5,6,7,8,9,10,11,12 are not reachable from the root 0.
[Tree number 5 on line 126 Sent ParlaMint-BE_2016-07-05-54-commissie-ic463x.s1066]: [L2 Format skipped-corrupt-tree] Skipping annotation tests because of corrupt tree structure.
[Line 162 Sent ParlaMint-BE_2016-07-05-54-commissie-ic463x.s1067]: [L2 Syntax root-is-not-0] DEPREL cannot be 'root' if HEAD is not 0.
[Tree number 6 on line 143 Sent ParlaMint-BE_2016-07-05-54-commissie-ic463x.s1067]: [L2 Syntax non-tree] Non-tree structure. Words 1,2,3,4,5,6,7,8,9,10,11,12,13,14,15,16,17,18 are not reachable from the root 0.
[Tree number 6 on line 143 Sent ParlaMint-BE_2016-07-05-54-commissie-ic463x.s1067]: [L2 Format skipped-corrupt-tree] Skipping annotation tests because of corrupt tree structure.
[Line 268 Sent ParlaMint-BE_2016-07-05-54-commissie-ic463x.s1068]: [L2 Syntax root-is-not-0] DEPREL cannot be 'root' if HEAD is not 0.
[Tree number 7 on line 165 Sent ParlaMint-BE_2016-07-05-54-commissie-ic463x.s1068]: [L2 Syntax non-tree] Non-tree structure. Words 1,2,3,4,5,6,7,8,9,10,11,12,13,14,15,16,17,18,19,20,21,22,23,24,25,26,27,28,29,30,31,32,33,34,35,36,37,38,39,40,41,42,43,44,45,46,47,48,49,50,51,52,53,54,55,56,57,58,59,60,61,62,63,64,65,66,67,68,69,70,71,72,73,74,75,76,77,78,79,80,81,82,83,84,85,86,87,88,89,90,91,92,93,94,95,96,97,98,99,100,101,102 are not reachable from the root 0.
[Tree number 7 on line 165 Sent ParlaMint-BE_2016-07-05-54-commissie-ic463x.s1068]: [L2 Format skipped-corrupt-tree] Skipping annotation tests because of corrupt tree structure.
[Line 312 Sent ParlaMint-BE_2016-07-05-54-commissie-ic463x.s1069]: [L2 Syntax root-is-not-0] DEPREL cannot be 'root' if HEAD is not 0.
[Tree number 8 on line 272 Sent ParlaMint-BE_2016-07-05-54-commissie-ic463x.s1069]: [L2 Syntax non-tree] Non-tree structure. Words 1,2,3,4,5,6,7,8,9,10,11,12,13,14,15,16,17,18,19,20,21,22,23,24,25,26,27,28,29,30,31,32,33,34,35,36,37,38,39 are not reachable from the root 0.
[Tree number 8 on line 272 Sent ParlaMint-BE_2016-07-05-54-commissie-ic463x.s1069]: [L2 Format skipped-corrupt-tree] Skipping annotation tests because of corrupt tree structure.
[Line 337 Sent ParlaMint-BE_2016-07-05-54-commissie-ic463x.s1070]: [L2 Syntax root-is-not-0] DEPREL cannot be 'root' if HEAD is not 0.
[Tree number 9 on line 315 Sent ParlaMint-BE_2016-07-05-54-commissie-ic463x.s1070]: [L2 Syntax non-tree] Non-tree structure. Words 1,2,3,4,5,6,7,8,9,10,11,12,13,14,15,16,17,18,19,20,21 are not reachable from the root 0.
[Tree number 9 on line 315 Sent ParlaMint-BE_2016-07-05-54-commissie-ic463x.s1070]: [L2 Format skipped-corrupt-tree] Skipping annotation tests because of corrupt tree structure.
[Line 348 Sent ParlaMint-BE_2016-07-05-54-commissie-ic463x.s1071]: [L2 Syntax root-is-not-0] DEPREL cannot be 'root' if HEAD is not 0.
...suppressing further errors regarding Syntax
[Tree number 10 on line 341 Sent ParlaMint-BE_2016-07-05-54-commissie-ic463x.s1071]: [L2 Format skipped-corrupt-tree] Skipping annotation tests because of corrupt tree structure.
[Tree number 11 on line 351 Sent ParlaMint-BE_2016-07-05-54-commissie-ic463x.s1072]: [L2 Format skipped-corrupt-tree] Skipping annotation tests because of corrupt tree structure.
[Tree number 12 on line 365 Sent ParlaMint-BE_2016-07-05-54-commissie-ic463x.s1073]: [L2 Format skipped-corrupt-tree] Skipping annotation tests because of corrupt tree structure.
[Tree number 13 on line 414 Sent ParlaMint-BE_2016-07-05-54-commissie-ic463x.s1074]: [L2 Format skipped-corrupt-tree] Skipping annotation tests because of corrupt tree structure.
[Tree number 14 on line 461 Sent ParlaMint-BE_2016-07-05-54-commissie-ic463x.s1075]: [L2 Format skipped-corrupt-tree] Skipping annotation tests because of corrupt tree structure.
[Tree number 15 on line 487 Sent ParlaMint-BE_2016-07-05-54-commissie-ic463x.s1076]: [L2 Format skipped-corrupt-tree] Skipping annotation tests because of corrupt tree structure.
[Tree number 16 on line 497 Sent ParlaMint-BE_2016-07-05-54-commissie-ic463x.s1077]: [L2 Format skipped-corrupt-tree] Skipping annotation tests because of corrupt tree structure.
[Tree number 17 on line 510 Sent ParlaMint-BE_2016-07-05-54-commissie-ic463x.s1078]: [L2 Format skipped-corrupt-tree] Skipping annotation tests because of corrupt tree structure.
[Tree number 18 on line 522 Sent ParlaMint-BE_2016-07-05-54-commissie-ic463x.s1079]: [L2 Format skipped-corrupt-tree] Skipping annotation tests because of corrupt tree structure.
[Tree number 19 on line 536 Sent ParlaMint-BE_2016-07-05-54-commissie-ic463x.s1080]: [L2 Format skipped-corrupt-tree] Skipping annotation tests because of corrupt tree structure.
...suppressing further errors regarding Format
Format errors: 59
Syntax errors: 118
*** FAILED *** with 177 errors
INFO: Converting ParlaMint-BE_2017-02-14-54-commissie-ic592x
INFO: Validating level 1: ParlaMint-BE_2017-02-14-54-commissie-ic592x
*** PASSED ***
INFO: Validating level 2: ParlaMint-BE_2017-02-14-54-commissie-ic592x
[Line 18 Sent ParlaMint-BE_2017-02-14-54-commissie-ic592x.s164]: [L2 Syntax root-is-not-0] DEPREL cannot be 'root' if HEAD is not 0.
[Tree number 1 on line 5 Sent ParlaMint-BE_2017-02-14-54-commissie-ic592x.s164]: [L2 Syntax non-tree] Non-tree structure. Words 1,2,3,4,5,6,7,8,9,10,11,12 are not reachable from the root 0.
[Tree number 1 on line 5 Sent ParlaMint-BE_2017-02-14-54-commissie-ic592x.s164]: [L2 Format skipped-corrupt-tree] Skipping annotation tests because of corrupt tree structure.
[Line 28 Sent ParlaMint-BE_2017-02-14-54-commissie-ic592x.s165]: [L2 Syntax root-is-not-0] DEPREL cannot be 'root' if HEAD is not 0.
[Tree number 2 on line 21 Sent ParlaMint-BE_2017-02-14-54-commissie-ic592x.s165]: [L2 Syntax non-tree] Non-tree structure. Words 1,2,3,4,5,6 are not reachable from the root 0.
[Tree number 2 on line 21 Sent ParlaMint-BE_2017-02-14-54-commissie-ic592x.s165]: [L2 Format skipped-corrupt-tree] Skipping annotation tests because of corrupt tree structure.
[Line 60 Sent ParlaMint-BE_2017-02-14-54-commissie-ic592x.s166]: [L2 Syntax root-is-not-0] DEPREL cannot be 'root' if HEAD is not 0.
[Tree number 3 on line 31 Sent ParlaMint-BE_2017-02-14-54-commissie-ic592x.s166]: [L2 Syntax non-tree] Non-tree structure. Words 1,2,3,4,5,6,7,8,9,10,11,12,13,14,15,16,17,18,19,20,21,22,23,24,25,26,27 are not reachable from the root 0.
[Tree number 3 on line 31 Sent ParlaMint-BE_2017-02-14-54-commissie-ic592x.s166]: [L2 Format skipped-corrupt-tree] Skipping annotation tests because of corrupt tree structure.
Format errors: 3
Syntax errors: 6
*** FAILED *** with 9 errors
INFO: Converting ParlaMint-BE_2017-02-14-54-commissie-ic592x
INFO: Validating level 1: ParlaMint-BE_2017-02-14-54-commissie-ic592x
*** PASSED ***
INFO: Validating level 2: ParlaMint-BE_2017-02-14-54-commissie-ic592x
[Line 20 Sent ParlaMint-BE_2017-02-14-54-commissie-ic592x.s4]: [L2 Syntax root-is-not-0] DEPREL cannot be 'root' if HEAD is not 0.
[Tree number 1 on line 5 Sent ParlaMint-BE_2017-02-14-54-commissie-ic592x.s4]: [L2 Syntax non-tree] Non-tree structure. Words 1,2,3,4,5,6,7,8,9,10,11,12,13,14 are not reachable from the root 0.
[Tree number 1 on line 5 Sent ParlaMint-BE_2017-02-14-54-commissie-ic592x.s4]: [L2 Format skipped-corrupt-tree] Skipping annotation tests because of corrupt tree structure.
[Line 36 Sent ParlaMint-BE_2017-02-14-54-commissie-ic592x.s5]: [L2 Syntax root-is-not-0] DEPREL cannot be 'root' if HEAD is not 0.
[Tree number 2 on line 23 Sent ParlaMint-BE_2017-02-14-54-commissie-ic592x.s5]: [L2 Syntax non-tree] Non-tree structure. Words 1,2,3,4,5,6,7,8,9,10,11,12 are not reachable from the root 0.
[Tree number 2 on line 23 Sent ParlaMint-BE_2017-02-14-54-commissie-ic592x.s5]: [L2 Format skipped-corrupt-tree] Skipping annotation tests because of corrupt tree structure.
[Line 56 Sent ParlaMint-BE_2017-02-14-54-commissie-ic592x.s6]: [L2 Syntax root-is-not-0] DEPREL cannot be 'root' if HEAD is not 0.
[Tree number 3 on line 40 Sent ParlaMint-BE_2017-02-14-54-commissie-ic592x.s6]: [L2 Syntax non-tree] Non-tree structure. Words 1,2,3,4,5,6,7,8,9,10,11,12,13,14,15 are not reachable from the root 0.
[Tree number 3 on line 40 Sent ParlaMint-BE_2017-02-14-54-commissie-ic592x.s6]: [L2 Format skipped-corrupt-tree] Skipping annotation tests because of corrupt tree structure.
[Line 98 Sent ParlaMint-BE_2017-02-14-54-commissie-ic592x.s18]: [L2 Syntax root-is-not-0] DEPREL cannot be 'root' if HEAD is not 0.
[Tree number 4 on line 61 Sent ParlaMint-BE_2017-02-14-54-commissie-ic592x.s18]: [L2 Syntax non-tree] Non-tree structure. Words 1,2,3,4,5,6,7,8,9,10,11,12,13,14,15,16,17,18,19,20,21,22,23,24,25,26,27,28,29,30,31,32,33,34,35,36 are not reachable from the root 0.
[Tree number 4 on line 61 Sent ParlaMint-BE_2017-02-14-54-commissie-ic592x.s18]: [L2 Format skipped-corrupt-tree] Skipping annotation tests because of corrupt tree structure.
[Line 108 Sent ParlaMint-BE_2017-02-14-54-commissie-ic592x.s19]: [L2 Syntax root-is-not-0] DEPREL cannot be 'root' if HEAD is not 0.
[Tree number 5 on line 101 Sent ParlaMint-BE_2017-02-14-54-commissie-ic592x.s19]: [L2 Syntax non-tree] Non-tree structure. Words 1,2,3,4,5,6 are not reachable from the root 0.
[Tree number 5 on line 101 Sent ParlaMint-BE_2017-02-14-54-commissie-ic592x.s19]: [L2 Format skipped-corrupt-tree] Skipping annotation tests because of corrupt tree structure.
[Line 125 Sent ParlaMint-BE_2017-02-14-54-commissie-ic592x.s20]: [L2 Syntax root-is-not-0] DEPREL cannot be 'root' if HEAD is not 0.
[Tree number 6 on line 112 Sent ParlaMint-BE_2017-02-14-54-commissie-ic592x.s20]: [L2 Syntax non-tree] Non-tree structure. Words 1,2,3,4,5,6,7,8,9,10,11,12 are not reachable from the root 0.
[Tree number 6 on line 112 Sent ParlaMint-BE_2017-02-14-54-commissie-ic592x.s20]: [L2 Format skipped-corrupt-tree] Skipping annotation tests because of corrupt tree structure.
[Line 149 Sent ParlaMint-BE_2017-02-14-54-commissie-ic592x.s21]: [L2 Syntax root-is-not-0] DEPREL cannot be 'root' if HEAD is not 0.
[Tree number 7 on line 128 Sent ParlaMint-BE_2017-02-14-54-commissie-ic592x.s21]: [L2 Syntax non-tree] Non-tree structure. Words 1,2,3,4,5,6,7,8,9,10,11,12,13,14,15,16,17,18,19,20 are not reachable from the root 0.
[Tree number 7 on line 128 Sent ParlaMint-BE_2017-02-14-54-commissie-ic592x.s21]: [L2 Format skipped-corrupt-tree] Skipping annotation tests because of corrupt tree structure.
[Line 164 Sent ParlaMint-BE_2017-02-14-54-commissie-ic592x.s22]: [L2 Syntax root-is-not-0] DEPREL cannot be 'root' if HEAD is not 0.
[Tree number 8 on line 152 Sent ParlaMint-BE_2017-02-14-54-commissie-ic592x.s22]: [L2 Syntax non-tree] Non-tree structure. Words 1,2,3,4,5,6,7,8,9,10,11 are not reachable from the root 0.
[Tree number 8 on line 152 Sent ParlaMint-BE_2017-02-14-54-commissie-ic592x.s22]: [L2 Format skipped-corrupt-tree] Skipping annotation tests because of corrupt tree structure.
[Line 192 Sent ParlaMint-BE_2017-02-14-54-commissie-ic592x.s23]: [L2 Syntax root-is-not-0] DEPREL cannot be 'root' if HEAD is not 0.
[Tree number 9 on line 167 Sent ParlaMint-BE_2017-02-14-54-commissie-ic592x.s23]: [L2 Syntax non-tree] Non-tree structure. Words 1,2,3,4,5,6,7,8,9,10,11,12,13,14,15,16,17,18,19,20,21,22,23,24 are not reachable from the root 0.
[Tree number 9 on line 167 Sent ParlaMint-BE_2017-02-14-54-commissie-ic592x.s23]: [L2 Format skipped-corrupt-tree] Skipping annotation tests because of corrupt tree structure.
[Line 224 Sent ParlaMint-BE_2017-02-14-54-commissie-ic592x.s24]: [L2 Syntax root-is-not-0] DEPREL cannot be 'root' if HEAD is not 0.
...suppressing further errors regarding Syntax
[Tree number 10 on line 196 Sent ParlaMint-BE_2017-02-14-54-commissie-ic592x.s24]: [L2 Format skipped-corrupt-tree] Skipping annotation tests because of corrupt tree structure.
[Tree number 11 on line 227 Sent ParlaMint-BE_2017-02-14-54-commissie-ic592x.s25]: [L2 Format skipped-corrupt-tree] Skipping annotation tests because of corrupt tree structure.
[Tree number 12 on line 247 Sent ParlaMint-BE_2017-02-14-54-commissie-ic592x.s26]: [L2 Format skipped-corrupt-tree] Skipping annotation tests because of corrupt tree structure.
[Tree number 13 on line 269 Sent ParlaMint-BE_2017-02-14-54-commissie-ic592x.s27]: [L2 Format skipped-corrupt-tree] Skipping annotation tests because of corrupt tree structure.
[Tree number 14 on line 293 Sent ParlaMint-BE_2017-02-14-54-commissie-ic592x.s28]: [L2 Format skipped-corrupt-tree] Skipping annotation tests because of corrupt tree structure.
[Tree number 15 on line 334 Sent ParlaMint-BE_2017-02-14-54-commissie-ic592x.s29]: [L2 Format skipped-corrupt-tree] Skipping annotation tests because of corrupt tree structure.
[Tree number 16 on line 360 Sent ParlaMint-BE_2017-02-14-54-commissie-ic592x.s30]: [L2 Format skipped-corrupt-tree] Skipping annotation tests because of corrupt tree structure.
[Tree number 17 on line 370 Sent ParlaMint-BE_2017-02-14-54-commissie-ic592x.s31]: [L2 Format skipped-corrupt-tree] Skipping annotation tests because of corrupt tree structure.
[Tree number 18 on line 392 Sent ParlaMint-BE_2017-02-14-54-commissie-ic592x.s32]: [L2 Format skipped-corrupt-tree] Skipping annotation tests because of corrupt tree structure.
[Tree number 19 on line 405 Sent ParlaMint-BE_2017-02-14-54-commissie-ic592x.s33]: [L2 Format skipped-corrupt-tree] Skipping annotation tests because of corrupt tree structure.
...suppressing further errors regarding Format
Format errors: 41
Syntax errors: 82
*** FAILED *** with 123 errors
INFO: Converting ParlaMint-BE_2018-07-04-54-commissie-ic942x
INFO: Validating level 1: ParlaMint-BE_2018-07-04-54-commissie-ic942x
*** PASSED ***
INFO: Validating level 2: ParlaMint-BE_2018-07-04-54-commissie-ic942x
[Line 53 Sent ParlaMint-BE_2018-07-04-54-commissie-ic942x.s8]: [L2 Syntax root-is-not-0] DEPREL cannot be 'root' if HEAD is not 0.
[Tree number 1 on line 5 Sent ParlaMint-BE_2018-07-04-54-commissie-ic942x.s8]: [L2 Syntax non-tree] Non-tree structure. Words 1,2,3,4,5,6,7,8,9,10,11,12,13,14,15,16,17,18,19,20,21,22,23,24,25,26,27,28,29,30,31,32,33,34,35,36,37,38,39,40,41,42,43,44 are not reachable from the root 0.
[Tree number 1 on line 5 Sent ParlaMint-BE_2018-07-04-54-commissie-ic942x.s8]: [L2 Format skipped-corrupt-tree] Skipping annotation tests because of corrupt tree structure.
[Line 83 Sent ParlaMint-BE_2018-07-04-54-commissie-ic942x.s9]: [L2 Syntax root-is-not-0] DEPREL cannot be 'root' if HEAD is not 0.
[Tree number 2 on line 56 Sent ParlaMint-BE_2018-07-04-54-commissie-ic942x.s9]: [L2 Syntax non-tree] Non-tree structure. Words 1,2,3,4,5,6,7,8,9,10,11,12,13,14,15,16,17,18,19,20,21,22,23,24,25,26 are not reachable from the root 0.
[Tree number 2 on line 56 Sent ParlaMint-BE_2018-07-04-54-commissie-ic942x.s9]: [L2 Format skipped-corrupt-tree] Skipping annotation tests because of corrupt tree structure.
[Line 116 Sent ParlaMint-BE_2018-07-04-54-commissie-ic942x.s10]: [L2 Syntax root-is-not-0] DEPREL cannot be 'root' if HEAD is not 0.
[Tree number 3 on line 87 Sent ParlaMint-BE_2018-07-04-54-commissie-ic942x.s10]: [L2 Syntax non-tree] Non-tree structure. Words 1,2,3,4,5,6,7,8,9,10,11,12,13,14,15,16,17,18,19,20,21,22,23,24,25,26,27,28 are not reachable from the root 0.
[Tree number 3 on line 87 Sent ParlaMint-BE_2018-07-04-54-commissie-ic942x.s10]: [L2 Format skipped-corrupt-tree] Skipping annotation tests because of corrupt tree structure.
[Line 141 Sent ParlaMint-BE_2018-07-04-54-commissie-ic942x.s11]: [L2 Syntax root-is-not-0] DEPREL cannot be 'root' if HEAD is not 0.
[Tree number 4 on line 119 Sent ParlaMint-BE_2018-07-04-54-commissie-ic942x.s11]: [L2 Syntax non-tree] Non-tree structure. Words 1,2,3,4,5,6,7,8,9,10,11,12,13,14,15,16,17,18,19,20 are not reachable from the root 0.
[Tree number 4 on line 119 Sent ParlaMint-BE_2018-07-04-54-commissie-ic942x.s11]: [L2 Format skipped-corrupt-tree] Skipping annotation tests because of corrupt tree structure.
[Line 180 Sent ParlaMint-BE_2018-07-04-54-commissie-ic942x.s12]: [L2 Syntax root-is-not-0] DEPREL cannot be 'root' if HEAD is not 0.
[Tree number 5 on line 144 Sent ParlaMint-BE_2018-07-04-54-commissie-ic942x.s12]: [L2 Syntax non-tree] Non-tree structure. Words 1,2,3,4,5,6,7,8,9,10,11,12,13,14,15,16,17,18,19,20,21,22,23,24,25,26,27,28,29,30,31,32,33,34,35 are not reachable from the root 0.
[Tree number 5 on line 144 Sent ParlaMint-BE_2018-07-04-54-commissie-ic942x.s12]: [L2 Format skipped-corrupt-tree] Skipping annotation tests because of corrupt tree structure.
[Line 204 Sent ParlaMint-BE_2018-07-04-54-commissie-ic942x.s13]: [L2 Syntax root-is-not-0] DEPREL cannot be 'root' if HEAD is not 0.
[Tree number 6 on line 183 Sent ParlaMint-BE_2018-07-04-54-commissie-ic942x.s13]: [L2 Syntax non-tree] Non-tree structure. Words 1,2,3,4,5,6,7,8,9,10,11,12,13,14,15,16,17,18,19 are not reachable from the root 0.
[Tree number 6 on line 183 Sent ParlaMint-BE_2018-07-04-54-commissie-ic942x.s13]: [L2 Format skipped-corrupt-tree] Skipping annotation tests because of corrupt tree structure.
[Line 227 Sent ParlaMint-BE_2018-07-04-54-commissie-ic942x.s14]: [L2 Syntax root-is-not-0] DEPREL cannot be 'root' if HEAD is not 0.
[Tree number 7 on line 208 Sent ParlaMint-BE_2018-07-04-54-commissie-ic942x.s14]: [L2 Syntax non-tree] Non-tree structure. Words 1,2,3,4,5,6,7,8,9,10,11,12,13,14,15,16,17 are not reachable from the root 0.
[Tree number 7 on line 208 Sent ParlaMint-BE_2018-07-04-54-commissie-ic942x.s14]: [L2 Format skipped-corrupt-tree] Skipping annotation tests because of corrupt tree structure.
[Line 256 Sent ParlaMint-BE_2018-07-04-54-commissie-ic942x.s15]: [L2 Syntax root-is-not-0] DEPREL cannot be 'root' if HEAD is not 0.
[Tree number 8 on line 230 Sent ParlaMint-BE_2018-07-04-54-commissie-ic942x.s15]: [L2 Syntax non-tree] Non-tree structure. Words 1,2,3,4,5,6,7,8,9,10,11,12,13,14,15,16,17,18,19,20,21,22,23,24,25 are not reachable from the root 0.
[Tree number 8 on line 230 Sent ParlaMint-BE_2018-07-04-54-commissie-ic942x.s15]: [L2 Format skipped-corrupt-tree] Skipping annotation tests because of corrupt tree structure.
[Line 269 Sent ParlaMint-BE_2018-07-04-54-commissie-ic942x.s16]: [L2 Syntax root-is-not-0] DEPREL cannot be 'root' if HEAD is not 0.
[Tree number 9 on line 260 Sent ParlaMint-BE_2018-07-04-54-commissie-ic942x.s16]: [L2 Syntax non-tree] Non-tree structure. Words 1,2,3,4,5,6,7,8 are not reachable from the root 0.
[Tree number 9 on line 260 Sent ParlaMint-BE_2018-07-04-54-commissie-ic942x.s16]: [L2 Format skipped-corrupt-tree] Skipping annotation tests because of corrupt tree structure.
[Line 284 Sent ParlaMint-BE_2018-07-04-54-commissie-ic942x.s17]: [L2 Syntax root-is-not-0] DEPREL cannot be 'root' if HEAD is not 0.
...suppressing further errors regarding Syntax
[Tree number 10 on line 272 Sent ParlaMint-BE_2018-07-04-54-commissie-ic942x.s17]: [L2 Format skipped-corrupt-tree] Skipping annotation tests because of corrupt tree structure.
[Tree number 11 on line 287 Sent ParlaMint-BE_2018-07-04-54-commissie-ic942x.s18]: [L2 Format skipped-corrupt-tree] Skipping annotation tests because of corrupt tree structure.
[Tree number 12 on line 298 Sent ParlaMint-BE_2018-07-04-54-commissie-ic942x.s19]: [L2 Format skipped-corrupt-tree] Skipping annotation tests because of corrupt tree structure.
[Tree number 13 on line 326 Sent ParlaMint-BE_2018-07-04-54-commissie-ic942x.s20]: [L2 Format skipped-corrupt-tree] Skipping annotation tests because of corrupt tree structure.
[Tree number 14 on line 354 Sent ParlaMint-BE_2018-07-04-54-commissie-ic942x.s21]: [L2 Format skipped-corrupt-tree] Skipping annotation tests because of corrupt tree structure.
[Tree number 15 on line 374 Sent ParlaMint-BE_2018-07-04-54-commissie-ic942x.s23]: [L2 Format skipped-corrupt-tree] Skipping annotation tests because of corrupt tree structure.
[Tree number 16 on line 413 Sent ParlaMint-BE_2018-07-04-54-commissie-ic942x.s24]: [L2 Format skipped-corrupt-tree] Skipping annotation tests because of corrupt tree structure.
[Tree number 17 on line 435 Sent ParlaMint-BE_2018-07-04-54-commissie-ic942x.s25]: [L2 Format skipped-corrupt-tree] Skipping annotation tests because of corrupt tree structure.
[Tree number 18 on line 452 Sent ParlaMint-BE_2018-07-04-54-commissie-ic942x.s26]: [L2 Format skipped-corrupt-tree] Skipping annotation tests because of corrupt tree structure.
[Tree number 19 on line 475 Sent ParlaMint-BE_2018-07-04-54-commissie-ic942x.s27]: [L2 Format skipped-corrupt-tree] Skipping annotation tests because of corrupt tree structure.
...suppressing further errors regarding Format
Format errors: 61
Syntax errors: 126
*** FAILED *** with 187 errors
INFO: Converting ParlaMint-BE_2018-07-04-54-commissie-ic942x
INFO: Validating level 1: ParlaMint-BE_2018-07-04-54-commissie-ic942x
*** PASSED ***
INFO: Validating level 2: ParlaMint-BE_2018-07-04-54-commissie-ic942x
[Line 15 Sent ParlaMint-BE_2018-07-04-54-commissie-ic942x.s814]: [L2 Syntax root-is-not-0] DEPREL cannot be 'root' if HEAD is not 0.
[Tree number 1 on line 5 Sent ParlaMint-BE_2018-07-04-54-commissie-ic942x.s814]: [L2 Syntax non-tree] Non-tree structure. Words 1,2,3,4,5,6,7,8,9 are not reachable from the root 0.
[Tree number 1 on line 5 Sent ParlaMint-BE_2018-07-04-54-commissie-ic942x.s814]: [L2 Format skipped-corrupt-tree] Skipping annotation tests because of corrupt tree structure.
[Line 33 Sent ParlaMint-BE_2018-07-04-54-commissie-ic942x.s818]: [L2 Syntax root-is-not-0] DEPREL cannot be 'root' if HEAD is not 0.
[Tree number 2 on line 20 Sent ParlaMint-BE_2018-07-04-54-commissie-ic942x.s818]: [L2 Syntax non-tree] Non-tree structure. Words 1,2,3,4,5,6,7,8,9,10,11,12 are not reachable from the root 0.
[Tree number 2 on line 20 Sent ParlaMint-BE_2018-07-04-54-commissie-ic942x.s818]: [L2 Format skipped-corrupt-tree] Skipping annotation tests because of corrupt tree structure.
Format errors: 2
Syntax errors: 4
*** FAILED *** with 6 errors
Scripts/parlamint2conllu.pl ParlaMint-BG ParlaMint-BG
INFO: Converting directory /home/project/corpora/Parla/ParlaMint/ParlaMint/ParlaMint-BG
INFO: Converting ParlaMint-BG_2014-10-29
INFO: Validating level 1: ParlaMint-BG_2014-10-29
*** PASSED ***
INFO: Validating level 2: ParlaMint-BG_2014-10-29
*** PASSED ***
INFO: Converting ParlaMint-BG_2016-07-27
INFO: Validating level 1: ParlaMint-BG_2016-07-27
*** PASSED ***
INFO: Validating level 2: ParlaMint-BG_2016-07-27
*** PASSED ***
INFO: Converting ParlaMint-BG_2018-09-26
INFO: Validating level 1: ParlaMint-BG_2018-09-26
*** PASSED ***
INFO: Validating level 2: ParlaMint-BG_2018-09-26
*** PASSED ***
Scripts/parlamint2conllu.pl ParlaMint-CZ ParlaMint-CZ
INFO: Converting directory /home/project/corpora/Parla/ParlaMint/ParlaMint/ParlaMint-CZ
INFO: Converting ParlaMint-CZ_2013-11-25-ps2013-001-01-001-001
INFO: Validating level 1: ParlaMint-CZ_2013-11-25-ps2013-001-01-001-001
*** PASSED ***
INFO: Validating level 2: ParlaMint-CZ_2013-11-25-ps2013-001-01-001-001
*** PASSED ***
INFO: Converting ParlaMint-CZ_2016-03-23-ps2013-043-01-000-000
INFO: Validating level 1: ParlaMint-CZ_2016-03-23-ps2013-043-01-000-000
*** PASSED ***
INFO: Validating level 2: ParlaMint-CZ_2016-03-23-ps2013-043-01-000-000
*** PASSED ***
INFO: Converting ParlaMint-CZ_2018-10-03-ps2017-019-10-004-007
INFO: Validating level 1: ParlaMint-CZ_2018-10-03-ps2017-019-10-004-007
*** PASSED ***
INFO: Validating level 2: ParlaMint-CZ_2018-10-03-ps2017-019-10-004-007
*** PASSED ***
Scripts/parlamint2conllu.pl ParlaMint-DK ParlaMint-DK
INFO: Converting directory /home/project/corpora/Parla/ParlaMint/ParlaMint/ParlaMint-DK
INFO: Converting ParlaMint-DK_2014-10-08-20141-M2
INFO: Validating level 1: ParlaMint-DK_2014-10-08-20141-M2
*** PASSED ***
INFO: Validating level 2: ParlaMint-DK_2014-10-08-20141-M2
[Line 8031 Sent ParlaMint-DK_20141008130437.seg2.7]: [L0 Format some-test] Exception caught!
Traceback (most recent call last):
  File "/home/project/corpora/Parla/ParlaMint/ParlaMint/Scripts/tools/validate.py", line 2112, in <module>
    validate(inp,out,args,tagsets,known_sent_ids)
  File "/home/project/corpora/Parla/ParlaMint/ParlaMint/Scripts/tools/validate.py", line 1830, in validate
    tree = build_tree(sentence) # level 2 test: tree is single-rooted, connected, cycle-free
  File "/home/project/corpora/Parla/ParlaMint/ParlaMint/Scripts/tools/validate.py", line 1053, in build_tree
    get_projection(0, tree, projection)
  File "/home/project/corpora/Parla/ParlaMint/ParlaMint/Scripts/tools/validate.py", line 1071, in get_projection
    get_projection(child, tree, projection)
  File "/home/project/corpora/Parla/ParlaMint/ParlaMint/Scripts/tools/validate.py", line 1071, in get_projection
    get_projection(child, tree, projection)
  File "/home/project/corpora/Parla/ParlaMint/ParlaMint/Scripts/tools/validate.py", line 1071, in get_projection
    get_projection(child, tree, projection)
  [Previous line repeated 993 more times]
  File "/home/project/corpora/Parla/ParlaMint/ParlaMint/Scripts/tools/validate.py", line 1070, in get_projection
    projection.add(child)
RecursionError: maximum recursion depth exceeded while calling a Python object
Format errors: 1
*** FAILED *** with 1 errors
INFO: Converting ParlaMint-DK_2014-10-21-20141-M5
INFO: Validating level 1: ParlaMint-DK_2014-10-21-20141-M5
*** PASSED ***
INFO: Validating level 2: ParlaMint-DK_2014-10-21-20141-M5
*** PASSED ***
INFO: Converting ParlaMint-DK_2014-10-24-20141-M8
INFO: Validating level 1: ParlaMint-DK_2014-10-24-20141-M8
*** PASSED ***
INFO: Validating level 2: ParlaMint-DK_2014-10-24-20141-M8
*** PASSED ***
#Scripts/parlamint2conllu.pl ParlaMint-FR ParlaMint-FR
#Scripts/parlamint2conllu.pl ParlaMint-GB ParlaMint-GB
Scripts/parlamint2conllu.pl ParlaMint-HR ParlaMint-HR
INFO: Converting directory /home/project/corpora/Parla/ParlaMint/ParlaMint/ParlaMint-HR
INFO: Converting ParlaMint-HR_S02
INFO: Validating level 1: ParlaMint-HR_S02
*** PASSED ***
INFO: Validating level 2: ParlaMint-HR_S02
*** PASSED ***
INFO: Converting ParlaMint-HR_S07
INFO: Validating level 1: ParlaMint-HR_S07
*** PASSED ***
INFO: Validating level 2: ParlaMint-HR_S07
*** PASSED ***
INFO: Converting ParlaMint-HR_S12
INFO: Validating level 1: ParlaMint-HR_S12
*** PASSED ***
INFO: Validating level 2: ParlaMint-HR_S12
*** PASSED ***
#Scripts/parlamint2conllu.pl ParlaMint-HU ParlaMint-HU
Scripts/parlamint2conllu.pl ParlaMint-IS ParlaMint-IS
INFO: Converting directory /home/project/corpora/Parla/ParlaMint/ParlaMint/ParlaMint-IS
INFO: Converting ParlaMint-IS_2015-01-21-54
INFO: Validating level 1: ParlaMint-IS_2015-01-21-54
*** PASSED ***
INFO: Validating level 2: ParlaMint-IS_2015-01-21-54
*** PASSED ***
INFO: Converting ParlaMint-IS_2016-09-05-145
INFO: Validating level 1: ParlaMint-IS_2016-09-05-145
*** PASSED ***
INFO: Validating level 2: ParlaMint-IS_2016-09-05-145
*** PASSED ***
INFO: Converting ParlaMint-IS_2018-11-26-38
INFO: Validating level 1: ParlaMint-IS_2018-11-26-38
*** PASSED ***
INFO: Validating level 2: ParlaMint-IS_2018-11-26-38
*** PASSED ***
#Scripts/parlamint2conllu.pl ParlaMint-IT ParlaMint-IT
#Scripts/parlamint2conllu.pl ParlaMint-LT ParlaMint-LT
#Scripts/parlamint2conllu.pl ParlaMint-NL ParlaMint-NL
Scripts/parlamint2conllu.pl ParlaMint-PL ParlaMint-PL
INFO: Converting directory /home/project/corpora/Parla/ParlaMint/ParlaMint/ParlaMint-PL
INFO: Converting ParlaMint-PL_2015-11-12-senat-01-1
INFO: Validating level 1: ParlaMint-PL_2015-11-12-senat-01-1
[Line 311 Sent seg543988.5]: [L1 Format empty-column] Empty value in column UPOS.
[Line 916 Sent seg543989.17]: [L1 Format empty-column] Empty value in column UPOS.
[Line 1165 Sent seg543989.23]: [L1 Format empty-column] Empty value in column UPOS.
[Line 1595 Sent seg543994.2]: [L1 Format empty-column] Empty value in column UPOS.
[Line 1994 Sent seg544005.1]: [L1 Format empty-column] Empty value in column UPOS.
[Line 2102 Sent seg544011.1]: [L1 Format empty-column] Empty value in column UPOS.
[Line 2944 Sent seg544035.6]: [L1 Format empty-column] Empty value in column UPOS.
[Line 3069 Sent seg544040.1]: [L1 Format empty-column] Empty value in column UPOS.
[Line 3447 Sent seg544803.3]: [L1 Format empty-column] Empty value in column UPOS.
Format errors: 9
*** FAILED *** with 9 errors
INFO: Validating level 2: ParlaMint-PL_2015-11-12-senat-01-1
[Line 9 Sent seg543983.1]: [L2 Syntax 0-is-not-root] DEPREL must be 'root' if HEAD is 0.
[Line 35 Sent seg543983.5]: [L2 Syntax 0-is-not-root] DEPREL must be 'root' if HEAD is 0.
[Line 58 Sent seg543985.1]: [L2 Syntax 0-is-not-root] DEPREL must be 'root' if HEAD is 0.
[Line 311 Sent seg543988.5]: [L1 Format empty-column] Empty value in column UPOS.
[Line 311 Sent seg543988.5]: [L2 Morpho invalid-upos] Invalid UPOS value ''.
[Line 311 Sent seg543988.5]: [L2 Morpho unknown-upos] Unknown UPOS tag: ''.
[Line 311 Sent seg543988.5]: [L2 Morpho invalid-feature] Spurious morphological feature: 'PUNCT'. Should be of the form Feature=Value and must start with [A-Z] and only contain [A-Za-z0-9].
[Line 311 Sent seg543988.5]: [L2 Morpho invalid-feature] Spurious morphological feature: 'UPosTag='. Should be of the form Feature=Value and must start with [A-Z] and only contain [A-Za-z0-9].
[Line 382 Sent seg543988.7]: [L2 Syntax 0-is-not-root] DEPREL must be 'root' if HEAD is 0.
[Line 498 Sent seg543988.13]: [L2 Syntax root-is-not-0] DEPREL cannot be 'root' if HEAD is not 0.
[Line 916 Sent seg543989.17]: [L1 Format empty-column] Empty value in column UPOS.
[Line 916 Sent seg543989.17]: [L2 Morpho invalid-upos] Invalid UPOS value ''.
[Line 916 Sent seg543989.17]: [L2 Morpho unknown-upos] Unknown UPOS tag: ''.
[Line 916 Sent seg543989.17]: [L2 Morpho invalid-feature] Spurious morphological feature: 'PUNCT'. Should be of the form Feature=Value and must start with [A-Z] and only contain [A-Za-z0-9].
[Line 916 Sent seg543989.17]: [L2 Morpho invalid-feature] Spurious morphological feature: 'UPosTag='. Should be of the form Feature=Value and must start with [A-Z] and only contain [A-Za-z0-9].
[Line 1165 Sent seg543989.23]: [L1 Format empty-column] Empty value in column UPOS.
[Line 1165 Sent seg543989.23]: [L2 Morpho invalid-upos] Invalid UPOS value ''.
[Line 1165 Sent seg543989.23]: [L2 Morpho unknown-upos] Unknown UPOS tag: ''.
[Line 1165 Sent seg543989.23]: [L2 Morpho invalid-feature] Spurious morphological feature: 'PUNCT'. Should be of the form Feature=Value and must start with [A-Z] and only contain [A-Za-z0-9].
[Line 1165 Sent seg543989.23]: [L2 Morpho invalid-feature] Spurious morphological feature: 'UPosTag='. Should be of the form Feature=Value and must start with [A-Z] and only contain [A-Za-z0-9].
[Line 1266 Sent seg543991.1]: [L2 Syntax 0-is-not-root] DEPREL must be 'root' if HEAD is 0.
[Line 1295 Sent seg543991.2]: [L2 Syntax root-is-not-0] DEPREL cannot be 'root' if HEAD is not 0.
[Line 1595 Sent seg543994.2]: [L1 Format empty-column] Empty value in column UPOS.
[Line 1595 Sent seg543994.2]: [L2 Morpho invalid-upos] Invalid UPOS value ''.
[Line 1595 Sent seg543994.2]: [L2 Morpho unknown-upos] Unknown UPOS tag: ''.
[Line 1595 Sent seg543994.2]: [L2 Morpho invalid-feature] Spurious morphological feature: 'PUNCT'. Should be of the form Feature=Value and must start with [A-Z] and only contain [A-Za-z0-9].
[Line 1595 Sent seg543994.2]: [L2 Morpho invalid-feature] Spurious morphological feature: 'UPosTag='. Should be of the form Feature=Value and must start with [A-Z] and only contain [A-Za-z0-9].
[Line 1664 Sent seg543994.4]: [L2 Syntax 0-is-not-root] DEPREL must be 'root' if HEAD is 0.
[Line 1994 Sent seg544005.1]: [L1 Format empty-column] Empty value in column UPOS.
[Line 1994 Sent seg544005.1]: [L2 Morpho invalid-upos] Invalid UPOS value ''.
[Line 1994 Sent seg544005.1]: [L2 Morpho unknown-upos] Unknown UPOS tag: ''.
[Line 1994 Sent seg544005.1]: [L2 Morpho invalid-feature] Spurious morphological feature: 'PUNCT'. Should be of the form Feature=Value and must start with [A-Z] and only contain [A-Za-z0-9].
...suppressing further errors regarding Morpho
[Line 2102 Sent seg544011.1]: [L1 Format empty-column] Empty value in column UPOS.
[Line 2368 Sent seg544029.1]: [L2 Syntax 0-is-not-root] DEPREL must be 'root' if HEAD is 0.
[Line 2944 Sent seg544035.6]: [L1 Format empty-column] Empty value in column UPOS.
[Line 3069 Sent seg544040.1]: [L1 Format empty-column] Empty value in column UPOS.
[Line 3349 Sent seg544801.1]: [L2 Syntax 0-is-not-root] DEPREL must be 'root' if HEAD is 0.
[Line 3447 Sent seg544803.3]: [L1 Format empty-column] Empty value in column UPOS.
Format errors: 9
Morpho errors: 36
Syntax errors: 10
*** FAILED *** with 55 errors
INFO: Converting ParlaMint-PL_2017-02-21-senat-35-1
INFO: Validating level 1: ParlaMint-PL_2017-02-21-senat-35-1
[Line 358 Sent seg635552.1]: [L1 Format empty-column] Empty value in column UPOS.
[Line 531 Sent seg635554.1]: [L1 Format empty-column] Empty value in column UPOS.
[Line 541 Sent seg635554.1]: [L1 Format empty-column] Empty value in column UPOS.
[Line 701 Sent seg635558.4]: [L1 Format empty-column] Empty value in column UPOS.
[Line 1084 Sent seg636083.9]: [L1 Format empty-column] Empty value in column UPOS.
[Line 2033 Sent seg636089.9]: [L1 Format empty-column] Empty value in column UPOS.
[Line 2344 Sent seg636095.1]: [L1 Format empty-column] Empty value in column UPOS.
Format errors: 7
*** FAILED *** with 7 errors
INFO: Validating level 2: ParlaMint-PL_2017-02-21-senat-35-1
[Line 358 Sent seg635552.1]: [L1 Format empty-column] Empty value in column UPOS.
[Line 358 Sent seg635552.1]: [L2 Morpho invalid-upos] Invalid UPOS value ''.
[Line 358 Sent seg635552.1]: [L2 Morpho unknown-upos] Unknown UPOS tag: ''.
[Line 358 Sent seg635552.1]: [L2 Morpho invalid-feature] Spurious morphological feature: 'PUNCT'. Should be of the form Feature=Value and must start with [A-Z] and only contain [A-Za-z0-9].
[Line 358 Sent seg635552.1]: [L2 Morpho invalid-feature] Spurious morphological feature: 'UPosTag='. Should be of the form Feature=Value and must start with [A-Z] and only contain [A-Za-z0-9].
[Line 531 Sent seg635554.1]: [L1 Format empty-column] Empty value in column UPOS.
[Line 531 Sent seg635554.1]: [L2 Morpho invalid-upos] Invalid UPOS value ''.
[Line 531 Sent seg635554.1]: [L2 Morpho unknown-upos] Unknown UPOS tag: ''.
[Line 531 Sent seg635554.1]: [L2 Morpho invalid-feature] Spurious morphological feature: 'PUNCT'. Should be of the form Feature=Value and must start with [A-Z] and only contain [A-Za-z0-9].
[Line 531 Sent seg635554.1]: [L2 Morpho invalid-feature] Spurious morphological feature: 'UPosTag='. Should be of the form Feature=Value and must start with [A-Z] and only contain [A-Za-z0-9].
[Line 541 Sent seg635554.1]: [L1 Format empty-column] Empty value in column UPOS.
[Line 541 Sent seg635554.1]: [L2 Morpho invalid-upos] Invalid UPOS value ''.
[Line 541 Sent seg635554.1]: [L2 Morpho unknown-upos] Unknown UPOS tag: ''.
[Line 541 Sent seg635554.1]: [L2 Morpho invalid-feature] Spurious morphological feature: 'PUNCT'. Should be of the form Feature=Value and must start with [A-Z] and only contain [A-Za-z0-9].
[Line 541 Sent seg635554.1]: [L2 Morpho invalid-feature] Spurious morphological feature: 'UPosTag='. Should be of the form Feature=Value and must start with [A-Z] and only contain [A-Za-z0-9].
[Line 687 Sent seg635558.2]: [L2 Syntax 0-is-not-root] DEPREL must be 'root' if HEAD is 0.
[Line 694 Sent seg635558.3]: [L2 Syntax 0-is-not-root] DEPREL must be 'root' if HEAD is 0.
[Line 701 Sent seg635558.4]: [L1 Format empty-column] Empty value in column UPOS.
[Line 701 Sent seg635558.4]: [L2 Morpho invalid-upos] Invalid UPOS value ''.
[Line 701 Sent seg635558.4]: [L2 Morpho unknown-upos] Unknown UPOS tag: ''.
[Line 701 Sent seg635558.4]: [L2 Morpho invalid-feature] Spurious morphological feature: 'PUNCT'. Should be of the form Feature=Value and must start with [A-Z] and only contain [A-Za-z0-9].
[Line 701 Sent seg635558.4]: [L2 Morpho invalid-feature] Spurious morphological feature: 'UPosTag='. Should be of the form Feature=Value and must start with [A-Z] and only contain [A-Za-z0-9].
[Line 745 Sent seg635559.1]: [L2 Syntax 0-is-not-root] DEPREL must be 'root' if HEAD is 0.
[Line 816 Sent seg636080.1]: [L2 Syntax 0-is-not-root] DEPREL must be 'root' if HEAD is 0.
[Line 1084 Sent seg636083.9]: [L1 Format empty-column] Empty value in column UPOS.
[Line 1084 Sent seg636083.9]: [L2 Morpho invalid-upos] Invalid UPOS value ''.
[Line 1084 Sent seg636083.9]: [L2 Morpho unknown-upos] Unknown UPOS tag: ''.
[Line 1084 Sent seg636083.9]: [L2 Morpho invalid-feature] Spurious morphological feature: 'PUNCT'. Should be of the form Feature=Value and must start with [A-Z] and only contain [A-Za-z0-9].
...suppressing further errors regarding Morpho
[Line 1540 Sent seg636087.1]: [L2 Syntax 0-is-not-root] DEPREL must be 'root' if HEAD is 0.
[Line 2033 Sent seg636089.9]: [L1 Format empty-column] Empty value in column UPOS.
[Line 2169 Sent seg636089.16]: [L2 Syntax 0-is-not-root] DEPREL must be 'root' if HEAD is 0.
[Line 2344 Sent seg636095.1]: [L1 Format empty-column] Empty value in column UPOS.
Format errors: 7
Morpho errors: 28
Syntax errors: 6
*** FAILED *** with 41 errors
INFO: Converting ParlaMint-PL_2018-09-27-senat-65-2
INFO: Validating level 1: ParlaMint-PL_2018-09-27-senat-65-2
[Line 32 Sent seg747086.1]: [L1 Format empty-column] Empty value in column UPOS.
[Line 339 Sent seg747100.1]: [L1 Format empty-column] Empty value in column UPOS.
[Line 521 Sent seg747837.1]: [L1 Format empty-column] Empty value in column UPOS.
Format errors: 3
*** FAILED *** with 3 errors
INFO: Validating level 2: ParlaMint-PL_2018-09-27-senat-65-2
[Line 32 Sent seg747086.1]: [L1 Format empty-column] Empty value in column UPOS.
[Line 32 Sent seg747086.1]: [L2 Morpho invalid-upos] Invalid UPOS value ''.
[Line 32 Sent seg747086.1]: [L2 Morpho unknown-upos] Unknown UPOS tag: ''.
[Line 32 Sent seg747086.1]: [L2 Morpho invalid-feature] Spurious morphological feature: 'PUNCT'. Should be of the form Feature=Value and must start with [A-Z] and only contain [A-Za-z0-9].
[Line 32 Sent seg747086.1]: [L2 Morpho invalid-feature] Spurious morphological feature: 'UPosTag='. Should be of the form Feature=Value and must start with [A-Z] and only contain [A-Za-z0-9].
[Line 299 Sent seg747099.1]: [L2 Syntax 0-is-not-root] DEPREL must be 'root' if HEAD is 0.
[Line 339 Sent seg747100.1]: [L1 Format empty-column] Empty value in column UPOS.
[Line 339 Sent seg747100.1]: [L2 Morpho invalid-upos] Invalid UPOS value ''.
[Line 339 Sent seg747100.1]: [L2 Morpho unknown-upos] Unknown UPOS tag: ''.
[Line 339 Sent seg747100.1]: [L2 Morpho invalid-feature] Spurious morphological feature: 'PUNCT'. Should be of the form Feature=Value and must start with [A-Z] and only contain [A-Za-z0-9].
[Line 339 Sent seg747100.1]: [L2 Morpho invalid-feature] Spurious morphological feature: 'UPosTag='. Should be of the form Feature=Value and must start with [A-Z] and only contain [A-Za-z0-9].
[Line 521 Sent seg747837.1]: [L1 Format empty-column] Empty value in column UPOS.
[Line 521 Sent seg747837.1]: [L2 Morpho invalid-upos] Invalid UPOS value ''.
[Line 521 Sent seg747837.1]: [L2 Morpho unknown-upos] Unknown UPOS tag: ''.
[Line 521 Sent seg747837.1]: [L2 Morpho invalid-feature] Spurious morphological feature: 'PUNCT'. Should be of the form Feature=Value and must start with [A-Z] and only contain [A-Za-z0-9].
[Line 521 Sent seg747837.1]: [L2 Morpho invalid-feature] Spurious morphological feature: 'UPosTag='. Should be of the form Feature=Value and must start with [A-Z] and only contain [A-Za-z0-9].
Format errors: 3
Morpho errors: 12
Syntax errors: 1
*** FAILED *** with 16 errors
#Scripts/parlamint2conllu.pl ParlaMint-RO ParlaMint-RO
Scripts/parlamint2conllu.pl ParlaMint-SI ParlaMint-SI
INFO: Converting directory /home/project/corpora/Parla/ParlaMint/ParlaMint/ParlaMint-SI
INFO: Converting ParlaMint-SI_2014-08-25-SDZ7-Izredna-01
INFO: Validating level 1: ParlaMint-SI_2014-08-25-SDZ7-Izredna-01
*** PASSED ***
INFO: Validating level 2: ParlaMint-SI_2014-08-25-SDZ7-Izredna-01
*** PASSED ***
INFO: Converting ParlaMint-SI_2016-06-21-SDZ7-Redna-20
INFO: Validating level 1: ParlaMint-SI_2016-06-21-SDZ7-Redna-20
*** PASSED ***
INFO: Validating level 2: ParlaMint-SI_2016-06-21-SDZ7-Redna-20
*** PASSED ***
INFO: Converting ParlaMint-SI_2018-04-13-SDZ7-Izredna-59
INFO: Validating level 1: ParlaMint-SI_2018-04-13-SDZ7-Izredna-59
*** PASSED ***
INFO: Validating level 2: ParlaMint-SI_2018-04-13-SDZ7-Izredna-59
*** PASSED ***
#Scripts/parlamint2conllu.pl ParlaMint-TR ParlaMint-TR
make[1]: Leaving directory '/home/project/corpora/Parla/ParlaMint/ParlaMint'
498.01user 26.26system 5:41.32elapsed 153%CPU (0avgtext+0avgdata 1413892maxresident)k
16inputs+8376outputs (1major+11904674minor)pagefaults 0swaps
