INFO: *****Converting HR
INFO: ***Making HR samples
INFO: selecting meta file ParlaMint-taxonomy-parla.legislature.xml
INFO: selecting meta file ParlaMint-taxonomy-speaker_types.xml
INFO: selecting meta file ParlaMint-taxonomy-subcorpus.xml
INFO: selecting meta file ParlaMint-taxonomy-CHES.xml
INFO: selecting meta file ParlaMint-taxonomy-politicalOrientation.xml
INFO: selecting meta file ParlaMint-HR-listOrg.xml
INFO: selecting meta file ParlaMint-HR-listPerson.xml
INFO: from 1708 component files  selecting ~3 files:
INFO: selecting component file 2011/ParlaMint-HR_2011-05-05-0.xml
INFO: selecting component file 2017/ParlaMint-HR_2017-06-29-0.xml
INFO: selecting component file 2022/ParlaMint-HR_2022-07-14-0.xml
INFO: Converting directory /project/corpora/Parla/ParlaMint/ParlaMint/Corpora/Master/ParlaMint-HR
INFO: Making text files
INFO: converting ParlaMint-HR_2017-06-29-0 to text file
INFO: converting ParlaMint-HR_2022-07-14-0 to text file
INFO: converting ParlaMint-HR_2011-05-05-0 to text file
INFO: Making metadata files
INFO: Converting ParlaMint-HR_2022-07-14-0 to metadata TSV
INFO: Converting ParlaMint-HR_2011-05-05-0 to metadata TSV
INFO: Converting ParlaMint-HR_2017-06-29-0 to metadata TSV
INFO: Converting ParlaMint-HR_2022-07-14-0 to metadata TSV
INFO: Converting ParlaMint-HR_2017-06-29-0 to metadata TSV
INFO: Converting ParlaMint-HR_2011-05-05-0 to metadata TSV
INFO: selecting meta file ParlaMint-taxonomy-parla.legislature.xml
INFO: selecting meta file ParlaMint-taxonomy-speaker_types.xml
INFO: selecting meta file ParlaMint-taxonomy-subcorpus.xml
INFO: selecting meta file ParlaMint-taxonomy-NER.ana.xml
INFO: selecting meta file ParlaMint-taxonomy-UD-SYN.ana.xml
INFO: selecting meta file ParlaMint-taxonomy-CHES.xml
INFO: selecting meta file ParlaMint-taxonomy-politicalOrientation.xml
INFO: selecting meta file ParlaMint-HR-listOrg.xml
INFO: selecting meta file ParlaMint-HR-listPerson.xml
INFO: from 1708 component files  selecting ~3 files:
INFO: selecting component file 2011/ParlaMint-HR_2011-05-05-0.ana.xml
INFO: selecting component file 2017/ParlaMint-HR_2017-06-29-0.ana.xml
INFO: selecting component file 2022/ParlaMint-HR_2022-07-14-0.ana.xml
INFO: Converting directory /project/corpora/Parla/ParlaMint/ParlaMint/Corpora/Master/ParlaMint-HR
INFO: Converting ParlaMint-HR_2017-06-29-0.ana to vertical
INFO: Converting ParlaMint-HR_2011-05-05-0.ana to vertical
INFO: Converting ParlaMint-HR_2022-07-14-0.ana to vertical
INFO: Converting directory /project/corpora/Parla/ParlaMint/ParlaMint/Corpora/Master/ParlaMint-HR
INFO: Converting ParlaMint-HR_2017-06-29-0.ana to metadata TSV
INFO: Converting ParlaMint-HR_2011-05-05-0.ana to metadata TSV
INFO: Converting ParlaMint-HR_2022-07-14-0.ana to metadata TSV
INFO: Converting ParlaMint-HR_2011-05-05-0.ana to metadata TSV
INFO: Converting ParlaMint-HR_2017-06-29-0.ana to metadata TSV
INFO: Converting ParlaMint-HR_2022-07-14-0.ana to metadata TSV
/project/corpora/Parla/ParlaMint/ParlaMint/Corpora/Master/ParlaMint-HR/ParlaMint-HR_2011-05-05-0.ana-meta-en.tsv not renamed: /project/corpora/Parla/ParlaMint/ParlaMint/Corpora/Master/ParlaMint-HR/ParlaMint-HR_2011-05-05-0-meta-en.tsv already exists
/project/corpora/Parla/ParlaMint/ParlaMint/Corpora/Master/ParlaMint-HR/ParlaMint-HR_2017-06-29-0.ana-meta-en.tsv not renamed: /project/corpora/Parla/ParlaMint/ParlaMint/Corpora/Master/ParlaMint-HR/ParlaMint-HR_2017-06-29-0-meta-en.tsv already exists
/project/corpora/Parla/ParlaMint/ParlaMint/Corpora/Master/ParlaMint-HR/ParlaMint-HR_2022-07-14-0.ana-meta-en.tsv not renamed: /project/corpora/Parla/ParlaMint/ParlaMint/Corpora/Master/ParlaMint-HR/ParlaMint-HR_2022-07-14-0-meta-en.tsv already exists
*** PASSED ***
*** PASSED ***
*** PASSED ***
*** PASSED ***
*** PASSED ***
*** PASSED ***
INFO: ***Finished processing HR corpus.
INFO: *****Converting HR-en
INFO: ***Making HR-en samples
WARN: No TEI files for HR-en samples (needed root file is /project/corpora/Parla/ParlaMint/ParlaMint/Corpora/Master/ParlaMint-HR-en.TEI/ParlaMint-HR-en.xml)
INFO: selecting meta file ParlaMint-taxonomy-parla.legislature.xml
INFO: selecting meta file ParlaMint-taxonomy-speaker_types.xml
INFO: selecting meta file ParlaMint-taxonomy-subcorpus.xml
INFO: selecting meta file ParlaMint-taxonomy-NER.ana.xml
INFO: selecting meta file ParlaMint-taxonomy-CHES.xml
INFO: selecting meta file ParlaMint-taxonomy-politicalOrientation.xml
INFO: selecting meta file ParlaMint-taxonomy-USAS.ana.xml
INFO: selecting meta file ParlaMint-HR-listOrg.xml
INFO: selecting meta file ParlaMint-HR-listPerson.xml
INFO: from 1708 component files  selecting ~3 files:
INFO: selecting component file 2011/ParlaMint-HR-en_2011-05-05-0.ana.xml
INFO: selecting component file 2017/ParlaMint-HR-en_2017-06-29-0.ana.xml
INFO: selecting component file 2022/ParlaMint-HR-en_2022-07-14-0.ana.xml
INFO: Converting directory /project/corpora/Parla/ParlaMint/ParlaMint/Corpora/Master/ParlaMint-HR-en
INFO: Converting ParlaMint-HR-en_2017-06-29-0.ana to vertical
INFO: Converting ParlaMint-HR-en_2011-05-05-0.ana to vertical
INFO: Converting ParlaMint-HR-en_2022-07-14-0.ana to vertical
WARN: registry file parlamint41_hr_en not found
INFO: Converting directory /project/corpora/Parla/ParlaMint/ParlaMint/Corpora/Master/ParlaMint-HR-en
INFO: Converting ParlaMint-HR-en_2017-06-29-0.ana to metadata TSV
INFO: Converting ParlaMint-HR-en_2011-05-05-0.ana to metadata TSV
INFO: Converting ParlaMint-HR-en_2022-07-14-0.ana to metadata TSV
*** PASSED ***
*** PASSED ***
*** PASSED ***
*** PASSED ***
*** PASSED ***
*** PASSED ***
INFO: ***Finished processing HR-en corpus.
