INFO: *****Converting TR
INFO: ***Making TR samples
INFO: selecting meta file ParlaMint-taxonomy-parla.legislature.xml
INFO: selecting meta file ParlaMint-taxonomy-speaker_types.xml
INFO: selecting meta file ParlaMint-taxonomy-subcorpus.xml
INFO: selecting meta file ParlaMint-TR-taxonomy-parla.constituencies-TR.xml
INFO: selecting meta file ParlaMint-taxonomy-CHES.xml
INFO: selecting meta file ParlaMint-taxonomy-politicalOrientation.xml
INFO: selecting meta file ParlaMint-TR-listOrg.xml
INFO: selecting meta file ParlaMint-TR-listPerson.xml
INFO: from 1335 component files  selecting ~3 files:
INFO: selecting component file 2014/ParlaMint-TR_2014-12-11-tbmm-T24.xml
INFO: selecting component file 2018/ParlaMint-TR_2018-11-01-tbmm-T27.xml
INFO: selecting component file 2022/ParlaMint-TR_2022-11-17-tbmm-T27.xml
INFO: Converting directory /project/corpora/Parla/ParlaMint/ParlaMint/Corpora/Master/ParlaMint-TR
INFO: Making text files
INFO: converting ParlaMint-TR_2018-11-01-tbmm-T27 to text file
INFO: converting ParlaMint-TR_2014-12-11-tbmm-T24 to text file
INFO: converting ParlaMint-TR_2022-11-17-tbmm-T27 to text file
INFO: Making metadata files
INFO: Converting ParlaMint-TR_2022-11-17-tbmm-T27 to metadata TSV
INFO: Converting ParlaMint-TR_2014-12-11-tbmm-T24 to metadata TSV
INFO: Converting ParlaMint-TR_2018-11-01-tbmm-T27 to metadata TSV
INFO: Converting ParlaMint-TR_2014-12-11-tbmm-T24 to metadata TSV
INFO: Converting ParlaMint-TR_2022-11-17-tbmm-T27 to metadata TSV
INFO: Converting ParlaMint-TR_2018-11-01-tbmm-T27 to metadata TSV
INFO: selecting meta file ParlaMint-taxonomy-parla.legislature.xml
INFO: selecting meta file ParlaMint-taxonomy-speaker_types.xml
INFO: selecting meta file ParlaMint-taxonomy-subcorpus.xml
INFO: selecting meta file ParlaMint-TR-taxonomy-parla.constituencies-TR.xml
INFO: selecting meta file ParlaMint-taxonomy-NER.ana.xml
INFO: selecting meta file ParlaMint-taxonomy-UD-SYN.ana.xml
INFO: selecting meta file ParlaMint-taxonomy-CHES.xml
INFO: selecting meta file ParlaMint-taxonomy-politicalOrientation.xml
INFO: selecting meta file ParlaMint-TR-listOrg.xml
INFO: selecting meta file ParlaMint-TR-listPerson.xml
INFO: from 1335 component files  selecting ~3 files:
INFO: selecting component file 2014/ParlaMint-TR_2014-12-11-tbmm-T24.ana.xml
INFO: selecting component file 2018/ParlaMint-TR_2018-11-01-tbmm-T27.ana.xml
INFO: selecting component file 2022/ParlaMint-TR_2022-11-17-tbmm-T27.ana.xml
INFO: Converting directory /project/corpora/Parla/ParlaMint/ParlaMint/Corpora/Master/ParlaMint-TR
INFO: Converting ParlaMint-TR_2022-11-17-tbmm-T27.ana to vertical
INFO: Converting ParlaMint-TR_2018-11-01-tbmm-T27.ana to vertical
INFO: Converting ParlaMint-TR_2014-12-11-tbmm-T24.ana to vertical
INFO: Converting directory /project/corpora/Parla/ParlaMint/ParlaMint/Corpora/Master/ParlaMint-TR
INFO: Converting ParlaMint-TR_2022-11-17-tbmm-T27.ana to metadata TSV
INFO: Converting ParlaMint-TR_2018-11-01-tbmm-T27.ana to metadata TSV
INFO: Converting ParlaMint-TR_2014-12-11-tbmm-T24.ana to metadata TSV
INFO: Converting ParlaMint-TR_2018-11-01-tbmm-T27.ana to metadata TSV
INFO: Converting ParlaMint-TR_2022-11-17-tbmm-T27.ana to metadata TSV
INFO: Converting ParlaMint-TR_2014-12-11-tbmm-T24.ana to metadata TSV
/project/corpora/Parla/ParlaMint/ParlaMint/Corpora/Master/ParlaMint-TR/ParlaMint-TR_2014-12-11-tbmm-T24.ana-meta-en.tsv not renamed: /project/corpora/Parla/ParlaMint/ParlaMint/Corpora/Master/ParlaMint-TR/ParlaMint-TR_2014-12-11-tbmm-T24-meta-en.tsv already exists
/project/corpora/Parla/ParlaMint/ParlaMint/Corpora/Master/ParlaMint-TR/ParlaMint-TR_2018-11-01-tbmm-T27.ana-meta-en.tsv not renamed: /project/corpora/Parla/ParlaMint/ParlaMint/Corpora/Master/ParlaMint-TR/ParlaMint-TR_2018-11-01-tbmm-T27-meta-en.tsv already exists
/project/corpora/Parla/ParlaMint/ParlaMint/Corpora/Master/ParlaMint-TR/ParlaMint-TR_2022-11-17-tbmm-T27.ana-meta-en.tsv not renamed: /project/corpora/Parla/ParlaMint/ParlaMint/Corpora/Master/ParlaMint-TR/ParlaMint-TR_2022-11-17-tbmm-T27-meta-en.tsv already exists
*** PASSED ***
*** PASSED ***
*** PASSED ***
*** PASSED ***
*** PASSED ***
*** PASSED ***
INFO: ***Finished processing TR corpus.
INFO: *****Converting TR-en
INFO: ***Making TR-en samples
WARN: No TEI files for TR-en samples (needed root file is /project/corpora/Parla/ParlaMint/ParlaMint/Corpora/Master/ParlaMint-TR-en.TEI/ParlaMint-TR-en.xml)
INFO: selecting meta file ParlaMint-taxonomy-parla.legislature.xml
INFO: selecting meta file ParlaMint-taxonomy-speaker_types.xml
INFO: selecting meta file ParlaMint-taxonomy-subcorpus.xml
INFO: selecting meta file ParlaMint-TR-taxonomy-parla.constituencies-TR.xml
INFO: selecting meta file ParlaMint-taxonomy-NER.ana.xml
INFO: selecting meta file ParlaMint-taxonomy-CHES.xml
INFO: selecting meta file ParlaMint-taxonomy-politicalOrientation.xml
INFO: selecting meta file ParlaMint-taxonomy-USAS.ana.xml
INFO: selecting meta file ParlaMint-TR-listOrg.xml
INFO: selecting meta file ParlaMint-TR-listPerson.xml
INFO: from 1335 component files  selecting ~3 files:
INFO: selecting component file 2014/ParlaMint-TR-en_2014-12-11-tbmm-T24.ana.xml
INFO: selecting component file 2018/ParlaMint-TR-en_2018-11-01-tbmm-T27.ana.xml
INFO: selecting component file 2022/ParlaMint-TR-en_2022-11-17-tbmm-T27.ana.xml
INFO: Converting directory /project/corpora/Parla/ParlaMint/ParlaMint/Corpora/Master/ParlaMint-TR-en
INFO: Converting ParlaMint-TR-en_2022-11-17-tbmm-T27.ana to vertical
INFO: Converting ParlaMint-TR-en_2018-11-01-tbmm-T27.ana to vertical
INFO: Converting ParlaMint-TR-en_2014-12-11-tbmm-T24.ana to vertical
WARN: registry file parlamint41_tr_en not found
INFO: Converting directory /project/corpora/Parla/ParlaMint/ParlaMint/Corpora/Master/ParlaMint-TR-en
INFO: Converting ParlaMint-TR-en_2022-11-17-tbmm-T27.ana to metadata TSV
INFO: Converting ParlaMint-TR-en_2018-11-01-tbmm-T27.ana to metadata TSV
INFO: Converting ParlaMint-TR-en_2014-12-11-tbmm-T24.ana to metadata TSV
*** PASSED ***
*** PASSED ***
*** PASSED ***
*** PASSED ***
*** PASSED ***
*** PASSED ***
INFO: ***Finished processing TR-en corpus.
