INFO: *****Converting ES-GA
INFO: ***Making ES-GA samples
INFO: selecting meta file ParlaMint-taxonomy-speaker_types.xml
INFO: selecting meta file ParlaMint-taxonomy-parla.legislature.xml
INFO: selecting meta file ParlaMint-taxonomy-subcorpus.xml
INFO: selecting meta file ParlaMint-ES-GA-taxonomy-parla.orientations.xml
INFO: selecting meta file ParlaMint-taxonomy-CHES.xml
INFO: selecting meta file ParlaMint-taxonomy-politicalOrientation.xml
INFO: selecting meta file ParlaMint-ES-GA-listOrg.xml
INFO: selecting meta file ParlaMint-ES-GA-listPerson.xml
INFO: from 302 component files  selecting ~3 files:
INFO: selecting component file 2017/ParlaMint-ES-GA_2017-05-24-DSPG030.xml
INFO: selecting component file 2019/ParlaMint-ES-GA_2019-10-08-DSPG130.xml
INFO: selecting component file 2022/ParlaMint-ES-GA_2022-05-24-DSPG082.xml
INFO: Converting directory /project/corpora/Parla/ParlaMint/ParlaMint/Corpora/Master/ParlaMint-ES-GA
INFO: Making text files
INFO: converting ParlaMint-ES-GA_2017-05-24-DSPG030 to text file
INFO: converting ParlaMint-ES-GA_2019-10-08-DSPG130 to text file
INFO: converting ParlaMint-ES-GA_2022-05-24-DSPG082 to text file
INFO: Making metadata files
INFO: Converting ParlaMint-ES-GA_2017-05-24-DSPG030 to metadata TSV
INFO: Converting ParlaMint-ES-GA_2022-05-24-DSPG082 to metadata TSV
INFO: Converting ParlaMint-ES-GA_2019-10-08-DSPG130 to metadata TSV
INFO: Converting ParlaMint-ES-GA_2019-10-08-DSPG130 to metadata TSV
INFO: Converting ParlaMint-ES-GA_2017-05-24-DSPG030 to metadata TSV
INFO: Converting ParlaMint-ES-GA_2022-05-24-DSPG082 to metadata TSV
INFO: selecting meta file ParlaMint-taxonomy-speaker_types.xml
INFO: selecting meta file ParlaMint-taxonomy-parla.legislature.xml
INFO: selecting meta file ParlaMint-taxonomy-subcorpus.xml
INFO: selecting meta file ParlaMint-ES-GA-taxonomy-parla.orientations.xml
INFO: selecting meta file ParlaMint-taxonomy-NER.ana.xml
INFO: selecting meta file ParlaMint-taxonomy-UD-SYN.ana.xml
INFO: selecting meta file ParlaMint-taxonomy-CHES.xml
INFO: selecting meta file ParlaMint-taxonomy-politicalOrientation.xml
INFO: selecting meta file ParlaMint-ES-GA-listOrg.xml
INFO: selecting meta file ParlaMint-ES-GA-listPerson.xml
INFO: from 302 component files  selecting ~3 files:
INFO: selecting component file 2017/ParlaMint-ES-GA_2017-05-24-DSPG030.ana.xml
INFO: selecting component file 2019/ParlaMint-ES-GA_2019-10-08-DSPG130.ana.xml
INFO: selecting component file 2022/ParlaMint-ES-GA_2022-05-24-DSPG082.ana.xml
INFO: Converting directory /project/corpora/Parla/ParlaMint/ParlaMint/Corpora/Master/ParlaMint-ES-GA
INFO: Converting ParlaMint-ES-GA_2022-05-24-DSPG082.ana to vertical
INFO: Converting ParlaMint-ES-GA_2017-05-24-DSPG030.ana to vertical
INFO: Converting ParlaMint-ES-GA_2019-10-08-DSPG130.ana to vertical
INFO: Converting directory /project/corpora/Parla/ParlaMint/ParlaMint/Corpora/Master/ParlaMint-ES-GA
INFO: Converting ParlaMint-ES-GA_2019-10-08-DSPG130.ana to metadata TSV
INFO: Converting ParlaMint-ES-GA_2022-05-24-DSPG082.ana to metadata TSV
INFO: Converting ParlaMint-ES-GA_2017-05-24-DSPG030.ana to metadata TSV
INFO: Converting ParlaMint-ES-GA_2017-05-24-DSPG030.ana to metadata TSV
INFO: Converting ParlaMint-ES-GA_2022-05-24-DSPG082.ana to metadata TSV
INFO: Converting ParlaMint-ES-GA_2019-10-08-DSPG130.ana to metadata TSV
/project/corpora/Parla/ParlaMint/ParlaMint/Corpora/Master/ParlaMint-ES-GA/ParlaMint-ES-GA_2017-05-24-DSPG030.ana-meta-en.tsv not renamed: /project/corpora/Parla/ParlaMint/ParlaMint/Corpora/Master/ParlaMint-ES-GA/ParlaMint-ES-GA_2017-05-24-DSPG030-meta-en.tsv already exists
/project/corpora/Parla/ParlaMint/ParlaMint/Corpora/Master/ParlaMint-ES-GA/ParlaMint-ES-GA_2019-10-08-DSPG130.ana-meta-en.tsv not renamed: /project/corpora/Parla/ParlaMint/ParlaMint/Corpora/Master/ParlaMint-ES-GA/ParlaMint-ES-GA_2019-10-08-DSPG130-meta-en.tsv already exists
/project/corpora/Parla/ParlaMint/ParlaMint/Corpora/Master/ParlaMint-ES-GA/ParlaMint-ES-GA_2022-05-24-DSPG082.ana-meta-en.tsv not renamed: /project/corpora/Parla/ParlaMint/ParlaMint/Corpora/Master/ParlaMint-ES-GA/ParlaMint-ES-GA_2022-05-24-DSPG082-meta-en.tsv already exists
*** PASSED ***
*** PASSED ***
*** PASSED ***
*** PASSED ***
*** PASSED ***
*** PASSED ***
INFO: ***Finished processing ES-GA corpus.
INFO: *****Converting ES-GA-en
INFO: ***Making ES-GA-en samples
WARN: No TEI files for ES-GA-en samples (needed root file is /project/corpora/Parla/ParlaMint/ParlaMint/Corpora/Master/ParlaMint-ES-GA-en.TEI/ParlaMint-ES-GA-en.xml)
INFO: selecting meta file ParlaMint-taxonomy-speaker_types.xml
INFO: selecting meta file ParlaMint-taxonomy-parla.legislature.xml
INFO: selecting meta file ParlaMint-taxonomy-subcorpus.xml
INFO: selecting meta file ParlaMint-ES-GA-taxonomy-parla.orientations.xml
INFO: selecting meta file ParlaMint-taxonomy-NER.ana.xml
INFO: selecting meta file ParlaMint-taxonomy-CHES.xml
INFO: selecting meta file ParlaMint-taxonomy-politicalOrientation.xml
INFO: selecting meta file ParlaMint-taxonomy-USAS.ana.xml
INFO: selecting meta file ParlaMint-ES-GA-listOrg.xml
INFO: selecting meta file ParlaMint-ES-GA-listPerson.xml
INFO: from 302 component files  selecting ~3 files:
INFO: selecting component file 2017/ParlaMint-ES-GA-en_2017-05-24-DSPG030.ana.xml
INFO: selecting component file 2019/ParlaMint-ES-GA-en_2019-10-08-DSPG130.ana.xml
INFO: selecting component file 2022/ParlaMint-ES-GA-en_2022-05-24-DSPG082.ana.xml
INFO: Converting directory /project/corpora/Parla/ParlaMint/ParlaMint/Corpora/Master/ParlaMint-ES-GA-en
INFO: Converting ParlaMint-ES-GA-en_2017-05-24-DSPG030.ana to vertical
INFO: Converting ParlaMint-ES-GA-en_2022-05-24-DSPG082.ana to vertical
INFO: Converting ParlaMint-ES-GA-en_2019-10-08-DSPG130.ana to vertical
WARN: registry file parlamint41_es_ga_en not found
INFO: Converting directory /project/corpora/Parla/ParlaMint/ParlaMint/Corpora/Master/ParlaMint-ES-GA-en
INFO: Converting ParlaMint-ES-GA-en_2017-05-24-DSPG030.ana to metadata TSV
INFO: Converting ParlaMint-ES-GA-en_2019-10-08-DSPG130.ana to metadata TSV
INFO: Converting ParlaMint-ES-GA-en_2022-05-24-DSPG082.ana to metadata TSV
*** PASSED ***
*** PASSED ***
*** PASSED ***
*** PASSED ***
*** PASSED ***
*** PASSED ***
INFO: ***Finished processing ES-GA-en corpus.
