INFO: *****Converting RS
INFO: ***Making RS samples
INFO: selecting meta file ParlaMint-taxonomy-parla.legislature.xml
INFO: selecting meta file ParlaMint-taxonomy-speaker_types.xml
INFO: selecting meta file ParlaMint-taxonomy-subcorpus.xml
INFO: selecting meta file ParlaMint-taxonomy-CHES.xml
INFO: selecting meta file ParlaMint-taxonomy-politicalOrientation.xml
INFO: selecting meta file ParlaMint-RS-listOrg.xml
INFO: selecting meta file ParlaMint-RS-listPerson.xml
INFO: from 2060 component files  selecting ~3 files:
INFO: selecting component file 2008/ParlaMint-RS_2008-07-18-0.xml
INFO: selecting component file 2014/ParlaMint-RS_2014-11-04-0.xml
INFO: selecting component file 2022/ParlaMint-RS_2022-02-14-0.xml
INFO: Converting directory /project/corpora/Parla/ParlaMint/ParlaMint/Corpora/Master/ParlaMint-RS
INFO: Making text files
INFO: converting ParlaMint-RS_2008-07-18-0 to text file
INFO: converting ParlaMint-RS_2014-11-04-0 to text file
INFO: converting ParlaMint-RS_2022-02-14-0 to text file
INFO: Making metadata files
INFO: Converting ParlaMint-RS_2022-02-14-0 to metadata TSV
INFO: Converting ParlaMint-RS_2008-07-18-0 to metadata TSV
INFO: Converting ParlaMint-RS_2014-11-04-0 to metadata TSV
INFO: Converting ParlaMint-RS_2008-07-18-0 to metadata TSV
INFO: Converting ParlaMint-RS_2022-02-14-0 to metadata TSV
INFO: Converting ParlaMint-RS_2014-11-04-0 to metadata TSV
INFO: selecting meta file ParlaMint-taxonomy-parla.legislature.xml
INFO: selecting meta file ParlaMint-taxonomy-speaker_types.xml
INFO: selecting meta file ParlaMint-taxonomy-subcorpus.xml
INFO: selecting meta file ParlaMint-taxonomy-NER.ana.xml
INFO: selecting meta file ParlaMint-taxonomy-UD-SYN.ana.xml
INFO: selecting meta file ParlaMint-taxonomy-CHES.xml
INFO: selecting meta file ParlaMint-taxonomy-politicalOrientation.xml
INFO: selecting meta file ParlaMint-RS-listOrg.xml
INFO: selecting meta file ParlaMint-RS-listPerson.xml
INFO: from 2060 component files  selecting ~3 files:
INFO: selecting component file 2008/ParlaMint-RS_2008-07-18-0.ana.xml
INFO: selecting component file 2014/ParlaMint-RS_2014-11-04-0.ana.xml
INFO: selecting component file 2022/ParlaMint-RS_2022-02-14-0.ana.xml
INFO: Converting directory /project/corpora/Parla/ParlaMint/ParlaMint/Corpora/Master/ParlaMint-RS
INFO: Converting ParlaMint-RS_2008-07-18-0.ana to vertical
INFO: Converting ParlaMint-RS_2022-02-14-0.ana to vertical
INFO: Converting ParlaMint-RS_2014-11-04-0.ana to vertical
WARN: registry file parlamint41_rs not found
INFO: Converting directory /project/corpora/Parla/ParlaMint/ParlaMint/Corpora/Master/ParlaMint-RS
INFO: Converting ParlaMint-RS_2014-11-04-0.ana to metadata TSV
INFO: Converting ParlaMint-RS_2008-07-18-0.ana to metadata TSV
INFO: Converting ParlaMint-RS_2022-02-14-0.ana to metadata TSV
INFO: Converting ParlaMint-RS_2008-07-18-0.ana to metadata TSV
INFO: Converting ParlaMint-RS_2014-11-04-0.ana to metadata TSV
INFO: Converting ParlaMint-RS_2022-02-14-0.ana to metadata TSV
/project/corpora/Parla/ParlaMint/ParlaMint/Corpora/Master/ParlaMint-RS/ParlaMint-RS_2008-07-18-0.ana-meta-en.tsv not renamed: /project/corpora/Parla/ParlaMint/ParlaMint/Corpora/Master/ParlaMint-RS/ParlaMint-RS_2008-07-18-0-meta-en.tsv already exists
/project/corpora/Parla/ParlaMint/ParlaMint/Corpora/Master/ParlaMint-RS/ParlaMint-RS_2014-11-04-0.ana-meta-en.tsv not renamed: /project/corpora/Parla/ParlaMint/ParlaMint/Corpora/Master/ParlaMint-RS/ParlaMint-RS_2014-11-04-0-meta-en.tsv already exists
/project/corpora/Parla/ParlaMint/ParlaMint/Corpora/Master/ParlaMint-RS/ParlaMint-RS_2022-02-14-0.ana-meta-en.tsv not renamed: /project/corpora/Parla/ParlaMint/ParlaMint/Corpora/Master/ParlaMint-RS/ParlaMint-RS_2022-02-14-0-meta-en.tsv already exists
*** PASSED ***
*** PASSED ***
*** PASSED ***
*** PASSED ***
*** PASSED ***
*** PASSED ***
INFO: ***Finished processing RS corpus.
INFO: *****Converting RS-en
INFO: ***Making RS-en samples
WARN: No TEI files for RS-en samples (needed root file is /project/corpora/Parla/ParlaMint/ParlaMint/Corpora/Master/ParlaMint-RS-en.TEI/ParlaMint-RS-en.xml)
INFO: selecting meta file ParlaMint-taxonomy-parla.legislature.xml
INFO: selecting meta file ParlaMint-taxonomy-speaker_types.xml
INFO: selecting meta file ParlaMint-taxonomy-subcorpus.xml
INFO: selecting meta file ParlaMint-taxonomy-NER.ana.xml
INFO: selecting meta file ParlaMint-taxonomy-CHES.xml
INFO: selecting meta file ParlaMint-taxonomy-politicalOrientation.xml
INFO: selecting meta file ParlaMint-taxonomy-USAS.ana.xml
INFO: selecting meta file ParlaMint-RS-listOrg.xml
INFO: selecting meta file ParlaMint-RS-listPerson.xml
INFO: from 2060 component files  selecting ~3 files:
INFO: selecting component file 2008/ParlaMint-RS-en_2008-07-18-0.ana.xml
INFO: selecting component file 2014/ParlaMint-RS-en_2014-11-04-0.ana.xml
INFO: selecting component file 2022/ParlaMint-RS-en_2022-02-14-0.ana.xml
INFO: Converting directory /project/corpora/Parla/ParlaMint/ParlaMint/Corpora/Master/ParlaMint-RS-en
INFO: Converting ParlaMint-RS-en_2008-07-18-0.ana to vertical
INFO: Converting ParlaMint-RS-en_2022-02-14-0.ana to vertical
INFO: Converting ParlaMint-RS-en_2014-11-04-0.ana to vertical
WARN: registry file parlamint41_rs_en not found
INFO: Converting directory /project/corpora/Parla/ParlaMint/ParlaMint/Corpora/Master/ParlaMint-RS-en
INFO: Converting ParlaMint-RS-en_2008-07-18-0.ana to metadata TSV
INFO: Converting ParlaMint-RS-en_2014-11-04-0.ana to metadata TSV
INFO: Converting ParlaMint-RS-en_2022-02-14-0.ana to metadata TSV
*** PASSED ***
*** PASSED ***
*** PASSED ***
*** PASSED ***
*** PASSED ***
*** PASSED ***
INFO: ***Finished processing RS-en corpus.
