INFO: *****Converting LV
INFO: ***Making LV samples
INFO: selecting meta file ParlaMint-taxonomy-parla.legislature.xml
INFO: selecting meta file ParlaMint-taxonomy-speaker_types.xml
INFO: selecting meta file ParlaMint-taxonomy-subcorpus.xml
INFO: selecting meta file ParlaMint-taxonomy-CHES.xml
INFO: selecting meta file ParlaMint-taxonomy-politicalOrientation.xml
INFO: selecting meta file ParlaMint-LV-listOrg.xml
INFO: selecting meta file ParlaMint-LV-listPerson.xml
INFO: from 635 component files  selecting ~3 files:
INFO: selecting component file 2019/ParlaMint-LV_2019-01-31-PT13-516.xml
INFO: selecting component file 2021/ParlaMint-LV_2021-02-11-PT13-2193.xml
INFO: selecting component file 2022/ParlaMint-LV_2022-10-13-PT13-2412.xml
INFO: Converting directory /project/corpora/Parla/ParlaMint/ParlaMint/Corpora/Master/ParlaMint-LV
INFO: Making text files
INFO: converting ParlaMint-LV_2021-02-11-PT13-2193 to text file
INFO: converting ParlaMint-LV_2022-10-13-PT13-2412 to text file
INFO: converting ParlaMint-LV_2019-01-31-PT13-516 to text file
INFO: Making metadata files
INFO: Converting ParlaMint-LV_2021-02-11-PT13-2193 to metadata TSV
INFO: Converting ParlaMint-LV_2019-01-31-PT13-516 to metadata TSV
INFO: Converting ParlaMint-LV_2022-10-13-PT13-2412 to metadata TSV
INFO: Converting ParlaMint-LV_2019-01-31-PT13-516 to metadata TSV
INFO: Converting ParlaMint-LV_2022-10-13-PT13-2412 to metadata TSV
INFO: Converting ParlaMint-LV_2021-02-11-PT13-2193 to metadata TSV
INFO: selecting meta file ParlaMint-taxonomy-parla.legislature.xml
INFO: selecting meta file ParlaMint-taxonomy-speaker_types.xml
INFO: selecting meta file ParlaMint-taxonomy-subcorpus.xml
INFO: selecting meta file ParlaMint-taxonomy-UD-SYN.ana.xml
INFO: selecting meta file ParlaMint-taxonomy-NER.ana.xml
INFO: selecting meta file ParlaMint-taxonomy-CHES.xml
INFO: selecting meta file ParlaMint-taxonomy-politicalOrientation.xml
INFO: selecting meta file ParlaMint-LV-listOrg.xml
INFO: selecting meta file ParlaMint-LV-listPerson.xml
INFO: from 635 component files  selecting ~3 files:
INFO: selecting component file 2019/ParlaMint-LV_2019-01-31-PT13-516.ana.xml
INFO: selecting component file 2021/ParlaMint-LV_2021-02-11-PT13-2193.ana.xml
INFO: selecting component file 2022/ParlaMint-LV_2022-10-13-PT13-2412.ana.xml
INFO: Converting directory /project/corpora/Parla/ParlaMint/ParlaMint/Corpora/Master/ParlaMint-LV
INFO: Converting ParlaMint-LV_2022-10-13-PT13-2412.ana to vertical
INFO: Converting ParlaMint-LV_2021-02-11-PT13-2193.ana to vertical
INFO: Converting ParlaMint-LV_2019-01-31-PT13-516.ana to vertical
INFO: Converting directory /project/corpora/Parla/ParlaMint/ParlaMint/Corpora/Master/ParlaMint-LV
INFO: Converting ParlaMint-LV_2022-10-13-PT13-2412.ana to metadata TSV
INFO: Converting ParlaMint-LV_2019-01-31-PT13-516.ana to metadata TSV
INFO: Converting ParlaMint-LV_2021-02-11-PT13-2193.ana to metadata TSV
INFO: Converting ParlaMint-LV_2019-01-31-PT13-516.ana to metadata TSV
INFO: Converting ParlaMint-LV_2022-10-13-PT13-2412.ana to metadata TSV
INFO: Converting ParlaMint-LV_2021-02-11-PT13-2193.ana to metadata TSV
/project/corpora/Parla/ParlaMint/ParlaMint/Corpora/Master/ParlaMint-LV/ParlaMint-LV_2019-01-31-PT13-516.ana-meta-en.tsv not renamed: /project/corpora/Parla/ParlaMint/ParlaMint/Corpora/Master/ParlaMint-LV/ParlaMint-LV_2019-01-31-PT13-516-meta-en.tsv already exists
/project/corpora/Parla/ParlaMint/ParlaMint/Corpora/Master/ParlaMint-LV/ParlaMint-LV_2021-02-11-PT13-2193.ana-meta-en.tsv not renamed: /project/corpora/Parla/ParlaMint/ParlaMint/Corpora/Master/ParlaMint-LV/ParlaMint-LV_2021-02-11-PT13-2193-meta-en.tsv already exists
/project/corpora/Parla/ParlaMint/ParlaMint/Corpora/Master/ParlaMint-LV/ParlaMint-LV_2022-10-13-PT13-2412.ana-meta-en.tsv not renamed: /project/corpora/Parla/ParlaMint/ParlaMint/Corpora/Master/ParlaMint-LV/ParlaMint-LV_2022-10-13-PT13-2412-meta-en.tsv already exists
*** PASSED ***
*** PASSED ***
*** PASSED ***
*** PASSED ***
*** PASSED ***
*** PASSED ***
INFO: ***Finished processing LV corpus.
INFO: *****Converting LV-en
INFO: ***Making LV-en samples
WARN: No TEI files for LV-en samples (needed root file is /project/corpora/Parla/ParlaMint/ParlaMint/Corpora/Master/ParlaMint-LV-en.TEI/ParlaMint-LV-en.xml)
INFO: selecting meta file ParlaMint-taxonomy-parla.legislature.xml
INFO: selecting meta file ParlaMint-taxonomy-speaker_types.xml
INFO: selecting meta file ParlaMint-taxonomy-subcorpus.xml
INFO: selecting meta file ParlaMint-taxonomy-NER.ana.xml
INFO: selecting meta file ParlaMint-taxonomy-CHES.xml
INFO: selecting meta file ParlaMint-taxonomy-politicalOrientation.xml
INFO: selecting meta file ParlaMint-taxonomy-USAS.ana.xml
INFO: selecting meta file ParlaMint-LV-listOrg.xml
INFO: selecting meta file ParlaMint-LV-listPerson.xml
INFO: from 635 component files  selecting ~3 files:
INFO: selecting component file 2019/ParlaMint-LV-en_2019-01-31-PT13-516.ana.xml
INFO: selecting component file 2021/ParlaMint-LV-en_2021-02-11-PT13-2193.ana.xml
INFO: selecting component file 2022/ParlaMint-LV-en_2022-10-13-PT13-2412.ana.xml
INFO: Converting directory /project/corpora/Parla/ParlaMint/ParlaMint/Corpora/Master/ParlaMint-LV-en
INFO: Converting ParlaMint-LV-en_2022-10-13-PT13-2412.ana to vertical
INFO: Converting ParlaMint-LV-en_2021-02-11-PT13-2193.ana to vertical
INFO: Converting ParlaMint-LV-en_2019-01-31-PT13-516.ana to vertical
WARN: registry file parlamint41_lv_en not found
INFO: Converting directory /project/corpora/Parla/ParlaMint/ParlaMint/Corpora/Master/ParlaMint-LV-en
INFO: Converting ParlaMint-LV-en_2019-01-31-PT13-516.ana to metadata TSV
INFO: Converting ParlaMint-LV-en_2022-10-13-PT13-2412.ana to metadata TSV
INFO: Converting ParlaMint-LV-en_2021-02-11-PT13-2193.ana to metadata TSV
*** PASSED ***
*** PASSED ***
*** PASSED ***
*** PASSED ***
*** PASSED ***
*** PASSED ***
INFO: ***Finished processing LV-en corpus.
