INFO: *****Converting NO
INFO: ***Making NO samples
INFO: selecting meta file ParlaMint-taxonomy-parla.legislature.xml
INFO: selecting meta file ParlaMint-taxonomy-speaker_types.xml
INFO: selecting meta file ParlaMint-taxonomy-subcorpus.xml
INFO: selecting meta file ParlaMint-taxonomy-CHES.xml
INFO: selecting meta file ParlaMint-taxonomy-politicalOrientation.xml
INFO: selecting meta file ParlaMint-NO-listOrg.xml
INFO: selecting meta file ParlaMint-NO-listPerson.xml
INFO: from 3266 component files  selecting ~3 files:
INFO: selecting component file 2004/ParlaMint-NO_2004-06-08-lower.xml
INFO: selecting component file 2011/ParlaMint-NO_2011-05-24.xml
INFO: selecting component file 2022/ParlaMint-NO_2022-05-10.xml
INFO: Converting directory /project/corpora/Parla/ParlaMint/ParlaMint/Corpora/Master/ParlaMint-NO
INFO: Making text files
INFO: converting ParlaMint-NO_2011-05-24 to text file
INFO: converting ParlaMint-NO_2004-06-08-lower to text file
INFO: converting ParlaMint-NO_2022-05-10 to text file
INFO: Making metadata files
INFO: Converting ParlaMint-NO_2004-06-08-lower to metadata TSV
INFO: Converting ParlaMint-NO_2022-05-10 to metadata TSV
INFO: Converting ParlaMint-NO_2011-05-24 to metadata TSV
INFO: Converting ParlaMint-NO_2011-05-24 to metadata TSV
INFO: Converting ParlaMint-NO_2004-06-08-lower to metadata TSV
INFO: Converting ParlaMint-NO_2022-05-10 to metadata TSV
INFO: selecting meta file ParlaMint-taxonomy-parla.legislature.xml
INFO: selecting meta file ParlaMint-taxonomy-speaker_types.xml
INFO: selecting meta file ParlaMint-taxonomy-subcorpus.xml
INFO: selecting meta file ParlaMint-taxonomy-NER.ana.xml
INFO: selecting meta file ParlaMint-taxonomy-UD-SYN.ana.xml
INFO: selecting meta file ParlaMint-taxonomy-CHES.xml
INFO: selecting meta file ParlaMint-taxonomy-politicalOrientation.xml
INFO: selecting meta file ParlaMint-NO-listOrg.xml
INFO: selecting meta file ParlaMint-NO-listPerson.xml
INFO: from 3266 component files  selecting ~3 files:
INFO: selecting component file 2004/ParlaMint-NO_2004-06-08-lower.ana.xml
INFO: selecting component file 2011/ParlaMint-NO_2011-05-24.ana.xml
INFO: selecting component file 2022/ParlaMint-NO_2022-05-10.ana.xml
INFO: Converting directory /project/corpora/Parla/ParlaMint/ParlaMint/Corpora/Master/ParlaMint-NO
INFO: Converting ParlaMint-NO_2022-05-10.ana to vertical
INFO: Converting ParlaMint-NO_2011-05-24.ana to vertical
INFO: Converting ParlaMint-NO_2004-06-08-lower.ana to vertical
WARN: registry file parlamint41_no not found
INFO: Converting directory /project/corpora/Parla/ParlaMint/ParlaMint/Corpora/Master/ParlaMint-NO
INFO: Converting ParlaMint-NO_2011-05-24.ana to metadata TSV
INFO: Converting ParlaMint-NO_2004-06-08-lower.ana to metadata TSV
INFO: Converting ParlaMint-NO_2022-05-10.ana to metadata TSV
INFO: Converting ParlaMint-NO_2022-05-10.ana to metadata TSV
INFO: Converting ParlaMint-NO_2004-06-08-lower.ana to metadata TSV
INFO: Converting ParlaMint-NO_2011-05-24.ana to metadata TSV
/project/corpora/Parla/ParlaMint/ParlaMint/Corpora/Master/ParlaMint-NO/ParlaMint-NO_2004-06-08-lower.ana-meta-en.tsv not renamed: /project/corpora/Parla/ParlaMint/ParlaMint/Corpora/Master/ParlaMint-NO/ParlaMint-NO_2004-06-08-lower-meta-en.tsv already exists
/project/corpora/Parla/ParlaMint/ParlaMint/Corpora/Master/ParlaMint-NO/ParlaMint-NO_2011-05-24.ana-meta-en.tsv not renamed: /project/corpora/Parla/ParlaMint/ParlaMint/Corpora/Master/ParlaMint-NO/ParlaMint-NO_2011-05-24-meta-en.tsv already exists
/project/corpora/Parla/ParlaMint/ParlaMint/Corpora/Master/ParlaMint-NO/ParlaMint-NO_2022-05-10.ana-meta-en.tsv not renamed: /project/corpora/Parla/ParlaMint/ParlaMint/Corpora/Master/ParlaMint-NO/ParlaMint-NO_2022-05-10-meta-en.tsv already exists
*** PASSED ***
*** PASSED ***
*** PASSED ***
*** PASSED ***
*** PASSED ***
*** PASSED ***
INFO: ***Finished processing NO corpus.
INFO: *****Converting NO-en
INFO: ***Making NO-en samples
WARN: No TEI files for NO-en samples (needed root file is /project/corpora/Parla/ParlaMint/ParlaMint/Corpora/Master/ParlaMint-NO-en.TEI/ParlaMint-NO-en.xml)
INFO: selecting meta file ParlaMint-taxonomy-parla.legislature.xml
INFO: selecting meta file ParlaMint-taxonomy-speaker_types.xml
INFO: selecting meta file ParlaMint-taxonomy-subcorpus.xml
INFO: selecting meta file ParlaMint-taxonomy-NER.ana.xml
INFO: selecting meta file ParlaMint-taxonomy-CHES.xml
INFO: selecting meta file ParlaMint-taxonomy-politicalOrientation.xml
INFO: selecting meta file ParlaMint-taxonomy-USAS.ana.xml
INFO: selecting meta file ParlaMint-NO-listOrg.xml
INFO: selecting meta file ParlaMint-NO-listPerson.xml
INFO: from 3266 component files  selecting ~3 files:
INFO: selecting component file 2004/ParlaMint-NO-en_2004-06-08-lower.ana.xml
INFO: selecting component file 2011/ParlaMint-NO-en_2011-05-24.ana.xml
INFO: selecting component file 2022/ParlaMint-NO-en_2022-05-10.ana.xml
INFO: Converting directory /project/corpora/Parla/ParlaMint/ParlaMint/Corpora/Master/ParlaMint-NO-en
INFO: Converting ParlaMint-NO-en_2022-05-10.ana to vertical
INFO: Converting ParlaMint-NO-en_2011-05-24.ana to vertical
INFO: Converting ParlaMint-NO-en_2004-06-08-lower.ana to vertical
WARN: registry file parlamint41_no_en not found
INFO: Converting directory /project/corpora/Parla/ParlaMint/ParlaMint/Corpora/Master/ParlaMint-NO-en
INFO: Converting ParlaMint-NO-en_2004-06-08-lower.ana to metadata TSV
INFO: Converting ParlaMint-NO-en_2022-05-10.ana to metadata TSV
INFO: Converting ParlaMint-NO-en_2011-05-24.ana to metadata TSV
*** PASSED ***
*** PASSED ***
*** PASSED ***
*** PASSED ***
*** PASSED ***
*** PASSED ***
INFO: ***Finished processing NO-en corpus.
