INFO: Doing /home/project/corpora/Parla/ParlaMint/ParlaMint/Build/Sources-TSV/ParlaMint-SI
INFO: Transliteration
INFO: copying SI (nothing to transliterate)
INFO: No TSV metadata for Encoder orientations, skipping
INFO: Adding TSV metadata for CHES orientations
INFO: Adding TSV metadata for Wiki orientations
WARN: For SI SKD no orientation in Wiki TSV
WARN: For SI NP no orientation in Wiki TSV
WARN: For SI NeP no orientation in Wiki TSV
WARN: For SI Lipa no orientation in Wiki TSV
INFO: Transliteration
INFO: copying SI (nothing to transliterate)
INFO: No TSV metadata for Encoder ministers, skipping
INFO: No TSV metadata for Sex info, skipping
INFO: Doing /home/project/corpora/Parla/ParlaMint/ParlaMint/Build/Sources-TSV/ParlaMint-SI
INFO: Transliteration
INFO: copying SI (nothing to transliterate)
INFO: No TSV metadata for Encoder orientations, skipping
INFO: Adding TSV metadata for CHES orientations
INFO: Adding TSV metadata for Wiki orientations
WARN: For SI SKD no orientation in Wiki TSV
WARN: For SI NP no orientation in Wiki TSV
WARN: For SI NeP no orientation in Wiki TSV
WARN: For SI Lipa no orientation in Wiki TSV
INFO: Transliteration
INFO: copying SI (nothing to transliterate)
INFO: No TSV metadata for Encoder ministers, skipping
INFO: No TSV metadata for Sex info, skipping
