INFO: Doing /home/project/corpora/Parla/ParlaMint/ParlaMint/Build/Sources-TSV/ParlaMint-FR
INFO: Transliteration
INFO: copying FR (nothing to transliterate)
INFO: No TSV metadata for Encoder orientations, skipping
INFO: Adding TSV metadata for CHES orientations
INFO: Adding TSV metadata for Wiki orientations
WARN: For FR AGIR-E no orientation in Wiki TSV
WARN: For FR NI no orientation in Wiki TSV
INFO: Transliteration
INFO: copying FR (nothing to transliterate)
INFO: No TSV metadata for Encoder ministers, skipping
INFO: No TSV metadata for Sex info, skipping
INFO: Doing /home/project/corpora/Parla/ParlaMint/ParlaMint/Build/Sources-TSV/ParlaMint-FR
INFO: Transliteration
INFO: copying FR (nothing to transliterate)
INFO: No TSV metadata for Encoder orientations, skipping
INFO: Adding TSV metadata for CHES orientations
INFO: Adding TSV metadata for Wiki orientations
WARN: For FR AGIR-E no orientation in Wiki TSV
WARN: For FR NI no orientation in Wiki TSV
INFO: Transliteration
INFO: copying FR (nothing to transliterate)
INFO: No TSV metadata for Encoder ministers, skipping
INFO: No TSV metadata for Sex info, skipping
