INFO: *****Converting UA
INFO: ***Making UA samples
INFO: selecting meta file ParlaMint-UA-taxonomy-affiliation.roles.xml
INFO: selecting meta file ParlaMint-taxonomy-parla.legislature.xml
INFO: selecting meta file ParlaMint-taxonomy-politicalOrientation.xml
INFO: selecting meta file ParlaMint-taxonomy-speaker_types.xml
INFO: selecting meta file ParlaMint-taxonomy-subcorpus.xml
INFO: selecting meta file ParlaMint-UA-listOrg.xml
INFO: selecting meta file ParlaMint-UA-listPerson.xml
INFO: from 2407 component files  selecting ~3 files:
INFO: selecting component file 2008/ParlaMint-UA_2008-09-30-m0.xml
INFO: selecting component file 2016/ParlaMint-UA_2016-01-26-m1.xml
INFO: selecting component file 2023/ParlaMint-UA_2023-11-09-m0.xml
INFO: Converting directory /project/corpora/Parla/ParlaMint/ParlaMint/Corpora/Master/ParlaMint-UA
INFO: Making text files
INFO: converting ParlaMint-UA_2008-09-30-m0 to text file
INFO: converting ParlaMint-UA_2016-01-26-m1 to text file
INFO: converting ParlaMint-UA_2023-11-09-m0 to text file
INFO: Making metadata files
INFO: Converting ParlaMint-UA_2016-01-26-m1 to metadata TSV
INFO: Converting ParlaMint-UA_2023-11-09-m0 to metadata TSV
INFO: Converting ParlaMint-UA_2008-09-30-m0 to metadata TSV
INFO: Converting ParlaMint-UA_2023-11-09-m0 to metadata TSV
INFO: Converting ParlaMint-UA_2008-09-30-m0 to metadata TSV
INFO: Converting ParlaMint-UA_2016-01-26-m1 to metadata TSV
INFO: selecting meta file ParlaMint-UA-taxonomy-affiliation.roles.xml
INFO: selecting meta file ParlaMint-taxonomy-NER.ana.xml
INFO: selecting meta file ParlaMint-taxonomy-UD-SYN.ana.xml
INFO: selecting meta file ParlaMint-taxonomy-parla.legislature.xml
INFO: selecting meta file ParlaMint-taxonomy-politicalOrientation.xml
INFO: selecting meta file ParlaMint-taxonomy-speaker_types.xml
INFO: selecting meta file ParlaMint-taxonomy-subcorpus.xml
INFO: selecting meta file ParlaMint-UA-listOrg.xml
INFO: selecting meta file ParlaMint-UA-listPerson.xml
INFO: from 2407 component files  selecting ~3 files:
INFO: selecting component file 2008/ParlaMint-UA_2008-09-30-m0.ana.xml
INFO: selecting component file 2016/ParlaMint-UA_2016-01-26-m1.ana.xml
INFO: selecting component file 2023/ParlaMint-UA_2023-11-09-m0.ana.xml
INFO: Converting directory /project/corpora/Parla/ParlaMint/ParlaMint/Corpora/Master/ParlaMint-UA
INFO: Converting ParlaMint-UA_2016-01-26-m1.ana to vertical
INFO: Converting ParlaMint-UA_2008-09-30-m0.ana to vertical
INFO: Converting ParlaMint-UA_2023-11-09-m0.ana to vertical
INFO: Converting directory /project/corpora/Parla/ParlaMint/ParlaMint/Corpora/Master/ParlaMint-UA
INFO: Converting ParlaMint-UA_2016-01-26-m1.ana to metadata TSV
INFO: Converting ParlaMint-UA_2008-09-30-m0.ana to metadata TSV
INFO: Converting ParlaMint-UA_2023-11-09-m0.ana to metadata TSV
INFO: Converting ParlaMint-UA_2008-09-30-m0.ana to metadata TSV
INFO: Converting ParlaMint-UA_2023-11-09-m0.ana to metadata TSV
INFO: Converting ParlaMint-UA_2016-01-26-m1.ana to metadata TSV
/project/corpora/Parla/ParlaMint/ParlaMint/Corpora/Master/ParlaMint-UA/ParlaMint-UA_2008-09-30-m0.ana-meta-en.tsv not renamed: /project/corpora/Parla/ParlaMint/ParlaMint/Corpora/Master/ParlaMint-UA/ParlaMint-UA_2008-09-30-m0-meta-en.tsv already exists
/project/corpora/Parla/ParlaMint/ParlaMint/Corpora/Master/ParlaMint-UA/ParlaMint-UA_2016-01-26-m1.ana-meta-en.tsv not renamed: /project/corpora/Parla/ParlaMint/ParlaMint/Corpora/Master/ParlaMint-UA/ParlaMint-UA_2016-01-26-m1-meta-en.tsv already exists
/project/corpora/Parla/ParlaMint/ParlaMint/Corpora/Master/ParlaMint-UA/ParlaMint-UA_2023-11-09-m0.ana-meta-en.tsv not renamed: /project/corpora/Parla/ParlaMint/ParlaMint/Corpora/Master/ParlaMint-UA/ParlaMint-UA_2023-11-09-m0-meta-en.tsv already exists
*** PASSED ***
*** PASSED ***
*** PASSED ***
*** PASSED ***
*** PASSED ***
*** PASSED ***
*** PASSED ***
*** PASSED ***
*** PASSED ***
*** PASSED ***
*** PASSED ***
*** PASSED ***
*** PASSED ***
*** PASSED ***
*** PASSED ***
*** PASSED ***
*** PASSED ***
*** PASSED ***
*** PASSED ***
*** PASSED ***
*** PASSED ***
*** PASSED ***
*** PASSED ***
*** PASSED ***
*** PASSED ***
*** PASSED ***
*** PASSED ***
*** PASSED ***
*** PASSED ***
*** PASSED ***
*** PASSED ***
*** PASSED ***
*** PASSED ***
*** PASSED ***
*** PASSED ***
*** PASSED ***
INFO: ***Finished processing UA corpus.
INFO: *****Converting UA-en
INFO: ***Making UA-en samples
WARN: No TEI files for UA-en samples (needed root file is /project/corpora/Parla/ParlaMint/ParlaMint/Corpora/Master/ParlaMint-UA-en.TEI/ParlaMint-UA-en.xml)
INFO: selecting meta file ParlaMint-UA-taxonomy-affiliation.roles.xml
INFO: selecting meta file ParlaMint-taxonomy-NER.ana.xml
INFO: selecting meta file ParlaMint-taxonomy-parla.legislature.xml
INFO: selecting meta file ParlaMint-taxonomy-politicalOrientation.xml
INFO: selecting meta file ParlaMint-taxonomy-speaker_types.xml
INFO: selecting meta file ParlaMint-taxonomy-subcorpus.xml
INFO: selecting meta file ParlaMint-taxonomy-CHES.xml
INFO: selecting meta file ParlaMint-taxonomy-USAS.ana.xml
INFO: selecting meta file ParlaMint-UA-listOrg.xml
INFO: selecting meta file ParlaMint-UA-listPerson.xml
INFO: from 1116 component files  selecting ~3 files:
INFO: selecting component file 2016/ParlaMint-UA-en_2016-05-17-m1.ana.xml
INFO: selecting component file 2019/ParlaMint-UA-en_2019-05-16-m1.ana.xml
INFO: selecting component file 2023/ParlaMint-UA-en_2023-09-06-m0.ana.xml
INFO: Converting directory /project/corpora/Parla/ParlaMint/ParlaMint/Corpora/Master/ParlaMint-UA-en
INFO: Converting ParlaMint-UA-en_2016-05-17-m1.ana to vertical
INFO: Converting ParlaMint-UA-en_2019-05-16-m1.ana to vertical
INFO: Converting ParlaMint-UA-en_2023-09-06-m0.ana to vertical
WARN: registry file parlamint41_ua_en not found
INFO: Converting directory /project/corpora/Parla/ParlaMint/ParlaMint/Corpora/Master/ParlaMint-UA-en
INFO: Converting ParlaMint-UA-en_2016-05-17-m1.ana to metadata TSV
INFO: Converting ParlaMint-UA-en_2023-09-06-m0.ana to metadata TSV
INFO: Converting ParlaMint-UA-en_2019-05-16-m1.ana to metadata TSV
*** PASSED ***
*** PASSED ***
*** PASSED ***
*** PASSED ***
*** PASSED ***
*** PASSED ***
INFO: ***Finished processing UA-en corpus.
