INFO: Converting directory /home/project/corpora/Parla/ParlaMint/ParlaMint/ParlaMint-BE
INFO: Converting ParlaMint-BE_2014-06-30-54-plenair-ip002x
INFO: Validating level 1: ParlaMint-BE_2014-06-30-54-plenair-ip002x
*** PASSED ***
INFO: Validating level 2: ParlaMint-BE_2014-06-30-54-plenair-ip002x
*** PASSED ***
INFO: Converting ParlaMint-BE_2014-06-30-54-plenair-ip002x
INFO: Validating level 1: ParlaMint-BE_2014-06-30-54-plenair-ip002x
*** PASSED ***
INFO: Validating level 2: ParlaMint-BE_2014-06-30-54-plenair-ip002x
*** PASSED ***
INFO: Converting ParlaMint-BE_2016-07-06-54-commissie-ic468x
INFO: Validating level 1: ParlaMint-BE_2016-07-06-54-commissie-ic468x
*** PASSED ***
INFO: Validating level 2: ParlaMint-BE_2016-07-06-54-commissie-ic468x
*** PASSED ***
INFO: Converting ParlaMint-BE_2016-07-06-54-commissie-ic468x
INFO: Validating level 1: ParlaMint-BE_2016-07-06-54-commissie-ic468x
*** PASSED ***
INFO: Validating level 2: ParlaMint-BE_2016-07-06-54-commissie-ic468x
*** PASSED ***
INFO: Converting ParlaMint-BE_2018-06-20-54-commissie-ic931x
INFO: Validating level 1: ParlaMint-BE_2018-06-20-54-commissie-ic931x
*** PASSED ***
INFO: Validating level 2: ParlaMint-BE_2018-06-20-54-commissie-ic931x
*** PASSED ***
INFO: Converting ParlaMint-BE_2018-06-20-54-commissie-ic931x
INFO: Validating level 1: ParlaMint-BE_2018-06-20-54-commissie-ic931x
*** PASSED ***
INFO: Validating level 2: ParlaMint-BE_2018-06-20-54-commissie-ic931x
*** PASSED ***
INFO: Converting ParlaMint-BE_2020-12-03-55-plenair-ip073x
INFO: Validating level 1: ParlaMint-BE_2020-12-03-55-plenair-ip073x
*** PASSED ***
INFO: Validating level 2: ParlaMint-BE_2020-12-03-55-plenair-ip073x
*** PASSED ***
INFO: Converting ParlaMint-BE_2020-12-03-55-plenair-ip073x
INFO: Validating level 1: ParlaMint-BE_2020-12-03-55-plenair-ip073x
*** PASSED ***
INFO: Validating level 2: ParlaMint-BE_2020-12-03-55-plenair-ip073x
*** PASSED ***
