INFO: Doing /home/project/corpora/Parla/ParlaMint/ParlaMint/Build/Sources-TSV/ParlaMint-IT
INFO: Transliteration
INFO: copying IT (nothing to transliterate)
INFO: No TSV metadata for Encoder orientations, skipping
INFO: Adding TSV metadata for CHES orientations
INFO: Adding TSV metadata for Wiki orientations
WARN: For IT AP-CpE-NCD no orientation in Wiki TSV
WARN: For IT CRi no orientation in Wiki TSV
WARN: For IT Misto no orientation in Wiki TSV
INFO: Transliteration
INFO: copying IT (nothing to transliterate)
INFO: No TSV metadata for Encoder ministers, skipping
INFO: No TSV metadata for Sex info, skipping
INFO: Doing /home/project/corpora/Parla/ParlaMint/ParlaMint/Build/Sources-TSV/ParlaMint-IT
INFO: Transliteration
INFO: copying IT (nothing to transliterate)
INFO: No TSV metadata for Encoder orientations, skipping
INFO: Adding TSV metadata for CHES orientations
INFO: Adding TSV metadata for Wiki orientations
WARN: For IT AP-CpE-NCD no orientation in Wiki TSV
WARN: For IT CRi no orientation in Wiki TSV
WARN: For IT Misto no orientation in Wiki TSV
INFO: Transliteration
INFO: copying IT (nothing to transliterate)
INFO: No TSV metadata for Encoder ministers, skipping
INFO: No TSV metadata for Sex info, skipping
