INFO: Doing /home/project/corpora/Parla/ParlaMint/ParlaMint/Build/Sources-TSV/ParlaMint-ES-PV
INFO: Transliteration
INFO: copying ES-PV (nothing to transliterate)
INFO: No TSV metadata for Encoder orientations, skipping
INFO: No TSV metadata for CHES orientations, skipping
INFO: Adding TSV metadata for Wiki orientations
INFO: Transliteration
INFO: copying ES-PV (nothing to transliterate)
INFO: Adding TSV metadata for Encoder ministers
WARN: Cant find government term with ID "Urkullu 1" in listOrg, inserting as note.
WARN: Cant find government term with ID "Urkullu 1" in listOrg, inserting as note.
WARN: Cant find government term with ID "Urkullu 1" in listOrg, inserting as note.
WARN: Cant find government term with ID "Urkullu 1" in listOrg, inserting as note.
WARN: Cant find government term with ID "Urkullu 1" in listOrg, inserting as note.
WARN: Cant find government term with ID "Urkullu 1" in listOrg, inserting as note.
WARN: Cant find government term with ID "Urkullu 1" in listOrg, inserting as note.
WARN: TSV person DarponJon not found in TEI corpus, skipping!
WARN: Cant find government term with ID "Urkullu 1" in listOrg, inserting as note.
WARN: Cant find government term with ID "Urkullu 2" in listOrg, inserting as note.
WARN: Cant find government term with ID "Urkullu 2" in listOrg, inserting as note.
WARN: Cant find government term with ID "Urkullu 2" in listOrg, inserting as note.
WARN: Cant find government term with ID "Urkullu 2" in listOrg, inserting as note.
WARN: TSV person DarponJon not found in TEI corpus, skipping!
WARN: Cant find government term with ID "Urkullu 2" in listOrg, inserting as note.
WARN: Cant find government term with ID "Urkullu 2" in listOrg, inserting as note.
WARN: Cant find government term with ID "Urkullu 2" in listOrg, inserting as note.
WARN: Cant find government term with ID "Urkullu 2" in listOrg, inserting as note.
WARN: Cant find government term with ID "Urkullu 2" in listOrg, inserting as note.
WARN: Cant find government term with ID "Urkullu 2" in listOrg, inserting as note.
WARN: Cant find government term with ID "Urkullu 2" in listOrg, inserting as note.
WARN: Cant find government term with ID "Urkullu 2" in listOrg, inserting as note.
WARN: Cant find government term with ID "Urkullu 3" in listOrg, inserting as note.
WARN: Cant find government term with ID "Urkullu 3" in listOrg, inserting as note.
WARN: Cant find government term with ID "Urkullu 3" in listOrg, inserting as note.
WARN: Cant find government term with ID "Urkullu 3" in listOrg, inserting as note.
WARN: Cant find government term with ID "Urkullu 3" in listOrg, inserting as note.
WARN: Cant find government term with ID "Urkullu 3" in listOrg, inserting as note.
WARN: Cant find government term with ID "Urkullu 3" in listOrg, inserting as note.
WARN: Cant find government term with ID "Urkullu 3" in listOrg, inserting as note.
WARN: Cant find government term with ID "Urkullu 3" in listOrg, inserting as note.
WARN: TSV person MelgosaNerea not found in TEI corpus, skipping!
WARN: Cant find government term with ID "Urkullu 3" in listOrg, inserting as note.
WARN: Cant find government term with ID "Urkullu 3" in listOrg, inserting as note.
INFO: Inserting affiliation member for ErkorekaGervasio from "2012-12-17" to "2016-11-28"
INFO: Inserting affiliation minister for ErkorekaGervasio from "2012-12-17" to "2016-11-28"
INFO: Inserting affiliation member for ErkorekaGervasio from "2016-11-29" to "2020-09-08"
INFO: Inserting affiliation minister for ErkorekaGervasio from "2016-11-29" to "2020-09-08"
INFO: Inserting affiliation member for ErkorekaGervasio from "2020-09-09" to ""
INFO: Inserting affiliation minister for ErkorekaGervasio from "2020-09-09" to ""
INFO: Inserting affiliation member for PérezEzquerra from "2019-03-02" to "2020-09-08"
INFO: Inserting affiliation minister for PérezEzquerra from "2019-03-02" to "2020-09-08"
INFO: Inserting affiliation member for SanJoséLópez from "2016-11-29" to "2020-09-08"
INFO: Inserting affiliation minister for SanJoséLópez from "2016-11-29" to "2020-09-08"
INFO: Inserting affiliation member for GatzagaetxebarriaBastida from "2012-12-17" to "2016-11-28"
INFO: Inserting affiliation minister for GatzagaetxebarriaBastida from "2012-12-17" to "2016-11-28"
INFO: Inserting affiliation member for ArriolaLópez from "2016-11-29" to "2020-09-08"
INFO: Inserting affiliation minister for ArriolaLópez from "2016-11-29" to "2020-09-08"
INFO: Inserting affiliation member for ArriolaLópez from "2020-09-09" to ""
INFO: Inserting affiliation minister for ArriolaLópez from "2020-09-09" to ""
INFO: Inserting affiliation member for BeltrándeHerediaArroniz from "2012-12-17" to "2016-11-28"
INFO: Inserting affiliation minister for BeltrándeHerediaArroniz from "2012-12-17" to "2016-11-28"
INFO: Inserting affiliation member for BeltrándeHerediaArroniz from "2016-11-29" to "2020-09-08"
INFO: Inserting affiliation minister for BeltrándeHerediaArroniz from "2016-11-29" to "2020-09-08"
INFO: Inserting affiliation member for OregiBastarrika from "2012-12-17" to "2016-11-28"
INFO: Inserting affiliation minister for OregiBastarrika from "2012-12-17" to "2016-11-28"
INFO: Inserting affiliation member for SagarduiGoikoetxea from "2020-09-09" to ""
INFO: Inserting affiliation minister for SagarduiGoikoetxea from "2020-09-09" to ""
INFO: Inserting affiliation member for MendiaCueva from "2020-09-09" to ""
INFO: Inserting affiliation minister for MendiaCueva from "2020-09-09" to ""
INFO: Inserting affiliation member for TapiaOtaegi from "2012-12-17" to "2016-11-28"
INFO: Inserting affiliation minister for TapiaOtaegi from "2012-12-17" to "2016-11-28"
INFO: Inserting affiliation member for TapiaOtaegi from "2016-11-29" to "2020-09-08"
INFO: Inserting affiliation minister for TapiaOtaegi from "2016-11-29" to "2020-09-08"
INFO: Inserting affiliation member for TapiaOtaegi from "2020-09-09" to ""
INFO: Inserting affiliation minister for TapiaOtaegi from "2020-09-09" to ""
INFO: Inserting affiliation member for GaramendiLanda from "2020-09-09" to ""
INFO: Inserting affiliation minister for GaramendiLanda from "2020-09-09" to ""
INFO: Inserting affiliation member for AzpiazuUriarte from "2016-11-29" to "2020-09-08"
INFO: Inserting affiliation minister for AzpiazuUriarte from "2016-11-29" to "2020-09-08"
INFO: Inserting affiliation member for AzpiazuUriarte from "2020-09-09" to ""
INFO: Inserting affiliation minister for AzpiazuUriarte from "2020-09-09" to ""
INFO: Inserting affiliation member for BildarratzSorron from "2020-09-09" to ""
INFO: Inserting affiliation minister for BildarratzSorron from "2020-09-09" to ""
INFO: Inserting affiliation member for ArtolazabalAlbeniz from "2016-11-29" to "2020-09-08"
INFO: Inserting affiliation minister for ArtolazabalAlbeniz from "2016-11-29" to "2020-09-08"
INFO: Inserting affiliation member for ArtolazabalAlbeniz from "2020-09-09" to "2023-02-14"
INFO: Inserting affiliation minister for ArtolazabalAlbeniz from "2020-09-09" to "2023-02-14"
INFO: Inserting affiliation member for ZupiriaGorostidi from "2016-11-29" to "2020-09-08"
INFO: Inserting affiliation minister for ZupiriaGorostidi from "2016-11-29" to "2020-09-08"
INFO: Inserting affiliation member for ZupiriaGorostidi from "2020-09-09" to ""
INFO: Inserting affiliation minister for ZupiriaGorostidi from "2020-09-09" to ""
INFO: Inserting affiliation member for HurtadoDomínguez from "2020-09-09" to ""
INFO: Inserting affiliation minister for HurtadoDomínguez from "2020-09-09" to ""
INFO: Inserting affiliation member for ToñaGuenaga from "2015-02-10" to "2016-11-28"
INFO: Inserting affiliation minister for ToñaGuenaga from "2015-02-10" to "2016-11-28"
INFO: Inserting affiliation member for UriarteToledo from "2012-12-17" to "2016-11-28"
INFO: Inserting affiliation minister for UriarteToledo from "2012-12-17" to "2016-11-28"
INFO: Inserting affiliation member for UriarteToledo from "2016-11-29" to "2020-09-08"
INFO: Inserting affiliation minister for UriarteToledo from "2016-11-29" to "2020-09-08"
INFO: Inserting affiliation member for AburtoRike from "2012-12-17" to "2015-02-09"
INFO: Inserting affiliation minister for AburtoRike from "2012-12-17" to "2015-02-09"
INFO: Inserting affiliation member for RetortilloPaniagua from "2016-11-29" to "2019-03-01"
INFO: Inserting affiliation minister for RetortilloPaniagua from "2016-11-29" to "2019-03-01"
INFO: Inserting affiliation member for MurgaEizagaechevarria from "2019-03-15" to "2020-09-08"
INFO: Inserting affiliation minister for MurgaEizagaechevarria from "2019-03-15" to "2020-09-08"
INFO: No TSV metadata for Sex info, skipping
INFO: Doing /home/project/corpora/Parla/ParlaMint/ParlaMint/Build/Sources-TSV/ParlaMint-ES-PV
INFO: Transliteration
INFO: copying ES-PV (nothing to transliterate)
INFO: No TSV metadata for Encoder orientations, skipping
INFO: No TSV metadata for CHES orientations, skipping
INFO: Adding TSV metadata for Wiki orientations
INFO: Transliteration
INFO: copying ES-PV (nothing to transliterate)
INFO: Adding TSV metadata for Encoder ministers
WARN: Cant find government term with ID "Urkullu 1" in listOrg, inserting as note.
WARN: Cant find government term with ID "Urkullu 1" in listOrg, inserting as note.
WARN: Cant find government term with ID "Urkullu 1" in listOrg, inserting as note.
WARN: Cant find government term with ID "Urkullu 1" in listOrg, inserting as note.
WARN: Cant find government term with ID "Urkullu 1" in listOrg, inserting as note.
WARN: Cant find government term with ID "Urkullu 1" in listOrg, inserting as note.
WARN: Cant find government term with ID "Urkullu 1" in listOrg, inserting as note.
WARN: TSV person DarponJon not found in TEI corpus, skipping!
WARN: Cant find government term with ID "Urkullu 1" in listOrg, inserting as note.
WARN: Cant find government term with ID "Urkullu 2" in listOrg, inserting as note.
WARN: Cant find government term with ID "Urkullu 2" in listOrg, inserting as note.
WARN: Cant find government term with ID "Urkullu 2" in listOrg, inserting as note.
WARN: Cant find government term with ID "Urkullu 2" in listOrg, inserting as note.
WARN: TSV person DarponJon not found in TEI corpus, skipping!
WARN: Cant find government term with ID "Urkullu 2" in listOrg, inserting as note.
WARN: Cant find government term with ID "Urkullu 2" in listOrg, inserting as note.
WARN: Cant find government term with ID "Urkullu 2" in listOrg, inserting as note.
WARN: Cant find government term with ID "Urkullu 2" in listOrg, inserting as note.
WARN: Cant find government term with ID "Urkullu 2" in listOrg, inserting as note.
WARN: Cant find government term with ID "Urkullu 2" in listOrg, inserting as note.
WARN: Cant find government term with ID "Urkullu 2" in listOrg, inserting as note.
WARN: Cant find government term with ID "Urkullu 2" in listOrg, inserting as note.
WARN: Cant find government term with ID "Urkullu 3" in listOrg, inserting as note.
WARN: Cant find government term with ID "Urkullu 3" in listOrg, inserting as note.
WARN: Cant find government term with ID "Urkullu 3" in listOrg, inserting as note.
WARN: Cant find government term with ID "Urkullu 3" in listOrg, inserting as note.
WARN: Cant find government term with ID "Urkullu 3" in listOrg, inserting as note.
WARN: Cant find government term with ID "Urkullu 3" in listOrg, inserting as note.
WARN: Cant find government term with ID "Urkullu 3" in listOrg, inserting as note.
WARN: Cant find government term with ID "Urkullu 3" in listOrg, inserting as note.
WARN: Cant find government term with ID "Urkullu 3" in listOrg, inserting as note.
WARN: TSV person MelgosaNerea not found in TEI corpus, skipping!
WARN: Cant find government term with ID "Urkullu 3" in listOrg, inserting as note.
WARN: Cant find government term with ID "Urkullu 3" in listOrg, inserting as note.
INFO: Inserting affiliation member for ErkorekaGervasio from "2012-12-17" to "2016-11-28"
INFO: Inserting affiliation minister for ErkorekaGervasio from "2012-12-17" to "2016-11-28"
INFO: Inserting affiliation member for ErkorekaGervasio from "2016-11-29" to "2020-09-08"
INFO: Inserting affiliation minister for ErkorekaGervasio from "2016-11-29" to "2020-09-08"
INFO: Inserting affiliation member for ErkorekaGervasio from "2020-09-09" to ""
INFO: Inserting affiliation minister for ErkorekaGervasio from "2020-09-09" to ""
INFO: Inserting affiliation member for PérezEzquerra from "2019-03-02" to "2020-09-08"
INFO: Inserting affiliation minister for PérezEzquerra from "2019-03-02" to "2020-09-08"
INFO: Inserting affiliation member for SanJoséLópez from "2016-11-29" to "2020-09-08"
INFO: Inserting affiliation minister for SanJoséLópez from "2016-11-29" to "2020-09-08"
INFO: Inserting affiliation member for GatzagaetxebarriaBastida from "2012-12-17" to "2016-11-28"
INFO: Inserting affiliation minister for GatzagaetxebarriaBastida from "2012-12-17" to "2016-11-28"
INFO: Inserting affiliation member for ArriolaLópez from "2016-11-29" to "2020-09-08"
INFO: Inserting affiliation minister for ArriolaLópez from "2016-11-29" to "2020-09-08"
INFO: Inserting affiliation member for ArriolaLópez from "2020-09-09" to ""
INFO: Inserting affiliation minister for ArriolaLópez from "2020-09-09" to ""
INFO: Inserting affiliation member for BeltrándeHerediaArroniz from "2012-12-17" to "2016-11-28"
INFO: Inserting affiliation minister for BeltrándeHerediaArroniz from "2012-12-17" to "2016-11-28"
INFO: Inserting affiliation member for BeltrándeHerediaArroniz from "2016-11-29" to "2020-09-08"
INFO: Inserting affiliation minister for BeltrándeHerediaArroniz from "2016-11-29" to "2020-09-08"
INFO: Inserting affiliation member for OregiBastarrika from "2012-12-17" to "2016-11-28"
INFO: Inserting affiliation minister for OregiBastarrika from "2012-12-17" to "2016-11-28"
INFO: Inserting affiliation member for SagarduiGoikoetxea from "2020-09-09" to ""
INFO: Inserting affiliation minister for SagarduiGoikoetxea from "2020-09-09" to ""
INFO: Inserting affiliation member for MendiaCueva from "2020-09-09" to ""
INFO: Inserting affiliation minister for MendiaCueva from "2020-09-09" to ""
INFO: Inserting affiliation member for TapiaOtaegi from "2012-12-17" to "2016-11-28"
INFO: Inserting affiliation minister for TapiaOtaegi from "2012-12-17" to "2016-11-28"
INFO: Inserting affiliation member for TapiaOtaegi from "2016-11-29" to "2020-09-08"
INFO: Inserting affiliation minister for TapiaOtaegi from "2016-11-29" to "2020-09-08"
INFO: Inserting affiliation member for TapiaOtaegi from "2020-09-09" to ""
INFO: Inserting affiliation minister for TapiaOtaegi from "2020-09-09" to ""
INFO: Inserting affiliation member for GaramendiLanda from "2020-09-09" to ""
INFO: Inserting affiliation minister for GaramendiLanda from "2020-09-09" to ""
INFO: Inserting affiliation member for AzpiazuUriarte from "2016-11-29" to "2020-09-08"
INFO: Inserting affiliation minister for AzpiazuUriarte from "2016-11-29" to "2020-09-08"
INFO: Inserting affiliation member for AzpiazuUriarte from "2020-09-09" to ""
INFO: Inserting affiliation minister for AzpiazuUriarte from "2020-09-09" to ""
INFO: Inserting affiliation member for BildarratzSorron from "2020-09-09" to ""
INFO: Inserting affiliation minister for BildarratzSorron from "2020-09-09" to ""
INFO: Inserting affiliation member for ArtolazabalAlbeniz from "2016-11-29" to "2020-09-08"
INFO: Inserting affiliation minister for ArtolazabalAlbeniz from "2016-11-29" to "2020-09-08"
INFO: Inserting affiliation member for ArtolazabalAlbeniz from "2020-09-09" to "2023-02-14"
INFO: Inserting affiliation minister for ArtolazabalAlbeniz from "2020-09-09" to "2023-02-14"
INFO: Inserting affiliation member for ZupiriaGorostidi from "2016-11-29" to "2020-09-08"
INFO: Inserting affiliation minister for ZupiriaGorostidi from "2016-11-29" to "2020-09-08"
INFO: Inserting affiliation member for ZupiriaGorostidi from "2020-09-09" to ""
INFO: Inserting affiliation minister for ZupiriaGorostidi from "2020-09-09" to ""
INFO: Inserting affiliation member for HurtadoDomínguez from "2020-09-09" to ""
INFO: Inserting affiliation minister for HurtadoDomínguez from "2020-09-09" to ""
INFO: Inserting affiliation member for ToñaGuenaga from "2015-02-10" to "2016-11-28"
INFO: Inserting affiliation minister for ToñaGuenaga from "2015-02-10" to "2016-11-28"
INFO: Inserting affiliation member for UriarteToledo from "2012-12-17" to "2016-11-28"
INFO: Inserting affiliation minister for UriarteToledo from "2012-12-17" to "2016-11-28"
INFO: Inserting affiliation member for UriarteToledo from "2016-11-29" to "2020-09-08"
INFO: Inserting affiliation minister for UriarteToledo from "2016-11-29" to "2020-09-08"
INFO: Inserting affiliation member for AburtoRike from "2012-12-17" to "2015-02-09"
INFO: Inserting affiliation minister for AburtoRike from "2012-12-17" to "2015-02-09"
INFO: Inserting affiliation member for RetortilloPaniagua from "2016-11-29" to "2019-03-01"
INFO: Inserting affiliation minister for RetortilloPaniagua from "2016-11-29" to "2019-03-01"
INFO: Inserting affiliation member for MurgaEizagaechevarria from "2019-03-15" to "2020-09-08"
INFO: Inserting affiliation minister for MurgaEizagaechevarria from "2019-03-15" to "2020-09-08"
INFO: No TSV metadata for Sex info, skipping
