INFO: Doing /home/project/corpora/Parla/ParlaMint/ParlaMint/Build/Sources-TSV/ParlaMint-PL
INFO: Transliteration
INFO: copying PL (nothing to transliterate)
INFO: No TSV metadata for Encoder orientations, skipping
INFO: Adding TSV metadata for CHES orientations
INFO: Adding TSV metadata for Wiki orientations
WARN: For PL KO no orientation in Wiki TSV
WARN: For PL Niezrzeszeni no orientation in Wiki TSV
WARN: For PL PrzywrócićPrawo no orientation in Wiki TSV
INFO: Transliteration
INFO: copying PL (nothing to transliterate)
INFO: Adding TSV metadata for Encoder ministers
WARN: TSV person MałgorzataOmilanowska not found in TEI corpus, skipping!
WARN: Cant find government term with ID "17/18/19th government" in listOrg, inserting as note.
WARN: Cant find government term with ID "17/18th government" in listOrg, inserting as note.
WARN: Cant find government term with ID "19th government" in listOrg, inserting as note.
WARN: TSV person LenaKolarskaBobinska not found in TEI corpus, skipping!
WARN: Cant find government term with ID "17/18/19th government" in listOrg, inserting as note.
WARN: Cant find government term with ID "19th government" in listOrg, inserting as note.
WARN: Cant find government term with ID "19th government" in listOrg, inserting as note.
WARN: Cant find government term with ID "15/16/17th government" in listOrg, inserting as note.
WARN: Cant find government term with ID "17/18th government" in listOrg, inserting as note.
WARN: Cant find government term with ID "18/19th government" in listOrg, inserting as note.
WARN: Cant find government term with ID "16/17th government" in listOrg, inserting as note.
WARN: Cant find government term with ID "17/18th government" in listOrg, inserting as note.
WARN: Cant find government term with ID "18/19th government" in listOrg, inserting as note.
WARN: Cant find government term with ID "19th government" in listOrg, inserting as note.
WARN: Cant find government term with ID "17/18th government" in listOrg, inserting as note.
WARN: Cant find government term with ID "18th government" in listOrg, inserting as note.
WARN: Cant find government term with ID "18th government" in listOrg, inserting as note.
WARN: Cant find government term with ID "18/19th government" in listOrg, inserting as note.
WARN: Cant find government term with ID "16/17th government" in listOrg, inserting as note.
WARN: Cant find government term with ID "17th government" in listOrg, inserting as note.
WARN: Cant find government term with ID "17th government" in listOrg, inserting as note.
WARN: Cant find government term with ID "17/18/19th government" in listOrg, inserting as note.
WARN: TSV person MateuszSzczurek not found in TEI corpus, skipping!
WARN: Cant find government term with ID "17th government" in listOrg, inserting as note.
WARN: Cant find government term with ID "17/18th government" in listOrg, inserting as note.
WARN: Cant find government term with ID "18th government" in listOrg, inserting as note.
WARN: Cant find government term with ID "18th government" in listOrg, inserting as note.
WARN: Cant find government term with ID "18th government" in listOrg, inserting as note.
WARN: Cant find government term with ID "18th government" in listOrg, inserting as note.
WARN: Cant find government term with ID "19th government" in listOrg, inserting as note.
WARN: Cant find government term with ID "19th government" in listOrg, inserting as note.
WARN: Cant find government term with ID "17th government" in listOrg, inserting as note.
WARN: Cant find government term with ID "17/18th government" in listOrg, inserting as note.
WARN: Cant find government term with ID "18th government" in listOrg, inserting as note.
WARN: Cant find government term with ID "18/19th government" in listOrg, inserting as note.
WARN: Cant find government term with ID "17/18/19th government" in listOrg, inserting as note.
WARN: Cant find government term with ID "16/17th government" in listOrg, inserting as note.
WARN: Cant find government term with ID "17/18th government" in listOrg, inserting as note.
WARN: Cant find government term with ID "18th government" in listOrg, inserting as note.
WARN: Cant find government term with ID "18/19th government" in listOrg, inserting as note.
WARN: TSV person MariaWasiak not found in TEI corpus, skipping!
WARN: Cant find government term with ID "17/18th government" in listOrg, inserting as note.
WARN: Cant find government term with ID "18/19th government" in listOrg, inserting as note.
WARN: Cant find government term with ID "17/18th government" in listOrg, inserting as note.
WARN: Cant find government term with ID "18th government" in listOrg, inserting as note.
WARN: Cant find government term with ID "19th government" in listOrg, inserting as note.
WARN: Cant find government term with ID "17/18th government" in listOrg, inserting as note.
WARN: Cant find government term with ID "18th government" in listOrg, inserting as note.
WARN: Cant find government term with ID "19th government" in listOrg, inserting as note.
WARN: Cant find government term with ID "16/17th government" in listOrg, inserting as note.
WARN: Cant find government term with ID "17/18th government" in listOrg, inserting as note.
WARN: Cant find government term with ID "18/19th government" in listOrg, inserting as note.
WARN: Cant find government term with ID "19th government" in listOrg, inserting as note.
WARN: Cant find government term with ID "19th government" in listOrg, inserting as note.
WARN: TSV person AndrzejBiernat not found in TEI corpus, skipping!
WARN: Cant find government term with ID "17th government" in listOrg, inserting as note.
WARN: Cant find government term with ID "17/18th government" in listOrg, inserting as note.
WARN: Cant find government term with ID "18/19th government" in listOrg, inserting as note.
WARN: Cant find government term with ID "19th government" in listOrg, inserting as note.
WARN: Cant find government term with ID "19th government" in listOrg, inserting as note.
WARN: Cant find government term with ID "19th government" in listOrg, inserting as note.
WARN: Cant find government term with ID "… to 16th government" in listOrg, inserting as note.
WARN: Cant find government term with ID "16/17th government" in listOrg, inserting as note.
WARN: Cant find government term with ID "17/18th government" in listOrg, inserting as note.
WARN: Cant find government term with ID "18/19th government" in listOrg, inserting as note.
WARN: Cant find government term with ID "19th government" in listOrg, inserting as note.
WARN: Cant find government term with ID "17/18/19th government" in listOrg, inserting as note.
WARN: Cant find government term with ID "18th government" in listOrg, inserting as note.
INFO: Inserting affiliation member for AdamKorol from "2015-06-16" to "2015-11-16"
INFO: Inserting affiliation minister for AdamKorol from "2015-06-16" to "2015-11-16"
INFO: Inserting affiliation member for AdamNiedzielski from "2020-08-26" to ""
INFO: Inserting affiliation minister for AdamNiedzielski from "2020-08-26" to ""
INFO: Inserting affiliation member for AndrzejAdamczyk from "2015-11-17" to "2018-01-09"
INFO: Inserting affiliation minister for AndrzejAdamczyk from "2015-11-17" to "2018-01-09"
INFO: Inserting affiliation member for AndrzejAdamczyk from "2018-01-10" to ""
INFO: Inserting affiliation minister for AndrzejAdamczyk from "2018-01-10" to ""
INFO: Inserting affiliation member for AnnaStreżyńska from "2015-11-16" to "2018-01-09"
INFO: Inserting affiliation minister for AnnaStreżyńska from "2015-11-16" to "2018-01-09"
INFO: Inserting affiliation member for AnnaZalewska from "2015-11-17" to "2019-06-04"
INFO: Inserting affiliation minister for AnnaZalewska from "2015-11-17" to "2019-06-04"
INFO: Inserting affiliation member for AntoniMacierewicz from "2015-11-16" to "2018-01-09"
INFO: Inserting affiliation minister for AntoniMacierewicz from "2015-11-16" to "2018-01-09"
INFO: Inserting affiliation member for BartoszArłukowicz from "2011-11-18" to "2015-06-10"
INFO: Inserting affiliation minister for BartoszArłukowicz from "2011-11-18" to "2015-06-10"
INFO: Inserting affiliation member for BorysBudka from "2015-05-05" to "2015-11-16"
INFO: Inserting affiliation minister for BorysBudka from "2015-05-05" to "2015-11-16"
INFO: Inserting affiliation member for BożenaBorysSzopa from "2019-06-05" to "2019-11-15"
INFO: Inserting affiliation minister for BożenaBorysSzopa from "2019-06-05" to "2019-11-15"
INFO: Inserting affiliation member for CezaryGrabarczyk from "2014-09-22" to "2015-04-30"
INFO: Inserting affiliation minister for CezaryGrabarczyk from "2014-09-22" to "2015-04-30"
INFO: Inserting affiliation member for DanutaDmowskaAndrzejuk from "2019-12-06" to "2020-10-06"
INFO: Inserting affiliation minister for DanutaDmowskaAndrzejuk from "2019-12-06" to "2020-10-06"
INFO: Inserting affiliation member for DariuszPiontkowski from "2019-06-05" to "2020-10-19"
INFO: Inserting affiliation minister for DariuszPiontkowski from "2019-06-05" to "2020-10-19"
INFO: Inserting affiliation member for DawidJackiewicz from "2015-11-16" to "2018-01-09"
INFO: Inserting affiliation minister for DawidJackiewicz from "2015-11-16" to "2018-01-09"
INFO: Inserting affiliation member for ElżbietaRafalska from "2015-11-16" to "2019-06-04"
INFO: Inserting affiliation minister for ElżbietaRafalska from "2015-11-16" to "2019-06-04"
INFO: Inserting affiliation member for ElżbietaWitek from "2019-06-04" to "2019-08-09"
INFO: Inserting affiliation minister for ElżbietaWitek from "2019-06-04" to "2019-08-09"
INFO: Inserting affiliation member for EwaKopacz from "2015-05-01" to "2015-05-04"
INFO: Inserting affiliation minister for EwaKopacz from "2015-05-01" to "2015-05-04"
INFO: Inserting affiliation member for GrzegorzPuda from "2020-10-07" to "2021-10-26"
INFO: Inserting affiliation minister for GrzegorzPuda from "2020-10-07" to "2021-10-26"
INFO: Inserting affiliation member for GrzegorzSchetyna from "2014-09-11" to "2015-11-16"
INFO: Inserting affiliation minister for GrzegorzSchetyna from "2014-09-11" to "2015-11-16"
INFO: Inserting affiliation member for HenrykKowalczyk from "2018-01-10" to "2019-11-15"
INFO: Inserting affiliation minister for HenrykKowalczyk from "2018-01-10" to "2019-11-15"
INFO: Inserting affiliation member for HenrykKowalczyk from "2021-10-27" to ""
INFO: Inserting affiliation minister for HenrykKowalczyk from "2021-10-27" to ""
INFO: Inserting affiliation member for JacekCzaputowicz from "2018-01-09" to "2020-08-20"
INFO: Inserting affiliation minister for JacekCzaputowicz from "2018-01-09" to "2020-08-20"
INFO: Inserting affiliation member for JadwigaEmilewicz from "2019-11-15" to ""
INFO: Inserting affiliation minister for JadwigaEmilewicz from "2019-11-15" to ""
INFO: Inserting affiliation member for JadwigaEmilewicz from "2018-01-12" to "2019-11-15"
INFO: Inserting affiliation minister for JadwigaEmilewicz from "2018-01-12" to "2019-11-15"
INFO: Inserting affiliation member for JanArdanowski from "2018-06-20" to "2020-10-06"
INFO: Inserting affiliation minister for JanArdanowski from "2018-06-20" to "2020-10-06"
INFO: Inserting affiliation member for JanSzyszko from "2015-11-16" to "2018-01-09"
INFO: Inserting affiliation minister for JanSzyszko from "2015-11-16" to "2018-01-09"
INFO: Inserting affiliation member for JarosławGowin from "2015-11-17" to "2020-04-09"
INFO: Inserting affiliation minister for JarosławGowin from "2015-11-17" to "2020-04-09"
INFO: Inserting affiliation member for JerzyKwieciński from "2019-09-21" to "2019-11-15"
INFO: Inserting affiliation minister for JerzyKwieciński from "2019-09-21" to "2019-11-15"
INFO: Inserting affiliation member for JoachimBrudziński from "2018-01-10" to "2019-06-04"
INFO: Inserting affiliation minister for JoachimBrudziński from "2018-01-10" to "2019-06-04"
INFO: Inserting affiliation member for JoannaKluzikRostkowska from "2013-11-27" to "2015-11-16"
INFO: Inserting affiliation minister for JoannaKluzikRostkowska from "2013-11-27" to "2015-11-16"
INFO: Inserting affiliation member for KamilBortniczuk from "2021-10-27" to ""
INFO: Inserting affiliation minister for KamilBortniczuk from "2021-10-27" to ""
INFO: Inserting affiliation member for KonstantyRadziwiłł from "2015-11-17" to "2018-01-09"
INFO: Inserting affiliation minister for KonstantyRadziwiłł from "2015-11-17" to "2018-01-09"
INFO: Inserting affiliation member for KrzysztofJurgiel from "2015-11-17" to "2018-06-19"
INFO: Inserting affiliation minister for KrzysztofJurgiel from "2015-11-17" to "2018-06-19"
INFO: Inserting affiliation member for KrzysztofTchórzewski from "2015-12-01" to "2019-11-15"
INFO: Inserting affiliation minister for KrzysztofTchórzewski from "2015-12-01" to "2019-11-15"
INFO: Inserting affiliation member for MarekGróbarczyk from "2016-11-15" to "2020-10-06"
INFO: Inserting affiliation minister for MarekGróbarczyk from "2016-11-15" to "2020-10-06"
INFO: Inserting affiliation member for MarekSawicki from "2014-03-17" to "2015-11-16"
INFO: Inserting affiliation minister for MarekSawicki from "2014-03-17" to "2015-11-16"
INFO: Inserting affiliation member for MarekZagórski from "2018-04-18" to "2020-10-07"
INFO: Inserting affiliation minister for MarekZagórski from "2018-04-18" to "2020-10-07"
INFO: Inserting affiliation member for MarianBanaś from "2019-06-05" to "2019-08-30"
INFO: Inserting affiliation minister for MarianBanaś from "2019-06-05" to "2019-08-30"
INFO: Inserting affiliation member for MarianZembala from "2015-06-11" to "2015-11-16"
INFO: Inserting affiliation minister for MarianZembala from "2015-06-11" to "2015-11-16"
INFO: Inserting affiliation member for MariuszBłaszczak from "2018-01-10" to ""
INFO: Inserting affiliation minister for MariuszBłaszczak from "2018-01-10" to ""
INFO: Inserting affiliation member for MariuszBłaszczak from "2015-11-16" to "2018-01-09"
INFO: Inserting affiliation minister for MariuszBłaszczak from "2015-11-16" to "2018-01-09"
INFO: Inserting affiliation member for MariuszKamiński from "2019-08-14" to ""
INFO: Inserting affiliation minister for MariuszKamiński from "2019-08-14" to ""
INFO: Inserting affiliation member for MarlenaMaląg from "2019-11-16" to ""
INFO: Inserting affiliation minister for MarlenaMaląg from "2019-11-16" to ""
INFO: Inserting affiliation member for MateuszMorawiecki from "2015-11-16" to "2018-01-09"
INFO: Inserting affiliation minister for MateuszMorawiecki from "2015-11-16" to "2018-01-09"
INFO: Inserting affiliation member for MateuszMorawiecki from "2016-09-29" to "2018-01-09"
INFO: Inserting affiliation minister for MateuszMorawiecki from "2016-09-29" to "2018-01-09"
INFO: Inserting affiliation member for MateuszMorawiecki from "2019-08-31" to "2019-09-20"
INFO: Inserting affiliation minister for MateuszMorawiecki from "2019-08-31" to "2019-09-20"
INFO: Inserting affiliation member for MateuszMorawiecki from "2022-02-10" to ""
INFO: Inserting affiliation minister for MateuszMorawiecki from "2022-02-10" to ""
INFO: Inserting affiliation member for MateuszMorawiecki from "2018-01-10" to "2018-04-17"
INFO: Inserting affiliation minister for MateuszMorawiecki from "2018-01-10" to "2018-04-17"
INFO: Inserting affiliation member for MateuszMorawiecki from "2019-11-16" to "2019-12-05"
INFO: Inserting affiliation minister for MateuszMorawiecki from "2019-11-16" to "2019-12-05"
INFO: Inserting affiliation member for MichałKurtyka from "2019-11-16" to ""
INFO: Inserting affiliation minister for MichałKurtyka from "2019-11-16" to ""
INFO: Inserting affiliation member for PawełSzałamacha from "2015-11-17" to "2016-09-28"
INFO: Inserting affiliation minister for PawełSzałamacha from "2015-11-17" to "2016-09-28"
INFO: Inserting affiliation member for PiotrGliński from "2015-11-17" to ""
INFO: Inserting affiliation minister for PiotrGliński from "2015-11-17" to ""
INFO: Inserting affiliation member for PiotrGliński from "2020-10-07" to "2021-10-26"
INFO: Inserting affiliation minister for PiotrGliński from "2020-10-07" to "2021-10-26"
INFO: Inserting affiliation member for PrzemysławCzarnek from "2020-10-20" to ""
INFO: Inserting affiliation minister for PrzemysławCzarnek from "2020-10-20" to ""
INFO: Inserting affiliation member for PrzemysławCzarnek from "2020-10-20" to "2021-01-01"
INFO: Inserting affiliation minister for PrzemysławCzarnek from "2020-10-20" to "2021-01-01"
INFO: Inserting affiliation member for TadeuszKościński from "2019-11-16" to "2022-02-09"
INFO: Inserting affiliation minister for TadeuszKościński from "2019-11-16" to "2022-02-09"
INFO: Inserting affiliation member for TeresaCzerwińska from "2018-01-10" to "2019-06-04"
INFO: Inserting affiliation minister for TeresaCzerwińska from "2018-01-10" to "2019-06-04"
INFO: Inserting affiliation member for TomaszSiemoniak from "2011-02-08" to "2015-11-12"
INFO: Inserting affiliation minister for TomaszSiemoniak from "2011-02-08" to "2015-11-12"
INFO: Inserting affiliation member for WitoldBańka from "2015-11-17" to "2019-11-15"
INFO: Inserting affiliation minister for WitoldBańka from "2015-11-17" to "2019-11-15"
INFO: Inserting affiliation member for WitoldWaszczykowski from "2015-11-17" to "2018-01-09"
INFO: Inserting affiliation minister for WitoldWaszczykowski from "2015-11-17" to "2018-01-09"
INFO: Inserting affiliation member for WojciechMurdzek from "2020-04-16" to "2020-10-19"
INFO: Inserting affiliation minister for WojciechMurdzek from "2020-04-16" to "2020-10-19"
INFO: Inserting affiliation member for ZbigniewRau from "2020-08-21" to ""
INFO: Inserting affiliation minister for ZbigniewRau from "2020-08-21" to ""
INFO: Inserting affiliation member for ZbigniewZiobro from "2015-11-17" to ""
INFO: Inserting affiliation minister for ZbigniewZiobro from "2015-11-17" to ""
INFO: Inserting affiliation member for ŁukaszSzumowski from "2018-01-10" to "2020-08-20"
INFO: Inserting affiliation minister for ŁukaszSzumowski from "2018-01-10" to "2020-08-20"
INFO: No TSV metadata for Sex info, skipping
INFO: Doing /home/project/corpora/Parla/ParlaMint/ParlaMint/Build/Sources-TSV/ParlaMint-PL
INFO: Transliteration
INFO: copying PL (nothing to transliterate)
INFO: No TSV metadata for Encoder orientations, skipping
INFO: Adding TSV metadata for CHES orientations
INFO: Adding TSV metadata for Wiki orientations
WARN: For PL KO no orientation in Wiki TSV
WARN: For PL Niezrzeszeni no orientation in Wiki TSV
WARN: For PL PrzywrócićPrawo no orientation in Wiki TSV
INFO: Transliteration
INFO: copying PL (nothing to transliterate)
INFO: Adding TSV metadata for Encoder ministers
WARN: TSV person MałgorzataOmilanowska not found in TEI corpus, skipping!
WARN: Cant find government term with ID "17/18/19th government" in listOrg, inserting as note.
WARN: Cant find government term with ID "17/18th government" in listOrg, inserting as note.
WARN: Cant find government term with ID "19th government" in listOrg, inserting as note.
WARN: TSV person LenaKolarskaBobinska not found in TEI corpus, skipping!
WARN: Cant find government term with ID "17/18/19th government" in listOrg, inserting as note.
WARN: Cant find government term with ID "19th government" in listOrg, inserting as note.
WARN: Cant find government term with ID "19th government" in listOrg, inserting as note.
WARN: Cant find government term with ID "15/16/17th government" in listOrg, inserting as note.
WARN: Cant find government term with ID "17/18th government" in listOrg, inserting as note.
WARN: Cant find government term with ID "18/19th government" in listOrg, inserting as note.
WARN: Cant find government term with ID "16/17th government" in listOrg, inserting as note.
WARN: Cant find government term with ID "17/18th government" in listOrg, inserting as note.
WARN: Cant find government term with ID "18/19th government" in listOrg, inserting as note.
WARN: Cant find government term with ID "19th government" in listOrg, inserting as note.
WARN: Cant find government term with ID "17/18th government" in listOrg, inserting as note.
WARN: Cant find government term with ID "18th government" in listOrg, inserting as note.
WARN: Cant find government term with ID "18th government" in listOrg, inserting as note.
WARN: Cant find government term with ID "18/19th government" in listOrg, inserting as note.
WARN: Cant find government term with ID "16/17th government" in listOrg, inserting as note.
WARN: Cant find government term with ID "17th government" in listOrg, inserting as note.
WARN: Cant find government term with ID "17th government" in listOrg, inserting as note.
WARN: Cant find government term with ID "17/18/19th government" in listOrg, inserting as note.
WARN: TSV person MateuszSzczurek not found in TEI corpus, skipping!
WARN: Cant find government term with ID "17th government" in listOrg, inserting as note.
WARN: Cant find government term with ID "17/18th government" in listOrg, inserting as note.
WARN: Cant find government term with ID "18th government" in listOrg, inserting as note.
WARN: Cant find government term with ID "18th government" in listOrg, inserting as note.
WARN: Cant find government term with ID "18th government" in listOrg, inserting as note.
WARN: Cant find government term with ID "18th government" in listOrg, inserting as note.
WARN: Cant find government term with ID "19th government" in listOrg, inserting as note.
WARN: Cant find government term with ID "19th government" in listOrg, inserting as note.
WARN: Cant find government term with ID "17th government" in listOrg, inserting as note.
WARN: Cant find government term with ID "17/18th government" in listOrg, inserting as note.
WARN: Cant find government term with ID "18th government" in listOrg, inserting as note.
WARN: Cant find government term with ID "18/19th government" in listOrg, inserting as note.
WARN: Cant find government term with ID "17/18/19th government" in listOrg, inserting as note.
WARN: Cant find government term with ID "16/17th government" in listOrg, inserting as note.
WARN: Cant find government term with ID "17/18th government" in listOrg, inserting as note.
WARN: Cant find government term with ID "18th government" in listOrg, inserting as note.
WARN: Cant find government term with ID "18/19th government" in listOrg, inserting as note.
WARN: TSV person MariaWasiak not found in TEI corpus, skipping!
WARN: Cant find government term with ID "17/18th government" in listOrg, inserting as note.
WARN: Cant find government term with ID "18/19th government" in listOrg, inserting as note.
WARN: Cant find government term with ID "17/18th government" in listOrg, inserting as note.
WARN: Cant find government term with ID "18th government" in listOrg, inserting as note.
WARN: Cant find government term with ID "19th government" in listOrg, inserting as note.
WARN: Cant find government term with ID "17/18th government" in listOrg, inserting as note.
WARN: Cant find government term with ID "18th government" in listOrg, inserting as note.
WARN: Cant find government term with ID "19th government" in listOrg, inserting as note.
WARN: Cant find government term with ID "16/17th government" in listOrg, inserting as note.
WARN: Cant find government term with ID "17/18th government" in listOrg, inserting as note.
WARN: Cant find government term with ID "18/19th government" in listOrg, inserting as note.
WARN: Cant find government term with ID "19th government" in listOrg, inserting as note.
WARN: Cant find government term with ID "19th government" in listOrg, inserting as note.
WARN: TSV person AndrzejBiernat not found in TEI corpus, skipping!
WARN: Cant find government term with ID "17th government" in listOrg, inserting as note.
WARN: Cant find government term with ID "17/18th government" in listOrg, inserting as note.
WARN: Cant find government term with ID "18/19th government" in listOrg, inserting as note.
WARN: Cant find government term with ID "19th government" in listOrg, inserting as note.
WARN: Cant find government term with ID "19th government" in listOrg, inserting as note.
WARN: Cant find government term with ID "19th government" in listOrg, inserting as note.
WARN: Cant find government term with ID "… to 16th government" in listOrg, inserting as note.
WARN: Cant find government term with ID "16/17th government" in listOrg, inserting as note.
WARN: Cant find government term with ID "17/18th government" in listOrg, inserting as note.
WARN: Cant find government term with ID "18/19th government" in listOrg, inserting as note.
WARN: Cant find government term with ID "19th government" in listOrg, inserting as note.
WARN: Cant find government term with ID "17/18/19th government" in listOrg, inserting as note.
WARN: Cant find government term with ID "18th government" in listOrg, inserting as note.
INFO: Inserting affiliation member for AdamKorol from "2015-06-16" to "2015-11-16"
INFO: Inserting affiliation minister for AdamKorol from "2015-06-16" to "2015-11-16"
INFO: Inserting affiliation member for AdamNiedzielski from "2020-08-26" to ""
INFO: Inserting affiliation minister for AdamNiedzielski from "2020-08-26" to ""
INFO: Inserting affiliation member for AndrzejAdamczyk from "2015-11-17" to "2018-01-09"
INFO: Inserting affiliation minister for AndrzejAdamczyk from "2015-11-17" to "2018-01-09"
INFO: Inserting affiliation member for AndrzejAdamczyk from "2018-01-10" to ""
INFO: Inserting affiliation minister for AndrzejAdamczyk from "2018-01-10" to ""
INFO: Inserting affiliation member for AnnaStreżyńska from "2015-11-16" to "2018-01-09"
INFO: Inserting affiliation minister for AnnaStreżyńska from "2015-11-16" to "2018-01-09"
INFO: Inserting affiliation member for AnnaZalewska from "2015-11-17" to "2019-06-04"
INFO: Inserting affiliation minister for AnnaZalewska from "2015-11-17" to "2019-06-04"
INFO: Inserting affiliation member for AntoniMacierewicz from "2015-11-16" to "2018-01-09"
INFO: Inserting affiliation minister for AntoniMacierewicz from "2015-11-16" to "2018-01-09"
INFO: Inserting affiliation member for BartoszArłukowicz from "2011-11-18" to "2015-06-10"
INFO: Inserting affiliation minister for BartoszArłukowicz from "2011-11-18" to "2015-06-10"
INFO: Inserting affiliation member for BorysBudka from "2015-05-05" to "2015-11-16"
INFO: Inserting affiliation minister for BorysBudka from "2015-05-05" to "2015-11-16"
INFO: Inserting affiliation member for BożenaBorysSzopa from "2019-06-05" to "2019-11-15"
INFO: Inserting affiliation minister for BożenaBorysSzopa from "2019-06-05" to "2019-11-15"
INFO: Inserting affiliation member for CezaryGrabarczyk from "2014-09-22" to "2015-04-30"
INFO: Inserting affiliation minister for CezaryGrabarczyk from "2014-09-22" to "2015-04-30"
INFO: Inserting affiliation member for DanutaDmowskaAndrzejuk from "2019-12-06" to "2020-10-06"
INFO: Inserting affiliation minister for DanutaDmowskaAndrzejuk from "2019-12-06" to "2020-10-06"
INFO: Inserting affiliation member for DariuszPiontkowski from "2019-06-05" to "2020-10-19"
INFO: Inserting affiliation minister for DariuszPiontkowski from "2019-06-05" to "2020-10-19"
INFO: Inserting affiliation member for DawidJackiewicz from "2015-11-16" to "2018-01-09"
INFO: Inserting affiliation minister for DawidJackiewicz from "2015-11-16" to "2018-01-09"
INFO: Inserting affiliation member for ElżbietaRafalska from "2015-11-16" to "2019-06-04"
INFO: Inserting affiliation minister for ElżbietaRafalska from "2015-11-16" to "2019-06-04"
INFO: Inserting affiliation member for ElżbietaWitek from "2019-06-04" to "2019-08-09"
INFO: Inserting affiliation minister for ElżbietaWitek from "2019-06-04" to "2019-08-09"
INFO: Inserting affiliation member for EwaKopacz from "2015-05-01" to "2015-05-04"
INFO: Inserting affiliation minister for EwaKopacz from "2015-05-01" to "2015-05-04"
INFO: Inserting affiliation member for GrzegorzPuda from "2020-10-07" to "2021-10-26"
INFO: Inserting affiliation minister for GrzegorzPuda from "2020-10-07" to "2021-10-26"
INFO: Inserting affiliation member for GrzegorzSchetyna from "2014-09-11" to "2015-11-16"
INFO: Inserting affiliation minister for GrzegorzSchetyna from "2014-09-11" to "2015-11-16"
INFO: Inserting affiliation member for HenrykKowalczyk from "2018-01-10" to "2019-11-15"
INFO: Inserting affiliation minister for HenrykKowalczyk from "2018-01-10" to "2019-11-15"
INFO: Inserting affiliation member for HenrykKowalczyk from "2021-10-27" to ""
INFO: Inserting affiliation minister for HenrykKowalczyk from "2021-10-27" to ""
INFO: Inserting affiliation member for JacekCzaputowicz from "2018-01-09" to "2020-08-20"
INFO: Inserting affiliation minister for JacekCzaputowicz from "2018-01-09" to "2020-08-20"
INFO: Inserting affiliation member for JadwigaEmilewicz from "2019-11-15" to ""
INFO: Inserting affiliation minister for JadwigaEmilewicz from "2019-11-15" to ""
INFO: Inserting affiliation member for JadwigaEmilewicz from "2018-01-12" to "2019-11-15"
INFO: Inserting affiliation minister for JadwigaEmilewicz from "2018-01-12" to "2019-11-15"
INFO: Inserting affiliation member for JanArdanowski from "2018-06-20" to "2020-10-06"
INFO: Inserting affiliation minister for JanArdanowski from "2018-06-20" to "2020-10-06"
INFO: Inserting affiliation member for JanSzyszko from "2015-11-16" to "2018-01-09"
INFO: Inserting affiliation minister for JanSzyszko from "2015-11-16" to "2018-01-09"
INFO: Inserting affiliation member for JarosławGowin from "2015-11-17" to "2020-04-09"
INFO: Inserting affiliation minister for JarosławGowin from "2015-11-17" to "2020-04-09"
INFO: Inserting affiliation member for JerzyKwieciński from "2019-09-21" to "2019-11-15"
INFO: Inserting affiliation minister for JerzyKwieciński from "2019-09-21" to "2019-11-15"
INFO: Inserting affiliation member for JoachimBrudziński from "2018-01-10" to "2019-06-04"
INFO: Inserting affiliation minister for JoachimBrudziński from "2018-01-10" to "2019-06-04"
INFO: Inserting affiliation member for JoannaKluzikRostkowska from "2013-11-27" to "2015-11-16"
INFO: Inserting affiliation minister for JoannaKluzikRostkowska from "2013-11-27" to "2015-11-16"
INFO: Inserting affiliation member for KamilBortniczuk from "2021-10-27" to ""
INFO: Inserting affiliation minister for KamilBortniczuk from "2021-10-27" to ""
INFO: Inserting affiliation member for KonstantyRadziwiłł from "2015-11-17" to "2018-01-09"
INFO: Inserting affiliation minister for KonstantyRadziwiłł from "2015-11-17" to "2018-01-09"
INFO: Inserting affiliation member for KrzysztofJurgiel from "2015-11-17" to "2018-06-19"
INFO: Inserting affiliation minister for KrzysztofJurgiel from "2015-11-17" to "2018-06-19"
INFO: Inserting affiliation member for KrzysztofTchórzewski from "2015-12-01" to "2019-11-15"
INFO: Inserting affiliation minister for KrzysztofTchórzewski from "2015-12-01" to "2019-11-15"
INFO: Inserting affiliation member for MarekGróbarczyk from "2016-11-15" to "2020-10-06"
INFO: Inserting affiliation minister for MarekGróbarczyk from "2016-11-15" to "2020-10-06"
INFO: Inserting affiliation member for MarekSawicki from "2014-03-17" to "2015-11-16"
INFO: Inserting affiliation minister for MarekSawicki from "2014-03-17" to "2015-11-16"
INFO: Inserting affiliation member for MarekZagórski from "2018-04-18" to "2020-10-07"
INFO: Inserting affiliation minister for MarekZagórski from "2018-04-18" to "2020-10-07"
INFO: Inserting affiliation member for MarianBanaś from "2019-06-05" to "2019-08-30"
INFO: Inserting affiliation minister for MarianBanaś from "2019-06-05" to "2019-08-30"
INFO: Inserting affiliation member for MarianZembala from "2015-06-11" to "2015-11-16"
INFO: Inserting affiliation minister for MarianZembala from "2015-06-11" to "2015-11-16"
INFO: Inserting affiliation member for MariuszBłaszczak from "2018-01-10" to ""
INFO: Inserting affiliation minister for MariuszBłaszczak from "2018-01-10" to ""
INFO: Inserting affiliation member for MariuszBłaszczak from "2015-11-16" to "2018-01-09"
INFO: Inserting affiliation minister for MariuszBłaszczak from "2015-11-16" to "2018-01-09"
INFO: Inserting affiliation member for MariuszKamiński from "2019-08-14" to ""
INFO: Inserting affiliation minister for MariuszKamiński from "2019-08-14" to ""
INFO: Inserting affiliation member for MarlenaMaląg from "2019-11-16" to ""
INFO: Inserting affiliation minister for MarlenaMaląg from "2019-11-16" to ""
INFO: Inserting affiliation member for MateuszMorawiecki from "2015-11-16" to "2018-01-09"
INFO: Inserting affiliation minister for MateuszMorawiecki from "2015-11-16" to "2018-01-09"
INFO: Inserting affiliation member for MateuszMorawiecki from "2016-09-29" to "2018-01-09"
INFO: Inserting affiliation minister for MateuszMorawiecki from "2016-09-29" to "2018-01-09"
INFO: Inserting affiliation member for MateuszMorawiecki from "2019-08-31" to "2019-09-20"
INFO: Inserting affiliation minister for MateuszMorawiecki from "2019-08-31" to "2019-09-20"
INFO: Inserting affiliation member for MateuszMorawiecki from "2022-02-10" to ""
INFO: Inserting affiliation minister for MateuszMorawiecki from "2022-02-10" to ""
INFO: Inserting affiliation member for MateuszMorawiecki from "2018-01-10" to "2018-04-17"
INFO: Inserting affiliation minister for MateuszMorawiecki from "2018-01-10" to "2018-04-17"
INFO: Inserting affiliation member for MateuszMorawiecki from "2019-11-16" to "2019-12-05"
INFO: Inserting affiliation minister for MateuszMorawiecki from "2019-11-16" to "2019-12-05"
INFO: Inserting affiliation member for MichałKurtyka from "2019-11-16" to ""
INFO: Inserting affiliation minister for MichałKurtyka from "2019-11-16" to ""
INFO: Inserting affiliation member for PawełSzałamacha from "2015-11-17" to "2016-09-28"
INFO: Inserting affiliation minister for PawełSzałamacha from "2015-11-17" to "2016-09-28"
INFO: Inserting affiliation member for PiotrGliński from "2015-11-17" to ""
INFO: Inserting affiliation minister for PiotrGliński from "2015-11-17" to ""
INFO: Inserting affiliation member for PiotrGliński from "2020-10-07" to "2021-10-26"
INFO: Inserting affiliation minister for PiotrGliński from "2020-10-07" to "2021-10-26"
INFO: Inserting affiliation member for PrzemysławCzarnek from "2020-10-20" to ""
INFO: Inserting affiliation minister for PrzemysławCzarnek from "2020-10-20" to ""
INFO: Inserting affiliation member for PrzemysławCzarnek from "2020-10-20" to "2021-01-01"
INFO: Inserting affiliation minister for PrzemysławCzarnek from "2020-10-20" to "2021-01-01"
INFO: Inserting affiliation member for TadeuszKościński from "2019-11-16" to "2022-02-09"
INFO: Inserting affiliation minister for TadeuszKościński from "2019-11-16" to "2022-02-09"
INFO: Inserting affiliation member for TeresaCzerwińska from "2018-01-10" to "2019-06-04"
INFO: Inserting affiliation minister for TeresaCzerwińska from "2018-01-10" to "2019-06-04"
INFO: Inserting affiliation member for TomaszSiemoniak from "2011-02-08" to "2015-11-12"
INFO: Inserting affiliation minister for TomaszSiemoniak from "2011-02-08" to "2015-11-12"
INFO: Inserting affiliation member for WitoldBańka from "2015-11-17" to "2019-11-15"
INFO: Inserting affiliation minister for WitoldBańka from "2015-11-17" to "2019-11-15"
INFO: Inserting affiliation member for WitoldWaszczykowski from "2015-11-17" to "2018-01-09"
INFO: Inserting affiliation minister for WitoldWaszczykowski from "2015-11-17" to "2018-01-09"
INFO: Inserting affiliation member for WojciechMurdzek from "2020-04-16" to "2020-10-19"
INFO: Inserting affiliation minister for WojciechMurdzek from "2020-04-16" to "2020-10-19"
INFO: Inserting affiliation member for ZbigniewRau from "2020-08-21" to ""
INFO: Inserting affiliation minister for ZbigniewRau from "2020-08-21" to ""
INFO: Inserting affiliation member for ZbigniewZiobro from "2015-11-17" to ""
INFO: Inserting affiliation minister for ZbigniewZiobro from "2015-11-17" to ""
INFO: Inserting affiliation member for ŁukaszSzumowski from "2018-01-10" to "2020-08-20"
INFO: Inserting affiliation minister for ŁukaszSzumowski from "2018-01-10" to "2020-08-20"
INFO: No TSV metadata for Sex info, skipping
