INFO: Doing /home/project/corpora/Parla/ParlaMint/ParlaMint/Build/Sources-TSV/ParlaMint-ES-CT
INFO: Transliteration
INFO: copying ES-CT (nothing to transliterate)
INFO: No TSV metadata for Encoder orientations, skipping
INFO: No TSV metadata for CHES orientations, skipping
INFO: Adding TSV metadata for Wiki orientations
WARN: For ES-CT GP-GM no orientation in Wiki TSV
WARN: For ES-CT PSC-Units no orientation in Wiki TSV
WARN: For ES-CT GP-REP no orientation in Wiki TSV
WARN: For ES-CT Independent no orientation in Wiki TSV
WARN: For ES-CT JuntsPelSí no orientation in Wiki TSV
WARN: For ES-CT SCC no orientation in Wiki TSV
INFO: Transliteration
INFO: copying ES-CT (nothing to transliterate)
INFO: No TSV metadata for Encoder ministers, skipping
INFO: No TSV metadata for Sex info, skipping
INFO: Doing /home/project/corpora/Parla/ParlaMint/ParlaMint/Build/Sources-TSV/ParlaMint-ES-CT
INFO: Transliteration
INFO: copying ES-CT (nothing to transliterate)
INFO: No TSV metadata for Encoder orientations, skipping
INFO: No TSV metadata for CHES orientations, skipping
INFO: Adding TSV metadata for Wiki orientations
WARN: For ES-CT GP-GM no orientation in Wiki TSV
WARN: For ES-CT PSC-Units no orientation in Wiki TSV
WARN: For ES-CT GP-REP no orientation in Wiki TSV
WARN: For ES-CT Independent no orientation in Wiki TSV
WARN: For ES-CT JuntsPelSí no orientation in Wiki TSV
WARN: For ES-CT SCC no orientation in Wiki TSV
INFO: Transliteration
INFO: copying ES-CT (nothing to transliterate)
INFO: No TSV metadata for Encoder ministers, skipping
INFO: No TSV metadata for Sex info, skipping
