INFO: Converting directory /home/project/corpora/Parla/ParlaMint/ParlaMint/ParlaMint-PL
INFO: Converting ParlaMint-PL_2015-11-12-senat-01-1
INFO: Validating level 1: ParlaMint-PL_2015-11-12-senat-01-1
*** PASSED ***
INFO: Validating level 2: ParlaMint-PL_2015-11-12-senat-01-1
[Line 9 Sent seg543983.1]: [L2 Syntax 0-is-not-root] DEPREL must be 'root' if HEAD is 0.
[Line 35 Sent seg543983.5]: [L2 Syntax 0-is-not-root] DEPREL must be 'root' if HEAD is 0.
[Line 58 Sent seg543985.1]: [L2 Syntax 0-is-not-root] DEPREL must be 'root' if HEAD is 0.
[Line 382 Sent seg543988.7]: [L2 Syntax 0-is-not-root] DEPREL must be 'root' if HEAD is 0.
[Line 498 Sent seg543988.13]: [L2 Syntax root-is-not-0] DEPREL cannot be 'root' if HEAD is not 0.
[Line 1266 Sent seg543991.1]: [L2 Syntax 0-is-not-root] DEPREL must be 'root' if HEAD is 0.
[Line 1295 Sent seg543991.2]: [L2 Syntax root-is-not-0] DEPREL cannot be 'root' if HEAD is not 0.
[Line 1664 Sent seg543994.4]: [L2 Syntax 0-is-not-root] DEPREL must be 'root' if HEAD is 0.
[Line 2368 Sent seg544029.1]: [L2 Syntax 0-is-not-root] DEPREL must be 'root' if HEAD is 0.
[Line 3349 Sent seg544801.1]: [L2 Syntax 0-is-not-root] DEPREL must be 'root' if HEAD is 0.
Syntax errors: 10
*** FAILED *** with 10 errors
INFO: Converting ParlaMint-PL_2017-02-21-senat-35-1
INFO: Validating level 1: ParlaMint-PL_2017-02-21-senat-35-1
*** PASSED ***
INFO: Validating level 2: ParlaMint-PL_2017-02-21-senat-35-1
[Line 687 Sent seg635558.2]: [L2 Syntax 0-is-not-root] DEPREL must be 'root' if HEAD is 0.
[Line 694 Sent seg635558.3]: [L2 Syntax 0-is-not-root] DEPREL must be 'root' if HEAD is 0.
[Line 745 Sent seg635559.1]: [L2 Syntax 0-is-not-root] DEPREL must be 'root' if HEAD is 0.
[Line 816 Sent seg636080.1]: [L2 Syntax 0-is-not-root] DEPREL must be 'root' if HEAD is 0.
[Line 1540 Sent seg636087.1]: [L2 Syntax 0-is-not-root] DEPREL must be 'root' if HEAD is 0.
[Line 2169 Sent seg636089.16]: [L2 Syntax 0-is-not-root] DEPREL must be 'root' if HEAD is 0.
Syntax errors: 6
*** FAILED *** with 6 errors
INFO: Converting ParlaMint-PL_2018-09-27-senat-65-2
INFO: Validating level 1: ParlaMint-PL_2018-09-27-senat-65-2
*** PASSED ***
INFO: Validating level 2: ParlaMint-PL_2018-09-27-senat-65-2
[Line 299 Sent seg747099.1]: [L2 Syntax 0-is-not-root] DEPREL must be 'root' if HEAD is 0.
Syntax errors: 1
*** FAILED *** with 1 errors
