WARN: Cant find government term with ID "93/94/95/96th cabinet" in listOrg, inserting as note.
WARN: Cant find government term with ID "94/95/96/97th cabinet" in listOrg, inserting as note.
WARN: Cant find government term with ID "94/95th cabinet" in listOrg, inserting as note.
WARN: Cant find government term with ID "94th cabinet" in listOrg, inserting as note.
WARN: Cant find government term with ID "95/96/97th cabinet" in listOrg, inserting as note.
WARN: Cant find government term with ID "95/96th cabinet" in listOrg, inserting as note.
WARN: Cant find government term with ID "95th cabinet" in listOrg, inserting as note.
WARN: Cant find government term with ID "96/97th cabinet" in listOrg, inserting as note.
WARN: Cant find government term with ID "98th cabinet" in listOrg, inserting as note.
WARN: For BE Agalev no orientation in encoder TSV
WARN: For BE Agora no orientation in encoder TSV
WARN: For BE BANAAN no orientation in encoder TSV
WARN: For BE Be.One no orientation in encoder TSV
WARN: For BE Be.One no orientation in Wiki TSV
WARN: For BE B.U.B. no orientation in encoder TSV
WARN: For BE CPB no orientation in encoder TSV
WARN: For BE CSP no orientation in encoder TSV
WARN: For BE CVP no orientation in encoder TSV
WARN: For BE D95 no orientation in encoder TSV
WARN: For BE D95 no orientation in Wiki TSV
WARN: For BE De Militant no orientation in encoder TSV
WARN: For BE De Militant no orientation in Wiki TSV
WARN: For BE DierAnimal no orientation in encoder TSV
WARN: For BE DN no orientation in encoder TSV
WARN: For BE D-SA no orientation in encoder TSV
WARN: For BE D-SA no orientation in Wiki TSV
WARN: For BE Ecolo no orientation in encoder TSV
WARN: For BE EFP no orientation in encoder TSV
WARN: For BE EFP no orientation in Wiki TSV
WARN: For BE FN no orientation in encoder TSV
WARN: For BE Groen! no orientation in encoder TSV
WARN: For BE HOERA no orientation in encoder TSV
WARN: For BE ISLAM no orientation in encoder TSV
WARN: For BE LSP-PSL no orientation in encoder TSV
WARN: For BE Militant Links no orientation in encoder TSV
WARN: For BE Militant Links no orientation in Wiki TSV
WARN: For BE onafhankelijk no orientation in encoder TSV
WARN: For BE PC no orientation in encoder TSV
WARN: For BE PFF no orientation in encoder TSV
WARN: For BE PFF no orientation in Wiki TSV
WARN: For BE PPBE no orientation in encoder TSV
WARN: For BE PRL no orientation in encoder TSV
WARN: For BE Pro Bruxsel no orientation in encoder TSV
WARN: For BE Pro Bruxsel no orientation in Wiki TSV
WARN: For BE ProDG no orientation in encoder TSV
WARN: For BE PSC no orientation in encoder TSV
WARN: For BE PVV no orientation in encoder TSV
WARN: For BE ROSSEM no orientation in encoder TSV
WARN: For BE R.W.F. no orientation in encoder TSV
WARN: For BE R.W.F. no orientation in Wiki TSV
WARN: For BE SAP-GA no orientation in encoder TSV
WARN: For BE SLP no orientation in encoder TSV
WARN: For BE SoLiDe no orientation in encoder TSV
WARN: For BE SP_duitstalig no orientation in encoder TSV
WARN: For BE spirit no orientation in encoder TSV
WARN: For BE Spirit no orientation in encoder TSV
WARN: For BE SP no orientation in encoder TSV
WARN: For BE Vivant no orientation in encoder TSV
WARN: For BE Vl.Pro no orientation in encoder TSV
WARN: For BE Volksunie no orientation in encoder TSV
WARN: For BE Volt no orientation in encoder TSV
WARN: For BE VSL no orientation in encoder TSV
WARN: For BE VSL no orientation in Wiki TSV
WARN: For BE Vuye_Wouters no orientation in encoder TSV
WARN: For BE Vuye_Wouters no orientation in Wiki TSV
WARN: For BE WOW no orientation in encoder TSV
