INFO: Doing /home/project/corpora/Parla/ParlaMint/ParlaMint/Build/Sources-TSV/ParlaMint-HR
INFO: Transliteration
INFO: copying HR (nothing to transliterate)
INFO: No TSV metadata for Encoder orientations, skipping
INFO: Adding TSV metadata for CHES orientations
INFO: Adding TSV metadata for Wiki orientations
WARN: For HR HRID no orientation in Wiki TSV
WARN: For HR MDS no orientation in Wiki TSV
WARN: For HR NLM no orientation in Wiki TSV
WARN: For HR NLSP no orientation in Wiki TSV
WARN: For HR NOVI_VAL no orientation in Wiki TSV
WARN: For HR Nezavisni no orientation in Wiki TSV
WARN: For HR PH no orientation in Wiki TSV
WARN: For HR SMSH no orientation in Wiki TSV
WARN: For HR SNAGA no orientation in Wiki TSV
WARN: For HR ŽIVI_ZID no orientation in Wiki TSV
INFO: Transliteration
INFO: copying HR (nothing to transliterate)
INFO: Adding TSV metadata for Encoder ministers
WARN: Cant find government term with ID "12th cabinet" in listOrg, inserting as note.
WARN: Cant find government term with ID "13th cabinet" in listOrg, inserting as note.
WARN: Cant find government term with ID "14th cabinet" in listOrg, inserting as note.
WARN: Cant find government term with ID "14th cabinet" in listOrg, inserting as note.
WARN: Cant find government term with ID "14/15th cabinet" in listOrg, inserting as note.
WARN: Cant find government term with ID "12th cabinet" in listOrg, inserting as note.
WARN: Cant find government term with ID "13th cabinet" in listOrg, inserting as note.
WARN: Cant find government term with ID "14th cabinet" in listOrg, inserting as note.
WARN: Cant find government term with ID "14th cabinet" in listOrg, inserting as note.
WARN: Cant find government term with ID "12th cabinet" in listOrg, inserting as note.
WARN: Cant find government term with ID "13/14th cabinet" in listOrg, inserting as note.
WARN: Cant find government term with ID "14/15th cabinet" in listOrg, inserting as note.
WARN: Cant find government term with ID "13th cabinet" in listOrg, inserting as note.
WARN: Cant find government term with ID "14th cabinet" in listOrg, inserting as note.
WARN: Cant find government term with ID "15th cabinet" in listOrg, inserting as note.
WARN: Cant find government term with ID "12th cabinet" in listOrg, inserting as note.
WARN: Cant find government term with ID "13th cabinet" in listOrg, inserting as note.
WARN: Cant find government term with ID "14th cabinet" in listOrg, inserting as note.
WARN: Cant find government term with ID "15th cabinet" in listOrg, inserting as note.
WARN: Cant find government term with ID "12th cabinet" in listOrg, inserting as note.
WARN: Cant find government term with ID "13th cabinet" in listOrg, inserting as note.
WARN: Cant find government term with ID "14th cabinet" in listOrg, inserting as note.
WARN: Cant find government term with ID "14/15th cabinet" in listOrg, inserting as note.
WARN: Cant find government term with ID "12th cabinet" in listOrg, inserting as note.
WARN: Cant find government term with ID "13th cabinet" in listOrg, inserting as note.
WARN: Cant find government term with ID "13th cabinet" in listOrg, inserting as note.
WARN: Cant find government term with ID "14th cabinet" in listOrg, inserting as note.
WARN: Cant find government term with ID "15th cabinet" in listOrg, inserting as note.
WARN: Cant find government term with ID "12th cabinet" in listOrg, inserting as note.
WARN: Cant find government term with ID "13th cabinet" in listOrg, inserting as note.
WARN: Cant find government term with ID "14th cabinet" in listOrg, inserting as note.
WARN: Cant find government term with ID "15th cabinet" in listOrg, inserting as note.
WARN: Cant find government term with ID "15th cabinet" in listOrg, inserting as note.
WARN: Cant find government term with ID "15th cabinet" in listOrg, inserting as note.
WARN: Cant find government term with ID "12th cabinet" in listOrg, inserting as note.
WARN: Cant find government term with ID "13th cabinet" in listOrg, inserting as note.
WARN: Cant find government term with ID "14th cabinet" in listOrg, inserting as note.
WARN: Cant find government term with ID "14/15th cabinet" in listOrg, inserting as note.
WARN: Cant find government term with ID "12th cabinet" in listOrg, inserting as note.
WARN: Cant find government term with ID "13th cabinet" in listOrg, inserting as note.
WARN: Cant find government term with ID "14th cabinet" in listOrg, inserting as note.
WARN: Cant find government term with ID "14th cabinet" in listOrg, inserting as note.
WARN: Cant find government term with ID "14th cabinet" in listOrg, inserting as note.
WARN: Cant find government term with ID "14th cabinet" in listOrg, inserting as note.
WARN: Cant find government term with ID "12th cabinet" in listOrg, inserting as note.
WARN: Cant find government term with ID "13th cabinet" in listOrg, inserting as note.
WARN: Cant find government term with ID "14th cabinet" in listOrg, inserting as note.
WARN: Cant find government term with ID "14th cabinet" in listOrg, inserting as note.
WARN: Cant find government term with ID "15th cabinet" in listOrg, inserting as note.
WARN: Cant find government term with ID "15th cabinet" in listOrg, inserting as note.
WARN: Cant find government term with ID "12th cabinet" in listOrg, inserting as note.
WARN: Cant find government term with ID "13th cabinet" in listOrg, inserting as note.
WARN: Cant find government term with ID "14th cabinet" in listOrg, inserting as note.
WARN: Cant find government term with ID "14th cabinet" in listOrg, inserting as note.
WARN: Cant find government term with ID "15th cabinet" in listOrg, inserting as note.
WARN: Cant find government term with ID "12th cabinet" in listOrg, inserting as note.
WARN: Cant find government term with ID "13/14th cabinet" in listOrg, inserting as note.
WARN: Cant find government term with ID "14th cabinet" in listOrg, inserting as note.
WARN: Cant find government term with ID "14/15th cabinet" in listOrg, inserting as note.
WARN: Cant find government term with ID "12th cabinet" in listOrg, inserting as note.
WARN: Cant find government term with ID "13/14/15th cabinet" in listOrg, inserting as note.
WARN: Cant find government term with ID "12th cabinet" in listOrg, inserting as note.
WARN: Cant find government term with ID "13th cabinet" in listOrg, inserting as note.
WARN: Cant find government term with ID "14th cabinet" in listOrg, inserting as note.
WARN: Cant find government term with ID "14th cabinet" in listOrg, inserting as note.
WARN: Cant find government term with ID "14th cabinet" in listOrg, inserting as note.
WARN: Cant find government term with ID "15th cabinet" in listOrg, inserting as note.
WARN: Cant find government term with ID "15th cabinet" in listOrg, inserting as note.
WARN: Cant find government term with ID "12th cabinet" in listOrg, inserting as note.
WARN: Cant find government term with ID "13th cabinet" in listOrg, inserting as note.
WARN: Cant find government term with ID "13th cabinet" in listOrg, inserting as note.
WARN: Cant find government term with ID "13/14/15th cabinet" in listOrg, inserting as note.
WARN: Cant find government term with ID "12th cabinet" in listOrg, inserting as note.
WARN: Cant find government term with ID "13th cabinet" in listOrg, inserting as note.
WARN: Cant find government term with ID "14th cabinet" in listOrg, inserting as note.
WARN: Cant find government term with ID "14th cabinet" in listOrg, inserting as note.
WARN: Cant find government term with ID "15th cabinet" in listOrg, inserting as note.
WARN: Cant find government term with ID "12th cabinet" in listOrg, inserting as note.
WARN: Cant find government term with ID "13th cabinet" in listOrg, inserting as note.
WARN: Cant find government term with ID "14/15th cabinet" in listOrg, inserting as note.
WARN: Cant find government term with ID "12th cabinet" in listOrg, inserting as note.
WARN: Cant find government term with ID "13th cabinet" in listOrg, inserting as note.
WARN: Cant find government term with ID "14th cabinet" in listOrg, inserting as note.
WARN: Cant find government term with ID "15th cabinet" in listOrg, inserting as note.
WARN: Cant find government term with ID "13/14th cabinet" in listOrg, inserting as note.
WARN: Cant find government term with ID "14th cabinet" in listOrg, inserting as note.
WARN: Cant find government term with ID "15th cabinet" in listOrg, inserting as note.
INFO: Inserting affiliation member for BošnjakovićDražen from "2017-06-10" to "2020-07-23"
INFO: Inserting affiliation minister for BošnjakovićDražen from "2017-06-10" to "2020-07-23"
INFO: Inserting affiliation member for OpačićMilanka from "2011-12-23" to "2016-01-22"
INFO: Inserting affiliation minister for OpačićMilanka from "2011-12-23" to "2016-01-22"
INFO: Inserting affiliation member for PusićVesna from "2011-12-23" to "2016-01-22"
INFO: Inserting affiliation minister for PusićVesna from "2011-12-23" to "2016-01-22"
INFO: Inserting affiliation member for BaukArsen from "2011-12-23" to "2016-01-22"
INFO: Inserting affiliation minister for BaukArsen from "2011-12-23" to "2016-01-22"
INFO: Inserting affiliation member for CappelliGari from "2016-10-20" to "2020-07-23"
INFO: Inserting affiliation minister for CappelliGari from "2016-10-20" to "2020-07-23"
INFO: Inserting affiliation member for GrčićBranko from "2011-12-23" to "2016-01-22"
INFO: Inserting affiliation minister for GrčićBranko from "2011-12-23" to "2016-01-22"
INFO: Inserting affiliation member for KotromanovićAnte from "2011-12-23" to "2016-01-22"
INFO: Inserting affiliation minister for KotromanovićAnte from "2011-12-23" to "2016-01-22"
INFO: Inserting affiliation member for MarićGoran from "2016-11-15" to "2019-07-15"
INFO: Inserting affiliation minister for MarićGoran from "2016-11-15" to "2019-07-15"
INFO: Inserting affiliation member for MrsićMirando from "2011-12-23" to "2016-01-22"
INFO: Inserting affiliation minister for MrsićMirando from "2011-12-23" to "2016-01-22"
INFO: Inserting affiliation member for OstojićRanko from "2011-12-13" to "2016-01-22"
INFO: Inserting affiliation minister for OstojićRanko from "2011-12-13" to "2016-01-22"
INFO: Inserting affiliation member for PejčinovićBurićMarija from "2017-06-20" to "2019-07-22"
INFO: Inserting affiliation minister for PejčinovićBurićMarija from "2017-06-20" to "2019-07-22"
INFO: Inserting affiliation member for BožinovićDavor from "2017-06-10" to ""
INFO: Inserting affiliation minister for BožinovićDavor from "2017-06-10" to ""
INFO: Inserting affiliation member for MurganićNada from "2016-10-20" to "2019-07-17"
INFO: Inserting affiliation minister for MurganićNada from "2016-10-20" to "2019-07-17"
INFO: Inserting affiliation member for ZmajlovićMihael from "2012-06-13" to "2016-01-22"
INFO: Inserting affiliation minister for ZmajlovićMihael from "2012-06-13" to "2016-01-22"
INFO: Inserting affiliation member for DalićMartina from "2016-10-20" to "2018-05-14"
INFO: Inserting affiliation minister for DalićMartina from "2016-10-20" to "2018-05-14"
INFO: Inserting affiliation member for StierDavorIvo from "2016-10-20" to "2017-06-19"
INFO: Inserting affiliation minister for StierDavorIvo from "2016-10-20" to "2017-06-19"
INFO: Inserting affiliation member for HajdašDončićSiniša from "2012-04-18" to "2016-01-22"
INFO: Inserting affiliation minister for HajdašDončićSiniša from "2012-04-18" to "2016-01-22"
INFO: Inserting affiliation member for JakovinaTihomir from "2011-12-23" to "2016-01-22"
INFO: Inserting affiliation minister for JakovinaTihomir from "2011-12-23" to "2016-01-22"
INFO: Inserting affiliation member for KrstičevićDamir from "2016-10-20" to "2020-05-08"
INFO: Inserting affiliation minister for KrstičevićDamir from "2016-10-20" to "2020-05-08"
INFO: Inserting affiliation member for VrdoljakIvan from "2012-11-16" to "2016-01-22"
INFO: Inserting affiliation minister for VrdoljakIvan from "2012-11-16" to "2016-01-22"
INFO: Inserting affiliation member for ĆorićTomislav from "2020-07-24" to "2022-04-29"
INFO: Inserting affiliation minister for ĆorićTomislav from "2020-07-24" to "2022-04-29"
INFO: Inserting affiliation member for ĆorićTomislav from "2017-06-10" to ""
INFO: Inserting affiliation minister for ĆorićTomislav from "2017-06-10" to ""
INFO: Inserting affiliation member for ĆorićTomislav from "2016-10-20" to "2017-06-09"
INFO: Inserting affiliation minister for ĆorićTomislav from "2016-10-20" to "2017-06-09"
INFO: Inserting affiliation member for KovačićIvan from "2016-10-20" to "2017-04-28"
INFO: Inserting affiliation minister for KovačićIvan from "2016-10-20" to "2017-04-28"
INFO: Inserting affiliation member for LalovacBoris from "2014-05-06" to "2016-01-22"
INFO: Inserting affiliation minister for LalovacBoris from "2014-05-06" to "2016-01-22"
INFO: Inserting affiliation member for MatićPredrag from "2011-12-23" to "2016-01-22"
INFO: Inserting affiliation minister for MatićPredrag from "2011-12-23" to "2016-01-22"
INFO: Inserting affiliation member for MiljenićOrsat from "2011-12-23" to "2016-01-22"
INFO: Inserting affiliation minister for MiljenićOrsat from "2011-12-23" to "2016-01-22"
INFO: Inserting affiliation member for MrakTaritašAnka from "2012-11-16" to "2016-01-22"
INFO: Inserting affiliation minister for MrakTaritašAnka from "2012-11-16" to "2016-01-22"
INFO: Inserting affiliation member for VargaSiniša from "2014-06-11" to "2016-01-22"
INFO: Inserting affiliation minister for VargaSiniša from "2014-06-11" to "2016-01-22"
INFO: Inserting affiliation member for ButkovićOleg from "2016-01-23" to ""
INFO: Inserting affiliation minister for ButkovićOleg from "2016-01-23" to ""
INFO: Inserting affiliation member for DobrovićSlaven from "2016-01-23" to "2017-04-27"
INFO: Inserting affiliation minister for DobrovićSlaven from "2016-01-23" to "2017-04-27"
INFO: Inserting affiliation member for HorvatDarko from "2020-07-24" to "2022-02-19"
INFO: Inserting affiliation minister for HorvatDarko from "2020-07-24" to "2022-02-19"
INFO: Inserting affiliation member for HorvatDarko from "2018-05-25" to "2020-07-23"
INFO: Inserting affiliation minister for HorvatDarko from "2018-05-25" to "2020-07-23"
INFO: Inserting affiliation member for KlimanAnton from "2016-01-23" to "2016-10-19"
INFO: Inserting affiliation minister for KlimanAnton from "2016-01-23" to "2016-10-19"
INFO: Inserting affiliation member for KovačMiro from "2016-01-23" to "2016-10-19"
INFO: Inserting affiliation minister for KovačMiro from "2016-01-23" to "2016-10-19"
INFO: Inserting affiliation member for PanenićTomislav from "2016-01-23" to "2016-10-19"
INFO: Inserting affiliation minister for PanenićTomislav from "2016-01-23" to "2016-10-19"
INFO: Inserting affiliation member for ŠtromarPredrag from "2017-06-10" to "2020-07-23"
INFO: Inserting affiliation minister for ŠtromarPredrag from "2017-06-10" to "2020-07-23"
INFO: Inserting affiliation member for TolušićTomislav from "2016-10-20" to "2019-07-17"
INFO: Inserting affiliation minister for TolušićTomislav from "2016-10-20" to "2019-07-17"
INFO: Inserting affiliation member for TolušićTomislav from "2016-01-23" to "2016-10-19"
INFO: Inserting affiliation minister for TolušićTomislav from "2016-01-23" to "2016-10-19"
INFO: Inserting affiliation member for BedekovićVesna from "2019-07-22" to ""
INFO: Inserting affiliation minister for BedekovićVesna from "2019-07-22" to ""
INFO: Inserting affiliation member for HasanbegovićZlatko from "2016-01-23" to "2016-10-19"
INFO: Inserting affiliation minister for HasanbegovićZlatko from "2016-01-23" to "2016-10-19"
INFO: Inserting affiliation member for OrepićVlaho from "2016-01-23" to "2017-04-27"
INFO: Inserting affiliation minister for OrepićVlaho from "2016-01-23" to "2017-04-27"
INFO: Inserting affiliation member for RomićDavor from "2016-01-23" to "2016-10-19"
INFO: Inserting affiliation minister for RomićDavor from "2016-01-23" to "2016-10-19"
INFO: Inserting affiliation member for KujundžićMilan from "2016-10-20" to "2020-01-28"
INFO: Inserting affiliation minister for KujundžićMilan from "2016-10-20" to "2020-01-28"
INFO: Inserting affiliation member for KuščevićLovro from "2016-01-23" to "2017-06-09"
INFO: Inserting affiliation minister for KuščevićLovro from "2016-01-23" to "2017-06-09"
INFO: Inserting affiliation member for KuščevićLovro from "2017-06-10" to "2019-07-08"
INFO: Inserting affiliation minister for KuščevićLovro from "2017-06-10" to "2019-07-08"
INFO: Inserting affiliation member for MarićZdravko from "2016-01-23" to "2022-07-05"
INFO: Inserting affiliation minister for MarićZdravko from "2016-01-23" to "2022-07-05"
INFO: Inserting affiliation member for MedvedTomo from "2016-03-22" to ""
INFO: Inserting affiliation minister for MedvedTomo from "2016-03-22" to ""
INFO: Inserting affiliation member for AladrovićJosip from "2019-07-22" to "2020-07-23"
INFO: Inserting affiliation minister for AladrovićJosip from "2019-07-22" to "2020-07-23"
INFO: Inserting affiliation member for AladrovićJosip from "2020-07-24" to "2022-04-29"
INFO: Inserting affiliation minister for AladrovićJosip from "2020-07-24" to "2022-04-29"
INFO: Inserting affiliation member for BanožićMario from "2020-07-23" to ""
INFO: Inserting affiliation minister for BanožićMario from "2020-07-23" to ""
INFO: Inserting affiliation member for BanožićMario from "2019-07-22" to "2020-07-23"
INFO: Inserting affiliation minister for BanožićMario from "2019-07-22" to "2020-07-23"
INFO: Inserting affiliation member for BerošVili from "2020-01-31" to ""
INFO: Inserting affiliation minister for BerošVili from "2020-01-31" to ""
INFO: Inserting affiliation member for GrlićRadmanGordan from "2019-07-23" to ""
INFO: Inserting affiliation minister for GrlićRadmanGordan from "2019-07-23" to ""
INFO: Inserting affiliation member for MalenicaIvan from "2020-07-24" to ""
INFO: Inserting affiliation minister for MalenicaIvan from "2020-07-24" to ""
INFO: Inserting affiliation member for MalenicaIvan from "2019-07-22" to "2020-07-23"
INFO: Inserting affiliation minister for MalenicaIvan from "2019-07-22" to "2020-07-23"
INFO: Inserting affiliation member for NađVesna from "2016-01-29" to "2016-03-21"
INFO: Inserting affiliation minister for NađVesna from "2016-01-29" to "2016-03-21"
INFO: Inserting affiliation member for ObuljenKoržinekNina from "2016-10-20" to ""
INFO: Inserting affiliation minister for ObuljenKoržinekNina from "2016-10-20" to ""
INFO: Inserting affiliation member for PavićMarko from "2019-07-22" to "2020-07-23"
INFO: Inserting affiliation minister for PavićMarko from "2019-07-22" to "2020-07-23"
INFO: Inserting affiliation member for PavićMarko from "2017-06-09" to "2019-07-17"
INFO: Inserting affiliation minister for PavićMarko from "2017-06-09" to "2019-07-17"
INFO: Inserting affiliation member for PiletićMarin from "2022-04-30" to ""
INFO: Inserting affiliation minister for PiletićMarin from "2022-04-30" to ""
INFO: Inserting affiliation member for ŠimpragaAnja from "2020-04-29" to ""
INFO: Inserting affiliation minister for ŠimpragaAnja from "2020-04-29" to ""
INFO: Inserting affiliation member for TramišakNataša from "2020-07-24" to ""
INFO: Inserting affiliation minister for TramišakNataša from "2020-07-24" to ""
INFO: Inserting affiliation member for BuljevićJosip from "2016-01-23" to "2016-10-19"
INFO: Inserting affiliation minister for BuljevićJosip from "2016-01-23" to "2016-10-19"
INFO: Inserting affiliation member for BarišićPavo from "2016-10-20" to "2019-06-09"
INFO: Inserting affiliation minister for BarišićPavo from "2016-10-20" to "2019-06-09"
INFO: Inserting affiliation member for VučkovićMarija from "2019-07-22" to ""
INFO: Inserting affiliation minister for VučkovićMarija from "2019-07-22" to ""
INFO: Inserting affiliation member for CrnojaMijo from "2016-01-23" to "2016-01-28"
INFO: Inserting affiliation minister for CrnojaMijo from "2016-01-23" to "2016-01-28"
INFO: Inserting affiliation member for LorencinDarko from "2013-03-19" to "2016-01-22"
INFO: Inserting affiliation minister for LorencinDarko from "2013-03-19" to "2016-01-22"
INFO: Inserting affiliation member for ŠikićNada from "2016-01-23" to "2016-10-19"
INFO: Inserting affiliation minister for ŠikićNada from "2016-01-23" to "2016-10-19"
INFO: Inserting affiliation member for ŠprljeAnte from "2016-01-23" to "2017-04-27"
INFO: Inserting affiliation minister for ŠprljeAnte from "2016-01-23" to "2017-04-27"
INFO: Inserting affiliation member for ŽalacGabrijela from "2016-10-20" to "2019-07-17"
INFO: Inserting affiliation minister for ŽalacGabrijela from "2016-10-20" to "2019-07-17"
INFO: Inserting affiliation member for JuretićBernardica from "2016-01-23" to "2016-10-19"
INFO: Inserting affiliation minister for JuretićBernardica from "2016-01-23" to "2016-10-19"
INFO: Inserting affiliation member for DivjakBlaženka from "2017-06-10" to "2020-07-23"
INFO: Inserting affiliation minister for DivjakBlaženka from "2017-06-10" to "2020-07-23"
INFO: Inserting affiliation member for ŠiljegMario from "2017-04-28" to "2017-06-09"
INFO: Inserting affiliation minister for ŠiljegMario from "2017-04-28" to "2017-06-09"
INFO: Inserting affiliation member for FuchsRadovan from "2020-07-24" to ""
INFO: Inserting affiliation minister for FuchsRadovan from "2020-07-24" to ""
INFO: Inserting affiliation member for PrimoracMarko from "2022-07-15" to ""
INFO: Inserting affiliation minister for PrimoracMarko from "2022-07-15" to ""
INFO: Inserting affiliation member for NakićDario from "2016-01-23" to "2016-10-19"
INFO: Inserting affiliation minister for NakićDario from "2016-01-23" to "2016-10-19"
INFO: Inserting affiliation member for FilipovićDavor from "2022-04-30" to ""
INFO: Inserting affiliation minister for FilipovićDavor from "2022-04-30" to ""
INFO: Inserting affiliation member for ŠustarPredrag from "2016-01-23" to "2016-10-19"
INFO: Inserting affiliation minister for ŠustarPredrag from "2016-01-23" to "2016-10-19"
INFO: Inserting affiliation member for NekićDarko from "2017-04-29" to "2017-06-09"
INFO: Inserting affiliation minister for NekićDarko from "2017-04-29" to "2017-06-09"
INFO: Inserting affiliation member for BrnjacNikolina from "2020-07-24" to ""
INFO: Inserting affiliation minister for BrnjacNikolina from "2020-07-24" to ""
INFO: Inserting affiliation member for MornarVedran from "2014-06-11" to "2016-01-22"
INFO: Inserting affiliation minister for MornarVedran from "2014-06-11" to "2016-01-22"
INFO: Inserting affiliation member for MagašDunja from "2022-02-21" to "2022-03-09"
INFO: Inserting affiliation minister for MagašDunja from "2022-02-21" to "2022-03-09"
INFO: Inserting affiliation member for TurkaljKristian from "2017-04-28" to "2017-06-09"
INFO: Inserting affiliation minister for TurkaljKristian from "2017-04-28" to "2017-06-09"
INFO: Inserting affiliation member for ŠipušBerislav from "2015-03-25" to "2016-01-22"
INFO: Inserting affiliation minister for ŠipušBerislav from "2015-03-25" to "2016-01-22"
INFO: Inserting affiliation member for JurlinaAlibegovićDubravka from "2016-01-23" to "2016-10-19"
INFO: Inserting affiliation minister for JurlinaAlibegovićDubravka from "2016-01-23" to "2016-10-19"
INFO: Inserting affiliation member for PaladinaIvan from "2022-03-10" to ""
INFO: Inserting affiliation minister for PaladinaIvan from "2022-03-10" to ""
INFO: Adding TSV metadata for Sex info
INFO: Doing /home/project/corpora/Parla/ParlaMint/ParlaMint/Build/Sources-TSV/ParlaMint-HR
INFO: Transliteration
INFO: copying HR (nothing to transliterate)
INFO: No TSV metadata for Encoder orientations, skipping
INFO: Adding TSV metadata for CHES orientations
INFO: Adding TSV metadata for Wiki orientations
WARN: For HR HRID no orientation in Wiki TSV
WARN: For HR MDS no orientation in Wiki TSV
WARN: For HR NLM no orientation in Wiki TSV
WARN: For HR NLSP no orientation in Wiki TSV
WARN: For HR NOVI_VAL no orientation in Wiki TSV
WARN: For HR Nezavisni no orientation in Wiki TSV
WARN: For HR PH no orientation in Wiki TSV
WARN: For HR SMSH no orientation in Wiki TSV
WARN: For HR SNAGA no orientation in Wiki TSV
WARN: For HR ŽIVI_ZID no orientation in Wiki TSV
INFO: Transliteration
INFO: copying HR (nothing to transliterate)
INFO: Adding TSV metadata for Encoder ministers
WARN: Cant find government term with ID "12th cabinet" in listOrg, inserting as note.
WARN: Cant find government term with ID "13th cabinet" in listOrg, inserting as note.
WARN: Cant find government term with ID "14th cabinet" in listOrg, inserting as note.
WARN: Cant find government term with ID "14th cabinet" in listOrg, inserting as note.
WARN: Cant find government term with ID "14/15th cabinet" in listOrg, inserting as note.
WARN: Cant find government term with ID "12th cabinet" in listOrg, inserting as note.
WARN: Cant find government term with ID "13th cabinet" in listOrg, inserting as note.
WARN: Cant find government term with ID "14th cabinet" in listOrg, inserting as note.
WARN: Cant find government term with ID "14th cabinet" in listOrg, inserting as note.
WARN: Cant find government term with ID "12th cabinet" in listOrg, inserting as note.
WARN: Cant find government term with ID "13/14th cabinet" in listOrg, inserting as note.
WARN: Cant find government term with ID "14/15th cabinet" in listOrg, inserting as note.
WARN: Cant find government term with ID "13th cabinet" in listOrg, inserting as note.
WARN: Cant find government term with ID "14th cabinet" in listOrg, inserting as note.
WARN: Cant find government term with ID "15th cabinet" in listOrg, inserting as note.
WARN: Cant find government term with ID "12th cabinet" in listOrg, inserting as note.
WARN: Cant find government term with ID "13th cabinet" in listOrg, inserting as note.
WARN: Cant find government term with ID "14th cabinet" in listOrg, inserting as note.
WARN: Cant find government term with ID "15th cabinet" in listOrg, inserting as note.
WARN: Cant find government term with ID "12th cabinet" in listOrg, inserting as note.
WARN: Cant find government term with ID "13th cabinet" in listOrg, inserting as note.
WARN: Cant find government term with ID "14th cabinet" in listOrg, inserting as note.
WARN: Cant find government term with ID "14/15th cabinet" in listOrg, inserting as note.
WARN: Cant find government term with ID "12th cabinet" in listOrg, inserting as note.
WARN: Cant find government term with ID "13th cabinet" in listOrg, inserting as note.
WARN: Cant find government term with ID "13th cabinet" in listOrg, inserting as note.
WARN: Cant find government term with ID "14th cabinet" in listOrg, inserting as note.
WARN: Cant find government term with ID "15th cabinet" in listOrg, inserting as note.
WARN: Cant find government term with ID "12th cabinet" in listOrg, inserting as note.
WARN: Cant find government term with ID "13th cabinet" in listOrg, inserting as note.
WARN: Cant find government term with ID "14th cabinet" in listOrg, inserting as note.
WARN: Cant find government term with ID "15th cabinet" in listOrg, inserting as note.
WARN: Cant find government term with ID "15th cabinet" in listOrg, inserting as note.
WARN: Cant find government term with ID "15th cabinet" in listOrg, inserting as note.
WARN: Cant find government term with ID "12th cabinet" in listOrg, inserting as note.
WARN: Cant find government term with ID "13th cabinet" in listOrg, inserting as note.
WARN: Cant find government term with ID "14th cabinet" in listOrg, inserting as note.
WARN: Cant find government term with ID "14/15th cabinet" in listOrg, inserting as note.
WARN: Cant find government term with ID "12th cabinet" in listOrg, inserting as note.
WARN: Cant find government term with ID "13th cabinet" in listOrg, inserting as note.
WARN: Cant find government term with ID "14th cabinet" in listOrg, inserting as note.
WARN: Cant find government term with ID "14th cabinet" in listOrg, inserting as note.
WARN: Cant find government term with ID "14th cabinet" in listOrg, inserting as note.
WARN: Cant find government term with ID "14th cabinet" in listOrg, inserting as note.
WARN: Cant find government term with ID "12th cabinet" in listOrg, inserting as note.
WARN: Cant find government term with ID "13th cabinet" in listOrg, inserting as note.
WARN: Cant find government term with ID "14th cabinet" in listOrg, inserting as note.
WARN: Cant find government term with ID "14th cabinet" in listOrg, inserting as note.
WARN: Cant find government term with ID "15th cabinet" in listOrg, inserting as note.
WARN: Cant find government term with ID "15th cabinet" in listOrg, inserting as note.
WARN: Cant find government term with ID "12th cabinet" in listOrg, inserting as note.
WARN: Cant find government term with ID "13th cabinet" in listOrg, inserting as note.
WARN: Cant find government term with ID "14th cabinet" in listOrg, inserting as note.
WARN: Cant find government term with ID "14th cabinet" in listOrg, inserting as note.
WARN: Cant find government term with ID "15th cabinet" in listOrg, inserting as note.
WARN: Cant find government term with ID "12th cabinet" in listOrg, inserting as note.
WARN: Cant find government term with ID "13/14th cabinet" in listOrg, inserting as note.
WARN: Cant find government term with ID "14th cabinet" in listOrg, inserting as note.
WARN: Cant find government term with ID "14/15th cabinet" in listOrg, inserting as note.
WARN: Cant find government term with ID "12th cabinet" in listOrg, inserting as note.
WARN: Cant find government term with ID "13/14/15th cabinet" in listOrg, inserting as note.
WARN: Cant find government term with ID "12th cabinet" in listOrg, inserting as note.
WARN: Cant find government term with ID "13th cabinet" in listOrg, inserting as note.
WARN: Cant find government term with ID "14th cabinet" in listOrg, inserting as note.
WARN: Cant find government term with ID "14th cabinet" in listOrg, inserting as note.
WARN: Cant find government term with ID "14th cabinet" in listOrg, inserting as note.
WARN: Cant find government term with ID "15th cabinet" in listOrg, inserting as note.
WARN: Cant find government term with ID "15th cabinet" in listOrg, inserting as note.
WARN: Cant find government term with ID "12th cabinet" in listOrg, inserting as note.
WARN: Cant find government term with ID "13th cabinet" in listOrg, inserting as note.
WARN: Cant find government term with ID "13th cabinet" in listOrg, inserting as note.
WARN: Cant find government term with ID "13/14/15th cabinet" in listOrg, inserting as note.
WARN: Cant find government term with ID "12th cabinet" in listOrg, inserting as note.
WARN: Cant find government term with ID "13th cabinet" in listOrg, inserting as note.
WARN: Cant find government term with ID "14th cabinet" in listOrg, inserting as note.
WARN: Cant find government term with ID "14th cabinet" in listOrg, inserting as note.
WARN: Cant find government term with ID "15th cabinet" in listOrg, inserting as note.
WARN: Cant find government term with ID "12th cabinet" in listOrg, inserting as note.
WARN: Cant find government term with ID "13th cabinet" in listOrg, inserting as note.
WARN: Cant find government term with ID "14/15th cabinet" in listOrg, inserting as note.
WARN: Cant find government term with ID "12th cabinet" in listOrg, inserting as note.
WARN: Cant find government term with ID "13th cabinet" in listOrg, inserting as note.
WARN: Cant find government term with ID "14th cabinet" in listOrg, inserting as note.
WARN: Cant find government term with ID "15th cabinet" in listOrg, inserting as note.
WARN: Cant find government term with ID "13/14th cabinet" in listOrg, inserting as note.
WARN: Cant find government term with ID "14th cabinet" in listOrg, inserting as note.
WARN: Cant find government term with ID "15th cabinet" in listOrg, inserting as note.
INFO: Inserting affiliation member for BošnjakovićDražen from "2017-06-10" to "2020-07-23"
INFO: Inserting affiliation minister for BošnjakovićDražen from "2017-06-10" to "2020-07-23"
INFO: Inserting affiliation member for OpačićMilanka from "2011-12-23" to "2016-01-22"
INFO: Inserting affiliation minister for OpačićMilanka from "2011-12-23" to "2016-01-22"
INFO: Inserting affiliation member for PusićVesna from "2011-12-23" to "2016-01-22"
INFO: Inserting affiliation minister for PusićVesna from "2011-12-23" to "2016-01-22"
INFO: Inserting affiliation member for BaukArsen from "2011-12-23" to "2016-01-22"
INFO: Inserting affiliation minister for BaukArsen from "2011-12-23" to "2016-01-22"
INFO: Inserting affiliation member for CappelliGari from "2016-10-20" to "2020-07-23"
INFO: Inserting affiliation minister for CappelliGari from "2016-10-20" to "2020-07-23"
INFO: Inserting affiliation member for GrčićBranko from "2011-12-23" to "2016-01-22"
INFO: Inserting affiliation minister for GrčićBranko from "2011-12-23" to "2016-01-22"
INFO: Inserting affiliation member for KotromanovićAnte from "2011-12-23" to "2016-01-22"
INFO: Inserting affiliation minister for KotromanovićAnte from "2011-12-23" to "2016-01-22"
INFO: Inserting affiliation member for MarićGoran from "2016-11-15" to "2019-07-15"
INFO: Inserting affiliation minister for MarićGoran from "2016-11-15" to "2019-07-15"
INFO: Inserting affiliation member for MrsićMirando from "2011-12-23" to "2016-01-22"
INFO: Inserting affiliation minister for MrsićMirando from "2011-12-23" to "2016-01-22"
INFO: Inserting affiliation member for OstojićRanko from "2011-12-13" to "2016-01-22"
INFO: Inserting affiliation minister for OstojićRanko from "2011-12-13" to "2016-01-22"
INFO: Inserting affiliation member for PejčinovićBurićMarija from "2017-06-20" to "2019-07-22"
INFO: Inserting affiliation minister for PejčinovićBurićMarija from "2017-06-20" to "2019-07-22"
INFO: Inserting affiliation member for BožinovićDavor from "2017-06-10" to ""
INFO: Inserting affiliation minister for BožinovićDavor from "2017-06-10" to ""
INFO: Inserting affiliation member for MurganićNada from "2016-10-20" to "2019-07-17"
INFO: Inserting affiliation minister for MurganićNada from "2016-10-20" to "2019-07-17"
INFO: Inserting affiliation member for ZmajlovićMihael from "2012-06-13" to "2016-01-22"
INFO: Inserting affiliation minister for ZmajlovićMihael from "2012-06-13" to "2016-01-22"
INFO: Inserting affiliation member for DalićMartina from "2016-10-20" to "2018-05-14"
INFO: Inserting affiliation minister for DalićMartina from "2016-10-20" to "2018-05-14"
INFO: Inserting affiliation member for StierDavorIvo from "2016-10-20" to "2017-06-19"
INFO: Inserting affiliation minister for StierDavorIvo from "2016-10-20" to "2017-06-19"
INFO: Inserting affiliation member for HajdašDončićSiniša from "2012-04-18" to "2016-01-22"
INFO: Inserting affiliation minister for HajdašDončićSiniša from "2012-04-18" to "2016-01-22"
INFO: Inserting affiliation member for JakovinaTihomir from "2011-12-23" to "2016-01-22"
INFO: Inserting affiliation minister for JakovinaTihomir from "2011-12-23" to "2016-01-22"
INFO: Inserting affiliation member for KrstičevićDamir from "2016-10-20" to "2020-05-08"
INFO: Inserting affiliation minister for KrstičevićDamir from "2016-10-20" to "2020-05-08"
INFO: Inserting affiliation member for VrdoljakIvan from "2012-11-16" to "2016-01-22"
INFO: Inserting affiliation minister for VrdoljakIvan from "2012-11-16" to "2016-01-22"
INFO: Inserting affiliation member for ĆorićTomislav from "2020-07-24" to "2022-04-29"
INFO: Inserting affiliation minister for ĆorićTomislav from "2020-07-24" to "2022-04-29"
INFO: Inserting affiliation member for ĆorićTomislav from "2017-06-10" to ""
INFO: Inserting affiliation minister for ĆorićTomislav from "2017-06-10" to ""
INFO: Inserting affiliation member for ĆorićTomislav from "2016-10-20" to "2017-06-09"
INFO: Inserting affiliation minister for ĆorićTomislav from "2016-10-20" to "2017-06-09"
INFO: Inserting affiliation member for KovačićIvan from "2016-10-20" to "2017-04-28"
INFO: Inserting affiliation minister for KovačićIvan from "2016-10-20" to "2017-04-28"
INFO: Inserting affiliation member for LalovacBoris from "2014-05-06" to "2016-01-22"
INFO: Inserting affiliation minister for LalovacBoris from "2014-05-06" to "2016-01-22"
INFO: Inserting affiliation member for MatićPredrag from "2011-12-23" to "2016-01-22"
INFO: Inserting affiliation minister for MatićPredrag from "2011-12-23" to "2016-01-22"
INFO: Inserting affiliation member for MiljenićOrsat from "2011-12-23" to "2016-01-22"
INFO: Inserting affiliation minister for MiljenićOrsat from "2011-12-23" to "2016-01-22"
INFO: Inserting affiliation member for MrakTaritašAnka from "2012-11-16" to "2016-01-22"
INFO: Inserting affiliation minister for MrakTaritašAnka from "2012-11-16" to "2016-01-22"
INFO: Inserting affiliation member for VargaSiniša from "2014-06-11" to "2016-01-22"
INFO: Inserting affiliation minister for VargaSiniša from "2014-06-11" to "2016-01-22"
INFO: Inserting affiliation member for ButkovićOleg from "2016-01-23" to ""
INFO: Inserting affiliation minister for ButkovićOleg from "2016-01-23" to ""
INFO: Inserting affiliation member for DobrovićSlaven from "2016-01-23" to "2017-04-27"
INFO: Inserting affiliation minister for DobrovićSlaven from "2016-01-23" to "2017-04-27"
INFO: Inserting affiliation member for HorvatDarko from "2020-07-24" to "2022-02-19"
INFO: Inserting affiliation minister for HorvatDarko from "2020-07-24" to "2022-02-19"
INFO: Inserting affiliation member for HorvatDarko from "2018-05-25" to "2020-07-23"
INFO: Inserting affiliation minister for HorvatDarko from "2018-05-25" to "2020-07-23"
INFO: Inserting affiliation member for KlimanAnton from "2016-01-23" to "2016-10-19"
INFO: Inserting affiliation minister for KlimanAnton from "2016-01-23" to "2016-10-19"
INFO: Inserting affiliation member for KovačMiro from "2016-01-23" to "2016-10-19"
INFO: Inserting affiliation minister for KovačMiro from "2016-01-23" to "2016-10-19"
INFO: Inserting affiliation member for PanenićTomislav from "2016-01-23" to "2016-10-19"
INFO: Inserting affiliation minister for PanenićTomislav from "2016-01-23" to "2016-10-19"
INFO: Inserting affiliation member for ŠtromarPredrag from "2017-06-10" to "2020-07-23"
INFO: Inserting affiliation minister for ŠtromarPredrag from "2017-06-10" to "2020-07-23"
INFO: Inserting affiliation member for TolušićTomislav from "2016-10-20" to "2019-07-17"
INFO: Inserting affiliation minister for TolušićTomislav from "2016-10-20" to "2019-07-17"
INFO: Inserting affiliation member for TolušićTomislav from "2016-01-23" to "2016-10-19"
INFO: Inserting affiliation minister for TolušićTomislav from "2016-01-23" to "2016-10-19"
INFO: Inserting affiliation member for BedekovićVesna from "2019-07-22" to ""
INFO: Inserting affiliation minister for BedekovićVesna from "2019-07-22" to ""
INFO: Inserting affiliation member for HasanbegovićZlatko from "2016-01-23" to "2016-10-19"
INFO: Inserting affiliation minister for HasanbegovićZlatko from "2016-01-23" to "2016-10-19"
INFO: Inserting affiliation member for OrepićVlaho from "2016-01-23" to "2017-04-27"
INFO: Inserting affiliation minister for OrepićVlaho from "2016-01-23" to "2017-04-27"
INFO: Inserting affiliation member for RomićDavor from "2016-01-23" to "2016-10-19"
INFO: Inserting affiliation minister for RomićDavor from "2016-01-23" to "2016-10-19"
INFO: Inserting affiliation member for KujundžićMilan from "2016-10-20" to "2020-01-28"
INFO: Inserting affiliation minister for KujundžićMilan from "2016-10-20" to "2020-01-28"
INFO: Inserting affiliation member for KuščevićLovro from "2016-01-23" to "2017-06-09"
INFO: Inserting affiliation minister for KuščevićLovro from "2016-01-23" to "2017-06-09"
INFO: Inserting affiliation member for KuščevićLovro from "2017-06-10" to "2019-07-08"
INFO: Inserting affiliation minister for KuščevićLovro from "2017-06-10" to "2019-07-08"
INFO: Inserting affiliation member for MarićZdravko from "2016-01-23" to "2022-07-05"
INFO: Inserting affiliation minister for MarićZdravko from "2016-01-23" to "2022-07-05"
INFO: Inserting affiliation member for MedvedTomo from "2016-03-22" to ""
INFO: Inserting affiliation minister for MedvedTomo from "2016-03-22" to ""
INFO: Inserting affiliation member for AladrovićJosip from "2019-07-22" to "2020-07-23"
INFO: Inserting affiliation minister for AladrovićJosip from "2019-07-22" to "2020-07-23"
INFO: Inserting affiliation member for AladrovićJosip from "2020-07-24" to "2022-04-29"
INFO: Inserting affiliation minister for AladrovićJosip from "2020-07-24" to "2022-04-29"
INFO: Inserting affiliation member for BanožićMario from "2020-07-23" to ""
INFO: Inserting affiliation minister for BanožićMario from "2020-07-23" to ""
INFO: Inserting affiliation member for BanožićMario from "2019-07-22" to "2020-07-23"
INFO: Inserting affiliation minister for BanožićMario from "2019-07-22" to "2020-07-23"
INFO: Inserting affiliation member for BerošVili from "2020-01-31" to ""
INFO: Inserting affiliation minister for BerošVili from "2020-01-31" to ""
INFO: Inserting affiliation member for GrlićRadmanGordan from "2019-07-23" to ""
INFO: Inserting affiliation minister for GrlićRadmanGordan from "2019-07-23" to ""
INFO: Inserting affiliation member for MalenicaIvan from "2020-07-24" to ""
INFO: Inserting affiliation minister for MalenicaIvan from "2020-07-24" to ""
INFO: Inserting affiliation member for MalenicaIvan from "2019-07-22" to "2020-07-23"
INFO: Inserting affiliation minister for MalenicaIvan from "2019-07-22" to "2020-07-23"
INFO: Inserting affiliation member for NađVesna from "2016-01-29" to "2016-03-21"
INFO: Inserting affiliation minister for NađVesna from "2016-01-29" to "2016-03-21"
INFO: Inserting affiliation member for ObuljenKoržinekNina from "2016-10-20" to ""
INFO: Inserting affiliation minister for ObuljenKoržinekNina from "2016-10-20" to ""
INFO: Inserting affiliation member for PavićMarko from "2019-07-22" to "2020-07-23"
INFO: Inserting affiliation minister for PavićMarko from "2019-07-22" to "2020-07-23"
INFO: Inserting affiliation member for PavićMarko from "2017-06-09" to "2019-07-17"
INFO: Inserting affiliation minister for PavićMarko from "2017-06-09" to "2019-07-17"
INFO: Inserting affiliation member for PiletićMarin from "2022-04-30" to ""
INFO: Inserting affiliation minister for PiletićMarin from "2022-04-30" to ""
INFO: Inserting affiliation member for ŠimpragaAnja from "2020-04-29" to ""
INFO: Inserting affiliation minister for ŠimpragaAnja from "2020-04-29" to ""
INFO: Inserting affiliation member for TramišakNataša from "2020-07-24" to ""
INFO: Inserting affiliation minister for TramišakNataša from "2020-07-24" to ""
INFO: Inserting affiliation member for BuljevićJosip from "2016-01-23" to "2016-10-19"
INFO: Inserting affiliation minister for BuljevićJosip from "2016-01-23" to "2016-10-19"
INFO: Inserting affiliation member for BarišićPavo from "2016-10-20" to "2019-06-09"
INFO: Inserting affiliation minister for BarišićPavo from "2016-10-20" to "2019-06-09"
INFO: Inserting affiliation member for VučkovićMarija from "2019-07-22" to ""
INFO: Inserting affiliation minister for VučkovićMarija from "2019-07-22" to ""
INFO: Inserting affiliation member for CrnojaMijo from "2016-01-23" to "2016-01-28"
INFO: Inserting affiliation minister for CrnojaMijo from "2016-01-23" to "2016-01-28"
INFO: Inserting affiliation member for LorencinDarko from "2013-03-19" to "2016-01-22"
INFO: Inserting affiliation minister for LorencinDarko from "2013-03-19" to "2016-01-22"
INFO: Inserting affiliation member for ŠikićNada from "2016-01-23" to "2016-10-19"
INFO: Inserting affiliation minister for ŠikićNada from "2016-01-23" to "2016-10-19"
INFO: Inserting affiliation member for ŠprljeAnte from "2016-01-23" to "2017-04-27"
INFO: Inserting affiliation minister for ŠprljeAnte from "2016-01-23" to "2017-04-27"
INFO: Inserting affiliation member for ŽalacGabrijela from "2016-10-20" to "2019-07-17"
INFO: Inserting affiliation minister for ŽalacGabrijela from "2016-10-20" to "2019-07-17"
INFO: Inserting affiliation member for JuretićBernardica from "2016-01-23" to "2016-10-19"
INFO: Inserting affiliation minister for JuretićBernardica from "2016-01-23" to "2016-10-19"
INFO: Inserting affiliation member for DivjakBlaženka from "2017-06-10" to "2020-07-23"
INFO: Inserting affiliation minister for DivjakBlaženka from "2017-06-10" to "2020-07-23"
INFO: Inserting affiliation member for ŠiljegMario from "2017-04-28" to "2017-06-09"
INFO: Inserting affiliation minister for ŠiljegMario from "2017-04-28" to "2017-06-09"
INFO: Inserting affiliation member for FuchsRadovan from "2020-07-24" to ""
INFO: Inserting affiliation minister for FuchsRadovan from "2020-07-24" to ""
INFO: Inserting affiliation member for PrimoracMarko from "2022-07-15" to ""
INFO: Inserting affiliation minister for PrimoracMarko from "2022-07-15" to ""
INFO: Inserting affiliation member for NakićDario from "2016-01-23" to "2016-10-19"
INFO: Inserting affiliation minister for NakićDario from "2016-01-23" to "2016-10-19"
INFO: Inserting affiliation member for FilipovićDavor from "2022-04-30" to ""
INFO: Inserting affiliation minister for FilipovićDavor from "2022-04-30" to ""
INFO: Inserting affiliation member for ŠustarPredrag from "2016-01-23" to "2016-10-19"
INFO: Inserting affiliation minister for ŠustarPredrag from "2016-01-23" to "2016-10-19"
INFO: Inserting affiliation member for NekićDarko from "2017-04-29" to "2017-06-09"
INFO: Inserting affiliation minister for NekićDarko from "2017-04-29" to "2017-06-09"
INFO: Inserting affiliation member for BrnjacNikolina from "2020-07-24" to ""
INFO: Inserting affiliation minister for BrnjacNikolina from "2020-07-24" to ""
INFO: Inserting affiliation member for MornarVedran from "2014-06-11" to "2016-01-22"
INFO: Inserting affiliation minister for MornarVedran from "2014-06-11" to "2016-01-22"
INFO: Inserting affiliation member for MagašDunja from "2022-02-21" to "2022-03-09"
INFO: Inserting affiliation minister for MagašDunja from "2022-02-21" to "2022-03-09"
INFO: Inserting affiliation member for TurkaljKristian from "2017-04-28" to "2017-06-09"
INFO: Inserting affiliation minister for TurkaljKristian from "2017-04-28" to "2017-06-09"
INFO: Inserting affiliation member for ŠipušBerislav from "2015-03-25" to "2016-01-22"
INFO: Inserting affiliation minister for ŠipušBerislav from "2015-03-25" to "2016-01-22"
INFO: Inserting affiliation member for JurlinaAlibegovićDubravka from "2016-01-23" to "2016-10-19"
INFO: Inserting affiliation minister for JurlinaAlibegovićDubravka from "2016-01-23" to "2016-10-19"
INFO: Inserting affiliation member for PaladinaIvan from "2022-03-10" to ""
INFO: Inserting affiliation minister for PaladinaIvan from "2022-03-10" to ""
INFO: Adding TSV metadata for Sex info
