INFO: *****Converting AT
INFO: ***Making AT samples
INFO: selecting meta file ParlaMint-taxonomy-parla.legislature.xml
INFO: selecting meta file ParlaMint-taxonomy-speaker_types.xml
INFO: selecting meta file ParlaMint-taxonomy-subcorpus.xml
INFO: selecting meta file ParlaMint-taxonomy-CHES.xml
INFO: selecting meta file ParlaMint-taxonomy-politicalOrientation.xml
INFO: selecting meta file ParlaMint-AT-listOrg.xml
INFO: selecting meta file ParlaMint-AT-listPerson.xml
INFO: from 1221 component files  selecting ~3 files:
INFO: selecting component file 2005/ParlaMint-AT_2005-04-27-022-XXII-NRSITZ-00108.xml
INFO: selecting component file 2015/ParlaMint-AT_2015-01-14-025-XXV-NRSITZ-00058.xml
INFO: selecting component file 2022/ParlaMint-AT_2022-10-12-027-XXVII-NRSITZ-00178.xml
INFO: Converting directory /project/corpora/Parla/ParlaMint/ParlaMint/Corpora/Master/ParlaMint-AT
INFO: Making text files
INFO: converting ParlaMint-AT_2015-01-14-025-XXV-NRSITZ-00058 to text file
INFO: converting ParlaMint-AT_2005-04-27-022-XXII-NRSITZ-00108 to text file
INFO: converting ParlaMint-AT_2022-10-12-027-XXVII-NRSITZ-00178 to text file
INFO: Making metadata files
INFO: Converting ParlaMint-AT_2015-01-14-025-XXV-NRSITZ-00058 to metadata TSV
INFO: Converting ParlaMint-AT_2005-04-27-022-XXII-NRSITZ-00108 to metadata TSV
INFO: Converting ParlaMint-AT_2022-10-12-027-XXVII-NRSITZ-00178 to metadata TSV
INFO: Converting ParlaMint-AT_2005-04-27-022-XXII-NRSITZ-00108 to metadata TSV
INFO: Converting ParlaMint-AT_2015-01-14-025-XXV-NRSITZ-00058 to metadata TSV
INFO: Converting ParlaMint-AT_2022-10-12-027-XXVII-NRSITZ-00178 to metadata TSV
INFO: selecting meta file ParlaMint-taxonomy-parla.legislature.xml
INFO: selecting meta file ParlaMint-taxonomy-speaker_types.xml
INFO: selecting meta file ParlaMint-taxonomy-subcorpus.xml
INFO: selecting meta file ParlaMint-taxonomy-UD-SYN.ana.xml
INFO: selecting meta file ParlaMint-taxonomy-NER.ana.xml
INFO: selecting meta file ParlaMint-taxonomy-CHES.xml
INFO: selecting meta file ParlaMint-taxonomy-politicalOrientation.xml
INFO: selecting meta file ParlaMint-AT-listOrg.xml
INFO: selecting meta file ParlaMint-AT-listPerson.xml
INFO: from 1221 component files  selecting ~3 files:
INFO: selecting component file 2005/ParlaMint-AT_2005-04-27-022-XXII-NRSITZ-00108.ana.xml
INFO: selecting component file 2015/ParlaMint-AT_2015-01-14-025-XXV-NRSITZ-00058.ana.xml
INFO: selecting component file 2022/ParlaMint-AT_2022-10-12-027-XXVII-NRSITZ-00178.ana.xml
INFO: Converting directory /project/corpora/Parla/ParlaMint/ParlaMint/Corpora/Master/ParlaMint-AT
INFO: Converting ParlaMint-AT_2005-04-27-022-XXII-NRSITZ-00108.ana to vertical
INFO: Converting ParlaMint-AT_2015-01-14-025-XXV-NRSITZ-00058.ana to vertical
INFO: Converting ParlaMint-AT_2022-10-12-027-XXVII-NRSITZ-00178.ana to vertical
INFO: Converting directory /project/corpora/Parla/ParlaMint/ParlaMint/Corpora/Master/ParlaMint-AT
INFO: Converting ParlaMint-AT_2015-01-14-025-XXV-NRSITZ-00058.ana to metadata TSV
INFO: Converting ParlaMint-AT_2005-04-27-022-XXII-NRSITZ-00108.ana to metadata TSV
INFO: Converting ParlaMint-AT_2022-10-12-027-XXVII-NRSITZ-00178.ana to metadata TSV
INFO: Converting ParlaMint-AT_2015-01-14-025-XXV-NRSITZ-00058.ana to metadata TSV
INFO: Converting ParlaMint-AT_2005-04-27-022-XXII-NRSITZ-00108.ana to metadata TSV
INFO: Converting ParlaMint-AT_2022-10-12-027-XXVII-NRSITZ-00178.ana to metadata TSV
/project/corpora/Parla/ParlaMint/ParlaMint/Corpora/Master/ParlaMint-AT/ParlaMint-AT_2005-04-27-022-XXII-NRSITZ-00108.ana-meta-en.tsv not renamed: /project/corpora/Parla/ParlaMint/ParlaMint/Corpora/Master/ParlaMint-AT/ParlaMint-AT_2005-04-27-022-XXII-NRSITZ-00108-meta-en.tsv already exists
/project/corpora/Parla/ParlaMint/ParlaMint/Corpora/Master/ParlaMint-AT/ParlaMint-AT_2015-01-14-025-XXV-NRSITZ-00058.ana-meta-en.tsv not renamed: /project/corpora/Parla/ParlaMint/ParlaMint/Corpora/Master/ParlaMint-AT/ParlaMint-AT_2015-01-14-025-XXV-NRSITZ-00058-meta-en.tsv already exists
/project/corpora/Parla/ParlaMint/ParlaMint/Corpora/Master/ParlaMint-AT/ParlaMint-AT_2022-10-12-027-XXVII-NRSITZ-00178.ana-meta-en.tsv not renamed: /project/corpora/Parla/ParlaMint/ParlaMint/Corpora/Master/ParlaMint-AT/ParlaMint-AT_2022-10-12-027-XXVII-NRSITZ-00178-meta-en.tsv already exists
*** PASSED ***
*** PASSED ***
*** PASSED ***
*** PASSED ***
*** PASSED ***
*** PASSED ***
INFO: ***Finished processing AT corpus.
INFO: *****Converting AT-en
INFO: ***Making AT-en samples
WARN: No TEI files for AT-en samples (needed root file is /project/corpora/Parla/ParlaMint/ParlaMint/Corpora/Master/ParlaMint-AT-en.TEI/ParlaMint-AT-en.xml)
INFO: selecting meta file ParlaMint-taxonomy-parla.legislature.xml
INFO: selecting meta file ParlaMint-taxonomy-speaker_types.xml
INFO: selecting meta file ParlaMint-taxonomy-subcorpus.xml
INFO: selecting meta file ParlaMint-taxonomy-NER.ana.xml
INFO: selecting meta file ParlaMint-taxonomy-CHES.xml
INFO: selecting meta file ParlaMint-taxonomy-politicalOrientation.xml
INFO: selecting meta file ParlaMint-taxonomy-USAS.ana.xml
INFO: selecting meta file ParlaMint-AT-listOrg.xml
INFO: selecting meta file ParlaMint-AT-listPerson.xml
INFO: from 1221 component files  selecting ~3 files:
INFO: selecting component file 2005/ParlaMint-AT-en_2005-04-27-022-XXII-NRSITZ-00108.ana.xml
INFO: selecting component file 2015/ParlaMint-AT-en_2015-01-14-025-XXV-NRSITZ-00058.ana.xml
INFO: selecting component file 2022/ParlaMint-AT-en_2022-10-12-027-XXVII-NRSITZ-00178.ana.xml
INFO: Converting directory /project/corpora/Parla/ParlaMint/ParlaMint/Corpora/Master/ParlaMint-AT-en
INFO: Converting ParlaMint-AT-en_2005-04-27-022-XXII-NRSITZ-00108.ana to vertical
INFO: Converting ParlaMint-AT-en_2015-01-14-025-XXV-NRSITZ-00058.ana to vertical
INFO: Converting ParlaMint-AT-en_2022-10-12-027-XXVII-NRSITZ-00178.ana to vertical
WARN: registry file parlamint41_at_en not found
INFO: Converting directory /project/corpora/Parla/ParlaMint/ParlaMint/Corpora/Master/ParlaMint-AT-en
INFO: Converting ParlaMint-AT-en_2005-04-27-022-XXII-NRSITZ-00108.ana to metadata TSV
INFO: Converting ParlaMint-AT-en_2015-01-14-025-XXV-NRSITZ-00058.ana to metadata TSV
INFO: Converting ParlaMint-AT-en_2022-10-12-027-XXVII-NRSITZ-00178.ana to metadata TSV
*** PASSED ***
*** PASSED ***
*** PASSED ***
*** PASSED ***
*** PASSED ***
*** PASSED ***
INFO: ***Finished processing AT-en corpus.
