INFO: *****Converting FR
INFO: ***Making FR samples
INFO: selecting meta file ParlaMint-taxonomy-parla.legislature.xml
INFO: selecting meta file ParlaMint-taxonomy-speaker_types.xml
INFO: selecting meta file ParlaMint-taxonomy-subcorpus.xml
INFO: selecting meta file ParlaMint-taxonomy-CHES.xml
INFO: selecting meta file ParlaMint-taxonomy-politicalOrientation.xml
INFO: selecting meta file ParlaMint-FR-listOrg.xml
INFO: selecting meta file ParlaMint-FR-listPerson.xml
INFO: from 1564 component files  selecting ~3 files:
INFO: selecting component file 2019/ParlaMint-FR_2019-01-16-O1119.xml
INFO: selecting component file 2020/ParlaMint-FR_2020-10-01-O1003.xml
INFO: selecting component file 2022/ParlaMint-FR_2022-06-28-O1169.xml
INFO: Converting directory /project/corpora/Parla/ParlaMint/ParlaMint/Corpora/Master/ParlaMint-FR
INFO: Making text files
INFO: converting ParlaMint-FR_2019-01-16-O1119 to text file
INFO: converting ParlaMint-FR_2020-10-01-O1003 to text file
INFO: converting ParlaMint-FR_2022-06-28-O1169 to text file
INFO: Making metadata files
INFO: Converting ParlaMint-FR_2020-10-01-O1003 to metadata TSV
INFO: Converting ParlaMint-FR_2019-01-16-O1119 to metadata TSV
INFO: Converting ParlaMint-FR_2022-06-28-O1169 to metadata TSV
INFO: Converting ParlaMint-FR_2022-06-28-O1169 to metadata TSV
INFO: Converting ParlaMint-FR_2020-10-01-O1003 to metadata TSV
INFO: Converting ParlaMint-FR_2019-01-16-O1119 to metadata TSV
INFO: selecting meta file ParlaMint-taxonomy-parla.legislature.xml
INFO: selecting meta file ParlaMint-taxonomy-speaker_types.xml
INFO: selecting meta file ParlaMint-taxonomy-subcorpus.xml
INFO: selecting meta file ParlaMint-taxonomy-NER.ana.xml
INFO: selecting meta file ParlaMint-taxonomy-UD-SYN.ana.xml
INFO: selecting meta file ParlaMint-taxonomy-CHES.xml
INFO: selecting meta file ParlaMint-taxonomy-politicalOrientation.xml
INFO: selecting meta file ParlaMint-FR-listOrg.xml
INFO: selecting meta file ParlaMint-FR-listPerson.xml
INFO: from 1564 component files  selecting ~3 files:
INFO: selecting component file 2019/ParlaMint-FR_2019-01-16-O1119.ana.xml
INFO: selecting component file 2020/ParlaMint-FR_2020-10-01-O1003.ana.xml
INFO: selecting component file 2022/ParlaMint-FR_2022-06-28-O1169.ana.xml
INFO: Converting directory /project/corpora/Parla/ParlaMint/ParlaMint/Corpora/Master/ParlaMint-FR
INFO: Converting ParlaMint-FR_2019-01-16-O1119.ana to vertical
INFO: Converting ParlaMint-FR_2020-10-01-O1003.ana to vertical
INFO: Converting ParlaMint-FR_2022-06-28-O1169.ana to vertical
INFO: Converting directory /project/corpora/Parla/ParlaMint/ParlaMint/Corpora/Master/ParlaMint-FR
INFO: Converting ParlaMint-FR_2019-01-16-O1119.ana to metadata TSV
INFO: Converting ParlaMint-FR_2022-06-28-O1169.ana to metadata TSV
INFO: Converting ParlaMint-FR_2020-10-01-O1003.ana to metadata TSV
INFO: Converting ParlaMint-FR_2020-10-01-O1003.ana to metadata TSV
INFO: Converting ParlaMint-FR_2019-01-16-O1119.ana to metadata TSV
INFO: Converting ParlaMint-FR_2022-06-28-O1169.ana to metadata TSV
/project/corpora/Parla/ParlaMint/ParlaMint/Corpora/Master/ParlaMint-FR/ParlaMint-FR_2019-01-16-O1119.ana-meta-en.tsv not renamed: /project/corpora/Parla/ParlaMint/ParlaMint/Corpora/Master/ParlaMint-FR/ParlaMint-FR_2019-01-16-O1119-meta-en.tsv already exists
/project/corpora/Parla/ParlaMint/ParlaMint/Corpora/Master/ParlaMint-FR/ParlaMint-FR_2020-10-01-O1003.ana-meta-en.tsv not renamed: /project/corpora/Parla/ParlaMint/ParlaMint/Corpora/Master/ParlaMint-FR/ParlaMint-FR_2020-10-01-O1003-meta-en.tsv already exists
/project/corpora/Parla/ParlaMint/ParlaMint/Corpora/Master/ParlaMint-FR/ParlaMint-FR_2022-06-28-O1169.ana-meta-en.tsv not renamed: /project/corpora/Parla/ParlaMint/ParlaMint/Corpora/Master/ParlaMint-FR/ParlaMint-FR_2022-06-28-O1169-meta-en.tsv already exists
*** PASSED ***
*** PASSED ***
*** PASSED ***
*** PASSED ***
*** PASSED ***
*** PASSED ***
INFO: ***Finished processing FR corpus.
INFO: *****Converting FR-en
INFO: ***Making FR-en samples
WARN: No TEI files for FR-en samples (needed root file is /project/corpora/Parla/ParlaMint/ParlaMint/Corpora/Master/ParlaMint-FR-en.TEI/ParlaMint-FR-en.xml)
INFO: selecting meta file ParlaMint-taxonomy-parla.legislature.xml
INFO: selecting meta file ParlaMint-taxonomy-speaker_types.xml
INFO: selecting meta file ParlaMint-taxonomy-subcorpus.xml
INFO: selecting meta file ParlaMint-taxonomy-NER.ana.xml
INFO: selecting meta file ParlaMint-taxonomy-CHES.xml
INFO: selecting meta file ParlaMint-taxonomy-politicalOrientation.xml
INFO: selecting meta file ParlaMint-taxonomy-USAS.ana.xml
INFO: selecting meta file ParlaMint-FR-listOrg.xml
INFO: selecting meta file ParlaMint-FR-listPerson.xml
INFO: from 1564 component files  selecting ~3 files:
INFO: selecting component file 2019/ParlaMint-FR-en_2019-01-16-O1119.ana.xml
INFO: selecting component file 2020/ParlaMint-FR-en_2020-10-01-O1003.ana.xml
INFO: selecting component file 2022/ParlaMint-FR-en_2022-06-28-O1169.ana.xml
INFO: Converting directory /project/corpora/Parla/ParlaMint/ParlaMint/Corpora/Master/ParlaMint-FR-en
INFO: Converting ParlaMint-FR-en_2020-10-01-O1003.ana to vertical
INFO: Converting ParlaMint-FR-en_2019-01-16-O1119.ana to vertical
INFO: Converting ParlaMint-FR-en_2022-06-28-O1169.ana to vertical
WARN: registry file parlamint41_fr_en not found
INFO: Converting directory /project/corpora/Parla/ParlaMint/ParlaMint/Corpora/Master/ParlaMint-FR-en
INFO: Converting ParlaMint-FR-en_2019-01-16-O1119.ana to metadata TSV
INFO: Converting ParlaMint-FR-en_2022-06-28-O1169.ana to metadata TSV
INFO: Converting ParlaMint-FR-en_2020-10-01-O1003.ana to metadata TSV
*** PASSED ***
*** PASSED ***
*** PASSED ***
*** PASSED ***
*** PASSED ***
*** PASSED ***
INFO: ***Finished processing FR-en corpus.
