INFO: *****Converting BG
INFO: ***Making BG samples
INFO: selecting meta file ParlaMint-taxonomy-parla.legislature.xml
INFO: selecting meta file ParlaMint-taxonomy-speaker_types.xml
INFO: selecting meta file ParlaMint-taxonomy-subcorpus.xml
INFO: selecting meta file ParlaMint-taxonomy-CHES.xml
INFO: selecting meta file ParlaMint-taxonomy-politicalOrientation.xml
INFO: selecting meta file ParlaMint-BG-listOrg.xml
INFO: selecting meta file ParlaMint-BG-listPerson.xml
INFO: from 921 component files  selecting ~3 files:
INFO: selecting component file 2017/ParlaMint-BG_2017-05-11.xml
INFO: selecting component file 2019/ParlaMint-BG_2019-10-03.xml
INFO: selecting component file 2022/ParlaMint-BG_2022-07-29.xml
INFO: Converting directory /project/corpora/Parla/ParlaMint/ParlaMint/Corpora/Master/ParlaMint-BG
INFO: Making text files
INFO: converting ParlaMint-BG_2019-10-03 to text file
INFO: converting ParlaMint-BG_2022-07-29 to text file
INFO: converting ParlaMint-BG_2017-05-11 to text file
INFO: Making metadata files
INFO: Converting ParlaMint-BG_2019-10-03 to metadata TSV
INFO: Converting ParlaMint-BG_2022-07-29 to metadata TSV
INFO: Converting ParlaMint-BG_2017-05-11 to metadata TSV
INFO: Converting ParlaMint-BG_2019-10-03 to metadata TSV
INFO: Converting ParlaMint-BG_2022-07-29 to metadata TSV
INFO: Converting ParlaMint-BG_2017-05-11 to metadata TSV
INFO: selecting meta file ParlaMint-taxonomy-parla.legislature.xml
INFO: selecting meta file ParlaMint-taxonomy-speaker_types.xml
INFO: selecting meta file ParlaMint-taxonomy-subcorpus.xml
INFO: selecting meta file ParlaMint-taxonomy-NER.ana.xml
INFO: selecting meta file ParlaMint-taxonomy-UD-SYN.ana.xml
INFO: selecting meta file ParlaMint-taxonomy-CHES.xml
INFO: selecting meta file ParlaMint-taxonomy-politicalOrientation.xml
INFO: selecting meta file ParlaMint-BG-listOrg.xml
INFO: selecting meta file ParlaMint-BG-listPerson.xml
INFO: from 921 component files  selecting ~3 files:
INFO: selecting component file 2017/ParlaMint-BG_2017-05-11.ana.xml
INFO: selecting component file 2019/ParlaMint-BG_2019-10-03.ana.xml
INFO: selecting component file 2022/ParlaMint-BG_2022-07-29.ana.xml
INFO: Converting directory /project/corpora/Parla/ParlaMint/ParlaMint/Corpora/Master/ParlaMint-BG
INFO: Converting ParlaMint-BG_2017-05-11.ana to vertical
INFO: Converting ParlaMint-BG_2019-10-03.ana to vertical
INFO: Converting ParlaMint-BG_2022-07-29.ana to vertical
INFO: Converting directory /project/corpora/Parla/ParlaMint/ParlaMint/Corpora/Master/ParlaMint-BG
INFO: Converting ParlaMint-BG_2019-10-03.ana to metadata TSV
INFO: Converting ParlaMint-BG_2017-05-11.ana to metadata TSV
INFO: Converting ParlaMint-BG_2022-07-29.ana to metadata TSV
INFO: Converting ParlaMint-BG_2019-10-03.ana to metadata TSV
INFO: Converting ParlaMint-BG_2017-05-11.ana to metadata TSV
INFO: Converting ParlaMint-BG_2022-07-29.ana to metadata TSV
/project/corpora/Parla/ParlaMint/ParlaMint/Corpora/Master/ParlaMint-BG/ParlaMint-BG_2017-05-11.ana-meta-en.tsv not renamed: /project/corpora/Parla/ParlaMint/ParlaMint/Corpora/Master/ParlaMint-BG/ParlaMint-BG_2017-05-11-meta-en.tsv already exists
/project/corpora/Parla/ParlaMint/ParlaMint/Corpora/Master/ParlaMint-BG/ParlaMint-BG_2019-10-03.ana-meta-en.tsv not renamed: /project/corpora/Parla/ParlaMint/ParlaMint/Corpora/Master/ParlaMint-BG/ParlaMint-BG_2019-10-03-meta-en.tsv already exists
/project/corpora/Parla/ParlaMint/ParlaMint/Corpora/Master/ParlaMint-BG/ParlaMint-BG_2022-07-29.ana-meta-en.tsv not renamed: /project/corpora/Parla/ParlaMint/ParlaMint/Corpora/Master/ParlaMint-BG/ParlaMint-BG_2022-07-29-meta-en.tsv already exists
*** PASSED ***
*** PASSED ***
*** PASSED ***
*** PASSED ***
*** PASSED ***
*** PASSED ***
INFO: ***Finished processing BG corpus.
INFO: *****Converting BG-en
INFO: ***Making BG-en samples
WARN: No TEI files for BG-en samples (needed root file is /project/corpora/Parla/ParlaMint/ParlaMint/Corpora/Master/ParlaMint-BG-en.TEI/ParlaMint-BG-en.xml)
INFO: selecting meta file ParlaMint-taxonomy-parla.legislature.xml
INFO: selecting meta file ParlaMint-taxonomy-speaker_types.xml
INFO: selecting meta file ParlaMint-taxonomy-subcorpus.xml
INFO: selecting meta file ParlaMint-taxonomy-NER.ana.xml
INFO: selecting meta file ParlaMint-taxonomy-CHES.xml
INFO: selecting meta file ParlaMint-taxonomy-politicalOrientation.xml
INFO: selecting meta file ParlaMint-taxonomy-USAS.ana.xml
INFO: selecting meta file ParlaMint-BG-listOrg.xml
INFO: selecting meta file ParlaMint-BG-listPerson.xml
INFO: from 921 component files  selecting ~3 files:
INFO: selecting component file 2017/ParlaMint-BG-en_2017-05-11.ana.xml
INFO: selecting component file 2019/ParlaMint-BG-en_2019-10-03.ana.xml
INFO: selecting component file 2022/ParlaMint-BG-en_2022-07-29.ana.xml
INFO: Converting directory /project/corpora/Parla/ParlaMint/ParlaMint/Corpora/Master/ParlaMint-BG-en
INFO: Converting ParlaMint-BG-en_2017-05-11.ana to vertical
INFO: Converting ParlaMint-BG-en_2019-10-03.ana to vertical
INFO: Converting ParlaMint-BG-en_2022-07-29.ana to vertical
WARN: registry file parlamint41_bg_en not found
INFO: Converting directory /project/corpora/Parla/ParlaMint/ParlaMint/Corpora/Master/ParlaMint-BG-en
INFO: Converting ParlaMint-BG-en_2019-10-03.ana to metadata TSV
INFO: Converting ParlaMint-BG-en_2017-05-11.ana to metadata TSV
INFO: Converting ParlaMint-BG-en_2022-07-29.ana to metadata TSV
*** PASSED ***
*** PASSED ***
*** PASSED ***
*** PASSED ***
*** PASSED ***
*** PASSED ***
INFO: ***Finished processing BG-en corpus.
