INFO: *****Converting ES
INFO: ***Making ES samples
INFO: selecting meta file ParlaMint-taxonomy-parla.legislature.xml
INFO: selecting meta file ParlaMint-taxonomy-politicalOrientation.xml
INFO: selecting meta file ParlaMint-taxonomy-speaker_types.xml
INFO: selecting meta file ParlaMint-taxonomy-subcorpus.xml
INFO: selecting meta file ParlaMint-taxonomy-CHES.xml
INFO: selecting meta file ParlaMint-ES-listOrg.xml
INFO: selecting meta file ParlaMint-ES-listPerson.xml
INFO: from 450 component files  selecting ~3 files:
INFO: selecting component file 2017/ParlaMint-ES_2017-11-28-CD171128.xml
INFO: selecting component file 2020/ParlaMint-ES_2020-11-12-CD201112.xml
INFO: selecting component file 2023/ParlaMint-ES_2023-02-23-CD230223.xml
INFO: Converting directory /project/corpora/Parla/ParlaMint/ParlaMint/Corpora/Master/ParlaMint-ES
INFO: Making text files
INFO: converting ParlaMint-ES_2020-11-12-CD201112 to text file
INFO: converting ParlaMint-ES_2023-02-23-CD230223 to text file
INFO: converting ParlaMint-ES_2017-11-28-CD171128 to text file
INFO: Making metadata files
INFO: Converting ParlaMint-ES_2017-11-28-CD171128 to metadata TSV
INFO: Converting ParlaMint-ES_2023-02-23-CD230223 to metadata TSV
INFO: Converting ParlaMint-ES_2020-11-12-CD201112 to metadata TSV
INFO: Converting ParlaMint-ES_2020-11-12-CD201112 to metadata TSV
INFO: Converting ParlaMint-ES_2017-11-28-CD171128 to metadata TSV
INFO: Converting ParlaMint-ES_2023-02-23-CD230223 to metadata TSV
INFO: selecting meta file ParlaMint-taxonomy-NER.ana.xml
INFO: selecting meta file ParlaMint-taxonomy-UD-SYN.ana.xml
INFO: selecting meta file ParlaMint-taxonomy-parla.legislature.xml
INFO: selecting meta file ParlaMint-taxonomy-politicalOrientation.xml
INFO: selecting meta file ParlaMint-taxonomy-speaker_types.xml
INFO: selecting meta file ParlaMint-taxonomy-subcorpus.xml
INFO: selecting meta file ParlaMint-taxonomy-CHES.xml
INFO: selecting meta file ParlaMint-ES-listOrg.xml
INFO: selecting meta file ParlaMint-ES-listPerson.xml
INFO: from 450 component files  selecting ~3 files:
INFO: selecting component file 2017/ParlaMint-ES_2017-11-28-CD171128.ana.xml
INFO: selecting component file 2020/ParlaMint-ES_2020-11-12-CD201112.ana.xml
INFO: selecting component file 2023/ParlaMint-ES_2023-02-23-CD230223.ana.xml
INFO: Converting directory /project/corpora/Parla/ParlaMint/ParlaMint/Corpora/Master/ParlaMint-ES
INFO: Converting ParlaMint-ES_2020-11-12-CD201112.ana to vertical
INFO: Converting ParlaMint-ES_2023-02-23-CD230223.ana to vertical
INFO: Converting ParlaMint-ES_2017-11-28-CD171128.ana to vertical
INFO: Converting directory /project/corpora/Parla/ParlaMint/ParlaMint/Corpora/Master/ParlaMint-ES
INFO: Converting ParlaMint-ES_2017-11-28-CD171128.ana to metadata TSV
INFO: Converting ParlaMint-ES_2023-02-23-CD230223.ana to metadata TSV
INFO: Converting ParlaMint-ES_2020-11-12-CD201112.ana to metadata TSV
INFO: Converting ParlaMint-ES_2017-11-28-CD171128.ana to metadata TSV
INFO: Converting ParlaMint-ES_2023-02-23-CD230223.ana to metadata TSV
INFO: Converting ParlaMint-ES_2020-11-12-CD201112.ana to metadata TSV
/project/corpora/Parla/ParlaMint/ParlaMint/Corpora/Master/ParlaMint-ES/ParlaMint-ES_2017-11-28-CD171128.ana-meta-en.tsv not renamed: /project/corpora/Parla/ParlaMint/ParlaMint/Corpora/Master/ParlaMint-ES/ParlaMint-ES_2017-11-28-CD171128-meta-en.tsv already exists
/project/corpora/Parla/ParlaMint/ParlaMint/Corpora/Master/ParlaMint-ES/ParlaMint-ES_2020-11-12-CD201112.ana-meta-en.tsv not renamed: /project/corpora/Parla/ParlaMint/ParlaMint/Corpora/Master/ParlaMint-ES/ParlaMint-ES_2020-11-12-CD201112-meta-en.tsv already exists
/project/corpora/Parla/ParlaMint/ParlaMint/Corpora/Master/ParlaMint-ES/ParlaMint-ES_2023-02-23-CD230223.ana-meta-en.tsv not renamed: /project/corpora/Parla/ParlaMint/ParlaMint/Corpora/Master/ParlaMint-ES/ParlaMint-ES_2023-02-23-CD230223-meta-en.tsv already exists
*** PASSED ***
*** PASSED ***
*** PASSED ***
*** PASSED ***
*** PASSED ***
*** PASSED ***
INFO: ***Finished processing ES corpus.
INFO: *****Converting ES-en
INFO: ***Making ES-en samples
WARN: No TEI files for ES-en samples (needed root file is /project/corpora/Parla/ParlaMint/ParlaMint/Corpora/Master/ParlaMint-ES-en.TEI/ParlaMint-ES-en.xml)
INFO: selecting meta file ParlaMint-taxonomy-NER.ana.xml
INFO: selecting meta file ParlaMint-taxonomy-parla.legislature.xml
INFO: selecting meta file ParlaMint-taxonomy-politicalOrientation.xml
INFO: selecting meta file ParlaMint-taxonomy-speaker_types.xml
INFO: selecting meta file ParlaMint-taxonomy-subcorpus.xml
INFO: selecting meta file ParlaMint-taxonomy-CHES.xml
INFO: selecting meta file ParlaMint-taxonomy-USAS.ana.xml
INFO: selecting meta file ParlaMint-ES-listOrg.xml
INFO: selecting meta file ParlaMint-ES-listPerson.xml
INFO: from 450 component files  selecting ~3 files:
INFO: selecting component file 2017/ParlaMint-ES-en_2017-11-28-CD171128.ana.xml
INFO: selecting component file 2020/ParlaMint-ES-en_2020-11-12-CD201112.ana.xml
INFO: selecting component file 2023/ParlaMint-ES-en_2023-02-23-CD230223.ana.xml
INFO: Converting directory /project/corpora/Parla/ParlaMint/ParlaMint/Corpora/Master/ParlaMint-ES-en
INFO: Converting ParlaMint-ES-en_2017-11-28-CD171128.ana to vertical
INFO: Converting ParlaMint-ES-en_2020-11-12-CD201112.ana to vertical
INFO: Converting ParlaMint-ES-en_2023-02-23-CD230223.ana to vertical
WARN: registry file parlamint41_es_en not found
INFO: Converting directory /project/corpora/Parla/ParlaMint/ParlaMint/Corpora/Master/ParlaMint-ES-en
INFO: Converting ParlaMint-ES-en_2020-11-12-CD201112.ana to metadata TSV
INFO: Converting ParlaMint-ES-en_2023-02-23-CD230223.ana to metadata TSV
INFO: Converting ParlaMint-ES-en_2017-11-28-CD171128.ana to metadata TSV
*** PASSED ***
*** PASSED ***
*** PASSED ***
*** PASSED ***
*** PASSED ***
*** PASSED ***
INFO: ***Finished processing ES-en corpus.
