INFO: *****Converting HU
INFO: ***Making HU samples
INFO: selecting meta file ParlaMint-taxonomy-subcorpus.xml
INFO: selecting meta file ParlaMint-taxonomy-speaker_types.xml
INFO: selecting meta file ParlaMint-taxonomy-parla.legislature.xml
INFO: selecting meta file ParlaMint-taxonomy-CHES.xml
INFO: selecting meta file ParlaMint-taxonomy-politicalOrientation.xml
INFO: selecting meta file ParlaMint-HU-listOrg.xml
INFO: selecting meta file ParlaMint-HU-listPerson.xml
INFO: from 579 component files  selecting ~3 files:
INFO: selecting component file 2016/ParlaMint-HU_2016-12-07.xml
INFO: selecting component file 2020/ParlaMint-HU_2020-04-07.xml
INFO: selecting component file 2023/ParlaMint-HU_2023-07-31.xml
INFO: Converting directory /project/corpora/Parla/ParlaMint/ParlaMint/Corpora/Master/ParlaMint-HU
INFO: Making text files
INFO: converting ParlaMint-HU_2020-04-07 to text file
INFO: converting ParlaMint-HU_2023-07-31 to text file
INFO: converting ParlaMint-HU_2016-12-07 to text file
INFO: Making metadata files
INFO: Converting ParlaMint-HU_2016-12-07 to metadata TSV
INFO: Converting ParlaMint-HU_2020-04-07 to metadata TSV
INFO: Converting ParlaMint-HU_2023-07-31 to metadata TSV
INFO: Converting ParlaMint-HU_2016-12-07 to metadata TSV
INFO: Converting ParlaMint-HU_2023-07-31 to metadata TSV
INFO: Converting ParlaMint-HU_2020-04-07 to metadata TSV
INFO: selecting meta file ParlaMint-taxonomy-subcorpus.xml
INFO: selecting meta file ParlaMint-taxonomy-speaker_types.xml
INFO: selecting meta file ParlaMint-taxonomy-parla.legislature.xml
INFO: selecting meta file ParlaMint-taxonomy-NER.xml
INFO: selecting meta file ParlaMint-taxonomy-UD-SYN.xml
INFO: selecting meta file ParlaMint-taxonomy-CHES.xml
INFO: selecting meta file ParlaMint-taxonomy-politicalOrientation.xml
INFO: selecting meta file ParlaMint-taxonomy-NER.ana.xml
INFO: selecting meta file ParlaMint-taxonomy-UD-SYN.ana.xml
INFO: selecting meta file ParlaMint-HU-listOrg.xml
INFO: selecting meta file ParlaMint-HU-listPerson.xml
INFO: from 579 component files  selecting ~3 files:
INFO: selecting component file 2016/ParlaMint-HU_2016-12-07.ana.xml
INFO: selecting component file 2020/ParlaMint-HU_2020-04-07.ana.xml
INFO: selecting component file 2023/ParlaMint-HU_2023-07-31.ana.xml
INFO: Converting directory /project/corpora/Parla/ParlaMint/ParlaMint/Corpora/Master/ParlaMint-HU
INFO: Converting ParlaMint-HU_2020-04-07.ana to vertical
INFO: Converting ParlaMint-HU_2023-07-31.ana to vertical
INFO: Converting ParlaMint-HU_2016-12-07.ana to vertical
INFO: Converting directory /project/corpora/Parla/ParlaMint/ParlaMint/Corpora/Master/ParlaMint-HU
INFO: Converting ParlaMint-HU_2016-12-07.ana to metadata TSV
INFO: Converting ParlaMint-HU_2023-07-31.ana to metadata TSV
INFO: Converting ParlaMint-HU_2020-04-07.ana to metadata TSV
INFO: Converting ParlaMint-HU_2023-07-31.ana to metadata TSV
INFO: Converting ParlaMint-HU_2020-04-07.ana to metadata TSV
INFO: Converting ParlaMint-HU_2016-12-07.ana to metadata TSV
/project/corpora/Parla/ParlaMint/ParlaMint/Corpora/Master/ParlaMint-HU/ParlaMint-HU_2016-12-07.ana-meta-en.tsv not renamed: /project/corpora/Parla/ParlaMint/ParlaMint/Corpora/Master/ParlaMint-HU/ParlaMint-HU_2016-12-07-meta-en.tsv already exists
/project/corpora/Parla/ParlaMint/ParlaMint/Corpora/Master/ParlaMint-HU/ParlaMint-HU_2020-04-07.ana-meta-en.tsv not renamed: /project/corpora/Parla/ParlaMint/ParlaMint/Corpora/Master/ParlaMint-HU/ParlaMint-HU_2020-04-07-meta-en.tsv already exists
/project/corpora/Parla/ParlaMint/ParlaMint/Corpora/Master/ParlaMint-HU/ParlaMint-HU_2023-07-31.ana-meta-en.tsv not renamed: /project/corpora/Parla/ParlaMint/ParlaMint/Corpora/Master/ParlaMint-HU/ParlaMint-HU_2023-07-31-meta-en.tsv already exists
*** PASSED ***
*** PASSED ***
*** PASSED ***
*** PASSED ***
*** PASSED ***
*** PASSED ***
INFO: ***Finished processing HU corpus.
INFO: *****Converting HU-en
INFO: ***Making HU-en samples
WARN: No TEI files for HU-en samples (needed root file is /project/corpora/Parla/ParlaMint/ParlaMint/Corpora/Master/ParlaMint-HU-en.TEI/ParlaMint-HU-en.xml)
INFO: selecting meta file ParlaMint-taxonomy-subcorpus.xml
INFO: selecting meta file ParlaMint-taxonomy-speaker_types.xml
INFO: selecting meta file ParlaMint-taxonomy-parla.legislature.xml
INFO: selecting meta file ParlaMint-taxonomy-NER.xml
INFO: selecting meta file ParlaMint-taxonomy-UD-SYN.xml
INFO: selecting meta file ParlaMint-taxonomy-CHES.xml
INFO: selecting meta file ParlaMint-taxonomy-politicalOrientation.xml
INFO: selecting meta file ParlaMint-taxonomy-NER.ana.xml
INFO: selecting meta file ParlaMint-taxonomy-USAS.ana.xml
INFO: selecting meta file ParlaMint-HU-listOrg.xml
INFO: selecting meta file ParlaMint-HU-listPerson.xml
INFO: from 579 component files  selecting ~3 files:
INFO: selecting component file 2016/ParlaMint-HU-en_2016-12-07.ana.xml
INFO: selecting component file 2020/ParlaMint-HU-en_2020-04-07.ana.xml
INFO: selecting component file 2023/ParlaMint-HU-en_2023-07-31.ana.xml
INFO: Converting directory /project/corpora/Parla/ParlaMint/ParlaMint/Corpora/Master/ParlaMint-HU-en
INFO: Converting ParlaMint-HU-en_2020-04-07.ana to vertical
INFO: Converting ParlaMint-HU-en_2016-12-07.ana to vertical
INFO: Converting ParlaMint-HU-en_2023-07-31.ana to vertical
WARN: registry file parlamint41_hu_en not found
INFO: Converting directory /project/corpora/Parla/ParlaMint/ParlaMint/Corpora/Master/ParlaMint-HU-en
INFO: Converting ParlaMint-HU-en_2020-04-07.ana to metadata TSV
INFO: Converting ParlaMint-HU-en_2016-12-07.ana to metadata TSV
INFO: Converting ParlaMint-HU-en_2023-07-31.ana to metadata TSV
*** PASSED ***
*** PASSED ***
*** PASSED ***
*** PASSED ***
*** PASSED ***
*** PASSED ***
INFO: ***Finished processing HU-en corpus.
