INFO: Doing /home/project/corpora/Parla/ParlaMint/ParlaMint/Build/Sources-TSV/ParlaMint-NL
INFO: Transliteration
INFO: copying NL (nothing to transliterate)
INFO: No TSV metadata for Encoder orientations, skipping
INFO: Adding TSV metadata for CHES orientations
INFO: Adding TSV metadata for Wiki orientations
WARN: For NL De Lange no orientation in Wiki TSV
WARN: For NL GKÖ no orientation in Wiki TSV
WARN: For NL Houwers no orientation in Wiki TSV
WARN: For NL Klein no orientation in Wiki TSV
WARN: For NL Monasch no orientation in Wiki TSV
WARN: For NL Van Vliet no orientation in Wiki TSV
WARN: For NL vKA no orientation in Wiki TSV
INFO: Transliteration
INFO: copying NL (nothing to transliterate)
INFO: No TSV metadata for Encoder ministers, skipping
INFO: No TSV metadata for Sex info, skipping
INFO: Doing /home/project/corpora/Parla/ParlaMint/ParlaMint/Build/Sources-TSV/ParlaMint-NL
INFO: Transliteration
INFO: copying NL (nothing to transliterate)
INFO: No TSV metadata for Encoder orientations, skipping
INFO: Adding TSV metadata for CHES orientations
INFO: Adding TSV metadata for Wiki orientations
WARN: For NL De Lange no orientation in Wiki TSV
WARN: For NL GKÖ no orientation in Wiki TSV
WARN: For NL Houwers no orientation in Wiki TSV
WARN: For NL Klein no orientation in Wiki TSV
WARN: For NL Monasch no orientation in Wiki TSV
WARN: For NL Van Vliet no orientation in Wiki TSV
WARN: For NL vKA no orientation in Wiki TSV
INFO: Transliteration
INFO: copying NL (nothing to transliterate)
INFO: No TSV metadata for Encoder ministers, skipping
INFO: No TSV metadata for Sex info, skipping
