INFO: *****Converting CZ
INFO: ***Making CZ samples
INFO: selecting meta file ParlaMint-taxonomy-parla.legislature.xml
INFO: selecting meta file ParlaMint-CZ-taxonomy-meeting.parts.xml
INFO: selecting meta file ParlaMint-taxonomy-speaker_types.xml
INFO: selecting meta file ParlaMint-taxonomy-subcorpus.xml
INFO: selecting meta file ParlaMint-taxonomy-politicalOrientation.xml
INFO: selecting meta file ParlaMint-taxonomy-CHES.xml
INFO: selecting meta file ParlaMint-CZ-listOrg.xml
INFO: selecting meta file ParlaMint-CZ-listPerson.xml
INFO: from 6832 component files  selecting ~3 files:
INFO: selecting component file 2016/ParlaMint-CZ_2016-10-27-ps2013-050-07-005-262.xml
INFO: selecting component file 2020/ParlaMint-CZ_2020-01-22-ps2017-040-02-005-012.xml
INFO: selecting component file 2023/ParlaMint-CZ_2023-07-26-ps2021-071-07-000-000.xml
INFO: Converting directory /project/corpora/Parla/ParlaMint/ParlaMint/Corpora/Master/ParlaMint-CZ
INFO: Making text files
INFO: converting ParlaMint-CZ_2016-10-27-ps2013-050-07-005-262 to text file
INFO: converting ParlaMint-CZ_2020-01-22-ps2017-040-02-005-012 to text file
INFO: converting ParlaMint-CZ_2023-07-26-ps2021-071-07-000-000 to text file
INFO: Making metadata files
INFO: Converting ParlaMint-CZ_2023-07-26-ps2021-071-07-000-000 to metadata TSV
INFO: Converting ParlaMint-CZ_2016-10-27-ps2013-050-07-005-262 to metadata TSV
INFO: Converting ParlaMint-CZ_2020-01-22-ps2017-040-02-005-012 to metadata TSV
INFO: Converting ParlaMint-CZ_2023-07-26-ps2021-071-07-000-000 to metadata TSV
INFO: Converting ParlaMint-CZ_2016-10-27-ps2013-050-07-005-262 to metadata TSV
INFO: Converting ParlaMint-CZ_2020-01-22-ps2017-040-02-005-012 to metadata TSV
INFO: selecting meta file ParlaMint-taxonomy-parla.legislature.xml
INFO: selecting meta file ParlaMint-CZ-taxonomy-meeting.parts.xml
INFO: selecting meta file ParlaMint-taxonomy-speaker_types.xml
INFO: selecting meta file ParlaMint-taxonomy-UD-SYN.ana.xml
INFO: selecting meta file ParlaMint-taxonomy-NER.ana.xml
INFO: selecting meta file ParlaMint-taxonomy-subcorpus.xml
INFO: selecting meta file ParlaMint-taxonomy-politicalOrientation.xml
INFO: selecting meta file ParlaMint-taxonomy-CHES.xml
INFO: selecting meta file ParlaMint-CZ-listOrg.xml
INFO: selecting meta file ParlaMint-CZ-listPerson.xml
INFO: from 6832 component files  selecting ~3 files:
INFO: selecting component file 2016/ParlaMint-CZ_2016-10-27-ps2013-050-07-005-262.ana.xml
INFO: selecting component file 2020/ParlaMint-CZ_2020-01-22-ps2017-040-02-005-012.ana.xml
INFO: selecting component file 2023/ParlaMint-CZ_2023-07-26-ps2021-071-07-000-000.ana.xml
INFO: Converting directory /project/corpora/Parla/ParlaMint/ParlaMint/Corpora/Master/ParlaMint-CZ
INFO: Converting ParlaMint-CZ_2020-01-22-ps2017-040-02-005-012.ana to vertical
INFO: Converting ParlaMint-CZ_2016-10-27-ps2013-050-07-005-262.ana to vertical
INFO: Converting ParlaMint-CZ_2023-07-26-ps2021-071-07-000-000.ana to vertical
INFO: Converting directory /project/corpora/Parla/ParlaMint/ParlaMint/Corpora/Master/ParlaMint-CZ
INFO: Converting ParlaMint-CZ_2016-10-27-ps2013-050-07-005-262.ana to metadata TSV
INFO: Converting ParlaMint-CZ_2020-01-22-ps2017-040-02-005-012.ana to metadata TSV
INFO: Converting ParlaMint-CZ_2023-07-26-ps2021-071-07-000-000.ana to metadata TSV
INFO: Converting ParlaMint-CZ_2016-10-27-ps2013-050-07-005-262.ana to metadata TSV
INFO: Converting ParlaMint-CZ_2020-01-22-ps2017-040-02-005-012.ana to metadata TSV
INFO: Converting ParlaMint-CZ_2023-07-26-ps2021-071-07-000-000.ana to metadata TSV
/project/corpora/Parla/ParlaMint/ParlaMint/Corpora/Master/ParlaMint-CZ/ParlaMint-CZ_2016-10-27-ps2013-050-07-005-262.ana-meta-en.tsv not renamed: /project/corpora/Parla/ParlaMint/ParlaMint/Corpora/Master/ParlaMint-CZ/ParlaMint-CZ_2016-10-27-ps2013-050-07-005-262-meta-en.tsv already exists
/project/corpora/Parla/ParlaMint/ParlaMint/Corpora/Master/ParlaMint-CZ/ParlaMint-CZ_2020-01-22-ps2017-040-02-005-012.ana-meta-en.tsv not renamed: /project/corpora/Parla/ParlaMint/ParlaMint/Corpora/Master/ParlaMint-CZ/ParlaMint-CZ_2020-01-22-ps2017-040-02-005-012-meta-en.tsv already exists
/project/corpora/Parla/ParlaMint/ParlaMint/Corpora/Master/ParlaMint-CZ/ParlaMint-CZ_2023-07-26-ps2021-071-07-000-000.ana-meta-en.tsv not renamed: /project/corpora/Parla/ParlaMint/ParlaMint/Corpora/Master/ParlaMint-CZ/ParlaMint-CZ_2023-07-26-ps2021-071-07-000-000-meta-en.tsv already exists
*** PASSED ***
*** PASSED ***
*** PASSED ***
*** PASSED ***
*** PASSED ***
*** PASSED ***
INFO: ***Finished processing CZ corpus.
INFO: *****Converting CZ-en
INFO: ***Making CZ-en samples
WARN: No TEI files for CZ-en samples (needed root file is /project/corpora/Parla/ParlaMint/ParlaMint/Corpora/Master/ParlaMint-CZ-en.TEI/ParlaMint-CZ-en.xml)
INFO: selecting meta file ParlaMint-taxonomy-parla.legislature.xml
INFO: selecting meta file ParlaMint-CZ-taxonomy-meeting.parts.xml
INFO: selecting meta file ParlaMint-taxonomy-speaker_types.xml
INFO: selecting meta file ParlaMint-taxonomy-NER.ana.xml
INFO: selecting meta file ParlaMint-taxonomy-subcorpus.xml
INFO: selecting meta file ParlaMint-taxonomy-politicalOrientation.xml
INFO: selecting meta file ParlaMint-taxonomy-CHES.xml
INFO: selecting meta file ParlaMint-taxonomy-USAS.ana.xml
INFO: selecting meta file ParlaMint-CZ-listOrg.xml
INFO: selecting meta file ParlaMint-CZ-listPerson.xml
INFO: from 6832 component files  selecting ~3 files:
INFO: selecting component file 2016/ParlaMint-CZ-en_2016-10-27-ps2013-050-07-005-262.ana.xml
INFO: selecting component file 2020/ParlaMint-CZ-en_2020-01-22-ps2017-040-02-005-012.ana.xml
INFO: selecting component file 2023/ParlaMint-CZ-en_2023-07-26-ps2021-071-07-000-000.ana.xml
INFO: Converting directory /project/corpora/Parla/ParlaMint/ParlaMint/Corpora/Master/ParlaMint-CZ-en
INFO: Converting ParlaMint-CZ-en_2020-01-22-ps2017-040-02-005-012.ana to vertical
INFO: Converting ParlaMint-CZ-en_2016-10-27-ps2013-050-07-005-262.ana to vertical
INFO: Converting ParlaMint-CZ-en_2023-07-26-ps2021-071-07-000-000.ana to vertical
WARN: registry file parlamint41_cz_en not found
INFO: Converting directory /project/corpora/Parla/ParlaMint/ParlaMint/Corpora/Master/ParlaMint-CZ-en
INFO: Converting ParlaMint-CZ-en_2023-07-26-ps2021-071-07-000-000.ana to metadata TSV
INFO: Converting ParlaMint-CZ-en_2016-10-27-ps2013-050-07-005-262.ana to metadata TSV
INFO: Converting ParlaMint-CZ-en_2020-01-22-ps2017-040-02-005-012.ana to metadata TSV
*** PASSED ***
*** PASSED ***
*** PASSED ***
*** PASSED ***
*** PASSED ***
*** PASSED ***
INFO: ***Finished processing CZ-en corpus.
