INFO: Doing /home/project/corpora/Parla/ParlaMint/ParlaMint/Build/Sources-TSV/ParlaMint-NO
INFO: Transliteration
INFO: copying NO (nothing to transliterate)
INFO: No TSV metadata for Encoder orientations, skipping
INFO: Adding TSV metadata for CHES orientations
INFO: Adding TSV metadata for Wiki orientations
WARN: For NO UAV no orientation in Wiki TSV
INFO: Transliteration
INFO: copying NO (nothing to transliterate)
INFO: No TSV metadata for Encoder ministers, skipping
INFO: No TSV metadata for Sex info, skipping
INFO: Doing /home/project/corpora/Parla/ParlaMint/ParlaMint/Build/Sources-TSV/ParlaMint-NO
INFO: Transliteration
INFO: copying NO (nothing to transliterate)
INFO: No TSV metadata for Encoder orientations, skipping
INFO: Adding TSV metadata for CHES orientations
INFO: Adding TSV metadata for Wiki orientations
WARN: For NO UAV no orientation in Wiki TSV
INFO: Transliteration
INFO: copying NO (nothing to transliterate)
INFO: No TSV metadata for Encoder ministers, skipping
INFO: No TSV metadata for Sex info, skipping
