INFO: *****Converting PT
INFO: ***Making PT samples
INFO: selecting meta file ParlaMint-taxonomy-speaker_types.xml
INFO: selecting meta file ParlaMint-taxonomy-parla.legislature.xml
INFO: selecting meta file ParlaMint-taxonomy-subcorpus.xml
INFO: selecting meta file ParlaMint-PT-taxonomy-parla.orientations.xml
INFO: selecting meta file ParlaMint-taxonomy-CHES.xml
INFO: selecting meta file ParlaMint-taxonomy-politicalOrientation.xml
INFO: selecting meta file ParlaMint-PT-listOrg.xml
INFO: selecting meta file ParlaMint-PT-listPerson.xml
INFO: from 704 component files  selecting ~3 files:
INFO: selecting component file 2017/ParlaMint-PT_2017-03-22.xml
INFO: selecting component file 2019/ParlaMint-PT_2019-05-03.xml
INFO: selecting component file 2022/ParlaMint-PT_2022-03-15.xml
INFO: Converting directory /project/corpora/Parla/ParlaMint/ParlaMint/Corpora/Master/ParlaMint-PT
INFO: Making text files
INFO: converting ParlaMint-PT_2017-03-22 to text file
INFO: converting ParlaMint-PT_2022-03-15 to text file
INFO: converting ParlaMint-PT_2019-05-03 to text file
INFO: Making metadata files
INFO: Converting ParlaMint-PT_2019-05-03 to metadata TSV
INFO: Converting ParlaMint-PT_2022-03-15 to metadata TSV
INFO: Converting ParlaMint-PT_2017-03-22 to metadata TSV
INFO: Converting ParlaMint-PT_2017-03-22 to metadata TSV
INFO: Converting ParlaMint-PT_2019-05-03 to metadata TSV
INFO: Converting ParlaMint-PT_2022-03-15 to metadata TSV
INFO: selecting meta file ParlaMint-taxonomy-speaker_types.xml
INFO: selecting meta file ParlaMint-taxonomy-parla.legislature.xml
INFO: selecting meta file ParlaMint-taxonomy-subcorpus.xml
INFO: selecting meta file ParlaMint-PT-taxonomy-parla.orientations.xml
INFO: selecting meta file ParlaMint-taxonomy-NER.ana.xml
INFO: selecting meta file ParlaMint-taxonomy-UD-SYN.ana.xml
INFO: selecting meta file ParlaMint-taxonomy-CHES.xml
INFO: selecting meta file ParlaMint-taxonomy-politicalOrientation.xml
INFO: selecting meta file ParlaMint-PT-listOrg.xml
INFO: selecting meta file ParlaMint-PT-listPerson.xml
INFO: from 704 component files  selecting ~3 files:
INFO: selecting component file 2017/ParlaMint-PT_2017-03-22.ana.xml
INFO: selecting component file 2019/ParlaMint-PT_2019-05-03.ana.xml
INFO: selecting component file 2022/ParlaMint-PT_2022-03-15.ana.xml
INFO: Converting directory /project/corpora/Parla/ParlaMint/ParlaMint/Corpora/Master/ParlaMint-PT
INFO: Converting ParlaMint-PT_2019-05-03.ana to vertical
INFO: Converting ParlaMint-PT_2017-03-22.ana to vertical
INFO: Converting ParlaMint-PT_2022-03-15.ana to vertical
WARN: registry file parlamint41_pt not found
INFO: Converting directory /project/corpora/Parla/ParlaMint/ParlaMint/Corpora/Master/ParlaMint-PT
INFO: Converting ParlaMint-PT_2019-05-03.ana to metadata TSV
INFO: Converting ParlaMint-PT_2022-03-15.ana to metadata TSV
INFO: Converting ParlaMint-PT_2017-03-22.ana to metadata TSV
INFO: Converting ParlaMint-PT_2017-03-22.ana to metadata TSV
INFO: Converting ParlaMint-PT_2022-03-15.ana to metadata TSV
INFO: Converting ParlaMint-PT_2019-05-03.ana to metadata TSV
/project/corpora/Parla/ParlaMint/ParlaMint/Corpora/Master/ParlaMint-PT/ParlaMint-PT_2017-03-22.ana-meta-en.tsv not renamed: /project/corpora/Parla/ParlaMint/ParlaMint/Corpora/Master/ParlaMint-PT/ParlaMint-PT_2017-03-22-meta-en.tsv already exists
/project/corpora/Parla/ParlaMint/ParlaMint/Corpora/Master/ParlaMint-PT/ParlaMint-PT_2019-05-03.ana-meta-en.tsv not renamed: /project/corpora/Parla/ParlaMint/ParlaMint/Corpora/Master/ParlaMint-PT/ParlaMint-PT_2019-05-03-meta-en.tsv already exists
/project/corpora/Parla/ParlaMint/ParlaMint/Corpora/Master/ParlaMint-PT/ParlaMint-PT_2022-03-15.ana-meta-en.tsv not renamed: /project/corpora/Parla/ParlaMint/ParlaMint/Corpora/Master/ParlaMint-PT/ParlaMint-PT_2022-03-15-meta-en.tsv already exists
*** PASSED ***
*** PASSED ***
*** PASSED ***
*** PASSED ***
*** PASSED ***
*** PASSED ***
INFO: ***Finished processing PT corpus.
INFO: *****Converting PT-en
INFO: ***Making PT-en samples
WARN: No TEI files for PT-en samples (needed root file is /project/corpora/Parla/ParlaMint/ParlaMint/Corpora/Master/ParlaMint-PT-en.TEI/ParlaMint-PT-en.xml)
INFO: selecting meta file ParlaMint-taxonomy-speaker_types.xml
INFO: selecting meta file ParlaMint-taxonomy-parla.legislature.xml
INFO: selecting meta file ParlaMint-taxonomy-subcorpus.xml
INFO: selecting meta file ParlaMint-PT-taxonomy-parla.orientations.xml
INFO: selecting meta file ParlaMint-taxonomy-NER.ana.xml
INFO: selecting meta file ParlaMint-taxonomy-CHES.xml
INFO: selecting meta file ParlaMint-taxonomy-politicalOrientation.xml
INFO: selecting meta file ParlaMint-taxonomy-USAS.ana.xml
INFO: selecting meta file ParlaMint-PT-listOrg.xml
INFO: selecting meta file ParlaMint-PT-listPerson.xml
INFO: from 704 component files  selecting ~3 files:
INFO: selecting component file 2017/ParlaMint-PT-en_2017-03-22.ana.xml
INFO: selecting component file 2019/ParlaMint-PT-en_2019-05-03.ana.xml
INFO: selecting component file 2022/ParlaMint-PT-en_2022-03-15.ana.xml
INFO: Converting directory /project/corpora/Parla/ParlaMint/ParlaMint/Corpora/Master/ParlaMint-PT-en
INFO: Converting ParlaMint-PT-en_2022-03-15.ana to vertical
INFO: Converting ParlaMint-PT-en_2019-05-03.ana to vertical
INFO: Converting ParlaMint-PT-en_2017-03-22.ana to vertical
WARN: registry file parlamint41_pt_en not found
INFO: Converting directory /project/corpora/Parla/ParlaMint/ParlaMint/Corpora/Master/ParlaMint-PT-en
INFO: Converting ParlaMint-PT-en_2017-03-22.ana to metadata TSV
INFO: Converting ParlaMint-PT-en_2022-03-15.ana to metadata TSV
INFO: Converting ParlaMint-PT-en_2019-05-03.ana to metadata TSV
*** PASSED ***
*** PASSED ***
*** PASSED ***
*** PASSED ***
*** PASSED ***
*** PASSED ***
INFO: ***Finished processing PT-en corpus.
