INFO: *****Converting DK
INFO: ***Making DK samples
INFO: selecting meta file ParlaMint-taxonomy-parla.legislature.xml
INFO: selecting meta file ParlaMint-taxonomy-speaker_types.xml
INFO: selecting meta file ParlaMint-taxonomy-subcorpus.xml
INFO: selecting meta file ParlaMint-taxonomy-CHES.xml
INFO: selecting meta file ParlaMint-taxonomy-politicalOrientation.xml
INFO: selecting meta file ParlaMint-DK-listOrg.xml
INFO: selecting meta file ParlaMint-DK-listPerson.xml
INFO: from 947 component files  selecting ~3 files:
INFO: selecting component file 2017/ParlaMint-DK_2017-05-18-20161-M99.xml
INFO: selecting component file 2020/ParlaMint-DK_2020-04-21-20191-M94.xml
INFO: selecting component file 2022/ParlaMint-DK_2022-06-02-20211-M119.xml
INFO: Converting directory /project/corpora/Parla/ParlaMint/ParlaMint/Corpora/Master/ParlaMint-DK
INFO: Making text files
INFO: converting ParlaMint-DK_2020-04-21-20191-M94 to text file
INFO: converting ParlaMint-DK_2017-05-18-20161-M99 to text file
INFO: converting ParlaMint-DK_2022-06-02-20211-M119 to text file
INFO: Making metadata files
INFO: Converting ParlaMint-DK_2017-05-18-20161-M99 to metadata TSV
INFO: Converting ParlaMint-DK_2020-04-21-20191-M94 to metadata TSV
INFO: Converting ParlaMint-DK_2022-06-02-20211-M119 to metadata TSV
INFO: Converting ParlaMint-DK_2022-06-02-20211-M119 to metadata TSV
INFO: Converting ParlaMint-DK_2017-05-18-20161-M99 to metadata TSV
INFO: Converting ParlaMint-DK_2020-04-21-20191-M94 to metadata TSV
INFO: selecting meta file ParlaMint-taxonomy-parla.legislature.xml
INFO: selecting meta file ParlaMint-taxonomy-speaker_types.xml
INFO: selecting meta file ParlaMint-taxonomy-subcorpus.xml
INFO: selecting meta file ParlaMint-taxonomy-NER.ana.xml
INFO: selecting meta file ParlaMint-taxonomy-UD-SYN.ana.xml
INFO: selecting meta file ParlaMint-taxonomy-CHES.xml
INFO: selecting meta file ParlaMint-taxonomy-politicalOrientation.xml
INFO: selecting meta file ParlaMint-DK-listOrg.xml
INFO: selecting meta file ParlaMint-DK-listPerson.xml
INFO: from 947 component files  selecting ~3 files:
INFO: selecting component file 2017/ParlaMint-DK_2017-05-18-20161-M99.ana.xml
INFO: selecting component file 2020/ParlaMint-DK_2020-04-21-20191-M94.ana.xml
INFO: selecting component file 2022/ParlaMint-DK_2022-06-02-20211-M119.ana.xml
INFO: Converting directory /project/corpora/Parla/ParlaMint/ParlaMint/Corpora/Master/ParlaMint-DK
INFO: Converting ParlaMint-DK_2017-05-18-20161-M99.ana to vertical
INFO: Converting ParlaMint-DK_2020-04-21-20191-M94.ana to vertical
INFO: Converting ParlaMint-DK_2022-06-02-20211-M119.ana to vertical
WARN: registry file parlamint41_dk not found
INFO: Converting directory /project/corpora/Parla/ParlaMint/ParlaMint/Corpora/Master/ParlaMint-DK
INFO: Converting ParlaMint-DK_2017-05-18-20161-M99.ana to metadata TSV
INFO: Converting ParlaMint-DK_2022-06-02-20211-M119.ana to metadata TSV
INFO: Converting ParlaMint-DK_2020-04-21-20191-M94.ana to metadata TSV
INFO: Converting ParlaMint-DK_2020-04-21-20191-M94.ana to metadata TSV
INFO: Converting ParlaMint-DK_2022-06-02-20211-M119.ana to metadata TSV
INFO: Converting ParlaMint-DK_2017-05-18-20161-M99.ana to metadata TSV
/project/corpora/Parla/ParlaMint/ParlaMint/Corpora/Master/ParlaMint-DK/ParlaMint-DK_2017-05-18-20161-M99.ana-meta-en.tsv not renamed: /project/corpora/Parla/ParlaMint/ParlaMint/Corpora/Master/ParlaMint-DK/ParlaMint-DK_2017-05-18-20161-M99-meta-en.tsv already exists
/project/corpora/Parla/ParlaMint/ParlaMint/Corpora/Master/ParlaMint-DK/ParlaMint-DK_2020-04-21-20191-M94.ana-meta-en.tsv not renamed: /project/corpora/Parla/ParlaMint/ParlaMint/Corpora/Master/ParlaMint-DK/ParlaMint-DK_2020-04-21-20191-M94-meta-en.tsv already exists
/project/corpora/Parla/ParlaMint/ParlaMint/Corpora/Master/ParlaMint-DK/ParlaMint-DK_2022-06-02-20211-M119.ana-meta-en.tsv not renamed: /project/corpora/Parla/ParlaMint/ParlaMint/Corpora/Master/ParlaMint-DK/ParlaMint-DK_2022-06-02-20211-M119-meta-en.tsv already exists
*** PASSED ***
*** PASSED ***
*** PASSED ***
*** PASSED ***
*** PASSED ***
*** PASSED ***
INFO: ***Finished processing DK corpus.
INFO: *****Converting DK-en
INFO: ***Making DK-en samples
WARN: No TEI files for DK-en samples (needed root file is /project/corpora/Parla/ParlaMint/ParlaMint/Corpora/Master/ParlaMint-DK-en.TEI/ParlaMint-DK-en.xml)
INFO: selecting meta file ParlaMint-taxonomy-parla.legislature.xml
INFO: selecting meta file ParlaMint-taxonomy-speaker_types.xml
INFO: selecting meta file ParlaMint-taxonomy-subcorpus.xml
INFO: selecting meta file ParlaMint-taxonomy-NER.ana.xml
INFO: selecting meta file ParlaMint-taxonomy-CHES.xml
INFO: selecting meta file ParlaMint-taxonomy-politicalOrientation.xml
INFO: selecting meta file ParlaMint-taxonomy-USAS.ana.xml
INFO: selecting meta file ParlaMint-DK-listOrg.xml
INFO: selecting meta file ParlaMint-DK-listPerson.xml
INFO: from 947 component files  selecting ~3 files:
INFO: selecting component file 2017/ParlaMint-DK-en_2017-05-18-20161-M99.ana.xml
INFO: selecting component file 2020/ParlaMint-DK-en_2020-04-21-20191-M94.ana.xml
INFO: selecting component file 2022/ParlaMint-DK-en_2022-06-02-20211-M119.ana.xml
INFO: Converting directory /project/corpora/Parla/ParlaMint/ParlaMint/Corpora/Master/ParlaMint-DK-en
INFO: Converting ParlaMint-DK-en_2020-04-21-20191-M94.ana to vertical
INFO: Converting ParlaMint-DK-en_2017-05-18-20161-M99.ana to vertical
INFO: Converting ParlaMint-DK-en_2022-06-02-20211-M119.ana to vertical
WARN: registry file parlamint41_dk_en not found
INFO: Converting directory /project/corpora/Parla/ParlaMint/ParlaMint/Corpora/Master/ParlaMint-DK-en
INFO: Converting ParlaMint-DK-en_2022-06-02-20211-M119.ana to metadata TSV
INFO: Converting ParlaMint-DK-en_2020-04-21-20191-M94.ana to metadata TSV
INFO: Converting ParlaMint-DK-en_2017-05-18-20161-M99.ana to metadata TSV
*** PASSED ***
*** PASSED ***
*** PASSED ***
*** PASSED ***
*** PASSED ***
*** PASSED ***
INFO: ***Finished processing DK-en corpus.
