INFO: Doing /home/project/corpora/Parla/ParlaMint/ParlaMint/Build/Sources-TSV/ParlaMint-ES
INFO: Transliteration
INFO: copying ES (nothing to transliterate)
INFO: No TSV metadata for Encoder orientations, skipping
INFO: Adding TSV metadata for CHES orientations
INFO: Adding TSV metadata for Wiki orientations
WARN: For ES C-P-EUPV no orientation in Wiki TSV
WARN: For ES Compromís-Q no orientation in Wiki TSV
WARN: For ES EM-P-A-EU no orientation in Wiki TSV
WARN: For ES PsdeG-PSOE no orientation in Wiki TSV
INFO: Transliteration
INFO: copying ES (nothing to transliterate)
INFO: No TSV metadata for Encoder ministers, skipping
INFO: No TSV metadata for Sex info, skipping
INFO: Doing /home/project/corpora/Parla/ParlaMint/ParlaMint/Build/Sources-TSV/ParlaMint-ES
INFO: Transliteration
INFO: copying ES (nothing to transliterate)
INFO: No TSV metadata for Encoder orientations, skipping
INFO: Adding TSV metadata for CHES orientations
INFO: Adding TSV metadata for Wiki orientations
WARN: For ES C-P-EUPV no orientation in Wiki TSV
WARN: For ES Compromís-Q no orientation in Wiki TSV
WARN: For ES EM-P-A-EU no orientation in Wiki TSV
WARN: For ES PsdeG-PSOE no orientation in Wiki TSV
INFO: Transliteration
INFO: copying ES (nothing to transliterate)
INFO: No TSV metadata for Encoder ministers, skipping
INFO: No TSV metadata for Sex info, skipping
