INFO: Removing minister affiliation for AšeradensArvils:  from 2016-11-23 to 2019-01-10
WARN: Cant find government term with ID "Saeima 10/11" in corpus header, inserting as note.
ERROR: Person BrokaBaiba not found in TEI corpus, skipping!
WARN: Cant find government term with ID "Saeima 11" in corpus header, inserting as note.
WARN: Cant find government term with ID "Saeima 11" in corpus header, inserting as note.
WARN: Cant find government term with ID "Saeima 11/12/13" in corpus header, inserting as note.
WARN: Cant find government term with ID "Saeima 11" in corpus header, inserting as note.
WARN: Cant find government term with ID "Saeima 12" in corpus header, inserting as note.
WARN: Cant find government term with ID "Saeima 12" in corpus header, inserting as note.
WARN: Cant find government term with ID "Saeima 13" in corpus header, inserting as note.
WARN: Cant find government term with ID "Saeima 11" in corpus header, inserting as note.
WARN: Cant find government term with ID "Saeima 12" in corpus header, inserting as note.
WARN: Cant find government term with ID "Saeima 13" in corpus header, inserting as note.
WARN: Cant find government term with ID "Saeima 13" in corpus header, inserting as note.
WARN: Cant find government term with ID "Saeima 13" in corpus header, inserting as note.
WARN: Cant find government term with ID "Saeima 13" in corpus header, inserting as note.
WARN: Cant find government term with ID "Saeima 11" in corpus header, inserting as note.
WARN: Cant find government term with ID "Saeima 11" in corpus header, inserting as note.
WARN: Cant find government term with ID "Saeima 12" in corpus header, inserting as note.
WARN: Cant find government term with ID "Saeima 13" in corpus header, inserting as note.
WARN: Cant find government term with ID "Saeima 11/12/13" in corpus header, inserting as note.
WARN: Cant find government term with ID "Saeima 11/12" in corpus header, inserting as note.
WARN: Cant find government term with ID "Saeima 13" in corpus header, inserting as note.
WARN: Cant find government term with ID "Saeima 13" in corpus header, inserting as note.
WARN: Cant find government term with ID "Saeima 13" in corpus header, inserting as note.
WARN: Cant find government term with ID "Saeima 12" in corpus header, inserting as note.
WARN: Cant find government term with ID "Saeima 12" in corpus header, inserting as note.
WARN: Cant find government term with ID "Saeima 13" in corpus header, inserting as note.
WARN: Cant find government term with ID "Saeima 13" in corpus header, inserting as note.
WARN: Cant find government term with ID "Saeima 11/12" in corpus header, inserting as note.
WARN: Cant find government term with ID "Saeima 13" in corpus header, inserting as note.
WARN: Cant find government term with ID "Saeima 12" in corpus header, inserting as note.
WARN: Cant find government term with ID "Saeima 13" in corpus header, inserting as note.
WARN: Cant find government term with ID "Saeima 13" in corpus header, inserting as note.
ERROR: Person SprudžsEdmunds not found in TEI corpus, skipping!
WARN: Cant find government term with ID "Saeima 11" in corpus header, inserting as note.
WARN: Cant find government term with ID "Saeima 11" in corpus header, inserting as note.
WARN: Cant find government term with ID "Saeima 11/12" in corpus header, inserting as note.
WARN: Cant find government term with ID "Saeima 13" in corpus header, inserting as note.
WARN: Cant find government term with ID "Saeima 13" in corpus header, inserting as note.
WARN: Cant find government term with ID "Saeima 11" in corpus header, inserting as note.
WARN: Cant find government term with ID "Saeima 12" in corpus header, inserting as note.
WARN: Cant find government term with ID "Saeima 13" in corpus header, inserting as note.
ERROR: Person CirceneIngrida not found in TEI corpus, skipping!
WARN: Cant find government term with ID "Saeima 11" in corpus header, inserting as note.
WARN: Cant find government term with ID "Saeima 12" in corpus header, inserting as note.
WARN: Cant find government term with ID "Saeima 13" in corpus header, inserting as note.
WARN: Cant find government term with ID "Saeima 13" in corpus header, inserting as note.
WARN: Cant find government term with ID "Saeima 11" in corpus header, inserting as note.
WARN: Cant find government term with ID "Saeima 11/12" in corpus header, inserting as note.
WARN: Cant find government term with ID "Saeima 13" in corpus header, inserting as note.
INFO: Inserting minister affiliation(s) for "AšeradensArvils"
INFO: Inserting affiliation "minister" from "2016-02-12" to "2019-01-23"
INFO: Inserting minister affiliation(s) for "CilinskisEinārs"
INFO: Inserting affiliation "minister" from "2014-01-22" to "2014-03-14"
INFO: Removing minister affiliation for PetravičaRamona:  from 2019-11-14 to 2020-11-25
INFO: Inserting minister affiliation(s) for "PetravičaRamona"
INFO: Inserting affiliation "minister" from "2019-01-24" to "2021-06-03"
INFO: Removing minister affiliation for PuntulisNauris:  from 2019-09-26 to 2022-03-17
INFO: Inserting minister affiliation(s) for "PuntulisNauris"
INFO: Inserting affiliation "minister" from "2019-07-08" to ""
INFO: Removing minister affiliation for ViņķeleIlze:  from 2019-11-14 to 2020-11-10
INFO: Inserting minister affiliation(s) for "ViņķeleIlze"
INFO: Inserting affiliation "minister" from "2019-01-24" to "2021-07-01"
INFO: Removing minister affiliation for Reizniece-OzolaDana:  from 2015-11-30 to 2019-01-17
INFO: Inserting minister affiliation(s) for "Reizniece-OzolaDana"
INFO: Inserting affiliation "minister" from "2014-11-05" to "2016-02-11"
INFO: Inserting affiliation "minister" from "2016-02-12" to "2019-01-23"
INFO: Inserting minister affiliation(s) for "IndriksoneIlze"
INFO: Inserting affiliation "minister" from "2022-05-26" to ""
INFO: Inserting minister affiliation(s) for "EglītsJānis"
INFO: Inserting affiliation "minister" from "2021-06-04" to ""
INFO: Removing minister affiliation for StraujumaLaimdota:  from 2014-12-11 to 2016-01-21
INFO: Inserting minister affiliation(s) for "StraujumaLaimdota"
INFO: Inserting affiliation "minister" from "2011-10-25" to "2014-01-22"
INFO: Removing minister affiliation for ReirsJānis:  from 2014-12-11 to 2021-11-23
INFO: Inserting minister affiliation(s) for "ReirsJānis"
INFO: Inserting affiliation "minister" from "2014-11-06" to "2016-02-11"
INFO: Inserting affiliation "minister" from "2019-01-24" to ""
INFO: Inserting affiliation "minister" from "2018-11-28" to "2019-01-23"
INFO: Inserting affiliation "minister" from "2016-02-11" to "2019-01-23"
INFO: Removing minister affiliation for PavļutsDaniels:  from 2021-03-11 to 2022-04-21
INFO: Inserting minister affiliation(s) for "PavļutsDaniels"
INFO: Inserting affiliation "minister" from "2021-01-08" to ""
INFO: Removing minister affiliation for ŠadurskisKārlis:  from 2016-10-27 to 2018-11-01
INFO: Inserting minister affiliation(s) for "ŠadurskisKārlis"
INFO: Inserting affiliation "minister" from "2016-02-11" to "2018-11-27"
INFO: Removing minister affiliation for ĢirģensSandis:  from 2019-04-03 to 2021-03-11
INFO: Inserting minister affiliation(s) for "ĢirģensSandis"
INFO: Inserting affiliation "minister" from "2019-01-24" to "2021-06-03"
INFO: Removing minister affiliation for AugulisUldis:  from 2017-11-22 to 2017-11-22
INFO: Inserting minister affiliation(s) for "AugulisUldis"
INFO: Inserting affiliation "minister" from "2016-02-11" to "2019-01-23"
INFO: Removing minister affiliation for MuižnieceAnita:  from 2021-10-25 to 2022-09-29
INFO: Inserting minister affiliation(s) for "MuižnieceAnita"
INFO: Inserting affiliation "minister" from "2021-06-04" to ""
INFO: Removing minister affiliation for DūklavsJānis:  from 2017-01-19 to 2017-09-07
INFO: Inserting minister affiliation(s) for "DūklavsJānis"
INFO: Inserting affiliation "minister" from "2014-01-23" to "2019-01-23"
INFO: Inserting minister affiliation(s) for "BērziņšGaidis"
INFO: Inserting affiliation "minister" from "2014-08-22" to "2014-11-05"
INFO: Removing minister affiliation for BelēvičsGuntis:  from 2015-04-23 to 2016-03-03
INFO: Inserting minister affiliation(s) for "BelēvičsGuntis"
INFO: Inserting affiliation "minister" from "2014-11-06" to "2016-06-10"
INFO: Removing minister affiliation for GolubevaMarija:  from 2021-08-12 to 2022-03-17
INFO: Inserting minister affiliation(s) for "GolubevaMarija"
INFO: Inserting affiliation "minister" from "2021-06-04" to "2022-05-16"
INFO: Removing minister affiliation for ŠuplinskaIlga:  from 2019-04-03 to 2021-03-11
INFO: Inserting minister affiliation(s) for "ŠuplinskaIlga"
INFO: Inserting affiliation "minister" from "2019-01-24" to "2021-06-03"
INFO: Removing minister affiliation for GerhardsKaspars:  from 2018-06-20 to 2022-03-17
INFO: Inserting minister affiliation(s) for "GerhardsKaspars"
INFO: Inserting affiliation "minister" from "2014-11-06" to "2019-01-23"
INFO: Inserting affiliation "minister" from "2019-01-24" to ""
INFO: Removing minister affiliation for EglītisGatis:  from 2021-11-04 to 2021-11-04
INFO: Removing minister affiliation for KučinskisMāris:  from 2016-06-16 to 2019-01-10
INFO: Removing minister affiliation for ČakšaAnda:  from 2017-03-15 to 2019-01-17
INFO: Inserting minister affiliation(s) for "ČakšaAnda"
INFO: Inserting affiliation "minister" from "2016-06-16" to "2019-01-23"
INFO: Removing minister affiliation for PabriksArtis:  from 2019-01-24 to 2022-09-29
INFO: Inserting minister affiliation(s) for "PabriksArtis"
INFO: Inserting affiliation "minister" from "2010-11-03" to "2014-01-22"
INFO: Inserting affiliation "minister" from "2019-01-24" to ""
INFO: Inserting affiliation "minister" from "2022-05-17" to ""
INFO: Removing minister affiliation for BordānsJānis:  from 2019-01-31 to 2022-06-02
INFO: Inserting minister affiliation(s) for "BordānsJānis"
INFO: Inserting affiliation "minister" from "2012-07-05" to "2014-01-22"
INFO: Removing minister affiliation for LinkaitsTālis:  from 2019-11-14 to 2022-09-15
INFO: Inserting minister affiliation(s) for "LinkaitsTālis"
INFO: Inserting affiliation "minister" from "2019-01-24" to ""
INFO: Removing minister affiliation for MatīssAnrijs:  from 2014-12-17 to 2014-12-17
INFO: Inserting minister affiliation(s) for "MatīssAnrijs"
INFO: Inserting affiliation "minister" from "2013-03-01" to "2015-11-01"
INFO: Removing minister affiliation for VitenbergsJānis:  from 2020-10-29 to 2020-11-10
INFO: Inserting minister affiliation(s) for "VitenbergsJānis"
INFO: Inserting affiliation "minister" from "2020-04-02" to "2021-05-15"
INFO: Inserting affiliation "minister" from "2020-06-03" to "2022-05-18"
INFO: Removing minister affiliation for PūceJuris:  from 2019-03-21 to 2020-06-10
INFO: Inserting minister affiliation(s) for "PūceJuris"
INFO: Inserting affiliation "minister" from "2019-01-24" to "2020-11-12"
INFO: Removing minister affiliation for RinkēvičsEdgars:  from 2015-01-22 to 2022-01-27
INFO: Inserting minister affiliation(s) for "RinkēvičsEdgars"
INFO: Inserting affiliation "minister" from "2011-10-25" to ""
INFO: Removing minister affiliation for KozlovskisRihards:  from 2016-01-21 to 2016-01-21
INFO: Inserting minister affiliation(s) for "KozlovskisRihards"
INFO: Inserting affiliation "minister" from "2011-10-25" to "2019-01-23"
INFO: Inserting minister affiliation(s) for "VilksAndris"
INFO: Inserting affiliation "minister" from "2010-11-03" to "2014-11-05"
INFO: Removing minister affiliation for KariņšArtursKrišjānis:  from 2019-01-24 to 2022-05-26
INFO: Removing minister affiliation for VējonisRaimonds:  from 2015-01-22 to 2015-01-22
INFO: Inserting minister affiliation(s) for "VējonisRaimonds"
INFO: Inserting affiliation "minister" from "2014-01-23" to "2015-07-07"
INFO: Inserting minister affiliation(s) for "NaudiņšRomāns"
INFO: Inserting affiliation "minister" from "2014-03-27" to "2014-11-05"
INFO: Removing minister affiliation for NemiroRalfs:  from 2019-05-23 to 2020-02-27
INFO: Inserting minister affiliation(s) for "NemiroRalfs"
INFO: Inserting affiliation "minister" from "2019-01-24" to "2020-03-16"
INFO: Removing minister affiliation for BergmanisRaimonds:  from 2015-11-03 to 2017-12-07
INFO: Inserting minister affiliation(s) for "BergmanisRaimonds"
INFO: Inserting affiliation "minister" from "2015-07-08" to "2019-01-23"
INFO: Removing minister affiliation for RasnačsDzintars:  from 2015-09-17 to 2018-06-20
INFO: Inserting minister affiliation(s) for "RasnačsDzintars"
INFO: Inserting affiliation "minister" from "2014-11-06" to ""
INFO: Removing minister affiliation for PlešsArtūrsToms:  from 2021-03-11 to 2022-09-08
INFO: Inserting minister affiliation(s) for "PlešsArtūrsToms"
INFO: Inserting affiliation "minister" from "2020-12-17" to ""
INFO: Inserting minister affiliation(s) for "DombrovskisVjačeslavs"
INFO: Inserting affiliation "minister" from "" to ""
INFO: Removing minister affiliation for MelbārdeDace:  from 2018-11-01 to 2018-11-01
INFO: Inserting minister affiliation(s) for "MelbārdeDace"
INFO: Inserting affiliation "minister" from "2014-08-07" to "2014-08-21"
INFO: Inserting affiliation "minister" from "2013-10-31" to "2019-07-04"
