WARN: Cant find government term with ID "11th cabinet" in corpus header, inserting as note.
WARN: Cant find government term with ID "12th cabinet" in corpus header, inserting as note.
ERROR: Person TurkovićBisera not found in TEI corpus, skipping!
WARN: Cant find government term with ID "11th cabinet" in corpus header, inserting as note.
WARN: Cant find government term with ID "12/13th cabinet" in corpus header, inserting as note.
WARN: Cant find government term with ID "11th cabinet" in corpus header, inserting as note.
WARN: Cant find government term with ID "12th cabinet" in corpus header, inserting as note.
WARN: Cant find government term with ID "13th cabinet" in corpus header, inserting as note.
ERROR: Person OsmićZekerijah not found in TEI corpus, skipping!
WARN: Cant find government term with ID "12th cabinet" in corpus header, inserting as note.
WARN: Cant find government term with ID "13th cabinet" in corpus header, inserting as note.
WARN: Cant find government term with ID "11th cabinet" in corpus header, inserting as note.
WARN: Cant find government term with ID "12th cabinet" in corpus header, inserting as note.
WARN: Cant find government term with ID "13th cabinet" in corpus header, inserting as note.
WARN: Cant find government term with ID "13th cabinet" in corpus header, inserting as note.
WARN: Cant find government term with ID "9/10/11th cabinet" in corpus header, inserting as note.
WARN: Cant find government term with ID "12/13th cabinet" in corpus header, inserting as note.
WARN: Cant find government term with ID "9/10/11th cabinet" in corpus header, inserting as note.
WARN: Cant find government term with ID "12th cabinet" in corpus header, inserting as note.
WARN: Cant find government term with ID "13th cabinet" in corpus header, inserting as note.
WARN: Cant find government term with ID "11th cabinet" in corpus header, inserting as note.
WARN: Cant find government term with ID "12th cabinet" in corpus header, inserting as note.
WARN: Cant find government term with ID "12th cabinet" in corpus header, inserting as note.
WARN: Cant find government term with ID "13th cabinet" in corpus header, inserting as note.
WARN: Cant find government term with ID "11th cabinet" in corpus header, inserting as note.
WARN: Cant find government term with ID "12th cabinet" in corpus header, inserting as note.
WARN: Cant find government term with ID "13th cabinet" in corpus header, inserting as note.
INFO: Inserting minister affiliation(s) for "ŠpirićNikola"
INFO: Inserting affiliation "minister" from "2012-01-12" to "2015-03-31"
INFO: Inserting minister affiliation(s) for "KošaracStaša"
INFO: Inserting affiliation "minister" from "2019-12-24" to ""
INFO: Inserting minister affiliation(s) for "PodžićSifet"
INFO: Inserting affiliation "minister" from "2019-12-24" to ""
INFO: Inserting minister affiliation(s) for "RadončićFahrudin"
INFO: Inserting affiliation "minister" from "2012-11-22" to "2014-04-29"
INFO: Inserting affiliation "minister" from "2019-12-24" to "2020-06-02"
INFO: Inserting minister affiliation(s) for "ČolakBariša"
INFO: Inserting affiliation "minister" from "2007-01-11" to "2015-03-31"
INFO: Inserting minister affiliation(s) for "NovićSredoje"
INFO: Inserting affiliation "minister" from "2007-01-11" to "2015-03-31"
INFO: Inserting minister affiliation(s) for "LagumdžijaZlatko"
INFO: Inserting affiliation "minister" from "2012-01-12" to "2015-03-31"
INFO: Inserting minister affiliation(s) for "PendešMarina"
INFO: Inserting affiliation "minister" from "2015-04-01" to "2019-12-23"
INFO: Inserting minister affiliation(s) for "MektićDragan"
INFO: Inserting affiliation "minister" from "2015-03-31" to "2019-12-23"
INFO: Inserting minister affiliation(s) for "OsmanovićAdil"
INFO: Inserting affiliation "minister" from "2015-04-01" to "2019-12-23"
INFO: Inserting minister affiliation(s) for "ŠarovićMirko"
INFO: Inserting affiliation "minister" from "2015-04-01" to "2019-12-23"
INFO: Inserting minister affiliation(s) for "LjubićDamir"
INFO: Inserting affiliation "minister" from "2012-01-12" to "2015-03-31"
INFO: Inserting minister affiliation(s) for "CrnadakIgor"
INFO: Inserting affiliation "minister" from "2015-04-01" to "2019-12-23"
INFO: Inserting minister affiliation(s) for "BevandaVjekoslav"
INFO: Inserting affiliation "minister" from "2015-04-01" to ""
INFO: Inserting minister affiliation(s) for "LučićMiloš"
INFO: Inserting affiliation "minister" from "2020-05-15" to "2022-12-12"
INFO: Inserting minister affiliation(s) for "GudeljevićAnkica"
INFO: Inserting affiliation "minister" from "2019-12-24" to ""
INFO: Inserting minister affiliation(s) for "GrubešaJosip"
INFO: Inserting affiliation "minister" from "2015-04-01" to ""
INFO: Inserting minister affiliation(s) for "CikotićSelmo"
INFO: Inserting affiliation "minister" from "2020-07-23" to ""
INFO: Inserting minister affiliation(s) for "MitrovićVojin"
INFO: Inserting affiliation "minister" from "2019-12-23" to "2022-12-23"
INFO: Inserting minister affiliation(s) for "MatanovićSlavko"
INFO: Inserting affiliation "minister" from "2015-04-01" to "2016-05-11"
INFO: Inserting minister affiliation(s) for "HadžićDamir"
INFO: Inserting affiliation "minister" from "2012-01-12" to "2015-03-31"
INFO: Inserting minister affiliation(s) for "TučićBoris"
INFO: Inserting affiliation "minister" from "2013-12-05" to "2015-01-22"
INFO: Inserting minister affiliation(s) for "JuskoIsmir"
INFO: Inserting affiliation "minister" from "2016-05-12" to "2018-12-26"
INFO: Inserting minister affiliation(s) for "BorovacSemiha"
INFO: Inserting affiliation "minister" from "2015-04-01" to "2019-12-23"
