WARN: Cant find government term with ID "12/13th cabinet" in corpus header, inserting as note.
WARN: Cant find government term with ID "13/14/15th cabinet" in corpus header, inserting as note.
WARN: Cant find government term with ID "15th cabinet" in corpus header, inserting as note.
WARN: Cant find government term with ID "15/16/17th cabinet" in corpus header, inserting as note.
WARN: Cant find government term with ID "12th cabinet" in corpus header, inserting as note.
WARN: Cant find government term with ID "12th cabinet" in corpus header, inserting as note.
WARN: Cant find government term with ID "13th cabinet" in corpus header, inserting as note.
WARN: Cant find government term with ID "13th cabinet" in corpus header, inserting as note.
WARN: Cant find government term with ID "14/15th cabinet" in corpus header, inserting as note.
WARN: Cant find government term with ID "16th cabinet" in corpus header, inserting as note.
ERROR: Person BastaRade not found in TEI corpus, skipping!
WARN: Cant find government term with ID "12th cabinet" in corpus header, inserting as note.
WARN: Cant find government term with ID "13th cabinet" in corpus header, inserting as note.
WARN: Cant find government term with ID "14/15/16th cabinet" in corpus header, inserting as note.
ERROR: Person TanaskovićJelena not found in TEI corpus, skipping!
WARN: Cant find government term with ID "12th cabinet" in corpus header, inserting as note.
WARN: Cant find government term with ID "15th cabinet" in corpus header, inserting as note.
WARN: Cant find government term with ID "16/17th cabinet" in corpus header, inserting as note.
WARN: Cant find government term with ID "12th cabinet" in corpus header, inserting as note.
WARN: Cant find government term with ID "13/14/15th cabinet" in corpus header, inserting as note.
WARN: Cant find government term with ID "16th cabinet" in corpus header, inserting as note.
WARN: Cant find government term with ID "17th cabinet" in corpus header, inserting as note.
WARN: Cant find government term with ID "12th cabinet" in corpus header, inserting as note.
WARN: Cant find government term with ID "13/14/15th cabinet" in corpus header, inserting as note.
WARN: Cant find government term with ID "16th cabinet" in corpus header, inserting as note.
ERROR: Person ĐedovićDubravka not found in TEI corpus, skipping!
WARN: Cant find government term with ID "12/13/14/15th cabinet" in corpus header, inserting as note.
WARN: Cant find government term with ID "16th cabinet" in corpus header, inserting as note.
WARN: Cant find government term with ID "17th cabinet" in corpus header, inserting as note.
WARN: Cant find government term with ID "12/13th cabinet" in corpus header, inserting as note.
WARN: Cant find government term with ID "14/15th cabinet" in corpus header, inserting as note.
WARN: Cant find government term with ID "16/17th cabinet" in corpus header, inserting as note.
WARN: Cant find government term with ID "12th cabinet" in corpus header, inserting as note.
WARN: Cant find government term with ID "13th cabinet" in corpus header, inserting as note.
WARN: Cant find government term with ID "14th cabinet" in corpus header, inserting as note.
WARN: Cant find government term with ID "15th cabinet" in corpus header, inserting as note.
WARN: Cant find government term with ID "16th cabinet" in corpus header, inserting as note.
WARN: Cant find government term with ID "17th cabinet" in corpus header, inserting as note.
WARN: Cant find government term with ID "16th cabinet" in corpus header, inserting as note.
WARN: Cant find government term with ID "17th cabinet" in corpus header, inserting as note.
WARN: Cant find government term with ID "10/11/12th cabinet" in corpus header, inserting as note.
WARN: Cant find government term with ID "13/14/15th cabinet" in corpus header, inserting as note.
WARN: Cant find government term with ID "16th cabinet" in corpus header, inserting as note.
WARN: Cant find government term with ID "17th cabinet" in corpus header, inserting as note.
WARN: Cant find government term with ID "12th cabinet" in corpus header, inserting as note.
WARN: Cant find government term with ID "13th cabinet" in corpus header, inserting as note.
WARN: Cant find government term with ID "14th cabinet" in corpus header, inserting as note.
WARN: Cant find government term with ID "14th cabinet" in corpus header, inserting as note.
WARN: Cant find government term with ID "15th cabinet" in corpus header, inserting as note.
WARN: Cant find government term with ID "16th cabinet" in corpus header, inserting as note.
WARN: Cant find government term with ID "17th cabinet" in corpus header, inserting as note.
WARN: Cant find government term with ID "12th cabinet" in corpus header, inserting as note.
WARN: Cant find government term with ID "13/14/15th cabinet" in corpus header, inserting as note.
WARN: Cant find government term with ID "16th cabinet" in corpus header, inserting as note.
WARN: Cant find government term with ID "16th cabinet" in corpus header, inserting as note.
WARN: Cant find government term with ID "17th cabinet" in corpus header, inserting as note.
WARN: Cant find government term with ID "15/16th cabinet" in corpus header, inserting as note.
ERROR: Person MiščevićTanja not found in TEI corpus, skipping!
WARN: Cant find government term with ID "12th cabinet" in corpus header, inserting as note.
WARN: Cant find government term with ID "13th cabinet" in corpus header, inserting as note.
WARN: Cant find government term with ID "14/15th cabinet" in corpus header, inserting as note.
WARN: Cant find government term with ID "16/17th cabinet" in corpus header, inserting as note.
WARN: Cant find government term with ID "12th cabinet" in corpus header, inserting as note.
WARN: Cant find government term with ID "13/14/15/16th cabinet" in corpus header, inserting as note.
ERROR: Person GrujičićDanica not found in TEI corpus, skipping!
WARN: Cant find government term with ID "12th cabinet" in corpus header, inserting as note.
ERROR: Person MartinovićZoran not found in TEI corpus, skipping!
WARN: Cant find government term with ID "13/14th cabinet" in corpus header, inserting as note.
WARN: Cant find government term with ID "15th cabinet" in corpus header, inserting as note.
WARN: Cant find government term with ID "16th cabinet" in corpus header, inserting as note.
WARN: Cant find government term with ID "17th cabinet" in corpus header, inserting as note.
WARN: Cant find government term with ID "16th cabinet" in corpus header, inserting as note.
WARN: Cant find government term with ID "17th cabinet" in corpus header, inserting as note.
WARN: Cant find government term with ID "12/13/14/15/16th cabinet" in corpus header, inserting as note.
ERROR: Person GajićZoran not found in TEI corpus, skipping!
WARN: Cant find government term with ID "12/13th cabinet" in corpus header, inserting as note.
WARN: Cant find government term with ID "14/15th cabinet" in corpus header, inserting as note.
WARN: Cant find government term with ID "16/17th cabinet" in corpus header, inserting as note.
WARN: Cant find government term with ID "16/17th cabinet" in corpus header, inserting as note.
ERROR: Person BegovićJelena not found in TEI corpus, skipping!
ERROR: Person MemićHusein not found in TEI corpus, skipping!
ERROR: Person JovanovićMihailo not found in TEI corpus, skipping!
WARN: Cant find government term with ID "17th cabinet" in corpus header, inserting as note.
WARN: Cant find government term with ID "12th cabinet" in corpus header, inserting as note.
WARN: Cant find government term with ID "12th cabinet" in corpus header, inserting as note.
WARN: Cant find government term with ID "13th cabinet" in corpus header, inserting as note.
WARN: Cant find government term with ID "13/14th cabinet" in corpus header, inserting as note.
WARN: Cant find government term with ID "14/15th cabinet" in corpus header, inserting as note.
WARN: Cant find government term with ID "14/15th cabinet" in corpus header, inserting as note.
WARN: Cant find government term with ID "15/16/17th cabinet" in corpus header, inserting as note.
WARN: Cant find government term with ID "16/17th cabinet" in corpus header, inserting as note.
WARN: Cant find government term with ID "17th cabinet" in corpus header, inserting as note.
ERROR: Person ĐerlekEdin not found in TEI corpus, skipping!
INFO: Inserting minister affiliation(s) for "KrkobabićJovan"
INFO: Inserting affiliation "minister" from "2012-07-27" to "2014-04-22"
INFO: Inserting minister affiliation(s) for "MirovićIgor"
INFO: Inserting affiliation "minister" from "2014-01-25" to "2014-04-27"
INFO: Inserting affiliation "minister" from "2013-09-02" to "2014-04-27"
INFO: Inserting minister affiliation(s) for "ČomićGordana"
INFO: Inserting affiliation "minister" from "2020-10-28" to "2022-10-26"
INFO: Inserting minister affiliation(s) for "RužićBranko"
INFO: Inserting affiliation "minister" from "2017-06-30" to "2020-10-28"
INFO: Inserting affiliation "minister" from "2020-10-29" to ""
INFO: Inserting affiliation "minister" from "2013-09-02" to "2014-04-27"
INFO: Inserting minister affiliation(s) for "VesićGoran"
INFO: Inserting affiliation "minister" from "2022-10-27" to ""
INFO: Inserting minister affiliation(s) for "DačićIvica"
INFO: Inserting affiliation "minister" from "2008-07-07" to "2014-04-27"
INFO: Inserting affiliation "minister" from "2014-04-28" to "2020-10-22"
INFO: Inserting affiliation "minister" from "2022-10-27" to ""
INFO: Inserting minister affiliation(s) for "KneževićGoran"
INFO: Inserting affiliation "minister" from "2016-08-12" to "2020-10-28"
INFO: Inserting minister affiliation(s) for "NedimovićBranislav"
INFO: Inserting affiliation "minister" from "2016-08-12" to "2022-10-26"
INFO: Inserting minister affiliation(s) for "MartinovićAleksandar"
INFO: Inserting affiliation "minister" from "2022-10-27" to ""
INFO: Inserting minister affiliation(s) for "StefanovićNebojša"
INFO: Inserting affiliation "minister" from "2014-04-28" to "2020-10-28"
INFO: Inserting affiliation "minister" from "2020-10-29" to "2022-10-26"
INFO: Inserting minister affiliation(s) for "IlićVelimir"
INFO: Inserting affiliation "minister" from "2014-04-28" to "2016-08-11"
INFO: Inserting minister affiliation(s) for "MilićevićĐorđe"
INFO: Inserting affiliation "minister" from "2022-10-26" to ""
INFO: Inserting minister affiliation(s) for "PopovićNenad"
INFO: Inserting affiliation "minister" from "2017-06-30" to "2022-10-26"
INFO: Inserting minister affiliation(s) for "GašićBratislav"
INFO: Inserting affiliation "minister" from "2022-10-27" to ""
INFO: Inserting affiliation "minister" from "2014-04-28" to "2016-02-05"
INFO: Inserting minister affiliation(s) for "GojkovićMaja"
INFO: Inserting affiliation "minister" from "2020-10-29" to ""
INFO: Inserting minister affiliation(s) for "AntićAleksandar"
INFO: Inserting affiliation "minister" from "2013-09-02" to "2014-04-27"
INFO: Inserting affiliation "minister" from "2014-04-28" to "2020-10-28"
INFO: Inserting minister affiliation(s) for "JoksimovićJadranka"
INFO: Inserting affiliation "minister" from "2017-06-29" to "2022-10-26"
INFO: Inserting affiliation "minister" from "2014-04-28" to "2017-06-29"
INFO: Inserting minister affiliation(s) for "BačevićMilan"
INFO: Inserting affiliation "minister" from "2012-07-27" to "2014-04-27"
INFO: Inserting minister affiliation(s) for "KrkobabićMilan"
INFO: Inserting affiliation "minister" from "2020-10-28" to ""
INFO: Inserting affiliation "minister" from "2016-08-12" to "2020-10-28"
INFO: Inserting minister affiliation(s) for "LjajićRasim"
INFO: Inserting affiliation "minister" from "2012-07-27" to "2020-10-28"
INFO: Inserting minister affiliation(s) for "ObradovićMarija"
INFO: Inserting affiliation "minister" from "2020-10-29" to "2022-10-26"
INFO: Inserting minister affiliation(s) for "BogosavljevićBoškovićSnežana"
INFO: Inserting affiliation "minister" from "2014-04-28" to "2016-08-11"
INFO: Inserting minister affiliation(s) for "VujovićIrena"
INFO: Inserting affiliation "minister" from "2020-10-29" to ""
INFO: Inserting minister affiliation(s) for "VulinAleksandar"
INFO: Inserting affiliation "minister" from "2020-10-29" to "2022-10-26"
INFO: Inserting affiliation "minister" from "2017-06-30" to "2020-10-28"
INFO: Inserting affiliation "minister" from "2014-04-28" to "2017-06-29"
INFO: Inserting affiliation "minister" from "2013-09-02" to "2014-04-27"
INFO: Inserting minister affiliation(s) for "TončevNovica"
INFO: Inserting affiliation "minister" from "2020-10-28" to ""
INFO: Inserting minister affiliation(s) for "UdovičićVanja"
INFO: Inserting affiliation "minister" from "2013-09-02" to "2022-10-26"
INFO: Inserting minister affiliation(s) for "BlagojevićMarko"
INFO: Inserting affiliation "minister" from "2022-10-26" to ""
INFO: Inserting minister affiliation(s) for "RadulovićSaša"
INFO: Inserting affiliation "minister" from "2013-09-02" to "2014-01-24"
INFO: Inserting minister affiliation(s) for "ŽigmanovTomislav"
INFO: Inserting affiliation "minister" from "2022-10-27" to ""
INFO: Inserting minister affiliation(s) for "DmitrovićRadomir"
INFO: Inserting affiliation "minister" from "2020-10-28" to "2022-10-26"
INFO: Inserting minister affiliation(s) for "TasovacIvan"
INFO: Inserting affiliation "minister" from "2013-09-02" to "2016-08-11"
INFO: Inserting minister affiliation(s) for "VucevicMiloš"
INFO: Inserting affiliation "minister" from "2022-10-27" to ""
INFO: Inserting minister affiliation(s) for "SelakovićNikola"
INFO: Inserting affiliation "minister" from "2012-07-27" to "2016-08-11"
INFO: Inserting affiliation "minister" from "2020-10-29" to "2022-10-26"
INFO: Inserting affiliation "minister" from "2022-10-27" to ""
INFO: Inserting minister affiliation(s) for "MomirovićTomislav"
INFO: Inserting affiliation "minister" from "2020-10-28" to "2022-10-26"
INFO: Inserting affiliation "minister" from "2022-10-27" to ""
INFO: Inserting minister affiliation(s) for "KuburovićNela"
INFO: Inserting affiliation "minister" from "2016-08-12" to "2020-10-28"
INFO: Inserting minister affiliation(s) for "KrstićLazar"
INFO: Inserting affiliation "minister" from "2013-09-02" to "2014-07-15"
INFO: Inserting minister affiliation(s) for "VujovićDušan"
INFO: Inserting affiliation "minister" from "2014-07-16" to "2018-05-16"
INFO: Inserting affiliation "minister" from "2014-04-28" to "2014-09-03"
INFO: Inserting affiliation "minister" from "2016-02-06" to "2016-03-02"
INFO: Inserting minister affiliation(s) for "SertićŽeljko"
INFO: Inserting affiliation "minister" from "2014-09-04" to "2016-08-11"
INFO: Inserting minister affiliation(s) for "RodićNebojša"
INFO: Inserting affiliation "minister" from "2013-09-02" to "2014-04-27"
INFO: Inserting minister affiliation(s) for "MihajlovićZorana"
INFO: Inserting affiliation "minister" from "2014-04-28" to "2020-10-28"
INFO: Inserting affiliation "minister" from "2012-07-27" to "2014-04-27"
INFO: Inserting affiliation "minister" from "2020-10-29" to "2022-10-26"
INFO: Inserting minister affiliation(s) for "GlamočićDragan"
INFO: Inserting affiliation "minister" from "2013-09-02" to "2014-04-27"
INFO: Inserting minister affiliation(s) for "LončarZlatibor"
INFO: Inserting affiliation "minister" from "2014-04-28" to "2022-10-26"
INFO: Inserting minister affiliation(s) for "MatićTatjana"
INFO: Inserting affiliation "minister" from "2020-10-29" to "2022-10-26"
INFO: Inserting minister affiliation(s) for "VerbićSrđan"
INFO: Inserting affiliation "minister" from "2014-04-28" to "2016-08-11"
INFO: Inserting minister affiliation(s) for "MaliSiniša"
INFO: Inserting affiliation "minister" from "2018-05-30" to ""
INFO: Inserting minister affiliation(s) for "KisićTepavčevićDarija"
INFO: Inserting affiliation "minister" from "2020-10-29" to "2022-10-26"
INFO: Inserting affiliation "minister" from "2022-10-27" to ""
INFO: Inserting minister affiliation(s) for "MrkićIvan"
INFO: Inserting affiliation "minister" from "2012-07-27" to "2014-04-27"
INFO: Inserting minister affiliation(s) for "VukosavljevićVladan"
INFO: Inserting affiliation "minister" from "2016-08-12" to "2020-10-28"
INFO: Inserting minister affiliation(s) for "ĐorđevićZoran"
INFO: Inserting affiliation "minister" from "2016-03-03" to "2017-06-29"
INFO: Inserting affiliation "minister" from "2017-06-30" to "2020-10-28"
INFO: Inserting minister affiliation(s) for "TrivanGoran"
INFO: Inserting affiliation "minister" from "2017-06-29" to "2020-10-28"
INFO: Inserting minister affiliation(s) for "JovanovićTomislav"
INFO: Inserting affiliation "minister" from "2013-09-02" to "2014-04-27"
INFO: Inserting minister affiliation(s) for "PopovićMaja"
INFO: Inserting affiliation "minister" from "2020-10-29" to ""
INFO: Inserting minister affiliation(s) for "UdovičkiKori"
INFO: Inserting affiliation "minister" from "2014-04-28" to "2016-08-11"
INFO: Inserting minister affiliation(s) for "ĐukićSlavica"
INFO: Inserting affiliation "minister" from "2012-07-27" to "2014-04-27"
INFO: Inserting affiliation "minister" from "2016-08-12" to "2020-10-28"
INFO: Inserting minister affiliation(s) for "BrnabićAna"
INFO: Inserting affiliation "minister" from "2018-05-17" to "2018-05-29"
INFO: Inserting affiliation "minister" from "2016-08-12" to "2017-06-29"
INFO: Inserting affiliation "minister" from "2020-10-23" to "2020-10-28"
INFO: Inserting minister affiliation(s) for "AtanaskovićAnđelka"
INFO: Inserting affiliation "minister" from "2020-10-29" to "2022-10-26"
INFO: Inserting minister affiliation(s) for "ŠarčevićMladen"
INFO: Inserting affiliation "minister" from "2016-08-12" to "2020-10-28"
