ERROR: Person KustecSimona not found in TEI corpus, skipping!
INFO: Removing minister affiliation for ErjavecKarlViktor: #GOV.12 from 2014-09-18 to 2018-09-13
INFO: Removing minister affiliation for ErjavecKarlViktor: #GOV.13 from 2018-09-13 to 2020-03-13
INFO: Inserting minister affiliation(s) for "ErjavecKarlViktor"
INFO: Inserting affiliation "minister" from "2012-02-10" to "2018-09-13"
INFO: Inserting affiliation "minister" from "2018-09-13" to "2020-03-13"
INFO: Removing minister affiliation for MramorDušan: #GOV.12 from 2014-09-18 to 2016-07-14
INFO: Inserting minister affiliation(s) for "MramorDušan"
INFO: Inserting affiliation "minister" from "2014-09-18" to "2016-07-14"
INFO: Removing minister affiliation for PeršakAnton: #GOV.12 from 2016-05-20 to 2018-09-13
INFO: Inserting minister affiliation(s) for "PeršakAnton"
INFO: Inserting affiliation "minister" from "2016-05-20" to "2018-09-13"
INFO: Removing minister affiliation for VeberJanko: #GOV.12 from 2014-09-18 to 2016-07-14
INFO: Inserting minister affiliation(s) for "VeberJanko"
INFO: Inserting affiliation "minister" from "2014-09-18" to "2015-04-09"
INFO: Removing minister affiliation for VizjakAndrej: #GOV.14 from 2020-03-13 to 2022-06-01
INFO: Inserting minister affiliation(s) for "VizjakAndrej"
INFO: Inserting affiliation "minister" from "2020-03-13" to "2022-06-01"
INFO: Removing minister affiliation for BratušekAlenka: #GOV.13 from 2018-09-13 to 2020-03-13
INFO: Inserting minister affiliation(s) for "BratušekAlenka"
INFO: Inserting affiliation "minister" from "2018-09-13" to "2020-03-13"
INFO: Removing minister affiliation for SimonitiVasko: #GOV.14 from 2020-03-13 to 2022-06-01
INFO: Inserting minister affiliation(s) for "SimonitiVasko"
INFO: Inserting affiliation "minister" from "2020-03-13" to "2022-06-01"
INFO: Removing minister affiliation for ČernačZvonko: #GOV.14 from 2020-03-13 to 2022-06-01
INFO: Inserting minister affiliation(s) for "ČernačZvonko"
INFO: Inserting affiliation "minister" from "2020-03-13" to "2022-06-01"
INFO: Removing minister affiliation for ŠirceljAndrej: #GOV.14 from 2020-03-13 to 2022-06-01
INFO: Inserting minister affiliation(s) for "ŠirceljAndrej"
INFO: Inserting affiliation "minister" from "2020-03-13" to "2022-06-01"
INFO: Removing minister affiliation for BizjakMlakarJulijana: #GOV.12 from 2014-09-18 to 2016-04-24
INFO: Removing minister affiliation for GašperšičPeter: #GOV.12 from 2014-09-18 to 2018-09-13
INFO: Inserting minister affiliation(s) for "GašperšičPeter"
INFO: Inserting affiliation "minister" from "2014-09-18" to "2018-09-13"
INFO: Removing minister affiliation for KlemenčičGoran: #GOV.12 from 2014-09-18 to 2018-09-13
INFO: Inserting minister affiliation(s) for "KlemenčičGoran"
INFO: Inserting affiliation "minister" from "2014-09-18" to "2018-09-13"
INFO: Removing minister affiliation for KopačMrakAnja: #GOV.12 from 2014-09-18 to 2018-09-13
INFO: Inserting minister affiliation(s) for "KopačMrakAnja"
INFO: Inserting affiliation "minister" from "2013-03-20" to "2018-09-13"
INFO: Removing minister affiliation for ŽidanDejan: #GOV.12 from 2014-09-18 to 2018-09-13
INFO: Inserting minister affiliation(s) for "ŽidanDejan"
INFO: Inserting affiliation "minister" from "2014-09-18" to "2018-09-13"
INFO: Removing minister affiliation for GantarTomaž: #GOV.14 from 2020-03-13 to 2020-12-18
INFO: Inserting minister affiliation(s) for "GantarTomaž"
INFO: Inserting affiliation "minister" from "2020-03-13" to "2020-12-18"
INFO: Removing minister affiliation for HojsAleš: #GOV.14 from 2020-03-13 to 2022-06-01
INFO: Inserting minister affiliation(s) for "HojsAleš"
INFO: Inserting affiliation "minister" from "2020-03-13" to "2022-06-01"
INFO: Removing minister affiliation for PikaloJernej: #GOV.13 from 2018-09-13 to 2020-03-13
INFO: Inserting minister affiliation(s) for "PikaloJernej"
INFO: Inserting affiliation "minister" from "2018-09-13" to "2020-03-13"
INFO: Removing minister affiliation for ToninMatej: #GOV.14 from 2020-03-13 to 2022-06-01
INFO: Inserting minister affiliation(s) for "ToninMatej"
INFO: Inserting affiliation "minister" from "2020-03-13" to "2022-06-01"
INFO: Removing minister affiliation for ŽmavcGorazd: #GOV.12 from 2016-04-25 to 2016-05-19
INFO: Removing minister affiliation for ŽmavcGorazd: #GOV.12 from 2014-09-18 to 2018-09-13
INFO: Inserting minister affiliation(s) for "ŽmavcGorazd"
INFO: Inserting affiliation "minister" from "2014-09-18" to "2018-09-13"
INFO: Removing minister affiliation for BulcVioleta: #GOV.12 from 2014-09-18 to 2014-10-29
INFO: Inserting minister affiliation(s) for "BulcVioleta"
INFO: Inserting affiliation "minister" from "2014-09-18" to "2014-10-29"
INFO: Removing minister affiliation for CerarMiro: #GOV.12 from 2015-03-13 to 2015-03-26
INFO: Removing minister affiliation for CerarMiro: #GOV.12 from 2015-04-09 to 2015-05-12
INFO: Removing minister affiliation for CerarMiro: #GOV.13 from 2018-09-13 to 2020-03-13
INFO: Inserting minister affiliation(s) for "CerarMiro"
INFO: Inserting affiliation "minister" from "2015-03-13" to "2015-03-27"
INFO: Inserting affiliation "minister" from "2015-04-09" to "2015-05-13"
INFO: Inserting affiliation "minister" from "2018-09-13" to "2020-03-13"
INFO: Removing minister affiliation for GyörkösŽnidarVesna: #GOV.12 from 2014-09-18 to 2018-09-13
INFO: Inserting minister affiliation(s) for "GyörkösŽnidarVesna"
INFO: Inserting affiliation "minister" from "2014-09-18" to "2018-09-13"
INFO: Removing minister affiliation for KatičAndreja: #GOV.12 from 2015-05-13 to 2018-09-13
INFO: Removing minister affiliation for KatičAndreja: #GOV.13 from 2018-09-13 to 2020-03-13
INFO: Inserting minister affiliation(s) for "KatičAndreja"
INFO: Inserting affiliation "minister" from "2015-05-13" to "2018-09-13"
INFO: Inserting affiliation "minister" from "2018-09-13" to "2020-03-13"
INFO: Removing minister affiliation for KlampferKsenija: #GOV.13 from 2018-09-13 to 2020-03-13
INFO: Inserting minister affiliation(s) for "KlampferKsenija"
INFO: Inserting affiliation "minister" from "2018-09-13" to "2020-03-13"
INFO: Removing minister affiliation for KolarCelarcMarijaMilojka: #GOV.12 from 2014-09-18 to 2018-09-13
INFO: Inserting minister affiliation(s) for "KolarCelarcMarijaMilojka"
INFO: Inserting affiliation "minister" from "2014-09-18" to "2018-09-13"
INFO: Removing minister affiliation for KoprivnikarBoris: #GOV.12 from 2014-09-18 to 2018-09-13
INFO: Inserting minister affiliation(s) for "KoprivnikarBoris"
INFO: Inserting affiliation "minister" from "2014-09-18" to "2018-09-13"
INFO: Removing minister affiliation for KozlovičLilijana: #GOV.14 from 2020-03-13 to 2021-05-27
INFO: Inserting minister affiliation(s) for "KozlovičLilijana"
INFO: Inserting affiliation "minister" from "2020-03-13" to "2021-05-27"
INFO: Removing minister affiliation for KustecLipicerSimona: #GOV.14 from 2020-03-13 to 2022-06-01
INFO: Removing minister affiliation for LebenJure: #GOV.13 from 2018-09-13 to 2019-03-20
INFO: Inserting minister affiliation(s) for "LebenJure"
INFO: Inserting affiliation "minister" from "2018-09-13" to "2019-03-20"
INFO: Removing minister affiliation for LogarAnže: #GOV.14 from 2020-03-13 to 2022-06-01
INFO: Inserting minister affiliation(s) for "LogarAnže"
INFO: Inserting affiliation "minister" from "2020-03-13" to "2022-06-01"
INFO: Removing minister affiliation for MajcenIrena: #GOV.12 from 2014-09-18 to 2018-09-13
INFO: Inserting minister affiliation(s) for "MajcenIrena"
INFO: Inserting affiliation "minister" from "2014-09-18" to "2018-09-13"
INFO: Removing minister affiliation for MakovecBrenčičMaja: #GOV.12 from 2015-05-13 to 2018-09-13
INFO: Inserting minister affiliation(s) for "MakovecBrenčičMaja"
INFO: Inserting affiliation "minister" from "2015-05-13" to "2018-09-13"
INFO: Removing minister affiliation for MarkežKlavdija: #GOV.12 from 2015-02-27 to 2015-04-08
INFO: Inserting minister affiliation(s) for "MarkežKlavdija"
INFO: Inserting affiliation "minister" from "2015-03-27" to "2015-04-09"
INFO: Removing minister affiliation for PetrovičJožef: #GOV.12 from 2014-09-18 to 2014-10-28
INFO: Inserting minister affiliation(s) for "PetrovičJožef"
INFO: Inserting affiliation "minister" from "2014-09-18" to "2014-10-28"
INFO: Removing minister affiliation for PočivalšekZdravko: #GOV.12 from 2014-12-04 to 2018-09-13
INFO: Removing minister affiliation for PočivalšekZdravko: #GOV.13 from 2018-09-13 to 2020-03-13
INFO: Removing minister affiliation for PočivalšekZdravko: #GOV.14 from 2020-03-13 to 2022-06-01
INFO: Inserting minister affiliation(s) for "PočivalšekZdravko"
INFO: Inserting affiliation "minister" from "2014-12-04" to "2022-06-01"
INFO: Inserting affiliation "minister" from "2018-09-13" to "2020-03-13"
INFO: Inserting affiliation "minister" from "2020-03-13" to "2022-06-01"
INFO: Removing minister affiliation for SetnikarCankarStanka: #GOV.12 from 2014-09-18 to 2015-03-12
INFO: Inserting minister affiliation(s) for "SetnikarCankarStanka"
INFO: Inserting affiliation "minister" from "2014-09-18" to "2015-03-13"
INFO: Removing minister affiliation for SmerkoljAlenka: #GOV.12 from 2014-11-19 to 2018-09-13
INFO: Inserting minister affiliation(s) for "SmerkoljAlenka"
INFO: Inserting affiliation "minister" from "2014-11-19" to "2018-09-13"
INFO: Removing minister affiliation for VraničarErmanMateja: #GOV.12 from 2016-09-21 to 2018-09-13
INFO: Inserting minister affiliation(s) for "VraničarErmanMateja"
INFO: Inserting affiliation "minister" from "2016-09-21" to "2018-09-13"
INFO: Removing minister affiliation for VrtovecJernej: #GOV.14 from 2020-03-13 to 2022-06-01
INFO: Inserting minister affiliation(s) for "VrtovecJernej"
INFO: Inserting affiliation "minister" from "2020-03-13" to "2022-06-01"
INFO: Removing minister affiliation for ZajcSimon: #GOV.13 from 2019-03-27 to 2020-03-13
INFO: Inserting minister affiliation(s) for "ZajcSimon"
INFO: Inserting affiliation "minister" from "2019-03-27" to "2020-03-13"
INFO: Removing minister affiliation for AndrijaničMarkBoris: #GOV.14 from 2020-03-13 to 2022-06-01
INFO: Inserting minister affiliation(s) for "AndrijaničMarkBoris"
INFO: Inserting affiliation "minister" from "2021-07-16" to "2022-06-01"
INFO: Removing minister affiliation for BandelliMarko: #GOV.13 from 2018-09-13 to 2018-11-19
INFO: Inserting minister affiliation(s) for "BandelliMarko"
INFO: Inserting affiliation "minister" from "2018-09-13" to "2018-12-19"
INFO: Removing minister affiliation for BertonceljAndrej: #GOV.13 from 2018-09-13 to 2020-03-13
INFO: Inserting minister affiliation(s) for "BertonceljAndrej"
INFO: Inserting affiliation "minister" from "2018-09-13" to "2020-03-13"
INFO: Removing minister affiliation for CiglerKraljJanez: #GOV.14 from 2020-03-13 to 2022-06-01
INFO: Inserting minister affiliation(s) for "CiglerKraljJanez"
INFO: Inserting affiliation "minister" from "2020-03-13" to "2022-06-01"
INFO: Removing minister affiliation for DikaučičMarjan: #GOV.14 from 2021-06-15 to 2022-06-01
INFO: Inserting minister affiliation(s) for "DikaučičMarjan"
INFO: Inserting affiliation "minister" from "2021-06-15" to "2022-06-01"
INFO: Removing minister affiliation for FakinSamo: #GOV.13 from 2018-09-13 to 2019-03-20
INFO: Inserting minister affiliation(s) for "FakinSamo"
INFO: Inserting affiliation "minister" from "2018-09-13" to "2019-03-20"
INFO: Removing minister affiliation for JaklitschHelena: #GOV.14 from 2020-03-13 to 2022-06-01
INFO: Inserting minister affiliation(s) for "JaklitschHelena"
INFO: Inserting affiliation "minister" from "2020-03-13" to "2022-06-01"
INFO: Removing minister affiliation for KoritnikBoštjan: #GOV.14 from 2020-03-13 to 2022-06-01
INFO: Inserting minister affiliation(s) for "KoritnikBoštjan"
INFO: Inserting affiliation "minister" from "2020-03-13" to "2022-06-01"
INFO: Removing minister affiliation for MedvedRudi: #GOV.13 from 2018-09-13 to 2020-03-13
INFO: Inserting minister affiliation(s) for "MedvedRudi"
INFO: Inserting affiliation "minister" from "2018-09-13" to "2020-03-13"
INFO: Removing minister affiliation for MlinarAngelika: #GOV.13 from 2019-12-19 to 2020-03-13
INFO: Inserting minister affiliation(s) for "MlinarAngelika"
INFO: Inserting affiliation "minister" from "2019-12-19" to "2020-03-13"
INFO: Removing minister affiliation for PivecAleksandra: #GOV.13 from 2018-09-13 to 2020-03-13
INFO: Removing minister affiliation for PivecAleksandra: #GOV.14 from 2020-03-13 to 2020-10-14
INFO: Inserting minister affiliation(s) for "PivecAleksandra"
INFO: Inserting affiliation "minister" from "2018-09-13" to "2020-03-13"
INFO: Inserting affiliation "minister" from "2020-03-13" to "2020-10-15"
INFO: Removing minister affiliation for PodgoršekJože: #GOV.14 from 2020-10-15 to 2022-06-01
INFO: Inserting minister affiliation(s) for "PodgoršekJože"
INFO: Inserting affiliation "minister" from "2020-10-15" to "2022-06-01"
INFO: Removing minister affiliation for PoklukarBoštjan: #GOV.13 from 2018-09-13 to 2020-03-13
INFO: Inserting minister affiliation(s) for "PoklukarBoštjan"
INFO: Inserting affiliation "minister" from "2018-09-13" to "2020-03-13"
INFO: Removing minister affiliation for PoklukarJanez: #GOV.14 from 2021-02-23 to 2022-06-01
INFO: Inserting minister affiliation(s) for "PoklukarJanez"
INFO: Inserting affiliation "minister" from "2021-02-23" to "2022-06-01"
INFO: Removing minister affiliation for PozničZoran: #GOV.13 from 2019-03-08 to 2020-03-13
INFO: Inserting minister affiliation(s) for "PozničZoran"
INFO: Inserting affiliation "minister" from "2019-03-08" to "2020-03-13"
INFO: Removing minister affiliation for PrešičekDejan: #GOV.13 from 2018-09-13 to 2019-01-29
INFO: Inserting minister affiliation(s) for "PrešičekDejan"
INFO: Inserting affiliation "minister" from "2018-09-13" to "2019-01-29"
INFO: Removing minister affiliation for PuričIztok: #GOV.13 from 2018-12-19 to 2019-10-01
INFO: Inserting minister affiliation(s) for "PuričIztok"
INFO: Inserting affiliation "minister" from "2018-12-19" to "2019-10-01"
INFO: Removing minister affiliation for ČesnikPeterJožef: #GOV.13 from 2018-09-13 to 2020-03-13
INFO: Inserting minister affiliation(s) for "ČesnikPeterJožef"
INFO: Inserting affiliation "minister" from "2018-09-13" to "2020-03-13"
INFO: Removing minister affiliation for ŠabederAleš: #GOV.13 from 2019-03-27 to 2020-03-13
INFO: Inserting minister affiliation(s) for "ŠabederAleš"
INFO: Inserting affiliation "minister" from "2019-03-27" to "2020-03-13"
