make[1]: Entering directory '/home/project/corpora/Parla/ParlaMint/ParlaMint/Build/Sources-TSV'
for CORPUS in AT BA BE BG CZ DK EE ES ES-CT ES-GA ES-PV FI FR GB GR HR HU IS IT LV NL NO PL PT RS SE SI TR UA; do \
make insert-metadata CORPUS=${CORPUS}; \
done;
make[2]: Entering directory '/home/project/corpora/Parla/ParlaMint/ParlaMint/Build/Sources-TSV'
../Scripts/add-metadata.pl /home/project/corpora/Parla/ParlaMint/ParlaMint/Build/Sources-TSV/ParlaMint-AT ../Sources-TEI/ParlaMint-AT.TEI 2>  /home/project/corpora/Parla/ParlaMint/ParlaMint/Build/Sources-TSV/ParlaMint-AT/Add-Metadata.log
../Scripts/add-metadata.pl /home/project/corpora/Parla/ParlaMint/ParlaMint/Build/Sources-TSV/ParlaMint-AT ../Sources-TEI/ParlaMint-AT.TEI.ana 2>> /home/project/corpora/Parla/ParlaMint/ParlaMint/Build/Sources-TSV/ParlaMint-AT/Add-Metadata.log
grep -a -i 'fatal' /home/project/corpora/Parla/ParlaMint/ParlaMint/Build/Sources-TSV/ParlaMint-AT/Add-Metadata.log | sort | uniq >  /home/project/corpora/Parla/ParlaMint/ParlaMint/Build/Sources-TSV/ParlaMint-AT/Add-Metadata.error.log
grep -a -i 'error' /home/project/corpora/Parla/ParlaMint/ParlaMint/Build/Sources-TSV/ParlaMint-AT/Add-Metadata.log | sort | uniq >> /home/project/corpora/Parla/ParlaMint/ParlaMint/Build/Sources-TSV/ParlaMint-AT/Add-Metadata.error.log
grep -a -i 'warn'  /home/project/corpora/Parla/ParlaMint/ParlaMint/Build/Sources-TSV/ParlaMint-AT/Add-Metadata.log | sort | uniq >  /home/project/corpora/Parla/ParlaMint/ParlaMint/Build/Sources-TSV/ParlaMint-AT/Add-Metadata.warn.log
make[2]: Leaving directory '/home/project/corpora/Parla/ParlaMint/ParlaMint/Build/Sources-TSV'
make[2]: Entering directory '/home/project/corpora/Parla/ParlaMint/ParlaMint/Build/Sources-TSV'
../Scripts/add-metadata.pl /home/project/corpora/Parla/ParlaMint/ParlaMint/Build/Sources-TSV/ParlaMint-BA ../Sources-TEI/ParlaMint-BA.TEI 2>  /home/project/corpora/Parla/ParlaMint/ParlaMint/Build/Sources-TSV/ParlaMint-BA/Add-Metadata.log
../Scripts/add-metadata.pl /home/project/corpora/Parla/ParlaMint/ParlaMint/Build/Sources-TSV/ParlaMint-BA ../Sources-TEI/ParlaMint-BA.TEI.ana 2>> /home/project/corpora/Parla/ParlaMint/ParlaMint/Build/Sources-TSV/ParlaMint-BA/Add-Metadata.log
grep -a -i 'fatal' /home/project/corpora/Parla/ParlaMint/ParlaMint/Build/Sources-TSV/ParlaMint-BA/Add-Metadata.log | sort | uniq >  /home/project/corpora/Parla/ParlaMint/ParlaMint/Build/Sources-TSV/ParlaMint-BA/Add-Metadata.error.log
grep -a -i 'error' /home/project/corpora/Parla/ParlaMint/ParlaMint/Build/Sources-TSV/ParlaMint-BA/Add-Metadata.log | sort | uniq >> /home/project/corpora/Parla/ParlaMint/ParlaMint/Build/Sources-TSV/ParlaMint-BA/Add-Metadata.error.log
grep -a -i 'warn'  /home/project/corpora/Parla/ParlaMint/ParlaMint/Build/Sources-TSV/ParlaMint-BA/Add-Metadata.log | sort | uniq >  /home/project/corpora/Parla/ParlaMint/ParlaMint/Build/Sources-TSV/ParlaMint-BA/Add-Metadata.warn.log
make[2]: Leaving directory '/home/project/corpora/Parla/ParlaMint/ParlaMint/Build/Sources-TSV'
make[2]: Entering directory '/home/project/corpora/Parla/ParlaMint/ParlaMint/Build/Sources-TSV'
../Scripts/add-metadata.pl /home/project/corpora/Parla/ParlaMint/ParlaMint/Build/Sources-TSV/ParlaMint-BE ../Sources-TEI/ParlaMint-BE.TEI 2>  /home/project/corpora/Parla/ParlaMint/ParlaMint/Build/Sources-TSV/ParlaMint-BE/Add-Metadata.log
../Scripts/add-metadata.pl /home/project/corpora/Parla/ParlaMint/ParlaMint/Build/Sources-TSV/ParlaMint-BE ../Sources-TEI/ParlaMint-BE.TEI.ana 2>> /home/project/corpora/Parla/ParlaMint/ParlaMint/Build/Sources-TSV/ParlaMint-BE/Add-Metadata.log
grep -a -i 'fatal' /home/project/corpora/Parla/ParlaMint/ParlaMint/Build/Sources-TSV/ParlaMint-BE/Add-Metadata.log | sort | uniq >  /home/project/corpora/Parla/ParlaMint/ParlaMint/Build/Sources-TSV/ParlaMint-BE/Add-Metadata.error.log
grep -a -i 'error' /home/project/corpora/Parla/ParlaMint/ParlaMint/Build/Sources-TSV/ParlaMint-BE/Add-Metadata.log | sort | uniq >> /home/project/corpora/Parla/ParlaMint/ParlaMint/Build/Sources-TSV/ParlaMint-BE/Add-Metadata.error.log
grep -a -i 'warn'  /home/project/corpora/Parla/ParlaMint/ParlaMint/Build/Sources-TSV/ParlaMint-BE/Add-Metadata.log | sort | uniq >  /home/project/corpora/Parla/ParlaMint/ParlaMint/Build/Sources-TSV/ParlaMint-BE/Add-Metadata.warn.log
make[2]: Leaving directory '/home/project/corpora/Parla/ParlaMint/ParlaMint/Build/Sources-TSV'
make[2]: Entering directory '/home/project/corpora/Parla/ParlaMint/ParlaMint/Build/Sources-TSV'
../Scripts/add-metadata.pl /home/project/corpora/Parla/ParlaMint/ParlaMint/Build/Sources-TSV/ParlaMint-BG ../Sources-TEI/ParlaMint-BG.TEI 2>  /home/project/corpora/Parla/ParlaMint/ParlaMint/Build/Sources-TSV/ParlaMint-BG/Add-Metadata.log
../Scripts/add-metadata.pl /home/project/corpora/Parla/ParlaMint/ParlaMint/Build/Sources-TSV/ParlaMint-BG ../Sources-TEI/ParlaMint-BG.TEI.ana 2>> /home/project/corpora/Parla/ParlaMint/ParlaMint/Build/Sources-TSV/ParlaMint-BG/Add-Metadata.log
grep -a -i 'fatal' /home/project/corpora/Parla/ParlaMint/ParlaMint/Build/Sources-TSV/ParlaMint-BG/Add-Metadata.log | sort | uniq >  /home/project/corpora/Parla/ParlaMint/ParlaMint/Build/Sources-TSV/ParlaMint-BG/Add-Metadata.error.log
grep -a -i 'error' /home/project/corpora/Parla/ParlaMint/ParlaMint/Build/Sources-TSV/ParlaMint-BG/Add-Metadata.log | sort | uniq >> /home/project/corpora/Parla/ParlaMint/ParlaMint/Build/Sources-TSV/ParlaMint-BG/Add-Metadata.error.log
grep -a -i 'warn'  /home/project/corpora/Parla/ParlaMint/ParlaMint/Build/Sources-TSV/ParlaMint-BG/Add-Metadata.log | sort | uniq >  /home/project/corpora/Parla/ParlaMint/ParlaMint/Build/Sources-TSV/ParlaMint-BG/Add-Metadata.warn.log
make[2]: Leaving directory '/home/project/corpora/Parla/ParlaMint/ParlaMint/Build/Sources-TSV'
make[2]: Entering directory '/home/project/corpora/Parla/ParlaMint/ParlaMint/Build/Sources-TSV'
../Scripts/add-metadata.pl /home/project/corpora/Parla/ParlaMint/ParlaMint/Build/Sources-TSV/ParlaMint-CZ ../Sources-TEI/ParlaMint-CZ.TEI 2>  /home/project/corpora/Parla/ParlaMint/ParlaMint/Build/Sources-TSV/ParlaMint-CZ/Add-Metadata.log
../Scripts/add-metadata.pl /home/project/corpora/Parla/ParlaMint/ParlaMint/Build/Sources-TSV/ParlaMint-CZ ../Sources-TEI/ParlaMint-CZ.TEI.ana 2>> /home/project/corpora/Parla/ParlaMint/ParlaMint/Build/Sources-TSV/ParlaMint-CZ/Add-Metadata.log
grep -a -i 'fatal' /home/project/corpora/Parla/ParlaMint/ParlaMint/Build/Sources-TSV/ParlaMint-CZ/Add-Metadata.log | sort | uniq >  /home/project/corpora/Parla/ParlaMint/ParlaMint/Build/Sources-TSV/ParlaMint-CZ/Add-Metadata.error.log
grep -a -i 'error' /home/project/corpora/Parla/ParlaMint/ParlaMint/Build/Sources-TSV/ParlaMint-CZ/Add-Metadata.log | sort | uniq >> /home/project/corpora/Parla/ParlaMint/ParlaMint/Build/Sources-TSV/ParlaMint-CZ/Add-Metadata.error.log
grep -a -i 'warn'  /home/project/corpora/Parla/ParlaMint/ParlaMint/Build/Sources-TSV/ParlaMint-CZ/Add-Metadata.log | sort | uniq >  /home/project/corpora/Parla/ParlaMint/ParlaMint/Build/Sources-TSV/ParlaMint-CZ/Add-Metadata.warn.log
make[2]: Leaving directory '/home/project/corpora/Parla/ParlaMint/ParlaMint/Build/Sources-TSV'
make[2]: Entering directory '/home/project/corpora/Parla/ParlaMint/ParlaMint/Build/Sources-TSV'
../Scripts/add-metadata.pl /home/project/corpora/Parla/ParlaMint/ParlaMint/Build/Sources-TSV/ParlaMint-DK ../Sources-TEI/ParlaMint-DK.TEI 2>  /home/project/corpora/Parla/ParlaMint/ParlaMint/Build/Sources-TSV/ParlaMint-DK/Add-Metadata.log
../Scripts/add-metadata.pl /home/project/corpora/Parla/ParlaMint/ParlaMint/Build/Sources-TSV/ParlaMint-DK ../Sources-TEI/ParlaMint-DK.TEI.ana 2>> /home/project/corpora/Parla/ParlaMint/ParlaMint/Build/Sources-TSV/ParlaMint-DK/Add-Metadata.log
grep -a -i 'fatal' /home/project/corpora/Parla/ParlaMint/ParlaMint/Build/Sources-TSV/ParlaMint-DK/Add-Metadata.log | sort | uniq >  /home/project/corpora/Parla/ParlaMint/ParlaMint/Build/Sources-TSV/ParlaMint-DK/Add-Metadata.error.log
grep -a -i 'error' /home/project/corpora/Parla/ParlaMint/ParlaMint/Build/Sources-TSV/ParlaMint-DK/Add-Metadata.log | sort | uniq >> /home/project/corpora/Parla/ParlaMint/ParlaMint/Build/Sources-TSV/ParlaMint-DK/Add-Metadata.error.log
grep -a -i 'warn'  /home/project/corpora/Parla/ParlaMint/ParlaMint/Build/Sources-TSV/ParlaMint-DK/Add-Metadata.log | sort | uniq >  /home/project/corpora/Parla/ParlaMint/ParlaMint/Build/Sources-TSV/ParlaMint-DK/Add-Metadata.warn.log
make[2]: Leaving directory '/home/project/corpora/Parla/ParlaMint/ParlaMint/Build/Sources-TSV'
make[2]: Entering directory '/home/project/corpora/Parla/ParlaMint/ParlaMint/Build/Sources-TSV'
../Scripts/add-metadata.pl /home/project/corpora/Parla/ParlaMint/ParlaMint/Build/Sources-TSV/ParlaMint-EE ../Sources-TEI/ParlaMint-EE.TEI 2>  /home/project/corpora/Parla/ParlaMint/ParlaMint/Build/Sources-TSV/ParlaMint-EE/Add-Metadata.log
../Scripts/add-metadata.pl /home/project/corpora/Parla/ParlaMint/ParlaMint/Build/Sources-TSV/ParlaMint-EE ../Sources-TEI/ParlaMint-EE.TEI.ana 2>> /home/project/corpora/Parla/ParlaMint/ParlaMint/Build/Sources-TSV/ParlaMint-EE/Add-Metadata.log
grep -a -i 'fatal' /home/project/corpora/Parla/ParlaMint/ParlaMint/Build/Sources-TSV/ParlaMint-EE/Add-Metadata.log | sort | uniq >  /home/project/corpora/Parla/ParlaMint/ParlaMint/Build/Sources-TSV/ParlaMint-EE/Add-Metadata.error.log
grep -a -i 'error' /home/project/corpora/Parla/ParlaMint/ParlaMint/Build/Sources-TSV/ParlaMint-EE/Add-Metadata.log | sort | uniq >> /home/project/corpora/Parla/ParlaMint/ParlaMint/Build/Sources-TSV/ParlaMint-EE/Add-Metadata.error.log
grep -a -i 'warn'  /home/project/corpora/Parla/ParlaMint/ParlaMint/Build/Sources-TSV/ParlaMint-EE/Add-Metadata.log | sort | uniq >  /home/project/corpora/Parla/ParlaMint/ParlaMint/Build/Sources-TSV/ParlaMint-EE/Add-Metadata.warn.log
make[2]: Leaving directory '/home/project/corpora/Parla/ParlaMint/ParlaMint/Build/Sources-TSV'
make[2]: Entering directory '/home/project/corpora/Parla/ParlaMint/ParlaMint/Build/Sources-TSV'
../Scripts/add-metadata.pl /home/project/corpora/Parla/ParlaMint/ParlaMint/Build/Sources-TSV/ParlaMint-ES ../Sources-TEI/ParlaMint-ES.TEI 2>  /home/project/corpora/Parla/ParlaMint/ParlaMint/Build/Sources-TSV/ParlaMint-ES/Add-Metadata.log
../Scripts/add-metadata.pl /home/project/corpora/Parla/ParlaMint/ParlaMint/Build/Sources-TSV/ParlaMint-ES ../Sources-TEI/ParlaMint-ES.TEI.ana 2>> /home/project/corpora/Parla/ParlaMint/ParlaMint/Build/Sources-TSV/ParlaMint-ES/Add-Metadata.log
grep -a -i 'fatal' /home/project/corpora/Parla/ParlaMint/ParlaMint/Build/Sources-TSV/ParlaMint-ES/Add-Metadata.log | sort | uniq >  /home/project/corpora/Parla/ParlaMint/ParlaMint/Build/Sources-TSV/ParlaMint-ES/Add-Metadata.error.log
grep -a -i 'error' /home/project/corpora/Parla/ParlaMint/ParlaMint/Build/Sources-TSV/ParlaMint-ES/Add-Metadata.log | sort | uniq >> /home/project/corpora/Parla/ParlaMint/ParlaMint/Build/Sources-TSV/ParlaMint-ES/Add-Metadata.error.log
grep -a -i 'warn'  /home/project/corpora/Parla/ParlaMint/ParlaMint/Build/Sources-TSV/ParlaMint-ES/Add-Metadata.log | sort | uniq >  /home/project/corpora/Parla/ParlaMint/ParlaMint/Build/Sources-TSV/ParlaMint-ES/Add-Metadata.warn.log
make[2]: Leaving directory '/home/project/corpora/Parla/ParlaMint/ParlaMint/Build/Sources-TSV'
make[2]: Entering directory '/home/project/corpora/Parla/ParlaMint/ParlaMint/Build/Sources-TSV'
../Scripts/add-metadata.pl /home/project/corpora/Parla/ParlaMint/ParlaMint/Build/Sources-TSV/ParlaMint-ES-CT ../Sources-TEI/ParlaMint-ES-CT.TEI 2>  /home/project/corpora/Parla/ParlaMint/ParlaMint/Build/Sources-TSV/ParlaMint-ES-CT/Add-Metadata.log
../Scripts/add-metadata.pl /home/project/corpora/Parla/ParlaMint/ParlaMint/Build/Sources-TSV/ParlaMint-ES-CT ../Sources-TEI/ParlaMint-ES-CT.TEI.ana 2>> /home/project/corpora/Parla/ParlaMint/ParlaMint/Build/Sources-TSV/ParlaMint-ES-CT/Add-Metadata.log
grep -a -i 'fatal' /home/project/corpora/Parla/ParlaMint/ParlaMint/Build/Sources-TSV/ParlaMint-ES-CT/Add-Metadata.log | sort | uniq >  /home/project/corpora/Parla/ParlaMint/ParlaMint/Build/Sources-TSV/ParlaMint-ES-CT/Add-Metadata.error.log
grep -a -i 'error' /home/project/corpora/Parla/ParlaMint/ParlaMint/Build/Sources-TSV/ParlaMint-ES-CT/Add-Metadata.log | sort | uniq >> /home/project/corpora/Parla/ParlaMint/ParlaMint/Build/Sources-TSV/ParlaMint-ES-CT/Add-Metadata.error.log
grep -a -i 'warn'  /home/project/corpora/Parla/ParlaMint/ParlaMint/Build/Sources-TSV/ParlaMint-ES-CT/Add-Metadata.log | sort | uniq >  /home/project/corpora/Parla/ParlaMint/ParlaMint/Build/Sources-TSV/ParlaMint-ES-CT/Add-Metadata.warn.log
make[2]: Leaving directory '/home/project/corpora/Parla/ParlaMint/ParlaMint/Build/Sources-TSV'
make[2]: Entering directory '/home/project/corpora/Parla/ParlaMint/ParlaMint/Build/Sources-TSV'
../Scripts/add-metadata.pl /home/project/corpora/Parla/ParlaMint/ParlaMint/Build/Sources-TSV/ParlaMint-ES-GA ../Sources-TEI/ParlaMint-ES-GA.TEI 2>  /home/project/corpora/Parla/ParlaMint/ParlaMint/Build/Sources-TSV/ParlaMint-ES-GA/Add-Metadata.log
../Scripts/add-metadata.pl /home/project/corpora/Parla/ParlaMint/ParlaMint/Build/Sources-TSV/ParlaMint-ES-GA ../Sources-TEI/ParlaMint-ES-GA.TEI.ana 2>> /home/project/corpora/Parla/ParlaMint/ParlaMint/Build/Sources-TSV/ParlaMint-ES-GA/Add-Metadata.log
grep -a -i 'fatal' /home/project/corpora/Parla/ParlaMint/ParlaMint/Build/Sources-TSV/ParlaMint-ES-GA/Add-Metadata.log | sort | uniq >  /home/project/corpora/Parla/ParlaMint/ParlaMint/Build/Sources-TSV/ParlaMint-ES-GA/Add-Metadata.error.log
grep -a -i 'error' /home/project/corpora/Parla/ParlaMint/ParlaMint/Build/Sources-TSV/ParlaMint-ES-GA/Add-Metadata.log | sort | uniq >> /home/project/corpora/Parla/ParlaMint/ParlaMint/Build/Sources-TSV/ParlaMint-ES-GA/Add-Metadata.error.log
grep -a -i 'warn'  /home/project/corpora/Parla/ParlaMint/ParlaMint/Build/Sources-TSV/ParlaMint-ES-GA/Add-Metadata.log | sort | uniq >  /home/project/corpora/Parla/ParlaMint/ParlaMint/Build/Sources-TSV/ParlaMint-ES-GA/Add-Metadata.warn.log
make[2]: Leaving directory '/home/project/corpora/Parla/ParlaMint/ParlaMint/Build/Sources-TSV'
make[2]: Entering directory '/home/project/corpora/Parla/ParlaMint/ParlaMint/Build/Sources-TSV'
../Scripts/add-metadata.pl /home/project/corpora/Parla/ParlaMint/ParlaMint/Build/Sources-TSV/ParlaMint-ES-PV ../Sources-TEI/ParlaMint-ES-PV.TEI 2>  /home/project/corpora/Parla/ParlaMint/ParlaMint/Build/Sources-TSV/ParlaMint-ES-PV/Add-Metadata.log
../Scripts/add-metadata.pl /home/project/corpora/Parla/ParlaMint/ParlaMint/Build/Sources-TSV/ParlaMint-ES-PV ../Sources-TEI/ParlaMint-ES-PV.TEI.ana 2>> /home/project/corpora/Parla/ParlaMint/ParlaMint/Build/Sources-TSV/ParlaMint-ES-PV/Add-Metadata.log
grep -a -i 'fatal' /home/project/corpora/Parla/ParlaMint/ParlaMint/Build/Sources-TSV/ParlaMint-ES-PV/Add-Metadata.log | sort | uniq >  /home/project/corpora/Parla/ParlaMint/ParlaMint/Build/Sources-TSV/ParlaMint-ES-PV/Add-Metadata.error.log
grep -a -i 'error' /home/project/corpora/Parla/ParlaMint/ParlaMint/Build/Sources-TSV/ParlaMint-ES-PV/Add-Metadata.log | sort | uniq >> /home/project/corpora/Parla/ParlaMint/ParlaMint/Build/Sources-TSV/ParlaMint-ES-PV/Add-Metadata.error.log
grep -a -i 'warn'  /home/project/corpora/Parla/ParlaMint/ParlaMint/Build/Sources-TSV/ParlaMint-ES-PV/Add-Metadata.log | sort | uniq >  /home/project/corpora/Parla/ParlaMint/ParlaMint/Build/Sources-TSV/ParlaMint-ES-PV/Add-Metadata.warn.log
make[2]: Leaving directory '/home/project/corpora/Parla/ParlaMint/ParlaMint/Build/Sources-TSV'
make[2]: Entering directory '/home/project/corpora/Parla/ParlaMint/ParlaMint/Build/Sources-TSV'
../Scripts/add-metadata.pl /home/project/corpora/Parla/ParlaMint/ParlaMint/Build/Sources-TSV/ParlaMint-FI ../Sources-TEI/ParlaMint-FI.TEI 2>  /home/project/corpora/Parla/ParlaMint/ParlaMint/Build/Sources-TSV/ParlaMint-FI/Add-Metadata.log
../Scripts/add-metadata.pl /home/project/corpora/Parla/ParlaMint/ParlaMint/Build/Sources-TSV/ParlaMint-FI ../Sources-TEI/ParlaMint-FI.TEI.ana 2>> /home/project/corpora/Parla/ParlaMint/ParlaMint/Build/Sources-TSV/ParlaMint-FI/Add-Metadata.log
grep -a -i 'fatal' /home/project/corpora/Parla/ParlaMint/ParlaMint/Build/Sources-TSV/ParlaMint-FI/Add-Metadata.log | sort | uniq >  /home/project/corpora/Parla/ParlaMint/ParlaMint/Build/Sources-TSV/ParlaMint-FI/Add-Metadata.error.log
grep -a -i 'error' /home/project/corpora/Parla/ParlaMint/ParlaMint/Build/Sources-TSV/ParlaMint-FI/Add-Metadata.log | sort | uniq >> /home/project/corpora/Parla/ParlaMint/ParlaMint/Build/Sources-TSV/ParlaMint-FI/Add-Metadata.error.log
grep -a -i 'warn'  /home/project/corpora/Parla/ParlaMint/ParlaMint/Build/Sources-TSV/ParlaMint-FI/Add-Metadata.log | sort | uniq >  /home/project/corpora/Parla/ParlaMint/ParlaMint/Build/Sources-TSV/ParlaMint-FI/Add-Metadata.warn.log
make[2]: Leaving directory '/home/project/corpora/Parla/ParlaMint/ParlaMint/Build/Sources-TSV'
make[2]: Entering directory '/home/project/corpora/Parla/ParlaMint/ParlaMint/Build/Sources-TSV'
../Scripts/add-metadata.pl /home/project/corpora/Parla/ParlaMint/ParlaMint/Build/Sources-TSV/ParlaMint-FR ../Sources-TEI/ParlaMint-FR.TEI 2>  /home/project/corpora/Parla/ParlaMint/ParlaMint/Build/Sources-TSV/ParlaMint-FR/Add-Metadata.log
../Scripts/add-metadata.pl /home/project/corpora/Parla/ParlaMint/ParlaMint/Build/Sources-TSV/ParlaMint-FR ../Sources-TEI/ParlaMint-FR.TEI.ana 2>> /home/project/corpora/Parla/ParlaMint/ParlaMint/Build/Sources-TSV/ParlaMint-FR/Add-Metadata.log
grep -a -i 'fatal' /home/project/corpora/Parla/ParlaMint/ParlaMint/Build/Sources-TSV/ParlaMint-FR/Add-Metadata.log | sort | uniq >  /home/project/corpora/Parla/ParlaMint/ParlaMint/Build/Sources-TSV/ParlaMint-FR/Add-Metadata.error.log
grep -a -i 'error' /home/project/corpora/Parla/ParlaMint/ParlaMint/Build/Sources-TSV/ParlaMint-FR/Add-Metadata.log | sort | uniq >> /home/project/corpora/Parla/ParlaMint/ParlaMint/Build/Sources-TSV/ParlaMint-FR/Add-Metadata.error.log
grep -a -i 'warn'  /home/project/corpora/Parla/ParlaMint/ParlaMint/Build/Sources-TSV/ParlaMint-FR/Add-Metadata.log | sort | uniq >  /home/project/corpora/Parla/ParlaMint/ParlaMint/Build/Sources-TSV/ParlaMint-FR/Add-Metadata.warn.log
make[2]: Leaving directory '/home/project/corpora/Parla/ParlaMint/ParlaMint/Build/Sources-TSV'
make[2]: Entering directory '/home/project/corpora/Parla/ParlaMint/ParlaMint/Build/Sources-TSV'
../Scripts/add-metadata.pl /home/project/corpora/Parla/ParlaMint/ParlaMint/Build/Sources-TSV/ParlaMint-GB ../Sources-TEI/ParlaMint-GB.TEI 2>  /home/project/corpora/Parla/ParlaMint/ParlaMint/Build/Sources-TSV/ParlaMint-GB/Add-Metadata.log
../Scripts/add-metadata.pl /home/project/corpora/Parla/ParlaMint/ParlaMint/Build/Sources-TSV/ParlaMint-GB ../Sources-TEI/ParlaMint-GB.TEI.ana 2>> /home/project/corpora/Parla/ParlaMint/ParlaMint/Build/Sources-TSV/ParlaMint-GB/Add-Metadata.log
grep -a -i 'fatal' /home/project/corpora/Parla/ParlaMint/ParlaMint/Build/Sources-TSV/ParlaMint-GB/Add-Metadata.log | sort | uniq >  /home/project/corpora/Parla/ParlaMint/ParlaMint/Build/Sources-TSV/ParlaMint-GB/Add-Metadata.error.log
grep -a -i 'error' /home/project/corpora/Parla/ParlaMint/ParlaMint/Build/Sources-TSV/ParlaMint-GB/Add-Metadata.log | sort | uniq >> /home/project/corpora/Parla/ParlaMint/ParlaMint/Build/Sources-TSV/ParlaMint-GB/Add-Metadata.error.log
grep -a -i 'warn'  /home/project/corpora/Parla/ParlaMint/ParlaMint/Build/Sources-TSV/ParlaMint-GB/Add-Metadata.log | sort | uniq >  /home/project/corpora/Parla/ParlaMint/ParlaMint/Build/Sources-TSV/ParlaMint-GB/Add-Metadata.warn.log
make[2]: Leaving directory '/home/project/corpora/Parla/ParlaMint/ParlaMint/Build/Sources-TSV'
make[2]: Entering directory '/home/project/corpora/Parla/ParlaMint/ParlaMint/Build/Sources-TSV'
../Scripts/add-metadata.pl /home/project/corpora/Parla/ParlaMint/ParlaMint/Build/Sources-TSV/ParlaMint-GR ../Sources-TEI/ParlaMint-GR.TEI 2>  /home/project/corpora/Parla/ParlaMint/ParlaMint/Build/Sources-TSV/ParlaMint-GR/Add-Metadata.log
../Scripts/add-metadata.pl /home/project/corpora/Parla/ParlaMint/ParlaMint/Build/Sources-TSV/ParlaMint-GR ../Sources-TEI/ParlaMint-GR.TEI.ana 2>> /home/project/corpora/Parla/ParlaMint/ParlaMint/Build/Sources-TSV/ParlaMint-GR/Add-Metadata.log
grep -a -i 'fatal' /home/project/corpora/Parla/ParlaMint/ParlaMint/Build/Sources-TSV/ParlaMint-GR/Add-Metadata.log | sort | uniq >  /home/project/corpora/Parla/ParlaMint/ParlaMint/Build/Sources-TSV/ParlaMint-GR/Add-Metadata.error.log
grep -a -i 'error' /home/project/corpora/Parla/ParlaMint/ParlaMint/Build/Sources-TSV/ParlaMint-GR/Add-Metadata.log | sort | uniq >> /home/project/corpora/Parla/ParlaMint/ParlaMint/Build/Sources-TSV/ParlaMint-GR/Add-Metadata.error.log
grep -a -i 'warn'  /home/project/corpora/Parla/ParlaMint/ParlaMint/Build/Sources-TSV/ParlaMint-GR/Add-Metadata.log | sort | uniq >  /home/project/corpora/Parla/ParlaMint/ParlaMint/Build/Sources-TSV/ParlaMint-GR/Add-Metadata.warn.log
make[2]: Leaving directory '/home/project/corpora/Parla/ParlaMint/ParlaMint/Build/Sources-TSV'
make[2]: Entering directory '/home/project/corpora/Parla/ParlaMint/ParlaMint/Build/Sources-TSV'
../Scripts/add-metadata.pl /home/project/corpora/Parla/ParlaMint/ParlaMint/Build/Sources-TSV/ParlaMint-HR ../Sources-TEI/ParlaMint-HR.TEI 2>  /home/project/corpora/Parla/ParlaMint/ParlaMint/Build/Sources-TSV/ParlaMint-HR/Add-Metadata.log
../Scripts/add-metadata.pl /home/project/corpora/Parla/ParlaMint/ParlaMint/Build/Sources-TSV/ParlaMint-HR ../Sources-TEI/ParlaMint-HR.TEI.ana 2>> /home/project/corpora/Parla/ParlaMint/ParlaMint/Build/Sources-TSV/ParlaMint-HR/Add-Metadata.log
grep -a -i 'fatal' /home/project/corpora/Parla/ParlaMint/ParlaMint/Build/Sources-TSV/ParlaMint-HR/Add-Metadata.log | sort | uniq >  /home/project/corpora/Parla/ParlaMint/ParlaMint/Build/Sources-TSV/ParlaMint-HR/Add-Metadata.error.log
grep -a -i 'error' /home/project/corpora/Parla/ParlaMint/ParlaMint/Build/Sources-TSV/ParlaMint-HR/Add-Metadata.log | sort | uniq >> /home/project/corpora/Parla/ParlaMint/ParlaMint/Build/Sources-TSV/ParlaMint-HR/Add-Metadata.error.log
grep -a -i 'warn'  /home/project/corpora/Parla/ParlaMint/ParlaMint/Build/Sources-TSV/ParlaMint-HR/Add-Metadata.log | sort | uniq >  /home/project/corpora/Parla/ParlaMint/ParlaMint/Build/Sources-TSV/ParlaMint-HR/Add-Metadata.warn.log
make[2]: Leaving directory '/home/project/corpora/Parla/ParlaMint/ParlaMint/Build/Sources-TSV'
make[2]: Entering directory '/home/project/corpora/Parla/ParlaMint/ParlaMint/Build/Sources-TSV'
../Scripts/add-metadata.pl /home/project/corpora/Parla/ParlaMint/ParlaMint/Build/Sources-TSV/ParlaMint-HU ../Sources-TEI/ParlaMint-HU.TEI 2>  /home/project/corpora/Parla/ParlaMint/ParlaMint/Build/Sources-TSV/ParlaMint-HU/Add-Metadata.log
../Scripts/add-metadata.pl /home/project/corpora/Parla/ParlaMint/ParlaMint/Build/Sources-TSV/ParlaMint-HU ../Sources-TEI/ParlaMint-HU.TEI.ana 2>> /home/project/corpora/Parla/ParlaMint/ParlaMint/Build/Sources-TSV/ParlaMint-HU/Add-Metadata.log
grep -a -i 'fatal' /home/project/corpora/Parla/ParlaMint/ParlaMint/Build/Sources-TSV/ParlaMint-HU/Add-Metadata.log | sort | uniq >  /home/project/corpora/Parla/ParlaMint/ParlaMint/Build/Sources-TSV/ParlaMint-HU/Add-Metadata.error.log
grep -a -i 'error' /home/project/corpora/Parla/ParlaMint/ParlaMint/Build/Sources-TSV/ParlaMint-HU/Add-Metadata.log | sort | uniq >> /home/project/corpora/Parla/ParlaMint/ParlaMint/Build/Sources-TSV/ParlaMint-HU/Add-Metadata.error.log
grep -a -i 'warn'  /home/project/corpora/Parla/ParlaMint/ParlaMint/Build/Sources-TSV/ParlaMint-HU/Add-Metadata.log | sort | uniq >  /home/project/corpora/Parla/ParlaMint/ParlaMint/Build/Sources-TSV/ParlaMint-HU/Add-Metadata.warn.log
make[2]: Leaving directory '/home/project/corpora/Parla/ParlaMint/ParlaMint/Build/Sources-TSV'
make[2]: Entering directory '/home/project/corpora/Parla/ParlaMint/ParlaMint/Build/Sources-TSV'
../Scripts/add-metadata.pl /home/project/corpora/Parla/ParlaMint/ParlaMint/Build/Sources-TSV/ParlaMint-IS ../Sources-TEI/ParlaMint-IS.TEI 2>  /home/project/corpora/Parla/ParlaMint/ParlaMint/Build/Sources-TSV/ParlaMint-IS/Add-Metadata.log
../Scripts/add-metadata.pl /home/project/corpora/Parla/ParlaMint/ParlaMint/Build/Sources-TSV/ParlaMint-IS ../Sources-TEI/ParlaMint-IS.TEI.ana 2>> /home/project/corpora/Parla/ParlaMint/ParlaMint/Build/Sources-TSV/ParlaMint-IS/Add-Metadata.log
grep -a -i 'fatal' /home/project/corpora/Parla/ParlaMint/ParlaMint/Build/Sources-TSV/ParlaMint-IS/Add-Metadata.log | sort | uniq >  /home/project/corpora/Parla/ParlaMint/ParlaMint/Build/Sources-TSV/ParlaMint-IS/Add-Metadata.error.log
grep -a -i 'error' /home/project/corpora/Parla/ParlaMint/ParlaMint/Build/Sources-TSV/ParlaMint-IS/Add-Metadata.log | sort | uniq >> /home/project/corpora/Parla/ParlaMint/ParlaMint/Build/Sources-TSV/ParlaMint-IS/Add-Metadata.error.log
grep -a -i 'warn'  /home/project/corpora/Parla/ParlaMint/ParlaMint/Build/Sources-TSV/ParlaMint-IS/Add-Metadata.log | sort | uniq >  /home/project/corpora/Parla/ParlaMint/ParlaMint/Build/Sources-TSV/ParlaMint-IS/Add-Metadata.warn.log
make[2]: Leaving directory '/home/project/corpora/Parla/ParlaMint/ParlaMint/Build/Sources-TSV'
make[2]: Entering directory '/home/project/corpora/Parla/ParlaMint/ParlaMint/Build/Sources-TSV'
../Scripts/add-metadata.pl /home/project/corpora/Parla/ParlaMint/ParlaMint/Build/Sources-TSV/ParlaMint-IT ../Sources-TEI/ParlaMint-IT.TEI 2>  /home/project/corpora/Parla/ParlaMint/ParlaMint/Build/Sources-TSV/ParlaMint-IT/Add-Metadata.log
../Scripts/add-metadata.pl /home/project/corpora/Parla/ParlaMint/ParlaMint/Build/Sources-TSV/ParlaMint-IT ../Sources-TEI/ParlaMint-IT.TEI.ana 2>> /home/project/corpora/Parla/ParlaMint/ParlaMint/Build/Sources-TSV/ParlaMint-IT/Add-Metadata.log
grep -a -i 'fatal' /home/project/corpora/Parla/ParlaMint/ParlaMint/Build/Sources-TSV/ParlaMint-IT/Add-Metadata.log | sort | uniq >  /home/project/corpora/Parla/ParlaMint/ParlaMint/Build/Sources-TSV/ParlaMint-IT/Add-Metadata.error.log
grep -a -i 'error' /home/project/corpora/Parla/ParlaMint/ParlaMint/Build/Sources-TSV/ParlaMint-IT/Add-Metadata.log | sort | uniq >> /home/project/corpora/Parla/ParlaMint/ParlaMint/Build/Sources-TSV/ParlaMint-IT/Add-Metadata.error.log
grep -a -i 'warn'  /home/project/corpora/Parla/ParlaMint/ParlaMint/Build/Sources-TSV/ParlaMint-IT/Add-Metadata.log | sort | uniq >  /home/project/corpora/Parla/ParlaMint/ParlaMint/Build/Sources-TSV/ParlaMint-IT/Add-Metadata.warn.log
make[2]: Leaving directory '/home/project/corpora/Parla/ParlaMint/ParlaMint/Build/Sources-TSV'
make[2]: Entering directory '/home/project/corpora/Parla/ParlaMint/ParlaMint/Build/Sources-TSV'
../Scripts/add-metadata.pl /home/project/corpora/Parla/ParlaMint/ParlaMint/Build/Sources-TSV/ParlaMint-LV ../Sources-TEI/ParlaMint-LV.TEI 2>  /home/project/corpora/Parla/ParlaMint/ParlaMint/Build/Sources-TSV/ParlaMint-LV/Add-Metadata.log
../Scripts/add-metadata.pl /home/project/corpora/Parla/ParlaMint/ParlaMint/Build/Sources-TSV/ParlaMint-LV ../Sources-TEI/ParlaMint-LV.TEI.ana 2>> /home/project/corpora/Parla/ParlaMint/ParlaMint/Build/Sources-TSV/ParlaMint-LV/Add-Metadata.log
grep -a -i 'fatal' /home/project/corpora/Parla/ParlaMint/ParlaMint/Build/Sources-TSV/ParlaMint-LV/Add-Metadata.log | sort | uniq >  /home/project/corpora/Parla/ParlaMint/ParlaMint/Build/Sources-TSV/ParlaMint-LV/Add-Metadata.error.log
grep -a -i 'error' /home/project/corpora/Parla/ParlaMint/ParlaMint/Build/Sources-TSV/ParlaMint-LV/Add-Metadata.log | sort | uniq >> /home/project/corpora/Parla/ParlaMint/ParlaMint/Build/Sources-TSV/ParlaMint-LV/Add-Metadata.error.log
grep -a -i 'warn'  /home/project/corpora/Parla/ParlaMint/ParlaMint/Build/Sources-TSV/ParlaMint-LV/Add-Metadata.log | sort | uniq >  /home/project/corpora/Parla/ParlaMint/ParlaMint/Build/Sources-TSV/ParlaMint-LV/Add-Metadata.warn.log
make[2]: Leaving directory '/home/project/corpora/Parla/ParlaMint/ParlaMint/Build/Sources-TSV'
make[2]: Entering directory '/home/project/corpora/Parla/ParlaMint/ParlaMint/Build/Sources-TSV'
../Scripts/add-metadata.pl /home/project/corpora/Parla/ParlaMint/ParlaMint/Build/Sources-TSV/ParlaMint-NL ../Sources-TEI/ParlaMint-NL.TEI 2>  /home/project/corpora/Parla/ParlaMint/ParlaMint/Build/Sources-TSV/ParlaMint-NL/Add-Metadata.log
../Scripts/add-metadata.pl /home/project/corpora/Parla/ParlaMint/ParlaMint/Build/Sources-TSV/ParlaMint-NL ../Sources-TEI/ParlaMint-NL.TEI.ana 2>> /home/project/corpora/Parla/ParlaMint/ParlaMint/Build/Sources-TSV/ParlaMint-NL/Add-Metadata.log
grep -a -i 'fatal' /home/project/corpora/Parla/ParlaMint/ParlaMint/Build/Sources-TSV/ParlaMint-NL/Add-Metadata.log | sort | uniq >  /home/project/corpora/Parla/ParlaMint/ParlaMint/Build/Sources-TSV/ParlaMint-NL/Add-Metadata.error.log
grep -a -i 'error' /home/project/corpora/Parla/ParlaMint/ParlaMint/Build/Sources-TSV/ParlaMint-NL/Add-Metadata.log | sort | uniq >> /home/project/corpora/Parla/ParlaMint/ParlaMint/Build/Sources-TSV/ParlaMint-NL/Add-Metadata.error.log
grep -a -i 'warn'  /home/project/corpora/Parla/ParlaMint/ParlaMint/Build/Sources-TSV/ParlaMint-NL/Add-Metadata.log | sort | uniq >  /home/project/corpora/Parla/ParlaMint/ParlaMint/Build/Sources-TSV/ParlaMint-NL/Add-Metadata.warn.log
make[2]: Leaving directory '/home/project/corpora/Parla/ParlaMint/ParlaMint/Build/Sources-TSV'
make[2]: Entering directory '/home/project/corpora/Parla/ParlaMint/ParlaMint/Build/Sources-TSV'
../Scripts/add-metadata.pl /home/project/corpora/Parla/ParlaMint/ParlaMint/Build/Sources-TSV/ParlaMint-NO ../Sources-TEI/ParlaMint-NO.TEI 2>  /home/project/corpora/Parla/ParlaMint/ParlaMint/Build/Sources-TSV/ParlaMint-NO/Add-Metadata.log
../Scripts/add-metadata.pl /home/project/corpora/Parla/ParlaMint/ParlaMint/Build/Sources-TSV/ParlaMint-NO ../Sources-TEI/ParlaMint-NO.TEI.ana 2>> /home/project/corpora/Parla/ParlaMint/ParlaMint/Build/Sources-TSV/ParlaMint-NO/Add-Metadata.log
grep -a -i 'fatal' /home/project/corpora/Parla/ParlaMint/ParlaMint/Build/Sources-TSV/ParlaMint-NO/Add-Metadata.log | sort | uniq >  /home/project/corpora/Parla/ParlaMint/ParlaMint/Build/Sources-TSV/ParlaMint-NO/Add-Metadata.error.log
grep -a -i 'error' /home/project/corpora/Parla/ParlaMint/ParlaMint/Build/Sources-TSV/ParlaMint-NO/Add-Metadata.log | sort | uniq >> /home/project/corpora/Parla/ParlaMint/ParlaMint/Build/Sources-TSV/ParlaMint-NO/Add-Metadata.error.log
grep -a -i 'warn'  /home/project/corpora/Parla/ParlaMint/ParlaMint/Build/Sources-TSV/ParlaMint-NO/Add-Metadata.log | sort | uniq >  /home/project/corpora/Parla/ParlaMint/ParlaMint/Build/Sources-TSV/ParlaMint-NO/Add-Metadata.warn.log
make[2]: Leaving directory '/home/project/corpora/Parla/ParlaMint/ParlaMint/Build/Sources-TSV'
make[2]: Entering directory '/home/project/corpora/Parla/ParlaMint/ParlaMint/Build/Sources-TSV'
../Scripts/add-metadata.pl /home/project/corpora/Parla/ParlaMint/ParlaMint/Build/Sources-TSV/ParlaMint-PL ../Sources-TEI/ParlaMint-PL.TEI 2>  /home/project/corpora/Parla/ParlaMint/ParlaMint/Build/Sources-TSV/ParlaMint-PL/Add-Metadata.log
../Scripts/add-metadata.pl /home/project/corpora/Parla/ParlaMint/ParlaMint/Build/Sources-TSV/ParlaMint-PL ../Sources-TEI/ParlaMint-PL.TEI.ana 2>> /home/project/corpora/Parla/ParlaMint/ParlaMint/Build/Sources-TSV/ParlaMint-PL/Add-Metadata.log
grep -a -i 'fatal' /home/project/corpora/Parla/ParlaMint/ParlaMint/Build/Sources-TSV/ParlaMint-PL/Add-Metadata.log | sort | uniq >  /home/project/corpora/Parla/ParlaMint/ParlaMint/Build/Sources-TSV/ParlaMint-PL/Add-Metadata.error.log
grep -a -i 'error' /home/project/corpora/Parla/ParlaMint/ParlaMint/Build/Sources-TSV/ParlaMint-PL/Add-Metadata.log | sort | uniq >> /home/project/corpora/Parla/ParlaMint/ParlaMint/Build/Sources-TSV/ParlaMint-PL/Add-Metadata.error.log
grep -a -i 'warn'  /home/project/corpora/Parla/ParlaMint/ParlaMint/Build/Sources-TSV/ParlaMint-PL/Add-Metadata.log | sort | uniq >  /home/project/corpora/Parla/ParlaMint/ParlaMint/Build/Sources-TSV/ParlaMint-PL/Add-Metadata.warn.log
make[2]: Leaving directory '/home/project/corpora/Parla/ParlaMint/ParlaMint/Build/Sources-TSV'
make[2]: Entering directory '/home/project/corpora/Parla/ParlaMint/ParlaMint/Build/Sources-TSV'
../Scripts/add-metadata.pl /home/project/corpora/Parla/ParlaMint/ParlaMint/Build/Sources-TSV/ParlaMint-PT ../Sources-TEI/ParlaMint-PT.TEI 2>  /home/project/corpora/Parla/ParlaMint/ParlaMint/Build/Sources-TSV/ParlaMint-PT/Add-Metadata.log
../Scripts/add-metadata.pl /home/project/corpora/Parla/ParlaMint/ParlaMint/Build/Sources-TSV/ParlaMint-PT ../Sources-TEI/ParlaMint-PT.TEI.ana 2>> /home/project/corpora/Parla/ParlaMint/ParlaMint/Build/Sources-TSV/ParlaMint-PT/Add-Metadata.log
grep -a -i 'fatal' /home/project/corpora/Parla/ParlaMint/ParlaMint/Build/Sources-TSV/ParlaMint-PT/Add-Metadata.log | sort | uniq >  /home/project/corpora/Parla/ParlaMint/ParlaMint/Build/Sources-TSV/ParlaMint-PT/Add-Metadata.error.log
grep -a -i 'error' /home/project/corpora/Parla/ParlaMint/ParlaMint/Build/Sources-TSV/ParlaMint-PT/Add-Metadata.log | sort | uniq >> /home/project/corpora/Parla/ParlaMint/ParlaMint/Build/Sources-TSV/ParlaMint-PT/Add-Metadata.error.log
grep -a -i 'warn'  /home/project/corpora/Parla/ParlaMint/ParlaMint/Build/Sources-TSV/ParlaMint-PT/Add-Metadata.log | sort | uniq >  /home/project/corpora/Parla/ParlaMint/ParlaMint/Build/Sources-TSV/ParlaMint-PT/Add-Metadata.warn.log
make[2]: Leaving directory '/home/project/corpora/Parla/ParlaMint/ParlaMint/Build/Sources-TSV'
make[2]: Entering directory '/home/project/corpora/Parla/ParlaMint/ParlaMint/Build/Sources-TSV'
../Scripts/add-metadata.pl /home/project/corpora/Parla/ParlaMint/ParlaMint/Build/Sources-TSV/ParlaMint-RS ../Sources-TEI/ParlaMint-RS.TEI 2>  /home/project/corpora/Parla/ParlaMint/ParlaMint/Build/Sources-TSV/ParlaMint-RS/Add-Metadata.log
../Scripts/add-metadata.pl /home/project/corpora/Parla/ParlaMint/ParlaMint/Build/Sources-TSV/ParlaMint-RS ../Sources-TEI/ParlaMint-RS.TEI.ana 2>> /home/project/corpora/Parla/ParlaMint/ParlaMint/Build/Sources-TSV/ParlaMint-RS/Add-Metadata.log
grep -a -i 'fatal' /home/project/corpora/Parla/ParlaMint/ParlaMint/Build/Sources-TSV/ParlaMint-RS/Add-Metadata.log | sort | uniq >  /home/project/corpora/Parla/ParlaMint/ParlaMint/Build/Sources-TSV/ParlaMint-RS/Add-Metadata.error.log
grep -a -i 'error' /home/project/corpora/Parla/ParlaMint/ParlaMint/Build/Sources-TSV/ParlaMint-RS/Add-Metadata.log | sort | uniq >> /home/project/corpora/Parla/ParlaMint/ParlaMint/Build/Sources-TSV/ParlaMint-RS/Add-Metadata.error.log
grep -a -i 'warn'  /home/project/corpora/Parla/ParlaMint/ParlaMint/Build/Sources-TSV/ParlaMint-RS/Add-Metadata.log | sort | uniq >  /home/project/corpora/Parla/ParlaMint/ParlaMint/Build/Sources-TSV/ParlaMint-RS/Add-Metadata.warn.log
make[2]: Leaving directory '/home/project/corpora/Parla/ParlaMint/ParlaMint/Build/Sources-TSV'
make[2]: Entering directory '/home/project/corpora/Parla/ParlaMint/ParlaMint/Build/Sources-TSV'
../Scripts/add-metadata.pl /home/project/corpora/Parla/ParlaMint/ParlaMint/Build/Sources-TSV/ParlaMint-SE ../Sources-TEI/ParlaMint-SE.TEI 2>  /home/project/corpora/Parla/ParlaMint/ParlaMint/Build/Sources-TSV/ParlaMint-SE/Add-Metadata.log
../Scripts/add-metadata.pl /home/project/corpora/Parla/ParlaMint/ParlaMint/Build/Sources-TSV/ParlaMint-SE ../Sources-TEI/ParlaMint-SE.TEI.ana 2>> /home/project/corpora/Parla/ParlaMint/ParlaMint/Build/Sources-TSV/ParlaMint-SE/Add-Metadata.log
grep -a -i 'fatal' /home/project/corpora/Parla/ParlaMint/ParlaMint/Build/Sources-TSV/ParlaMint-SE/Add-Metadata.log | sort | uniq >  /home/project/corpora/Parla/ParlaMint/ParlaMint/Build/Sources-TSV/ParlaMint-SE/Add-Metadata.error.log
grep -a -i 'error' /home/project/corpora/Parla/ParlaMint/ParlaMint/Build/Sources-TSV/ParlaMint-SE/Add-Metadata.log | sort | uniq >> /home/project/corpora/Parla/ParlaMint/ParlaMint/Build/Sources-TSV/ParlaMint-SE/Add-Metadata.error.log
grep -a -i 'warn'  /home/project/corpora/Parla/ParlaMint/ParlaMint/Build/Sources-TSV/ParlaMint-SE/Add-Metadata.log | sort | uniq >  /home/project/corpora/Parla/ParlaMint/ParlaMint/Build/Sources-TSV/ParlaMint-SE/Add-Metadata.warn.log
make[2]: Leaving directory '/home/project/corpora/Parla/ParlaMint/ParlaMint/Build/Sources-TSV'
make[2]: Entering directory '/home/project/corpora/Parla/ParlaMint/ParlaMint/Build/Sources-TSV'
../Scripts/add-metadata.pl /home/project/corpora/Parla/ParlaMint/ParlaMint/Build/Sources-TSV/ParlaMint-SI ../Sources-TEI/ParlaMint-SI.TEI 2>  /home/project/corpora/Parla/ParlaMint/ParlaMint/Build/Sources-TSV/ParlaMint-SI/Add-Metadata.log
../Scripts/add-metadata.pl /home/project/corpora/Parla/ParlaMint/ParlaMint/Build/Sources-TSV/ParlaMint-SI ../Sources-TEI/ParlaMint-SI.TEI.ana 2>> /home/project/corpora/Parla/ParlaMint/ParlaMint/Build/Sources-TSV/ParlaMint-SI/Add-Metadata.log
grep -a -i 'fatal' /home/project/corpora/Parla/ParlaMint/ParlaMint/Build/Sources-TSV/ParlaMint-SI/Add-Metadata.log | sort | uniq >  /home/project/corpora/Parla/ParlaMint/ParlaMint/Build/Sources-TSV/ParlaMint-SI/Add-Metadata.error.log
grep -a -i 'error' /home/project/corpora/Parla/ParlaMint/ParlaMint/Build/Sources-TSV/ParlaMint-SI/Add-Metadata.log | sort | uniq >> /home/project/corpora/Parla/ParlaMint/ParlaMint/Build/Sources-TSV/ParlaMint-SI/Add-Metadata.error.log
grep -a -i 'warn'  /home/project/corpora/Parla/ParlaMint/ParlaMint/Build/Sources-TSV/ParlaMint-SI/Add-Metadata.log | sort | uniq >  /home/project/corpora/Parla/ParlaMint/ParlaMint/Build/Sources-TSV/ParlaMint-SI/Add-Metadata.warn.log
make[2]: Leaving directory '/home/project/corpora/Parla/ParlaMint/ParlaMint/Build/Sources-TSV'
make[2]: Entering directory '/home/project/corpora/Parla/ParlaMint/ParlaMint/Build/Sources-TSV'
../Scripts/add-metadata.pl /home/project/corpora/Parla/ParlaMint/ParlaMint/Build/Sources-TSV/ParlaMint-TR ../Sources-TEI/ParlaMint-TR.TEI 2>  /home/project/corpora/Parla/ParlaMint/ParlaMint/Build/Sources-TSV/ParlaMint-TR/Add-Metadata.log
../Scripts/add-metadata.pl /home/project/corpora/Parla/ParlaMint/ParlaMint/Build/Sources-TSV/ParlaMint-TR ../Sources-TEI/ParlaMint-TR.TEI.ana 2>> /home/project/corpora/Parla/ParlaMint/ParlaMint/Build/Sources-TSV/ParlaMint-TR/Add-Metadata.log
grep -a -i 'fatal' /home/project/corpora/Parla/ParlaMint/ParlaMint/Build/Sources-TSV/ParlaMint-TR/Add-Metadata.log | sort | uniq >  /home/project/corpora/Parla/ParlaMint/ParlaMint/Build/Sources-TSV/ParlaMint-TR/Add-Metadata.error.log
grep -a -i 'error' /home/project/corpora/Parla/ParlaMint/ParlaMint/Build/Sources-TSV/ParlaMint-TR/Add-Metadata.log | sort | uniq >> /home/project/corpora/Parla/ParlaMint/ParlaMint/Build/Sources-TSV/ParlaMint-TR/Add-Metadata.error.log
grep -a -i 'warn'  /home/project/corpora/Parla/ParlaMint/ParlaMint/Build/Sources-TSV/ParlaMint-TR/Add-Metadata.log | sort | uniq >  /home/project/corpora/Parla/ParlaMint/ParlaMint/Build/Sources-TSV/ParlaMint-TR/Add-Metadata.warn.log
make[2]: Leaving directory '/home/project/corpora/Parla/ParlaMint/ParlaMint/Build/Sources-TSV'
make[2]: Entering directory '/home/project/corpora/Parla/ParlaMint/ParlaMint/Build/Sources-TSV'
../Scripts/add-metadata.pl /home/project/corpora/Parla/ParlaMint/ParlaMint/Build/Sources-TSV/ParlaMint-UA ../Sources-TEI/ParlaMint-UA.TEI 2>  /home/project/corpora/Parla/ParlaMint/ParlaMint/Build/Sources-TSV/ParlaMint-UA/Add-Metadata.log
../Scripts/add-metadata.pl /home/project/corpora/Parla/ParlaMint/ParlaMint/Build/Sources-TSV/ParlaMint-UA ../Sources-TEI/ParlaMint-UA.TEI.ana 2>> /home/project/corpora/Parla/ParlaMint/ParlaMint/Build/Sources-TSV/ParlaMint-UA/Add-Metadata.log
grep -a -i 'fatal' /home/project/corpora/Parla/ParlaMint/ParlaMint/Build/Sources-TSV/ParlaMint-UA/Add-Metadata.log | sort | uniq >  /home/project/corpora/Parla/ParlaMint/ParlaMint/Build/Sources-TSV/ParlaMint-UA/Add-Metadata.error.log
grep -a -i 'error' /home/project/corpora/Parla/ParlaMint/ParlaMint/Build/Sources-TSV/ParlaMint-UA/Add-Metadata.log | sort | uniq >> /home/project/corpora/Parla/ParlaMint/ParlaMint/Build/Sources-TSV/ParlaMint-UA/Add-Metadata.error.log
grep -a -i 'warn'  /home/project/corpora/Parla/ParlaMint/ParlaMint/Build/Sources-TSV/ParlaMint-UA/Add-Metadata.log | sort | uniq >  /home/project/corpora/Parla/ParlaMint/ParlaMint/Build/Sources-TSV/ParlaMint-UA/Add-Metadata.warn.log
make[2]: Leaving directory '/home/project/corpora/Parla/ParlaMint/ParlaMint/Build/Sources-TSV'
make[1]: Leaving directory '/home/project/corpora/Parla/ParlaMint/ParlaMint/Build/Sources-TSV'
889.39user 85.13system 5:33.95elapsed 291%CPU (0avgtext+0avgdata 550796maxresident)k
265320inputs+481304outputs (907major+11044780minor)pagefaults 0swaps
