INFO: *****Converting GR
INFO: ***Making GR samples
INFO: selecting meta file ParlaMint-taxonomy-parla.legislature.xml
INFO: selecting meta file ParlaMint-taxonomy-speaker_types.xml
INFO: selecting meta file ParlaMint-taxonomy-subcorpus.xml
INFO: selecting meta file ParlaMint-taxonomy-CHES.xml
INFO: selecting meta file ParlaMint-taxonomy-politicalOrientation.xml
INFO: selecting meta file ParlaMint-GR-listOrg.xml
INFO: selecting meta file ParlaMint-GR-listPerson.xml
INFO: from 1263 component files  selecting ~3 files:
INFO: selecting component file 2017/ParlaMint-GR_2017-06-09-S1-commons.xml
INFO: selecting component file 2019/ParlaMint-GR_2019-12-04-S1-commons.xml
INFO: selecting component file 2022/ParlaMint-GR_2022-02-01-S1-commons.xml
INFO: Converting directory /project/corpora/Parla/ParlaMint/ParlaMint/Corpora/Master/ParlaMint-GR
INFO: Making text files
INFO: converting ParlaMint-GR_2017-06-09-S1-commons to text file
INFO: converting ParlaMint-GR_2022-02-01-S1-commons to text file
INFO: converting ParlaMint-GR_2019-12-04-S1-commons to text file
INFO: Making metadata files
INFO: Converting ParlaMint-GR_2017-06-09-S1-commons to metadata TSV
INFO: Converting ParlaMint-GR_2022-02-01-S1-commons to metadata TSV
INFO: Converting ParlaMint-GR_2019-12-04-S1-commons to metadata TSV
INFO: Converting ParlaMint-GR_2017-06-09-S1-commons to metadata TSV
INFO: Converting ParlaMint-GR_2022-02-01-S1-commons to metadata TSV
INFO: Converting ParlaMint-GR_2019-12-04-S1-commons to metadata TSV
INFO: selecting meta file ParlaMint-taxonomy-parla.legislature.xml
INFO: selecting meta file ParlaMint-taxonomy-speaker_types.xml
INFO: selecting meta file ParlaMint-taxonomy-subcorpus.xml
INFO: selecting meta file ParlaMint-taxonomy-NER.ana.xml
INFO: selecting meta file ParlaMint-taxonomy-UD-SYN.ana.xml
INFO: selecting meta file ParlaMint-taxonomy-CHES.xml
INFO: selecting meta file ParlaMint-taxonomy-politicalOrientation.xml
INFO: selecting meta file ParlaMint-GR-listOrg.xml
INFO: selecting meta file ParlaMint-GR-listPerson.xml
INFO: from 1263 component files  selecting ~3 files:
INFO: selecting component file 2017/ParlaMint-GR_2017-06-09-S1-commons.ana.xml
INFO: selecting component file 2019/ParlaMint-GR_2019-12-04-S1-commons.ana.xml
INFO: selecting component file 2022/ParlaMint-GR_2022-02-01-S1-commons.ana.xml
INFO: Converting directory /project/corpora/Parla/ParlaMint/ParlaMint/Corpora/Master/ParlaMint-GR
INFO: Converting ParlaMint-GR_2017-06-09-S1-commons.ana to vertical
INFO: Converting ParlaMint-GR_2019-12-04-S1-commons.ana to vertical
INFO: Converting ParlaMint-GR_2022-02-01-S1-commons.ana to vertical
WARN: registry file parlamint41_gr not found
INFO: Converting directory /project/corpora/Parla/ParlaMint/ParlaMint/Corpora/Master/ParlaMint-GR
INFO: Converting ParlaMint-GR_2019-12-04-S1-commons.ana to metadata TSV
INFO: Converting ParlaMint-GR_2022-02-01-S1-commons.ana to metadata TSV
INFO: Converting ParlaMint-GR_2017-06-09-S1-commons.ana to metadata TSV
INFO: Converting ParlaMint-GR_2019-12-04-S1-commons.ana to metadata TSV
INFO: Converting ParlaMint-GR_2022-02-01-S1-commons.ana to metadata TSV
INFO: Converting ParlaMint-GR_2017-06-09-S1-commons.ana to metadata TSV
/project/corpora/Parla/ParlaMint/ParlaMint/Corpora/Master/ParlaMint-GR/ParlaMint-GR_2017-06-09-S1-commons.ana-meta-en.tsv not renamed: /project/corpora/Parla/ParlaMint/ParlaMint/Corpora/Master/ParlaMint-GR/ParlaMint-GR_2017-06-09-S1-commons-meta-en.tsv already exists
/project/corpora/Parla/ParlaMint/ParlaMint/Corpora/Master/ParlaMint-GR/ParlaMint-GR_2019-12-04-S1-commons.ana-meta-en.tsv not renamed: /project/corpora/Parla/ParlaMint/ParlaMint/Corpora/Master/ParlaMint-GR/ParlaMint-GR_2019-12-04-S1-commons-meta-en.tsv already exists
/project/corpora/Parla/ParlaMint/ParlaMint/Corpora/Master/ParlaMint-GR/ParlaMint-GR_2022-02-01-S1-commons.ana-meta-en.tsv not renamed: /project/corpora/Parla/ParlaMint/ParlaMint/Corpora/Master/ParlaMint-GR/ParlaMint-GR_2022-02-01-S1-commons-meta-en.tsv already exists
*** PASSED ***
*** PASSED ***
*** PASSED ***
*** PASSED ***
*** PASSED ***
*** PASSED ***
INFO: ***Finished processing GR corpus.
INFO: *****Converting GR-en
INFO: ***Making GR-en samples
WARN: No TEI files for GR-en samples (needed root file is /project/corpora/Parla/ParlaMint/ParlaMint/Corpora/Master/ParlaMint-GR-en.TEI/ParlaMint-GR-en.xml)
INFO: selecting meta file ParlaMint-taxonomy-parla.legislature.xml
INFO: selecting meta file ParlaMint-taxonomy-speaker_types.xml
INFO: selecting meta file ParlaMint-taxonomy-subcorpus.xml
INFO: selecting meta file ParlaMint-taxonomy-NER.ana.xml
INFO: selecting meta file ParlaMint-taxonomy-CHES.xml
INFO: selecting meta file ParlaMint-taxonomy-politicalOrientation.xml
INFO: selecting meta file ParlaMint-taxonomy-USAS.ana.xml
INFO: selecting meta file ParlaMint-GR-listOrg.xml
INFO: selecting meta file ParlaMint-GR-listPerson.xml
INFO: from 1263 component files  selecting ~3 files:
INFO: selecting component file 2017/ParlaMint-GR-en_2017-06-09-S1-commons.ana.xml
INFO: selecting component file 2019/ParlaMint-GR-en_2019-12-04-S1-commons.ana.xml
INFO: selecting component file 2022/ParlaMint-GR-en_2022-02-01-S1-commons.ana.xml
INFO: Converting directory /project/corpora/Parla/ParlaMint/ParlaMint/Corpora/Master/ParlaMint-GR-en
INFO: Converting ParlaMint-GR-en_2019-12-04-S1-commons.ana to vertical
INFO: Converting ParlaMint-GR-en_2022-02-01-S1-commons.ana to vertical
INFO: Converting ParlaMint-GR-en_2017-06-09-S1-commons.ana to vertical
WARN: registry file parlamint41_gr_en not found
INFO: Converting directory /project/corpora/Parla/ParlaMint/ParlaMint/Corpora/Master/ParlaMint-GR-en
INFO: Converting ParlaMint-GR-en_2022-02-01-S1-commons.ana to metadata TSV
INFO: Converting ParlaMint-GR-en_2017-06-09-S1-commons.ana to metadata TSV
INFO: Converting ParlaMint-GR-en_2019-12-04-S1-commons.ana to metadata TSV
*** PASSED ***
*** PASSED ***
*** PASSED ***
*** PASSED ***
*** PASSED ***
*** PASSED ***
INFO: ***Finished processing GR-en corpus.
