make[1]: Entering directory '/home/project/corpora/Parla/ParlaMint/ParlaMint/Build/Sources-TSV/CHES'
rm -f CHES-TSV/*.tsv
Scripts/merge-ches.pl CHES2ParlaMint-parties.tsv 'Sources-CHES/*.tsv' CHES-TSV
INFO: processing CHES-AT.tsv
WARN: Can't find mapping to ParlaMint for country AT, party MARTIN, year 2006
WARN: Can't find mapping to ParlaMint for country AT, party MARTIN, year 2010
INFO: processing CHES-BE.tsv
WARN: Can't find mapping to ParlaMint for country BE, party MCC, year 1999
INFO: processing CHES-BG.tsv
WARN: Can't find mapping to ParlaMint for country BG, party BBT, year 2014
WARN: Can't find mapping to ParlaMint for country BG, party BMRO, year 2019
WARN: Can't find mapping to ParlaMint for country BG, party BNS, year 2006
WARN: Can't find mapping to ParlaMint for country BG, party BNS, year 2010
WARN: Can't find mapping to ParlaMint for country BG, party DBG, year 2014
WARN: Can't find mapping to ParlaMint for country BG, party DSB, year 2006
WARN: Can't find mapping to ParlaMint for country BG, party DSB, year 2010
WARN: Can't find mapping to ParlaMint for country BG, party DSB, year 2014
WARN: Can't find mapping to ParlaMint for country BG, party DSB, year 2019
WARN: Can't find mapping to ParlaMint for country BG, party G-VMRO, year 2002
WARN: Can't find mapping to ParlaMint for country BG, party KzB, year 2002
WARN: Can't find mapping to ParlaMint for country BG, party KzB, year 2006
WARN: Can't find mapping to ParlaMint for country BG, party KzB, year 2010
WARN: Can't find mapping to ParlaMint for country BG, party L, year 2010
WARN: Can't find mapping to ParlaMint for country BG, party NDSV, year 2002
WARN: Can't find mapping to ParlaMint for country BG, party NDSV, year 2006
WARN: Can't find mapping to ParlaMint for country BG, party NDSV, year 2010
WARN: Can't find mapping to ParlaMint for country BG, party ODS, year 2002
WARN: Can't find mapping to ParlaMint for country BG, party ODS, year 2006
WARN: Can't find mapping to ParlaMint for country BG, party ODS, year 2010
WARN: Can't find mapping to ParlaMint for country BG, party RZS, year 2010
WARN: Can't find mapping to ParlaMint for country BG, party SDS, year 2014
WARN: Can't find mapping to ParlaMint for country BG, party Slavi Trifonov, year 2019
INFO: processing CHES-CZ.tsv
WARN: Can't find mapping to ParlaMint for country CZ, party Nezavisl, year 2006
WARN: Can't find mapping to ParlaMint for country CZ, party SNK-ED, year 2006
WARN: Can't find mapping to ParlaMint for country CZ, party SVOBODNI, year 2014
WARN: Can't find mapping to ParlaMint for country CZ, party SZ, year 2006
WARN: Can't find mapping to ParlaMint for country CZ, party SZ, year 2010
WARN: Can't find mapping to ParlaMint for country CZ, party SZ, year 2014
WARN: Can't find mapping to ParlaMint for country CZ, party US-DEU, year 2002
INFO: processing CHES-DK.tsv
WARN: Can't find mapping to ParlaMint for country DK, party CD, year 1999
WARN: Can't find mapping to ParlaMint for country DK, party FP, year 1999
WARN: Can't find mapping to ParlaMint for country DK, party FolkB, year 1999
WARN: Can't find mapping to ParlaMint for country DK, party FolkB, year 2006
WARN: Can't find mapping to ParlaMint for country DK, party FolkB, year 2010
WARN: Can't find mapping to ParlaMint for country DK, party FolkB, year 2014
WARN: Can't find mapping to ParlaMint for country DK, party JuniB, year 1999
WARN: Can't find mapping to ParlaMint for country DK, party JuniB, year 2006
INFO: processing CHES-EE.tsv
WARN: Can't find mapping to ParlaMint for country EE, party E200, year 2019
WARN: Can't find mapping to ParlaMint for country EE, party EER, year 2010
WARN: Can't find mapping to ParlaMint for country EE, party EER, year 2014
WARN: Can't find mapping to ParlaMint for country EE, party ERL, year 2006
WARN: Can't find mapping to ParlaMint for country EE, party ERL, year 2010
WARN: Can't find mapping to ParlaMint for country EE, party IRL, year 2010
WARN: Can't find mapping to ParlaMint for country EE, party IRL, year 2014
WARN: Can't find mapping to ParlaMint for country EE, party IRL, year 2019
WARN: Can't find mapping to ParlaMint for country EE, party KP, year 2006
INFO: processing CHES-ES.tsv
WARN: Can't find mapping to ParlaMint for country ES, party CC, year 1999
WARN: Can't find mapping to ParlaMint for country ES, party CC, year 2002
WARN: Can't find mapping to ParlaMint for country ES, party CC, year 2006
WARN: Can't find mapping to ParlaMint for country ES, party CC, year 2010
WARN: Can't find mapping to ParlaMint for country ES, party CC, year 2014
WARN: Can't find mapping to ParlaMint for country ES, party CC, year 2019
WARN: Can't find mapping to ParlaMint for country ES, party CHA, year 2006
WARN: Can't find mapping to ParlaMint for country ES, party CHA, year 2010
WARN: Can't find mapping to ParlaMint for country ES, party CpE, year 2010
WARN: Can't find mapping to ParlaMint for country ES, party EA, year 1999
WARN: Can't find mapping to ParlaMint for country ES, party EA, year 2002
WARN: Can't find mapping to ParlaMint for country ES, party EA, year 2006
WARN: Can't find mapping to ParlaMint for country ES, party EA, year 2010
WARN: Can't find mapping to ParlaMint for country ES, party EA, year 2014
WARN: Can't find mapping to ParlaMint for country ES, party EdP-V, year 2010
WARN: Can't find mapping to ParlaMint for country ES, party IU, year 1999
WARN: Can't find mapping to ParlaMint for country ES, party IU, year 2002
WARN: Can't find mapping to ParlaMint for country ES, party IU, year 2006
WARN: Can't find mapping to ParlaMint for country ES, party IU, year 2010
WARN: Can't find mapping to ParlaMint for country ES, party IU, year 2014
WARN: Can't find mapping to ParlaMint for country ES, party IU, year 2019
WARN: Can't find mapping to ParlaMint for country ES, party PA, year 2002
WARN: Can't find mapping to ParlaMint for country ES, party PAR, year 1999
WARN: Can't find mapping to ParlaMint for country ES, party PdeCat, year 2019
WARN: Can't find mapping to ParlaMint for country ES, party Podemos, year 2014
WARN: Can't find mapping to ParlaMint for country ES, party Podemos, year 2019
WARN: Can't find mapping to ParlaMint for country ES, party UV, year 1999
WARN: Can't find mapping to ParlaMint for country ES, party VERDE, year 1999
INFO: processing CHES-FI.tsv
WARN: Can't find mapping to ParlaMint for country FI, party PS, year 2006
WARN: Can't find mapping to ParlaMint for country FI, party PS, year 2010
WARN: Can't find mapping to ParlaMint for country FI, party PS, year 2014
WARN: Can't find mapping to ParlaMint for country FI, party PS, year 2019
WARN: Can't find mapping to ParlaMint for country FI, party SFP, year 1999
INFO: processing CHES-FR.tsv
WARN: Can't find mapping to ParlaMint for country FR, party AC, year 2014
WARN: Can't find mapping to ParlaMint for country FR, party CPNT, year 1999
WARN: Can't find mapping to ParlaMint for country FR, party D, year 1999
WARN: Can't find mapping to ParlaMint for country FR, party DL, year 1999
WARN: Can't find mapping to ParlaMint for country FR, party DL, year 2002
WARN: Can't find mapping to ParlaMint for country FR, party DLF, year 2019
WARN: Can't find mapping to ParlaMint for country FR, party EELV, year 2014
WARN: Can't find mapping to ParlaMint for country FR, party EELV, year 2019
WARN: Can't find mapping to ParlaMint for country FR, party Ensemble, year 2014
WARN: Can't find mapping to ParlaMint for country FR, party FN, year 1999
WARN: Can't find mapping to ParlaMint for country FR, party FN, year 2002
WARN: Can't find mapping to ParlaMint for country FR, party FN, year 2006
WARN: Can't find mapping to ParlaMint for country FR, party FN, year 2010
WARN: Can't find mapping to ParlaMint for country FR, party FN, year 2014
WARN: Can't find mapping to ParlaMint for country FR, party LO-LCR, year 1999
WARN: Can't find mapping to ParlaMint for country FR, party MEI, year 1999
WARN: Can't find mapping to ParlaMint for country FR, party MN, year 1999
WARN: Can't find mapping to ParlaMint for country FR, party MPF, year 2006
WARN: Can't find mapping to ParlaMint for country FR, party MPF, year 2010
WARN: Can't find mapping to ParlaMint for country FR, party MPF, year 2014
WARN: Can't find mapping to ParlaMint for country FR, party NC, year 2010
WARN: Can't find mapping to ParlaMint for country FR, party NC, year 2014
WARN: Can't find mapping to ParlaMint for country FR, party PCF, year 1999
WARN: Can't find mapping to ParlaMint for country FR, party PCF, year 2002
WARN: Can't find mapping to ParlaMint for country FR, party PCF, year 2006
WARN: Can't find mapping to ParlaMint for country FR, party PCF, year 2010
WARN: Can't find mapping to ParlaMint for country FR, party PCF, year 2014
WARN: Can't find mapping to ParlaMint for country FR, party PCF, year 2019
WARN: Can't find mapping to ParlaMint for country FR, party PG, year 2014
WARN: Can't find mapping to ParlaMint for country FR, party PRG, year 1999
WARN: Can't find mapping to ParlaMint for country FR, party PRG, year 2002
WARN: Can't find mapping to ParlaMint for country FR, party PRG, year 2006
WARN: Can't find mapping to ParlaMint for country FR, party PRG, year 2010
WARN: Can't find mapping to ParlaMint for country FR, party PRG, year 2014
WARN: Can't find mapping to ParlaMint for country FR, party PRV, year 2014
WARN: Can't find mapping to ParlaMint for country FR, party PS, year 1999
WARN: Can't find mapping to ParlaMint for country FR, party PS, year 2002
WARN: Can't find mapping to ParlaMint for country FR, party PS, year 2006
WARN: Can't find mapping to ParlaMint for country FR, party PS, year 2010
WARN: Can't find mapping to ParlaMint for country FR, party PS, year 2014
WARN: Can't find mapping to ParlaMint for country FR, party PS, year 2019
WARN: Can't find mapping to ParlaMint for country FR, party RPF, year 1999
WARN: Can't find mapping to ParlaMint for country FR, party RPR, year 1999
WARN: Can't find mapping to ParlaMint for country FR, party RPR, year 2002
WARN: Can't find mapping to ParlaMint for country FR, party UDF, year 1999
WARN: Can't find mapping to ParlaMint for country FR, party UDF, year 2002
WARN: Can't find mapping to ParlaMint for country FR, party UDF, year 2006
WARN: Can't find mapping to ParlaMint for country FR, party UMP, year 2006
WARN: Can't find mapping to ParlaMint for country FR, party UMP, year 2010
WARN: Can't find mapping to ParlaMint for country FR, party UMP, year 2014
WARN: Can't find mapping to ParlaMint for country FR, party VERTS, year 1999
WARN: Can't find mapping to ParlaMint for country FR, party VERTS, year 2002
WARN: Can't find mapping to ParlaMint for country FR, party VERTS, year 2006
WARN: Can't find mapping to ParlaMint for country FR, party VERTS, year 2010
INFO: processing CHES-GB.tsv
WARN: Can't find mapping to ParlaMint for country GB, party BNP, year 2010
WARN: Can't find mapping to ParlaMint for country GB, party BREXIT, year 2019
INFO: processing CHES-GR.tsv
WARN: Can't find mapping to ParlaMint for country GR, party ANEL, year 2014
WARN: Can't find mapping to ParlaMint for country GR, party DIKKI, year 1999
WARN: Can't find mapping to ParlaMint for country GR, party DIKKI, year 2006
WARN: Can't find mapping to ParlaMint for country GR, party DIKKI, year 2010
WARN: Can't find mapping to ParlaMint for country GR, party KIDISO, year 2019
WARN: Can't find mapping to ParlaMint for country GR, party LAOS, year 2006
WARN: Can't find mapping to ParlaMint for country GR, party LAOS, year 2010
WARN: Can't find mapping to ParlaMint for country GR, party LAOS, year 2014
WARN: Can't find mapping to ParlaMint for country GR, party OP, year 2010
WARN: Can't find mapping to ParlaMint for country GR, party POLA, year 1999
WARN: Can't find mapping to ParlaMint for country GR, party SYN, year 1999
WARN: Can't find mapping to ParlaMint for country GR, party SYN, year 2002
INFO: processing CHES-HR.tsv
WARN: Can't find mapping to ParlaMint for country HR, party HL-SR, year 2014
WARN: Can't find mapping to ParlaMint for country HR, party NS-R, year 2019
INFO: processing CHES-HU.tsv
WARN: Can't find mapping to ParlaMint for country HU, party CP, year 2002
WARN: Can't find mapping to ParlaMint for country HU, party MDF, year 2002
WARN: Can't find mapping to ParlaMint for country HU, party MDF, year 2006
WARN: Can't find mapping to ParlaMint for country HU, party MDF, year 2010
WARN: Can't find mapping to ParlaMint for country HU, party MIEP, year 2002
WARN: Can't find mapping to ParlaMint for country HU, party SZDSZ, year 2010
WARN: Can't find mapping to ParlaMint for country HU, party SzDSz, year 2002
WARN: Can't find mapping to ParlaMint for country HU, party SzDSz, year 2006
INFO: processing CHES-IS.tsv
INFO: processing CHES-IT.tsv
WARN: Can't find mapping to ParlaMint for country IT, party AN, year 1999
WARN: Can't find mapping to ParlaMint for country IT, party AN, year 2002
WARN: Can't find mapping to ParlaMint for country IT, party AN, year 2006
WARN: Can't find mapping to ParlaMint for country IT, party AN, year 2010
WARN: Can't find mapping to ParlaMint for country IT, party CCD, year 1999
WARN: Can't find mapping to ParlaMint for country IT, party CCD, year 2002
WARN: Can't find mapping to ParlaMint for country IT, party CD, year 2014
WARN: Can't find mapping to ParlaMint for country IT, party CDU, year 1999
WARN: Can't find mapping to ParlaMint for country IT, party CDU, year 2002
WARN: Can't find mapping to ParlaMint for country IT, party DEM, year 1999
WARN: Can't find mapping to ParlaMint for country IT, party DEM, year 2002
WARN: Can't find mapping to ParlaMint for country IT, party DL, year 2006
WARN: Can't find mapping to ParlaMint for country IT, party DS, year 2002
WARN: Can't find mapping to ParlaMint for country IT, party DS, year 2006
WARN: Can't find mapping to ParlaMint for country IT, party FdV, year 1999
WARN: Can't find mapping to ParlaMint for country IT, party IdV, year 2002
WARN: Can't find mapping to ParlaMint for country IT, party IdV, year 2006
WARN: Can't find mapping to ParlaMint for country IT, party IdV, year 2010
WARN: Can't find mapping to ParlaMint for country IT, party LB, year 1999
WARN: Can't find mapping to ParlaMint for country IT, party MRE, year 2006
WARN: Can't find mapping to ParlaMint for country IT, party MS, year 1999
WARN: Can't find mapping to ParlaMint for country IT, party MpA, year 2010
WARN: Can't find mapping to ParlaMint for country IT, party NPSI, year 2006
WARN: Can't find mapping to ParlaMint for country IT, party PDS, year 1999
WARN: Can't find mapping to ParlaMint for country IT, party PP, year 2006
WARN: Can't find mapping to ParlaMint for country IT, party PPI, year 1999
WARN: Can't find mapping to ParlaMint for country IT, party PPI, year 2002
WARN: Can't find mapping to ParlaMint for country IT, party PRI, year 1999
WARN: Can't find mapping to ParlaMint for country IT, party PSDI, year 1999
WARN: Can't find mapping to ParlaMint for country IT, party PSI, year 2010
WARN: Can't find mapping to ParlaMint for country IT, party PdCI, year 2006
WARN: Can't find mapping to ParlaMint for country IT, party PdCI, year 2010
WARN: Can't find mapping to ParlaMint for country IT, party PdUP, year 1999
WARN: Can't find mapping to ParlaMint for country IT, party PsDA, year 1999
WARN: Can't find mapping to ParlaMint for country IT, party RAD, year 2006
WARN: Can't find mapping to ParlaMint for country IT, party RC, year 1999
WARN: Can't find mapping to ParlaMint for country IT, party RC, year 2002
WARN: Can't find mapping to ParlaMint for country IT, party RC, year 2006
WARN: Can't find mapping to ParlaMint for country IT, party RC, year 2010
WARN: Can't find mapping to ParlaMint for country IT, party RC, year 2014
WARN: Can't find mapping to ParlaMint for country IT, party RI, year 1999
WARN: Can't find mapping to ParlaMint for country IT, party RI, year 2002
WARN: Can't find mapping to ParlaMint for country IT, party RI, year 2019
WARN: Can't find mapping to ParlaMint for country IT, party SD, year 2010
WARN: Can't find mapping to ParlaMint for country IT, party SDI, year 2006
WARN: Can't find mapping to ParlaMint for country IT, party SEG, year 1999
WARN: Can't find mapping to ParlaMint for country IT, party SEL, year 2014
WARN: Can't find mapping to ParlaMint for country IT, party SI, year 2019
WARN: Can't find mapping to ParlaMint for country IT, party SL, year 2010
WARN: Can't find mapping to ParlaMint for country IT, party SVP, year 1999
WARN: Can't find mapping to ParlaMint for country IT, party SVP, year 2006
WARN: Can't find mapping to ParlaMint for country IT, party SVP, year 2010
WARN: Can't find mapping to ParlaMint for country IT, party SVP, year 2014
WARN: Can't find mapping to ParlaMint for country IT, party SVP, year 2019
WARN: Can't find mapping to ParlaMint for country IT, party UD, year 1999
WARN: Can't find mapping to ParlaMint for country IT, party UDC, year 2006
WARN: Can't find mapping to ParlaMint for country IT, party UDC, year 2010
WARN: Can't find mapping to ParlaMint for country IT, party UDC, year 2014
WARN: Can't find mapping to ParlaMint for country IT, party UDEUR, year 2002
WARN: Can't find mapping to ParlaMint for country IT, party UDEUR, year 2006
WARN: Can't find mapping to ParlaMint for country IT, party VERDI, year 2006
WARN: Can't find mapping to ParlaMint for country IT, party VERDI, year 2010
WARN: Can't find mapping to ParlaMint for country IT, party VdA, year 2014
INFO: processing CHES-LT.tsv
WARN: Can't find mapping to ParlaMint for country LT, party FRONT, year 2010
WARN: Can't find mapping to ParlaMint for country LT, party JL-PKS, year 2002
WARN: Can't find mapping to ParlaMint for country LT, party LCP, year 2019
WARN: Can't find mapping to ParlaMint for country LT, party LCS, year 2002
WARN: Can't find mapping to ParlaMint for country LT, party LKDP, year 2002
WARN: Can't find mapping to ParlaMint for country LT, party LLS, year 2002
WARN: Can't find mapping to ParlaMint for country LT, party LLS, year 2006
WARN: Can't find mapping to ParlaMint for country LT, party LRS, year 2002
WARN: Can't find mapping to ParlaMint for country LT, party LVLS, year 2006
WARN: Can't find mapping to ParlaMint for country LT, party LVLS, year 2010
WARN: Can't find mapping to ParlaMint for country LT, party LVP, year 2002
WARN: Can't find mapping to ParlaMint for country LT, party LZP, year 2019
WARN: Can't find mapping to ParlaMint for country LT, party LiCS, year 2006
WARN: Can't find mapping to ParlaMint for country LT, party LiCS, year 2010
WARN: Can't find mapping to ParlaMint for country LT, party MKDS, year 2002
WARN: Can't find mapping to ParlaMint for country LT, party NDP, year 2002
WARN: Can't find mapping to ParlaMint for country LT, party NKS, year 2002
WARN: Can't find mapping to ParlaMint for country LT, party NS, year 2002
WARN: Can't find mapping to ParlaMint for country LT, party NS, year 2006
WARN: Can't find mapping to ParlaMint for country LT, party NS, year 2010
WARN: Can't find mapping to ParlaMint for country LT, party TPP, year 2010
WARN: Can't find mapping to ParlaMint for country LT, party TS-LK, year 2002
WARN: Can't find mapping to ParlaMint for country LT, party TS-LKD, year 2014
WARN: Can't find mapping to ParlaMint for country LT, party TS-LKD, year 2019
WARN: Can't find mapping to ParlaMint for country LT, party VKM-AMT, year 2019
INFO: processing CHES-LV.tsv
WARN: Can't find mapping to ParlaMint for country LV, party JL, year 2002
WARN: Can't find mapping to ParlaMint for country LV, party JL, year 2006
WARN: Can't find mapping to ParlaMint for country LV, party LC, year 2002
WARN: Can't find mapping to ParlaMint for country LV, party LC, year 2006
WARN: Can't find mapping to ParlaMint for country LV, party LKS, year 2014
WARN: Can't find mapping to ParlaMint for country LV, party LKS, year 2019
WARN: Can't find mapping to ParlaMint for country LV, party LPP, year 2002
WARN: Can't find mapping to ParlaMint for country LV, party LPP, year 2006
WARN: Can't find mapping to ParlaMint for country LV, party LSDSP, year 2002
WARN: Can't find mapping to ParlaMint for country LV, party LSDSP, year 2006
WARN: Can't find mapping to ParlaMint for country LV, party PCTVL, year 2002
WARN: Can't find mapping to ParlaMint for country LV, party PCTVL, year 2006
WARN: Can't find mapping to ParlaMint for country LV, party SC, year 2006
WARN: Can't find mapping to ParlaMint for country LV, party SC, year 2010
WARN: Can't find mapping to ParlaMint for country LV, party SDPS, year 2014
WARN: Can't find mapping to ParlaMint for country LV, party SDPS, year 2019
WARN: Can't find mapping to ParlaMint for country LV, party TB-LNNK, year 2002
WARN: Can't find mapping to ParlaMint for country LV, party TB-LNNK, year 2006
WARN: Can't find mapping to ParlaMint for country LV, party TP, year 2002
WARN: Can't find mapping to ParlaMint for country LV, party TP, year 2006
WARN: Can't find mapping to ParlaMint for country LV, party ZRP, year 2010
INFO: processing CHES-NL.tsv
WARN: Can't find mapping to ParlaMint for country NL, party CD, year 1999
WARN: Can't find mapping to ParlaMint for country NL, party GPV, year 1999
WARN: Can't find mapping to ParlaMint for country NL, party LPF, year 2002
WARN: Can't find mapping to ParlaMint for country NL, party RPF, year 1999
INFO: processing CHES-NO.tsv
INFO: processing CHES-PL.tsv
WARN: Can't find mapping to ParlaMint for country PL, party AWSP, year 2002
WARN: Can't find mapping to ParlaMint for country PL, party KNP, year 2014
WARN: Can't find mapping to ParlaMint for country PL, party LPR, year 2002
WARN: Can't find mapping to ParlaMint for country PL, party LPR, year 2006
WARN: Can't find mapping to ParlaMint for country PL, party LPR, year 2010
WARN: Can't find mapping to ParlaMint for country PL, party Lewica Razem, year 2019
WARN: Can't find mapping to ParlaMint for country PL, party Nowo, year 2019
WARN: Can't find mapping to ParlaMint for country PL, party PD, year 2006
WARN: Can't find mapping to ParlaMint for country PL, party PO, year 2002
WARN: Can't find mapping to ParlaMint for country PL, party PO, year 2006
WARN: Can't find mapping to ParlaMint for country PL, party PO, year 2010
WARN: Can't find mapping to ParlaMint for country PL, party PO, year 2014
WARN: Can't find mapping to ParlaMint for country PL, party PO, year 2019
WARN: Can't find mapping to ParlaMint for country PL, party PR, year 2014
WARN: Can't find mapping to ParlaMint for country PL, party PSL, year 2002
WARN: Can't find mapping to ParlaMint for country PL, party PSL, year 2006
WARN: Can't find mapping to ParlaMint for country PL, party PSL, year 2010
WARN: Can't find mapping to ParlaMint for country PL, party PSL, year 2014
WARN: Can't find mapping to ParlaMint for country PL, party PSL, year 2019
WARN: Can't find mapping to ParlaMint for country PL, party RP, year 2014
WARN: Can't find mapping to ParlaMint for country PL, party S, year 2002
WARN: Can't find mapping to ParlaMint for country PL, party S, year 2006
WARN: Can't find mapping to ParlaMint for country PL, party S, year 2010
WARN: Can't find mapping to ParlaMint for country PL, party SD, year 2010
WARN: Can't find mapping to ParlaMint for country PL, party SDPL, year 2006
WARN: Can't find mapping to ParlaMint for country PL, party SDPL, year 2010
WARN: Can't find mapping to ParlaMint for country PL, party SLD, year 2002
WARN: Can't find mapping to ParlaMint for country PL, party SLD, year 2006
WARN: Can't find mapping to ParlaMint for country PL, party SLD, year 2010
WARN: Can't find mapping to ParlaMint for country PL, party SLD, year 2014
WARN: Can't find mapping to ParlaMint for country PL, party SLD, year 2019
WARN: Can't find mapping to ParlaMint for country PL, party SP, year 2014
WARN: Can't find mapping to ParlaMint for country PL, party UP, year 2002
WARN: Can't find mapping to ParlaMint for country PL, party UW, year 2002
WARN: Can't find mapping to ParlaMint for country PL, party Wiosna, year 2019
INFO: processing CHES-PT.tsv
WARN: Can't find mapping to ParlaMint for country PT, party CDU, year 1999
WARN: Can't find mapping to ParlaMint for country PT, party CDU, year 2002
WARN: Can't find mapping to ParlaMint for country PT, party CDU, year 2006
WARN: Can't find mapping to ParlaMint for country PT, party CDU, year 2010
WARN: Can't find mapping to ParlaMint for country PT, party CDU, year 2014
WARN: Can't find mapping to ParlaMint for country PT, party CDU, year 2019
WARN: Can't find mapping to ParlaMint for country PT, party MPT, year 2014
INFO: processing CHES-RO.tsv
WARN: Can't find mapping to ParlaMint for country RO, party ALDE, year 2019
WARN: Can't find mapping to ParlaMint for country RO, party CDR 2000, year 2002
WARN: Can't find mapping to ParlaMint for country RO, party FDGR, year 2006
WARN: Can't find mapping to ParlaMint for country RO, party PC, year 2006
WARN: Can't find mapping to ParlaMint for country RO, party PC, year 2010
WARN: Can't find mapping to ParlaMint for country RO, party PC, year 2014
WARN: Can't find mapping to ParlaMint for country RO, party PDL, year 2002
WARN: Can't find mapping to ParlaMint for country RO, party PDL, year 2006
WARN: Can't find mapping to ParlaMint for country RO, party PDL, year 2010
WARN: Can't find mapping to ParlaMint for country RO, party PDL, year 2014
WARN: Can't find mapping to ParlaMint for country RO, party PLR, year 2014
WARN: Can't find mapping to ParlaMint for country RO, party PMP, year 2014
WARN: Can't find mapping to ParlaMint for country RO, party PMP, year 2019
WARN: Can't find mapping to ParlaMint for country RO, party PNL, year 2002
WARN: Can't find mapping to ParlaMint for country RO, party PNL, year 2006
WARN: Can't find mapping to ParlaMint for country RO, party PNL, year 2010
WARN: Can't find mapping to ParlaMint for country RO, party PNL, year 2014
WARN: Can't find mapping to ParlaMint for country RO, party PNL, year 2019
WARN: Can't find mapping to ParlaMint for country RO, party PP-DD, year 2014
WARN: Can't find mapping to ParlaMint for country RO, party PRM, year 2002
WARN: Can't find mapping to ParlaMint for country RO, party PRM, year 2006
WARN: Can't find mapping to ParlaMint for country RO, party PRM, year 2010
WARN: Can't find mapping to ParlaMint for country RO, party PRO, year 2019
WARN: Can't find mapping to ParlaMint for country RO, party PSD, year 2002
WARN: Can't find mapping to ParlaMint for country RO, party PSD, year 2006
WARN: Can't find mapping to ParlaMint for country RO, party PSD, year 2010
WARN: Can't find mapping to ParlaMint for country RO, party PSD, year 2014
WARN: Can't find mapping to ParlaMint for country RO, party PSD, year 2019
WARN: Can't find mapping to ParlaMint for country RO, party PUR, year 2002
WARN: Can't find mapping to ParlaMint for country RO, party UDMR, year 2002
WARN: Can't find mapping to ParlaMint for country RO, party UDMR, year 2006
WARN: Can't find mapping to ParlaMint for country RO, party UDMR, year 2010
WARN: Can't find mapping to ParlaMint for country RO, party UDMR, year 2014
WARN: Can't find mapping to ParlaMint for country RO, party UDMR, year 2019
WARN: Can't find mapping to ParlaMint for country RO, party UNPR, year 2014
WARN: Can't find mapping to ParlaMint for country RO, party USR, year 2019
INFO: processing CHES-SE.tsv
WARN: Can't find mapping to ParlaMint for country SE, party FI, year 2014
WARN: Can't find mapping to ParlaMint for country SE, party FP, year 1999
WARN: Can't find mapping to ParlaMint for country SE, party FP, year 2002
WARN: Can't find mapping to ParlaMint for country SE, party FP, year 2006
WARN: Can't find mapping to ParlaMint for country SE, party FP, year 2010
WARN: Can't find mapping to ParlaMint for country SE, party FP, year 2014
WARN: Can't find mapping to ParlaMint for country SE, party JL, year 2006
WARN: Can't find mapping to ParlaMint for country SE, party JL, year 2010
WARN: Can't find mapping to ParlaMint for country SE, party NyD, year 1999
WARN: Can't find mapping to ParlaMint for country SE, party PIRAT, year 2010
WARN: Can't find mapping to ParlaMint for country SE, party PIRAT, year 2014
INFO: processing CHES-SI.tsv
WARN: Can't find mapping to ParlaMint for country SI, party AS, year 2006
WARN: Can't find mapping to ParlaMint for country SI, party SLS-SMS, year 2010
INFO: processing CHES-TR.tsv
Scripts/cp-ches.pl 'CHES-TSV/*.tsv' '../ParlaMint-*'
INFO: copying CHES-TSV/CHES-AT.tsv to ../ParlaMint-AT/OrientationCHES-AT.edited.tsv
WARN: can't find input file for ../ParlaMint-BA/OrientationCHES-BA.edited.tsv
INFO: copying CHES-TSV/CHES-BE.tsv to ../ParlaMint-BE/OrientationCHES-BE.edited.tsv
INFO: copying CHES-TSV/CHES-BG.tsv to ../ParlaMint-BG/OrientationCHES-BG.edited.tsv
INFO: copying CHES-TSV/CHES-CZ.tsv to ../ParlaMint-CZ/OrientationCHES-CZ.edited.tsv
INFO: copying CHES-TSV/CHES-DK.tsv to ../ParlaMint-DK/OrientationCHES-DK.edited.tsv
INFO: copying CHES-TSV/CHES-EE.tsv to ../ParlaMint-EE/OrientationCHES-EE.edited.tsv
INFO: copying CHES-TSV/CHES-ES.tsv to ../ParlaMint-ES/OrientationCHES-ES.edited.tsv
WARN: can't find input file for ../ParlaMint-ES-CT/OrientationCHES-ES-CT.edited.tsv
WARN: can't find input file for ../ParlaMint-ES-GA/OrientationCHES-ES-GA.edited.tsv
WARN: can't find input file for ../ParlaMint-ES-PV/OrientationCHES-ES-PV.edited.tsv
INFO: copying CHES-TSV/CHES-FI.tsv to ../ParlaMint-FI/OrientationCHES-FI.edited.tsv
INFO: copying CHES-TSV/CHES-FR.tsv to ../ParlaMint-FR/OrientationCHES-FR.edited.tsv
INFO: copying CHES-TSV/CHES-GB.tsv to ../ParlaMint-GB/OrientationCHES-GB.edited.tsv
INFO: copying CHES-TSV/CHES-GR.tsv to ../ParlaMint-GR/OrientationCHES-GR.edited.tsv
INFO: copying CHES-TSV/CHES-HR.tsv to ../ParlaMint-HR/OrientationCHES-HR.edited.tsv
INFO: copying CHES-TSV/CHES-HU.tsv to ../ParlaMint-HU/OrientationCHES-HU.edited.tsv
INFO: copying CHES-TSV/CHES-IS.tsv to ../ParlaMint-IS/OrientationCHES-IS.edited.tsv
INFO: copying CHES-TSV/CHES-IT.tsv to ../ParlaMint-IT/OrientationCHES-IT.edited.tsv
INFO: copying CHES-TSV/CHES-LT.tsv to ../ParlaMint-LT/OrientationCHES-LT.edited.tsv
INFO: copying CHES-TSV/CHES-LV.tsv to ../ParlaMint-LV/OrientationCHES-LV.edited.tsv
INFO: copying CHES-TSV/CHES-NL.tsv to ../ParlaMint-NL/OrientationCHES-NL.edited.tsv
INFO: copying CHES-TSV/CHES-NO.tsv to ../ParlaMint-NO/OrientationCHES-NO.edited.tsv
INFO: copying CHES-TSV/CHES-PL.tsv to ../ParlaMint-PL/OrientationCHES-PL.edited.tsv
INFO: copying CHES-TSV/CHES-PT.tsv to ../ParlaMint-PT/OrientationCHES-PT.edited.tsv
INFO: copying CHES-TSV/CHES-RO.tsv to ../ParlaMint-RO/OrientationCHES-RO.edited.tsv
WARN: can't find input file for ../ParlaMint-RS/OrientationCHES-RS.edited.tsv
INFO: copying CHES-TSV/CHES-SE.tsv to ../ParlaMint-SE/OrientationCHES-SE.edited.tsv
INFO: copying CHES-TSV/CHES-SI.tsv to ../ParlaMint-SI/OrientationCHES-SI.edited.tsv
INFO: copying CHES-TSV/CHES-TR.tsv to ../ParlaMint-TR/OrientationCHES-TR.edited.tsv
WARN: can't find input file for ../ParlaMint-UA/OrientationCHES-UA.edited.tsv
WARN: can't find input file for ../ParlaMint-XX/OrientationCHES-XX.edited.tsv
make[1]: Leaving directory '/home/project/corpora/Parla/ParlaMint/ParlaMint/Build/Sources-TSV/CHES'
