INFO: For BA assigned orientations to 30 out of 40 orgs:  CHES = 0, Wiki = 30, other = 0, CHES + Wiki = 0, Wiki only = 30, CHES only = 0
WARN: For BA missing orientation for parliamentaryGroup party.DNZ_BIH
WARN: For BA missing orientation for parliamentaryGroup party.KCD_BIH
WARN: For BA missing orientation for parliamentaryGroup party.SLOGA
WARN: For BA missing orientation for parliamentaryGroup party.DSP_BIH
WARN: For BA missing orientation for parliamentaryGroup party.SPRS
WARN: For BA missing orientation for parliamentaryGroup party.EB
WARN: For BA missing orientation for parliamentaryGroup party.SPUBIH
WARN: For BA missing orientation for parliamentaryGroup party.KOALICIJA
WARN: For BA missing orientation for parliamentaryGroup party.GDS
WARN: For BA missing orientation for parliamentaryGroup party.BSP
INFO: For ES-GA assigned orientations to 44 out of 57 orgs:  CHES = 0, Wiki = 44, other = 0, CHES + Wiki = 0, Wiki only = 44, CHES only = 0
WARN: For ES-GA missing orientation for politicalParty party.SDD
WARN: For ES-GA missing orientation for politicalParty party.AIDG
WARN: For ES-GA missing orientation for politicalParty party.VNG
WARN: For ES-GA missing orientation for politicalParty party.PT
WARN: For ES-GA missing orientation for politicalParty party.HARTOS.ORG
WARN: For ES-GA missing orientation for politicalParty party.SAIn
WARN: For ES-GA missing orientation for politicalParty party.DeC
WARN: For ES-GA missing orientation for politicalParty party.PAyJ
WARN: For ES-GA missing orientation for politicalParty party.CC
WARN: For ES-GA missing orientation for politicalParty party.ADCG
WARN: For ES-GA missing orientation for politicalParty party.ADCeG
WARN: For ES-GA missing orientation for parliamentaryGroup parliamentaryGroup.GPPPdeG
WARN: For ES-GA missing orientation for parliamentaryGroup parliamentaryGroup.GPM
INFO: For ES-CT assigned orientations to 31 out of 37 orgs:  CHES = 0, Wiki = 31, other = 0, CHES + Wiki = 0, Wiki only = 31, CHES only = 0
WARN: For ES-CT missing orientation for politicalParty party.Independent
WARN: For ES-CT missing orientation for politicalParty party.JuntsPelSí
WARN: For ES-CT missing orientation for politicalParty party.PSC-Units
WARN: For ES-CT missing orientation for politicalParty party.SCC
WARN: For ES-CT missing orientation for parliamentaryGroup PG.REP
WARN: For ES-CT missing orientation for parliamentaryGroup PG.GM
INFO: For RS assigned orientations to 52 out of 71 orgs:  CHES = 0, Wiki = 52, other = 0, CHES + Wiki = 0, Wiki only = 52, CHES only = 0
WARN: For RS missing orientation for parliamentaryGroup party.DKPB
WARN: For RS missing orientation for parliamentaryGroup party.LŠ
WARN: For RS missing orientation for parliamentaryGroup party.DSHV
WARN: For RS missing orientation for parliamentaryGroup party.URS
WARN: For RS missing orientation for parliamentaryGroup party.BDZ
WARN: For RS missing orientation for parliamentaryGroup party.BNS
WARN: For RS missing orientation for parliamentaryGroup party.DPM
WARN: For RS missing orientation for parliamentaryGroup party.NEZAVISNI
WARN: For RS missing orientation for parliamentaryGroup party.APPS
WARN: For RS missing orientation for parliamentaryGroup party.BI
WARN: For RS missing orientation for parliamentaryGroup party.DLR
WARN: For RS missing orientation for parliamentaryGroup party.LSD
WARN: For RS missing orientation for parliamentaryGroup party.NL
WARN: For RS missing orientation for parliamentaryGroup party.PPPS
WARN: For RS missing orientation for parliamentaryGroup party.PVS
WARN: For RS missing orientation for parliamentaryGroup party.PVU
WARN: For RS missing orientation for parliamentaryGroup party.PŽK
WARN: For RS missing orientation for parliamentaryGroup party.UG
WARN: For RS missing orientation for parliamentaryGroup party.LK
INFO: For UA assigned orientations to 86 out of 109 orgs:  CHES = 0, Wiki = 86, other = 0, CHES + Wiki = 0, Wiki only = 86, CHES only = 0
WARN: For UA missing orientation for politicalParty pp.RPU
WARN: For UA missing orientation for politicalParty pp.Novi
WARN: For UA missing orientation for politicalParty pp.Spravy
WARN: For UA missing orientation for politicalParty pp.NED
WARN: For UA missing orientation for politicalParty pp.Demo
WARN: For UA missing orientation for politicalParty pp.Zastrup
WARN: For UA missing orientation for politicalParty pp.Sea
WARN: For UA missing orientation for politicalParty pp.Unity
WARN: For UA missing orientation for politicalParty pp.UnityOO
WARN: For UA missing orientation for politicalParty pp.dpuds
WARN: For UA missing orientation for politicalParty pp.Vdr
WARN: For UA missing orientation for parliamentaryGroup fr.regU
WARN: For UA missing orientation for parliamentaryGroup gr.au
WARN: For UA missing orientation for parliamentaryGroup gr.dovnar
WARN: For UA missing orientation for parliamentaryGroup gr.vdr
WARN: For UA missing orientation for parliamentaryGroup fr.vdr
WARN: For UA missing orientation for parliamentaryGroup gr.rzm
WARN: For UA missing orientation for parliamentaryGroup fr.rzm
WARN: For UA missing orientation for parliamentaryGroup gr.vu
WARN: For UA missing orientation for parliamentaryGroup gr.vd
WARN: For UA missing orientation for parliamentaryGroup gr.pvd
WARN: For UA missing orientation for parliamentaryGroup gr.ed
WARN: For UA missing orientation for parliamentaryGroup gr.ps
