WARN: For BE Agalev no orientation in encoder TSV
WARN: For BE Agora no orientation in encoder TSV
WARN: For BE B.U.B. no orientation in encoder TSV
WARN: For BE BANAAN no orientation in encoder TSV
WARN: For BE Be.One no orientation in encoder TSV
WARN: For BE CPB no orientation in encoder TSV
WARN: For BE CSP no orientation in encoder TSV
WARN: For BE CVP no orientation in encoder TSV
WARN: For BE D-SA no orientation in encoder TSV
WARN: For BE D95 no orientation in encoder TSV
WARN: For BE DN no orientation in encoder TSV
WARN: For BE De Militant no orientation in encoder TSV
WARN: For BE DierAnimal no orientation in encoder TSV
WARN: For BE EFP no orientation in encoder TSV
WARN: For BE Ecolo no orientation in encoder TSV
WARN: For BE FN no orientation in encoder TSV
WARN: For BE Groen! no orientation in encoder TSV
WARN: For BE HOERA no orientation in encoder TSV
WARN: For BE ISLAM no orientation in encoder TSV
WARN: For BE LSP-PSL no orientation in encoder TSV
WARN: For BE Militant Links no orientation in encoder TSV
WARN: For BE PC no orientation in encoder TSV
WARN: For BE PFF no orientation in encoder TSV
WARN: For BE PPBE no orientation in encoder TSV
WARN: For BE PRL no orientation in encoder TSV
WARN: For BE PSC no orientation in encoder TSV
WARN: For BE PVV no orientation in encoder TSV
WARN: For BE Pro Bruxsel no orientation in encoder TSV
WARN: For BE ProDG no orientation in encoder TSV
WARN: For BE R.W.F. no orientation in encoder TSV
WARN: For BE ROSSEM no orientation in encoder TSV
WARN: For BE SAP-GA no orientation in encoder TSV
WARN: For BE SLP no orientation in encoder TSV
WARN: For BE SP no orientation in encoder TSV
WARN: For BE SP_duitstalig no orientation in encoder TSV
WARN: For BE SoLiDe no orientation in encoder TSV
WARN: For BE Spirit no orientation in encoder TSV
WARN: For BE VSL no orientation in encoder TSV
WARN: For BE Vivant no orientation in encoder TSV
WARN: For BE Vl.Pro no orientation in encoder TSV
WARN: For BE Volksunie no orientation in encoder TSV
WARN: For BE Volt no orientation in encoder TSV
WARN: For BE Vuye_Wouters no orientation in encoder TSV
WARN: For BE WOW no orientation in encoder TSV
WARN: For BE onafhankelijk no orientation in encoder TSV
WARN: For BE spirit no orientation in encoder TSV
WARN: For BE Be.One no orientation in Wiki TSV
WARN: For BE D-SA no orientation in Wiki TSV
WARN: For BE D95 no orientation in Wiki TSV
WARN: For BE De Militant no orientation in Wiki TSV
WARN: For BE EFP no orientation in Wiki TSV
WARN: For BE Militant Links no orientation in Wiki TSV
WARN: For BE PC no orientation in Wiki TSV
WARN: For BE PFF no orientation in Wiki TSV
WARN: For BE Pro Bruxsel no orientation in Wiki TSV
WARN: For BE R.W.F. no orientation in Wiki TSV
WARN: For BE SP_duitstalig no orientation in Wiki TSV
WARN: For BE VSL no orientation in Wiki TSV
WARN: For BE Vuye_Wouters no orientation in Wiki TSV
WARN: For PT GP-BE no orientation in encoder TSV
WARN: For PT GP-CDS-PP no orientation in encoder TSV
WARN: For PT GP-CH no orientation in encoder TSV
WARN: For PT GP-IL no orientation in encoder TSV
WARN: For PT GP-L no orientation in encoder TSV
WARN: For PT GP-PAN no orientation in encoder TSV
WARN: For PT GP-PCP no orientation in encoder TSV
WARN: For PT GP-PEV no orientation in encoder TSV
WARN: For PT GP-PS no orientation in encoder TSV
WARN: For PT GP-PSD no orientation in encoder TSV
WARN: For PT Independente no orientation in encoder TSV
WARN: For PT Não-inscrito no orientation in encoder TSV
WARN: For PT Independente no orientation in Wiki TSV
WARN: For PT Não-inscrito no orientation in Wiki TSV
WARN: For BG RUBGWC no orientation in Wiki TSV
WARN: For BG BDC-NU no orientation in Wiki TSV
WARN: For BG ITN no orientation in Wiki TSV
WARN: For CZ K no orientation in Wiki TSV
WARN: For CZ LB no orientation in Wiki TSV
WARN: For CZ Nezařaz no orientation in Wiki TSV
WARN: For CZ SDO no orientation in Wiki TSV
WARN: For DK UFG no orientation in Wiki TSV
WARN: For FR AGIR-E no orientation in Wiki TSV
WARN: For FR LC no orientation in Wiki TSV
WARN: For FR LT no orientation in Wiki TSV
WARN: For FR NI no orientation in Wiki TSV
WARN: For FR DEM no orientation in Wiki TSV
WARN: For GB 0UBS no orientation in Wiki TSV
WARN: For GB BI cant find language in URL https://www.parliament.uk/site-information/glossary/bishops/
WARN: For GB BI no orientation in Wiki TSV
WARN: For GB CB no orientation in Wiki TSV
WARN: For GB I no orientation in Wiki TSV
WARN: For GB L8TA no orientation in Wiki TSV
WARN: For GB NA no orientation in Wiki TSV
WARN: For GB NPBE no orientation in Wiki TSV
WARN: For GB QHMP no orientation in Wiki TSV
WARN: For GB SO0T no orientation in Wiki TSV
WARN: For GB S no orientation in Wiki TSV
WARN: For GB LS no orientation in Wiki TSV
WARN: For HR ŽIVI_ZID no orientation in Wiki TSV
WARN: For HR NLM no orientation in Wiki TSV
WARN: For HR Nezavisni no orientation in Wiki TSV
WARN: For HR MDS no orientation in Wiki TSV
WARN: For HR BDSH no orientation in Wiki TSV
WARN: For HR NOVI_VAL no orientation in Wiki TSV
WARN: For HR HRID no orientation in Wiki TSV
WARN: For HR NLSP no orientation in Wiki TSV
WARN: For HR PH no orientation in Wiki TSV
WARN: For HR SMSH no orientation in Wiki TSV
WARN: For HR SNAGA no orientation in Wiki TSV
WARN: For IS P no orientation in Wiki TSV
WARN: For IS U no orientation in Wiki TSV
WARN: For IT AP-CpE-NCD cant find language in URL https://www.wikidata.org/wiki/Q18844195
WARN: For IT AP-CpE-NCD no orientation in Wiki TSV
WARN: For IT Art.1-MDP-LeU no orientation in Wiki TSV
WARN: For IT Aut (SVP, UV, PATT, UPT)-PSI-MAIE no orientation in Wiki TSV
WARN: For IT Aut (SVP-PATT, UV) no orientation in Wiki TSV
WARN: For IT CRi no orientation in Wiki TSV
WARN: For IT GAL (DI, Id, GS, M, MPL, RI, E-E) no orientation in Wiki TSV
WARN: For IT GAL (GS, LA-nS, MpA, NPSI, PpI) no orientation in Wiki TSV
WARN: For IT GAL (GS, LA-nS, MpA, NPSI, PpI, IdV, VGF) no orientation in Wiki TSV
WARN: For IT GAL (GS, MpA, NPSI, PpI, IdV, VGF, FV) no orientation in Wiki TSV
WARN: For IT GAL (GS, PpI, FV, M) no orientation in Wiki TSV
WARN: For IT GAL (GS, PpI, FV, M, MBI, Id) no orientation in Wiki TSV
WARN: For IT GAL (GS, PpI, M, Id, E-E, MPL) no orientation in Wiki TSV
WARN: For IT GAL (GS, PpI, M, Id, E-E, MPL, RI) no orientation in Wiki TSV
WARN: For IT GAL (GS, PpI, M, MBI, Id, E-E) no orientation in Wiki TSV
WARN: For IT GAL-UDC no orientation in Wiki TSV
WARN: For IT L-SP-PSd'Az no orientation in Wiki TSV
WARN: For IT Misto no orientation in Wiki TSV
WARN: For IT CAL-Pc-Idv no orientation in Wiki TSV
WARN: For NL De Lange no orientation in Wiki TSV
WARN: For NL GKÖ no orientation in Wiki TSV
WARN: For NL Houwers no orientation in Wiki TSV
WARN: For NL Klein no orientation in Wiki TSV
WARN: For NL Monasch no orientation in Wiki TSV
WARN: For NL Nieuwe Wegen no orientation in Wiki TSV
WARN: For NL OSF no orientation in Wiki TSV
WARN: For NL Van Vliet no orientation in Wiki TSV
WARN: For NL vKA no orientation in Wiki TSV
WARN: For NL DenHaan cant find language in URL https://en.everybodywiki.com/Fraction_Den_Haan
WARN: For NO PF no orientation in Wiki TSV
WARN: For NO UAV no orientation in Wiki TSV
WARN: For PL KO no orientation in Wiki TSV
WARN: For PL Niezrzeszeni no orientation in Wiki TSV
WARN: For PL PrzywrócićPrawo no orientation in Wiki TSV
WARN: For SE Q61791721 no orientation in Wiki TSV
WARN: For SE independent no orientation in Wiki TSV
WARN: For SI NP no orientation in Wiki TSV
WARN: For SI NeP no orientation in Wiki TSV
WARN: For SI Lipa no orientation in Wiki TSV
WARN: For TR eParti no orientation in Wiki TSV
WARN: For TR YENİPARTİ no orientation in Wiki TSV
WARN: For BA BSP no orientation in Wiki TSV
WARN: For BA DNZ_BiH no orientation in Wiki TSV
WARN: For BA DSP_BiH no orientation in Wiki TSV
WARN: For BA EB no orientation in Wiki TSV
WARN: For BA GDS no orientation in Wiki TSV
WARN: For BA KCD_BiH no orientation in Wiki TSV
WARN: For BA Koalicija no orientation in Wiki TSV
WARN: For BA SPRS no orientation in Wiki TSV
WARN: For BA SPUBiH no orientation in Wiki TSV
WARN: For BA Sloga no orientation in Wiki TSV
WARN: For BE Be.One no orientation in Wiki TSV
WARN: For BE D-SA no orientation in Wiki TSV
WARN: For BE D95 no orientation in Wiki TSV
WARN: For BE De Militant no orientation in Wiki TSV
WARN: For BE EFP no orientation in Wiki TSV
WARN: For BE Militant Links no orientation in Wiki TSV
WARN: For BE PC no orientation in Wiki TSV
WARN: For BE PFF no orientation in Wiki TSV
WARN: For BE Pro Bruxsel no orientation in Wiki TSV
WARN: For BE R.W.F. no orientation in Wiki TSV
WARN: For BE SP_duitstalig no orientation in Wiki TSV
WARN: For BE VSL no orientation in Wiki TSV
WARN: For BE Vuye_Wouters no orientation in Wiki TSV
WARN: For BG RUBGWC no orientation in Wiki TSV
WARN: For BG BDC-NU no orientation in Wiki TSV
WARN: For BG ITN no orientation in Wiki TSV
WARN: For CZ K no orientation in Wiki TSV
WARN: For CZ LB no orientation in Wiki TSV
WARN: For CZ Nezařaz no orientation in Wiki TSV
WARN: For CZ SDO no orientation in Wiki TSV
WARN: For DK UFG no orientation in Wiki TSV
WARN: For ES C-P-EUPV no orientation in Wiki TSV
WARN: For ES Compromís-Q no orientation in Wiki TSV
WARN: For ES EM-P-A-EU no orientation in Wiki TSV
WARN: For ES PsdeG-PSOE no orientation in Wiki TSV
WARN: For ES-CT GP-GM no orientation in Wiki TSV
WARN: For ES-CT PSC-Units no orientation in Wiki TSV
WARN: For ES-CT GP-REP no orientation in Wiki TSV
WARN: For ES-CT Independent no orientation in Wiki TSV
WARN: For ES-CT JuntsPelSí no orientation in Wiki TSV
WARN: For ES-CT SCC no orientation in Wiki TSV
WARN: For ES-GA ADCG no orientation in Wiki TSV
WARN: For ES-GA ADCeG no orientation in Wiki TSV
WARN: For ES-GA AIDG no orientation in Wiki TSV
WARN: For ES-GA CC no orientation in Wiki TSV
WARN: For ES-GA DeC no orientation in Wiki TSV
WARN: For ES-GA GPM no orientation in Wiki TSV
WARN: For ES-GA GPPPdeG no orientation in Wiki TSV
WARN: For ES-GA HARTOS.ORG no orientation in Wiki TSV
WARN: For ES-GA PAyJ no orientation in Wiki TSV
WARN: For ES-GA PT no orientation in Wiki TSV
WARN: For ES-GA SAIn no orientation in Wiki TSV
WARN: For ES-GA SDD no orientation in Wiki TSV
WARN: For ES-GA VNG no orientation in Wiki TSV
WARN: For FR AGIR-E no orientation in Wiki TSV
WARN: For FR LC no orientation in Wiki TSV
WARN: For FR LT no orientation in Wiki TSV
WARN: For FR NI no orientation in Wiki TSV
WARN: For FR DEM no orientation in Wiki TSV
WARN: For GB 0UBS no orientation in Wiki TSV
WARN: For GB BI cant find language in URL https://www.parliament.uk/site-information/glossary/bishops/
WARN: For GB BI no orientation in Wiki TSV
WARN: For GB CB no orientation in Wiki TSV
WARN: For GB I no orientation in Wiki TSV
WARN: For GB L8TA no orientation in Wiki TSV
WARN: For GB NA no orientation in Wiki TSV
WARN: For GB NPBE no orientation in Wiki TSV
WARN: For GB QHMP no orientation in Wiki TSV
WARN: For GB SO0T no orientation in Wiki TSV
WARN: For GB S no orientation in Wiki TSV
WARN: For GB LS no orientation in Wiki TSV
WARN: For HR ŽIVI_ZID no orientation in Wiki TSV
WARN: For HR NLM no orientation in Wiki TSV
WARN: For HR Nezavisni no orientation in Wiki TSV
WARN: For HR MDS no orientation in Wiki TSV
WARN: For HR BDSH no orientation in Wiki TSV
WARN: For HR NOVI_VAL no orientation in Wiki TSV
WARN: For HR HRID no orientation in Wiki TSV
WARN: For HR NLSP no orientation in Wiki TSV
WARN: For HR PH no orientation in Wiki TSV
WARN: For HR SMSH no orientation in Wiki TSV
WARN: For HR SNAGA no orientation in Wiki TSV
WARN: For IS P no orientation in Wiki TSV
WARN: For IS U no orientation in Wiki TSV
WARN: For IT AP-CpE-NCD cant find language in URL https://www.wikidata.org/wiki/Q18844195
WARN: For IT AP-CpE-NCD no orientation in Wiki TSV
WARN: For IT Art.1-MDP-LeU no orientation in Wiki TSV
WARN: For IT Aut (SVP, UV, PATT, UPT)-PSI-MAIE no orientation in Wiki TSV
WARN: For IT Aut (SVP-PATT, UV) no orientation in Wiki TSV
WARN: For IT CRi no orientation in Wiki TSV
WARN: For IT GAL (DI, Id, GS, M, MPL, RI, E-E) no orientation in Wiki TSV
WARN: For IT GAL (GS, LA-nS, MpA, NPSI, PpI) no orientation in Wiki TSV
WARN: For IT GAL (GS, LA-nS, MpA, NPSI, PpI, IdV, VGF) no orientation in Wiki TSV
WARN: For IT GAL (GS, MpA, NPSI, PpI, IdV, VGF, FV) no orientation in Wiki TSV
WARN: For IT GAL (GS, PpI, FV, M) no orientation in Wiki TSV
WARN: For IT GAL (GS, PpI, FV, M, MBI, Id) no orientation in Wiki TSV
WARN: For IT GAL (GS, PpI, M, Id, E-E, MPL) no orientation in Wiki TSV
WARN: For IT GAL (GS, PpI, M, Id, E-E, MPL, RI) no orientation in Wiki TSV
WARN: For IT GAL (GS, PpI, M, MBI, Id, E-E) no orientation in Wiki TSV
WARN: For IT GAL-UDC no orientation in Wiki TSV
WARN: For IT L-SP-PSd'Az no orientation in Wiki TSV
WARN: For IT Misto no orientation in Wiki TSV
WARN: For IT CAL-Pc-Idv no orientation in Wiki TSV
WARN: For NL De Lange no orientation in Wiki TSV
WARN: For NL GKÖ no orientation in Wiki TSV
WARN: For NL Houwers no orientation in Wiki TSV
WARN: For NL Klein no orientation in Wiki TSV
WARN: For NL Monasch no orientation in Wiki TSV
WARN: For NL Nieuwe Wegen no orientation in Wiki TSV
WARN: For NL OSF no orientation in Wiki TSV
WARN: For NL Van Vliet no orientation in Wiki TSV
WARN: For NL vKA no orientation in Wiki TSV
WARN: For NL DenHaan cant find language in URL https://en.everybodywiki.com/Fraction_Den_Haan
WARN: For NO PF no orientation in Wiki TSV
WARN: For NO UAV no orientation in Wiki TSV
WARN: For PL KO no orientation in Wiki TSV
WARN: For PL Niezrzeszeni no orientation in Wiki TSV
WARN: For PL PrzywrócićPrawo no orientation in Wiki TSV
WARN: For PT Independente no orientation in Wiki TSV
WARN: For PT Não-inscrito no orientation in Wiki TSV
WARN: For RS APPS no orientation in Wiki TSV
WARN: For RS BDZ no orientation in Wiki TSV
WARN: For RS BI no orientation in Wiki TSV
WARN: For RS BNS no orientation in Wiki TSV
WARN: For RS DKPB no orientation in Wiki TSV
WARN: For RS DLR no orientation in Wiki TSV
WARN: For RS DPM no orientation in Wiki TSV
WARN: For RS DSHV no orientation in Wiki TSV
WARN: For RS LK no orientation in Wiki TSV
WARN: For RS LSD no orientation in Wiki TSV
WARN: For RS LŠ no orientation in Wiki TSV
WARN: For RS NL no orientation in Wiki TSV
WARN: For RS PPPS no orientation in Wiki TSV
WARN: For RS PVS no orientation in Wiki TSV
WARN: For RS PVU no orientation in Wiki TSV
WARN: For RS PŽK no orientation in Wiki TSV
WARN: For RS UG no orientation in Wiki TSV
WARN: For RS URS no orientation in Wiki TSV
WARN: For RS nezavisni no orientation in Wiki TSV
WARN: For SE Q61791721 no orientation in Wiki TSV
WARN: For SE independent no orientation in Wiki TSV
WARN: For SI NP no orientation in Wiki TSV
WARN: For SI NeP no orientation in Wiki TSV
WARN: For SI Lipa no orientation in Wiki TSV
WARN: For TR eParti no orientation in Wiki TSV
WARN: For TR YENİPARTİ no orientation in Wiki TSV
WARN: For UA Demo no orientation in Wiki TSV
WARN: For UA ЄОО no orientation in Wiki TSV
WARN: For UA Єдність no orientation in Wiki TSV
WARN: For UA Відродження no orientation in Wiki TSV
WARN: For UA ДПУДС no orientation in Wiki TSV
WARN: For UA Заступ no orientation in Wiki TSV
WARN: For UA НЕР no orientation in Wiki TSV
WARN: For UA Нові no orientation in Wiki TSV
WARN: For UA РПУ no orientation in Wiki TSV
WARN: For UA Справи no orientation in Wiki TSV
WARN: For UA УМП no orientation in Wiki TSV
WARN: For UA гАУ no orientation in Wiki TSV
WARN: For UA гВ no orientation in Wiki TSV
WARN: For UA гВУ no orientation in Wiki TSV
WARN: For UA гВідр no orientation in Wiki TSV
WARN: For UA гДовнар no orientation in Wiki TSV
WARN: For UA гЕР no orientation in Wiki TSV
WARN: For UA гЗМіС no orientation in Wiki TSV
WARN: For UA гПВ no orientation in Wiki TSV
WARN: For UA гРЗМ no orientation in Wiki TSV
WARN: For UA фВідр no orientation in Wiki TSV
WARN: For UA фРЗМ no orientation in Wiki TSV
WARN: For UA фРег no orientation in Wiki TSV
ERROR: For UA cant find party  (pp.demo) in Wiki TSV
ERROR: For UA cant find party  (pp.trud) in Wiki TSV
ERROR: For UA cant find party  (pp.sylna) in Wiki TSV
ERROR: For UA cant find party  (fr.np2) in Wiki TSV
486.02user 53.18system 1:39.65elapsed 541%CPU (0avgtext+0avgdata 442760maxresident)k
0inputs+26376outputs (0major+5731515minor)pagefaults 0swaps
