INFO: Processing ParlaMint-AT.TEI/ParlaMint-AT.xml
INFO: Processing ParlaMint-BA.TEI/ParlaMint-BA.xml
INFO: Processing ParlaMint-BE.TEI/ParlaMint-BE.xml
INFO: Processing ParlaMint-BG.TEI/ParlaMint-BG.xml
ERROR: more than one full party name in English language for party.BGUn: Bulgaria Uncensored + Reload Bulgaria
ERROR: more than one full party name in local language for party.BGUn: България без цензура + Презареди БГ
INFO: Processing ParlaMint-CZ.TEI/ParlaMint-CZ.xml
INFO: Processing ParlaMint-DK.TEI/ParlaMint-DK.xml
INFO: Processing ParlaMint-EE.TEI/ParlaMint-EE.xml
INFO: Processing ParlaMint-ES-CT.TEI/ParlaMint-ES-CT.xml
INFO: Processing ParlaMint-ES-GA.TEI/ParlaMint-ES-GA.xml
INFO: Processing ParlaMint-ES.TEI/ParlaMint-ES.xml
INFO: Processing ParlaMint-FI.TEI/ParlaMint-FI.xml
INFO: Processing ParlaMint-FR.TEI/ParlaMint-FR.xml
INFO: Processing ParlaMint-GB.TEI/ParlaMint-GB.xml
INFO: Processing ParlaMint-GR.TEI/ParlaMint-GR.xml
INFO: Processing ParlaMint-HR.TEI/ParlaMint-HR.xml
INFO: Processing ParlaMint-HU.TEI/ParlaMint-HU.xml
INFO: Processing ParlaMint-IS.TEI/ParlaMint-IS.xml
INFO: Processing ParlaMint-IT.TEI/ParlaMint-IT.xml
INFO: Processing ParlaMint-LV.TEI/ParlaMint-LV.xml
INFO: Processing ParlaMint-NL.TEI/ParlaMint-NL.xml
INFO: Processing ParlaMint-NO.TEI/ParlaMint-NO.xml
INFO: Processing ParlaMint-PL.TEI/ParlaMint-PL.xml
INFO: Processing ParlaMint-PT.TEI/ParlaMint-PT.xml
INFO: Processing ParlaMint-RS.TEI/ParlaMint-RS.xml
INFO: Processing ParlaMint-SE.TEI/ParlaMint-SE.xml
INFO: Processing ParlaMint-SI.TEI/ParlaMint-SI.xml
INFO: Processing ParlaMint-TR.TEI/ParlaMint-TR.xml
INFO: Processing ParlaMint-UA.TEI/ParlaMint-UA.xml
