INFO: *****Converting EE
INFO: ***Making EE samples
INFO: selecting meta file ParlaMint-taxonomy-subcorpus.xml
INFO: selecting meta file ParlaMint-taxonomy-parla.legislature.xml
INFO: selecting meta file ParlaMint-taxonomy-speaker_types.xml
INFO: selecting meta file ParlaMint-taxonomy-CHES.xml
INFO: selecting meta file ParlaMint-taxonomy-politicalOrientation.xml
INFO: selecting meta file ParlaMint-EE-listOrg.xml
INFO: selecting meta file ParlaMint-EE-listPerson.xml
INFO: from 1317 component files  selecting ~3 files:
INFO: selecting component file 2014/ParlaMint-EE_2014-12-02.xml
INFO: selecting component file 2018/ParlaMint-EE_2018-10-11.xml
INFO: selecting component file 2022/ParlaMint-EE_2022-06-17.xml
INFO: Converting directory /project/corpora/Parla/ParlaMint/ParlaMint/Corpora/Master/ParlaMint-EE
INFO: Making text files
INFO: converting ParlaMint-EE_2014-12-02 to text file
INFO: converting ParlaMint-EE_2018-10-11 to text file
INFO: converting ParlaMint-EE_2022-06-17 to text file
INFO: Making metadata files
INFO: Converting ParlaMint-EE_2014-12-02 to metadata TSV
INFO: Converting ParlaMint-EE_2022-06-17 to metadata TSV
INFO: Converting ParlaMint-EE_2018-10-11 to metadata TSV
INFO: Converting ParlaMint-EE_2018-10-11 to metadata TSV
INFO: Converting ParlaMint-EE_2014-12-02 to metadata TSV
INFO: Converting ParlaMint-EE_2022-06-17 to metadata TSV
INFO: selecting meta file ParlaMint-taxonomy-subcorpus.xml
INFO: selecting meta file ParlaMint-taxonomy-parla.legislature.xml
INFO: selecting meta file ParlaMint-taxonomy-speaker_types.xml
INFO: selecting meta file ParlaMint-taxonomy-NER.ana.xml
INFO: selecting meta file ParlaMint-taxonomy-UD-SYN.ana.xml
INFO: selecting meta file ParlaMint-taxonomy-CHES.xml
INFO: selecting meta file ParlaMint-taxonomy-politicalOrientation.xml
INFO: selecting meta file ParlaMint-EE-listOrg.xml
INFO: selecting meta file ParlaMint-EE-listPerson.xml
INFO: from 1317 component files  selecting ~3 files:
INFO: selecting component file 2014/ParlaMint-EE_2014-12-02.ana.xml
INFO: selecting component file 2018/ParlaMint-EE_2018-10-11.ana.xml
INFO: selecting component file 2022/ParlaMint-EE_2022-06-17.ana.xml
INFO: Converting directory /project/corpora/Parla/ParlaMint/ParlaMint/Corpora/Master/ParlaMint-EE
INFO: Converting ParlaMint-EE_2018-10-11.ana to vertical
INFO: Converting ParlaMint-EE_2022-06-17.ana to vertical
INFO: Converting ParlaMint-EE_2014-12-02.ana to vertical
WARN: registry file parlamint41_ee not found
INFO: Converting directory /project/corpora/Parla/ParlaMint/ParlaMint/Corpora/Master/ParlaMint-EE
INFO: Converting ParlaMint-EE_2022-06-17.ana to metadata TSV
INFO: Converting ParlaMint-EE_2014-12-02.ana to metadata TSV
INFO: Converting ParlaMint-EE_2018-10-11.ana to metadata TSV
INFO: Converting ParlaMint-EE_2022-06-17.ana to metadata TSV
INFO: Converting ParlaMint-EE_2018-10-11.ana to metadata TSV
INFO: Converting ParlaMint-EE_2014-12-02.ana to metadata TSV
/project/corpora/Parla/ParlaMint/ParlaMint/Corpora/Master/ParlaMint-EE/ParlaMint-EE_2014-12-02.ana-meta-en.tsv not renamed: /project/corpora/Parla/ParlaMint/ParlaMint/Corpora/Master/ParlaMint-EE/ParlaMint-EE_2014-12-02-meta-en.tsv already exists
/project/corpora/Parla/ParlaMint/ParlaMint/Corpora/Master/ParlaMint-EE/ParlaMint-EE_2018-10-11.ana-meta-en.tsv not renamed: /project/corpora/Parla/ParlaMint/ParlaMint/Corpora/Master/ParlaMint-EE/ParlaMint-EE_2018-10-11-meta-en.tsv already exists
/project/corpora/Parla/ParlaMint/ParlaMint/Corpora/Master/ParlaMint-EE/ParlaMint-EE_2022-06-17.ana-meta-en.tsv not renamed: /project/corpora/Parla/ParlaMint/ParlaMint/Corpora/Master/ParlaMint-EE/ParlaMint-EE_2022-06-17-meta-en.tsv already exists
*** PASSED ***
*** PASSED ***
*** PASSED ***
*** PASSED ***
*** PASSED ***
*** PASSED ***
INFO: ***Finished processing EE corpus.
INFO: *****Converting EE-en
INFO: ***Making EE-en samples
WARN: No TEI files for EE-en samples (needed root file is /project/corpora/Parla/ParlaMint/ParlaMint/Corpora/Master/ParlaMint-EE-en.TEI/ParlaMint-EE-en.xml)
INFO: selecting meta file ParlaMint-taxonomy-subcorpus.xml
INFO: selecting meta file ParlaMint-taxonomy-parla.legislature.xml
INFO: selecting meta file ParlaMint-taxonomy-speaker_types.xml
INFO: selecting meta file ParlaMint-taxonomy-NER.ana.xml
INFO: selecting meta file ParlaMint-taxonomy-CHES.xml
INFO: selecting meta file ParlaMint-taxonomy-politicalOrientation.xml
INFO: selecting meta file ParlaMint-taxonomy-USAS.ana.xml
INFO: selecting meta file ParlaMint-EE-listOrg.xml
INFO: selecting meta file ParlaMint-EE-listPerson.xml
INFO: from 1317 component files  selecting ~3 files:
INFO: selecting component file 2014/ParlaMint-EE-en_2014-12-02.ana.xml
INFO: selecting component file 2018/ParlaMint-EE-en_2018-10-11.ana.xml
INFO: selecting component file 2022/ParlaMint-EE-en_2022-06-17.ana.xml
INFO: Converting directory /project/corpora/Parla/ParlaMint/ParlaMint/Corpora/Master/ParlaMint-EE-en
INFO: Converting ParlaMint-EE-en_2014-12-02.ana to vertical
INFO: Converting ParlaMint-EE-en_2018-10-11.ana to vertical
INFO: Converting ParlaMint-EE-en_2022-06-17.ana to vertical
WARN: registry file parlamint41_ee_en not found
INFO: Converting directory /project/corpora/Parla/ParlaMint/ParlaMint/Corpora/Master/ParlaMint-EE-en
INFO: Converting ParlaMint-EE-en_2014-12-02.ana to metadata TSV
INFO: Converting ParlaMint-EE-en_2018-10-11.ana to metadata TSV
INFO: Converting ParlaMint-EE-en_2022-06-17.ana to metadata TSV
*** PASSED ***
*** PASSED ***
*** PASSED ***
*** PASSED ***
*** PASSED ***
*** PASSED ***
INFO: ***Finished processing EE-en corpus.
