INFO: Doing /home/project/corpora/Parla/ParlaMint/ParlaMint/Build/Sources-TSV/ParlaMint-RS
INFO: Transliteration
INFO: copying RS (nothing to transliterate)
INFO: No TSV metadata for Encoder orientations, skipping
INFO: No TSV metadata for CHES orientations, skipping
INFO: Adding TSV metadata for Wiki orientations
WARN: For RS APPS no orientation in Wiki TSV
WARN: For RS BDZ no orientation in Wiki TSV
WARN: For RS BI no orientation in Wiki TSV
WARN: For RS BNS no orientation in Wiki TSV
WARN: For RS DKPB no orientation in Wiki TSV
WARN: For RS DLR no orientation in Wiki TSV
WARN: For RS DPM no orientation in Wiki TSV
WARN: For RS DSHV no orientation in Wiki TSV
WARN: For RS LK no orientation in Wiki TSV
WARN: For RS LSD no orientation in Wiki TSV
WARN: For RS LŠ no orientation in Wiki TSV
WARN: For RS NL no orientation in Wiki TSV
WARN: For RS PPPS no orientation in Wiki TSV
WARN: For RS PVS no orientation in Wiki TSV
WARN: For RS PVU no orientation in Wiki TSV
WARN: For RS PŽK no orientation in Wiki TSV
WARN: For RS UG no orientation in Wiki TSV
WARN: For RS URS no orientation in Wiki TSV
WARN: For RS nezavisni no orientation in Wiki TSV
INFO: Transliteration
INFO: copying RS (nothing to transliterate)
INFO: Adding TSV metadata for Encoder ministers
WARN: Cant find government term with ID "12/13th cabinet" in listOrg, inserting as note.
WARN: Cant find government term with ID "13/14/15th cabinet" in listOrg, inserting as note.
WARN: Cant find government term with ID "15th cabinet" in listOrg, inserting as note.
WARN: Cant find government term with ID "15/16/17th cabinet" in listOrg, inserting as note.
WARN: Cant find government term with ID "12th cabinet" in listOrg, inserting as note.
WARN: Cant find government term with ID "12th cabinet" in listOrg, inserting as note.
WARN: Cant find government term with ID "13th cabinet" in listOrg, inserting as note.
WARN: Cant find government term with ID "13th cabinet" in listOrg, inserting as note.
WARN: Cant find government term with ID "14/15th cabinet" in listOrg, inserting as note.
WARN: Cant find government term with ID "16th cabinet" in listOrg, inserting as note.
WARN: TSV person BastaRade not found in TEI corpus, skipping!
WARN: Cant find government term with ID "12th cabinet" in listOrg, inserting as note.
WARN: Cant find government term with ID "13th cabinet" in listOrg, inserting as note.
WARN: Cant find government term with ID "14/15/16th cabinet" in listOrg, inserting as note.
WARN: TSV person TanaskovićJelena not found in TEI corpus, skipping!
WARN: Cant find government term with ID "12th cabinet" in listOrg, inserting as note.
WARN: Cant find government term with ID "15th cabinet" in listOrg, inserting as note.
WARN: Cant find government term with ID "16/17th cabinet" in listOrg, inserting as note.
WARN: Cant find government term with ID "12th cabinet" in listOrg, inserting as note.
WARN: Cant find government term with ID "13/14/15th cabinet" in listOrg, inserting as note.
WARN: Cant find government term with ID "16th cabinet" in listOrg, inserting as note.
WARN: Cant find government term with ID "17th cabinet" in listOrg, inserting as note.
WARN: Cant find government term with ID "12th cabinet" in listOrg, inserting as note.
WARN: Cant find government term with ID "13/14/15th cabinet" in listOrg, inserting as note.
WARN: Cant find government term with ID "16th cabinet" in listOrg, inserting as note.
WARN: TSV person ĐedovićDubravka not found in TEI corpus, skipping!
WARN: Cant find government term with ID "12/13/14/15th cabinet" in listOrg, inserting as note.
WARN: Cant find government term with ID "16th cabinet" in listOrg, inserting as note.
WARN: Cant find government term with ID "17th cabinet" in listOrg, inserting as note.
WARN: Cant find government term with ID "12/13th cabinet" in listOrg, inserting as note.
WARN: Cant find government term with ID "14/15th cabinet" in listOrg, inserting as note.
WARN: Cant find government term with ID "16/17th cabinet" in listOrg, inserting as note.
WARN: Cant find government term with ID "12th cabinet" in listOrg, inserting as note.
WARN: Cant find government term with ID "13th cabinet" in listOrg, inserting as note.
WARN: Cant find government term with ID "14th cabinet" in listOrg, inserting as note.
WARN: Cant find government term with ID "15th cabinet" in listOrg, inserting as note.
WARN: Cant find government term with ID "16th cabinet" in listOrg, inserting as note.
WARN: Cant find government term with ID "17th cabinet" in listOrg, inserting as note.
WARN: Cant find government term with ID "16th cabinet" in listOrg, inserting as note.
WARN: Cant find government term with ID "17th cabinet" in listOrg, inserting as note.
WARN: Cant find government term with ID "10/11/12th cabinet" in listOrg, inserting as note.
WARN: Cant find government term with ID "13/14/15th cabinet" in listOrg, inserting as note.
WARN: Cant find government term with ID "16th cabinet" in listOrg, inserting as note.
WARN: Cant find government term with ID "17th cabinet" in listOrg, inserting as note.
WARN: Cant find government term with ID "12th cabinet" in listOrg, inserting as note.
WARN: Cant find government term with ID "13th cabinet" in listOrg, inserting as note.
WARN: Cant find government term with ID "14th cabinet" in listOrg, inserting as note.
WARN: Cant find government term with ID "14th cabinet" in listOrg, inserting as note.
WARN: Cant find government term with ID "15th cabinet" in listOrg, inserting as note.
WARN: Cant find government term with ID "16th cabinet" in listOrg, inserting as note.
WARN: Cant find government term with ID "17th cabinet" in listOrg, inserting as note.
WARN: Cant find government term with ID "12th cabinet" in listOrg, inserting as note.
WARN: Cant find government term with ID "13/14/15th cabinet" in listOrg, inserting as note.
WARN: Cant find government term with ID "16th cabinet" in listOrg, inserting as note.
WARN: Cant find government term with ID "16th cabinet" in listOrg, inserting as note.
WARN: Cant find government term with ID "17th cabinet" in listOrg, inserting as note.
WARN: Cant find government term with ID "15/16th cabinet" in listOrg, inserting as note.
WARN: TSV person MiščevićTanja not found in TEI corpus, skipping!
WARN: Cant find government term with ID "12th cabinet" in listOrg, inserting as note.
WARN: Cant find government term with ID "13th cabinet" in listOrg, inserting as note.
WARN: Cant find government term with ID "14/15th cabinet" in listOrg, inserting as note.
WARN: Cant find government term with ID "16/17th cabinet" in listOrg, inserting as note.
WARN: Cant find government term with ID "12th cabinet" in listOrg, inserting as note.
WARN: Cant find government term with ID "13/14/15/16th cabinet" in listOrg, inserting as note.
WARN: TSV person GrujičićDanica not found in TEI corpus, skipping!
WARN: Cant find government term with ID "12th cabinet" in listOrg, inserting as note.
WARN: TSV person MartinovićZoran not found in TEI corpus, skipping!
WARN: Cant find government term with ID "13/14th cabinet" in listOrg, inserting as note.
WARN: Cant find government term with ID "15th cabinet" in listOrg, inserting as note.
WARN: Cant find government term with ID "16th cabinet" in listOrg, inserting as note.
WARN: Cant find government term with ID "17th cabinet" in listOrg, inserting as note.
WARN: Cant find government term with ID "16th cabinet" in listOrg, inserting as note.
WARN: Cant find government term with ID "17th cabinet" in listOrg, inserting as note.
WARN: Cant find government term with ID "12/13/14/15/16th cabinet" in listOrg, inserting as note.
WARN: TSV person GajićZoran not found in TEI corpus, skipping!
WARN: Cant find government term with ID "12/13th cabinet" in listOrg, inserting as note.
WARN: Cant find government term with ID "14/15th cabinet" in listOrg, inserting as note.
WARN: Cant find government term with ID "16/17th cabinet" in listOrg, inserting as note.
WARN: Cant find government term with ID "16/17th cabinet" in listOrg, inserting as note.
WARN: TSV person BegovićJelena not found in TEI corpus, skipping!
WARN: TSV person MemićHusein not found in TEI corpus, skipping!
WARN: TSV person JovanovićMihailo not found in TEI corpus, skipping!
WARN: Cant find government term with ID "17th cabinet" in listOrg, inserting as note.
WARN: Cant find government term with ID "12th cabinet" in listOrg, inserting as note.
WARN: Cant find government term with ID "12th cabinet" in listOrg, inserting as note.
WARN: Cant find government term with ID "13th cabinet" in listOrg, inserting as note.
WARN: Cant find government term with ID "13/14th cabinet" in listOrg, inserting as note.
WARN: Cant find government term with ID "14/15th cabinet" in listOrg, inserting as note.
WARN: Cant find government term with ID "14/15th cabinet" in listOrg, inserting as note.
WARN: Cant find government term with ID "15/16/17th cabinet" in listOrg, inserting as note.
WARN: Cant find government term with ID "16/17th cabinet" in listOrg, inserting as note.
WARN: Cant find government term with ID "17th cabinet" in listOrg, inserting as note.
WARN: TSV person ĐerlekEdin not found in TEI corpus, skipping!
INFO: Inserting affiliation member for KrkobabićJovan from "2012-07-27" to "2014-04-22"
INFO: Inserting affiliation minister for KrkobabićJovan from "2012-07-27" to "2014-04-22"
INFO: Inserting affiliation member for MirovićIgor from "2014-01-25" to "2014-04-27"
INFO: Inserting affiliation minister for MirovićIgor from "2014-01-25" to "2014-04-27"
INFO: Inserting affiliation member for MirovićIgor from "2013-09-02" to "2014-04-27"
INFO: Inserting affiliation minister for MirovićIgor from "2013-09-02" to "2014-04-27"
INFO: Inserting affiliation member for ČomićGordana from "2020-10-28" to "2022-10-26"
INFO: Inserting affiliation minister for ČomićGordana from "2020-10-28" to "2022-10-26"
INFO: Inserting affiliation member for RužićBranko from "2017-06-30" to "2020-10-28"
INFO: Inserting affiliation minister for RužićBranko from "2017-06-30" to "2020-10-28"
INFO: Inserting affiliation member for RužićBranko from "2020-10-29" to ""
INFO: Inserting affiliation minister for RužićBranko from "2020-10-29" to ""
INFO: Inserting affiliation member for RužićBranko from "2013-09-02" to "2014-04-27"
INFO: Inserting affiliation minister for RužićBranko from "2013-09-02" to "2014-04-27"
INFO: Inserting affiliation member for VesićGoran from "2022-10-27" to ""
INFO: Inserting affiliation minister for VesićGoran from "2022-10-27" to ""
INFO: Inserting affiliation member for DačićIvica from "2008-07-07" to "2014-04-27"
INFO: Inserting affiliation minister for DačićIvica from "2008-07-07" to "2014-04-27"
INFO: Inserting affiliation member for DačićIvica from "2014-04-28" to "2020-10-22"
INFO: Inserting affiliation minister for DačićIvica from "2014-04-28" to "2020-10-22"
INFO: Inserting affiliation member for DačićIvica from "2022-10-27" to ""
INFO: Inserting affiliation minister for DačićIvica from "2022-10-27" to ""
INFO: Inserting affiliation member for KneževićGoran from "2016-08-12" to "2020-10-28"
INFO: Inserting affiliation minister for KneževićGoran from "2016-08-12" to "2020-10-28"
INFO: Inserting affiliation member for NedimovićBranislav from "2016-08-12" to "2022-10-26"
INFO: Inserting affiliation minister for NedimovićBranislav from "2016-08-12" to "2022-10-26"
INFO: Inserting affiliation member for MartinovićAleksandar from "2022-10-27" to ""
INFO: Inserting affiliation minister for MartinovićAleksandar from "2022-10-27" to ""
INFO: Inserting affiliation member for StefanovićNebojša from "2014-04-28" to "2020-10-28"
INFO: Inserting affiliation minister for StefanovićNebojša from "2014-04-28" to "2020-10-28"
INFO: Inserting affiliation member for StefanovićNebojša from "2020-10-29" to "2022-10-26"
INFO: Inserting affiliation minister for StefanovićNebojša from "2020-10-29" to "2022-10-26"
INFO: Inserting affiliation member for IlićVelimir from "2014-04-28" to "2016-08-11"
INFO: Inserting affiliation minister for IlićVelimir from "2014-04-28" to "2016-08-11"
INFO: Inserting affiliation member for MilićevićĐorđe from "2022-10-26" to ""
INFO: Inserting affiliation minister for MilićevićĐorđe from "2022-10-26" to ""
INFO: Inserting affiliation member for PopovićNenad from "2017-06-30" to "2022-10-26"
INFO: Inserting affiliation minister for PopovićNenad from "2017-06-30" to "2022-10-26"
INFO: Inserting affiliation member for GašićBratislav from "2022-10-27" to ""
INFO: Inserting affiliation minister for GašićBratislav from "2022-10-27" to ""
INFO: Inserting affiliation member for GašićBratislav from "2014-04-28" to "2016-02-05"
INFO: Inserting affiliation minister for GašićBratislav from "2014-04-28" to "2016-02-05"
INFO: Inserting affiliation member for GojkovićMaja from "2020-10-29" to ""
INFO: Inserting affiliation minister for GojkovićMaja from "2020-10-29" to ""
INFO: Inserting affiliation member for AntićAleksandar from "2013-09-02" to "2014-04-27"
INFO: Inserting affiliation minister for AntićAleksandar from "2013-09-02" to "2014-04-27"
INFO: Inserting affiliation member for AntićAleksandar from "2014-04-28" to "2020-10-28"
INFO: Inserting affiliation minister for AntićAleksandar from "2014-04-28" to "2020-10-28"
INFO: Inserting affiliation member for JoksimovićJadranka from "2017-06-29" to "2022-10-26"
INFO: Inserting affiliation minister for JoksimovićJadranka from "2017-06-29" to "2022-10-26"
INFO: Inserting affiliation member for JoksimovićJadranka from "2014-04-28" to "2017-06-29"
INFO: Inserting affiliation minister for JoksimovićJadranka from "2014-04-28" to "2017-06-29"
INFO: Inserting affiliation member for BačevićMilan from "2012-07-27" to "2014-04-27"
INFO: Inserting affiliation minister for BačevićMilan from "2012-07-27" to "2014-04-27"
INFO: Inserting affiliation member for KrkobabićMilan from "2020-10-28" to ""
INFO: Inserting affiliation minister for KrkobabićMilan from "2020-10-28" to ""
INFO: Inserting affiliation member for KrkobabićMilan from "2016-08-12" to "2020-10-28"
INFO: Inserting affiliation minister for KrkobabićMilan from "2016-08-12" to "2020-10-28"
INFO: Inserting affiliation member for LjajićRasim from "2012-07-27" to "2020-10-28"
INFO: Inserting affiliation minister for LjajićRasim from "2012-07-27" to "2020-10-28"
INFO: Inserting affiliation member for ObradovićMarija from "2020-10-29" to "2022-10-26"
INFO: Inserting affiliation minister for ObradovićMarija from "2020-10-29" to "2022-10-26"
INFO: Inserting affiliation member for BogosavljevićBoškovićSnežana from "2014-04-28" to "2016-08-11"
INFO: Inserting affiliation minister for BogosavljevićBoškovićSnežana from "2014-04-28" to "2016-08-11"
INFO: Inserting affiliation member for VujovićIrena from "2020-10-29" to ""
INFO: Inserting affiliation minister for VujovićIrena from "2020-10-29" to ""
INFO: Inserting affiliation member for VulinAleksandar from "2020-10-29" to "2022-10-26"
INFO: Inserting affiliation minister for VulinAleksandar from "2020-10-29" to "2022-10-26"
INFO: Inserting affiliation member for VulinAleksandar from "2017-06-30" to "2020-10-28"
INFO: Inserting affiliation minister for VulinAleksandar from "2017-06-30" to "2020-10-28"
INFO: Inserting affiliation member for VulinAleksandar from "2014-04-28" to "2017-06-29"
INFO: Inserting affiliation minister for VulinAleksandar from "2014-04-28" to "2017-06-29"
INFO: Inserting affiliation member for VulinAleksandar from "2013-09-02" to "2014-04-27"
INFO: Inserting affiliation minister for VulinAleksandar from "2013-09-02" to "2014-04-27"
INFO: Inserting affiliation member for TončevNovica from "2020-10-28" to ""
INFO: Inserting affiliation minister for TončevNovica from "2020-10-28" to ""
INFO: Inserting affiliation member for UdovičićVanja from "2013-09-02" to "2022-10-26"
INFO: Inserting affiliation minister for UdovičićVanja from "2013-09-02" to "2022-10-26"
INFO: Inserting affiliation member for BlagojevićMarko from "2022-10-26" to ""
INFO: Inserting affiliation minister for BlagojevićMarko from "2022-10-26" to ""
INFO: Inserting affiliation member for RadulovićSaša from "2013-09-02" to "2014-01-24"
INFO: Inserting affiliation minister for RadulovićSaša from "2013-09-02" to "2014-01-24"
INFO: Inserting affiliation member for ŽigmanovTomislav from "2022-10-27" to ""
INFO: Inserting affiliation minister for ŽigmanovTomislav from "2022-10-27" to ""
INFO: Inserting affiliation member for DmitrovićRadomir from "2020-10-28" to "2022-10-26"
INFO: Inserting affiliation minister for DmitrovićRadomir from "2020-10-28" to "2022-10-26"
INFO: Inserting affiliation member for TasovacIvan from "2013-09-02" to "2016-08-11"
INFO: Inserting affiliation minister for TasovacIvan from "2013-09-02" to "2016-08-11"
INFO: Inserting affiliation member for VucevicMiloš from "2022-10-27" to ""
INFO: Inserting affiliation minister for VucevicMiloš from "2022-10-27" to ""
INFO: Inserting affiliation member for SelakovićNikola from "2012-07-27" to "2016-08-11"
INFO: Inserting affiliation minister for SelakovićNikola from "2012-07-27" to "2016-08-11"
INFO: Inserting affiliation member for SelakovićNikola from "2020-10-29" to "2022-10-26"
INFO: Inserting affiliation minister for SelakovićNikola from "2020-10-29" to "2022-10-26"
INFO: Inserting affiliation member for SelakovićNikola from "2022-10-27" to ""
INFO: Inserting affiliation minister for SelakovićNikola from "2022-10-27" to ""
INFO: Inserting affiliation member for MomirovićTomislav from "2020-10-28" to "2022-10-26"
INFO: Inserting affiliation minister for MomirovićTomislav from "2020-10-28" to "2022-10-26"
INFO: Inserting affiliation member for MomirovićTomislav from "2022-10-27" to ""
INFO: Inserting affiliation minister for MomirovićTomislav from "2022-10-27" to ""
INFO: Inserting affiliation member for KuburovićNela from "2016-08-12" to "2020-10-28"
INFO: Inserting affiliation minister for KuburovićNela from "2016-08-12" to "2020-10-28"
INFO: Inserting affiliation member for KrstićLazar from "2013-09-02" to "2014-07-15"
INFO: Inserting affiliation minister for KrstićLazar from "2013-09-02" to "2014-07-15"
INFO: Inserting affiliation member for VujovićDušan from "2014-07-16" to "2018-05-16"
INFO: Inserting affiliation minister for VujovićDušan from "2014-07-16" to "2018-05-16"
INFO: Inserting affiliation member for VujovićDušan from "2014-04-28" to "2014-09-03"
INFO: Inserting affiliation minister for VujovićDušan from "2014-04-28" to "2014-09-03"
INFO: Inserting affiliation member for VujovićDušan from "2016-02-06" to "2016-03-02"
INFO: Inserting affiliation minister for VujovićDušan from "2016-02-06" to "2016-03-02"
INFO: Inserting affiliation member for SertićŽeljko from "2014-09-04" to "2016-08-11"
INFO: Inserting affiliation minister for SertićŽeljko from "2014-09-04" to "2016-08-11"
INFO: Inserting affiliation member for RodićNebojša from "2013-09-02" to "2014-04-27"
INFO: Inserting affiliation minister for RodićNebojša from "2013-09-02" to "2014-04-27"
INFO: Inserting affiliation member for MihajlovićZorana from "2014-04-28" to "2020-10-28"
INFO: Inserting affiliation minister for MihajlovićZorana from "2014-04-28" to "2020-10-28"
INFO: Inserting affiliation member for MihajlovićZorana from "2012-07-27" to "2014-04-27"
INFO: Inserting affiliation minister for MihajlovićZorana from "2012-07-27" to "2014-04-27"
INFO: Inserting affiliation member for MihajlovićZorana from "2020-10-29" to "2022-10-26"
INFO: Inserting affiliation minister for MihajlovićZorana from "2020-10-29" to "2022-10-26"
INFO: Inserting affiliation member for GlamočićDragan from "2013-09-02" to "2014-04-27"
INFO: Inserting affiliation minister for GlamočićDragan from "2013-09-02" to "2014-04-27"
INFO: Inserting affiliation member for LončarZlatibor from "2014-04-28" to "2022-10-26"
INFO: Inserting affiliation minister for LončarZlatibor from "2014-04-28" to "2022-10-26"
INFO: Inserting affiliation member for MatićTatjana from "2020-10-29" to "2022-10-26"
INFO: Inserting affiliation minister for MatićTatjana from "2020-10-29" to "2022-10-26"
INFO: Inserting affiliation member for VerbićSrđan from "2014-04-28" to "2016-08-11"
INFO: Inserting affiliation minister for VerbićSrđan from "2014-04-28" to "2016-08-11"
INFO: Inserting affiliation member for MaliSiniša from "2018-05-30" to ""
INFO: Inserting affiliation minister for MaliSiniša from "2018-05-30" to ""
INFO: Inserting affiliation member for KisićTepavčevićDarija from "2020-10-29" to "2022-10-26"
INFO: Inserting affiliation minister for KisićTepavčevićDarija from "2020-10-29" to "2022-10-26"
INFO: Inserting affiliation member for KisićTepavčevićDarija from "2022-10-27" to ""
INFO: Inserting affiliation minister for KisićTepavčevićDarija from "2022-10-27" to ""
INFO: Inserting affiliation member for MrkićIvan from "2012-07-27" to "2014-04-27"
INFO: Inserting affiliation minister for MrkićIvan from "2012-07-27" to "2014-04-27"
INFO: Inserting affiliation member for VukosavljevićVladan from "2016-08-12" to "2020-10-28"
INFO: Inserting affiliation minister for VukosavljevićVladan from "2016-08-12" to "2020-10-28"
INFO: Inserting affiliation member for ĐorđevićZoran from "2016-03-03" to "2017-06-29"
INFO: Inserting affiliation minister for ĐorđevićZoran from "2016-03-03" to "2017-06-29"
INFO: Inserting affiliation member for ĐorđevićZoran from "2017-06-30" to "2020-10-28"
INFO: Inserting affiliation minister for ĐorđevićZoran from "2017-06-30" to "2020-10-28"
INFO: Inserting affiliation member for TrivanGoran from "2017-06-29" to "2020-10-28"
INFO: Inserting affiliation minister for TrivanGoran from "2017-06-29" to "2020-10-28"
INFO: Inserting affiliation member for JovanovićTomislav from "2013-09-02" to "2014-04-27"
INFO: Inserting affiliation minister for JovanovićTomislav from "2013-09-02" to "2014-04-27"
INFO: Inserting affiliation member for PopovićMaja from "2020-10-29" to ""
INFO: Inserting affiliation minister for PopovićMaja from "2020-10-29" to ""
INFO: Inserting affiliation member for UdovičkiKori from "2014-04-28" to "2016-08-11"
INFO: Inserting affiliation minister for UdovičkiKori from "2014-04-28" to "2016-08-11"
INFO: Inserting affiliation member for ĐukićSlavica from "2012-07-27" to "2014-04-27"
INFO: Inserting affiliation minister for ĐukićSlavica from "2012-07-27" to "2014-04-27"
INFO: Inserting affiliation member for ĐukićSlavica from "2016-08-12" to "2020-10-28"
INFO: Inserting affiliation minister for ĐukićSlavica from "2016-08-12" to "2020-10-28"
INFO: Inserting affiliation member for BrnabićAna from "2018-05-17" to "2018-05-29"
INFO: Inserting affiliation minister for BrnabićAna from "2018-05-17" to "2018-05-29"
INFO: Inserting affiliation member for BrnabićAna from "2016-08-12" to "2017-06-29"
INFO: Inserting affiliation minister for BrnabićAna from "2016-08-12" to "2017-06-29"
INFO: Inserting affiliation member for BrnabićAna from "2020-10-23" to "2020-10-28"
INFO: Inserting affiliation minister for BrnabićAna from "2020-10-23" to "2020-10-28"
INFO: Inserting affiliation member for AtanaskovićAnđelka from "2020-10-29" to "2022-10-26"
INFO: Inserting affiliation minister for AtanaskovićAnđelka from "2020-10-29" to "2022-10-26"
INFO: Inserting affiliation member for ŠarčevićMladen from "2016-08-12" to "2020-10-28"
INFO: Inserting affiliation minister for ŠarčevićMladen from "2016-08-12" to "2020-10-28"
INFO: Adding TSV metadata for Sex info
INFO: Doing /home/project/corpora/Parla/ParlaMint/ParlaMint/Build/Sources-TSV/ParlaMint-RS
INFO: Transliteration
INFO: copying RS (nothing to transliterate)
INFO: No TSV metadata for Encoder orientations, skipping
INFO: No TSV metadata for CHES orientations, skipping
INFO: Adding TSV metadata for Wiki orientations
WARN: For RS APPS no orientation in Wiki TSV
WARN: For RS BDZ no orientation in Wiki TSV
WARN: For RS BI no orientation in Wiki TSV
WARN: For RS BNS no orientation in Wiki TSV
WARN: For RS DKPB no orientation in Wiki TSV
WARN: For RS DLR no orientation in Wiki TSV
WARN: For RS DPM no orientation in Wiki TSV
WARN: For RS DSHV no orientation in Wiki TSV
WARN: For RS LK no orientation in Wiki TSV
WARN: For RS LSD no orientation in Wiki TSV
WARN: For RS LŠ no orientation in Wiki TSV
WARN: For RS NL no orientation in Wiki TSV
WARN: For RS PPPS no orientation in Wiki TSV
WARN: For RS PVS no orientation in Wiki TSV
WARN: For RS PVU no orientation in Wiki TSV
WARN: For RS PŽK no orientation in Wiki TSV
WARN: For RS UG no orientation in Wiki TSV
WARN: For RS URS no orientation in Wiki TSV
WARN: For RS nezavisni no orientation in Wiki TSV
INFO: Transliteration
INFO: copying RS (nothing to transliterate)
INFO: Adding TSV metadata for Encoder ministers
WARN: Cant find government term with ID "12/13th cabinet" in listOrg, inserting as note.
WARN: Cant find government term with ID "13/14/15th cabinet" in listOrg, inserting as note.
WARN: Cant find government term with ID "15th cabinet" in listOrg, inserting as note.
WARN: Cant find government term with ID "15/16/17th cabinet" in listOrg, inserting as note.
WARN: Cant find government term with ID "12th cabinet" in listOrg, inserting as note.
WARN: Cant find government term with ID "12th cabinet" in listOrg, inserting as note.
WARN: Cant find government term with ID "13th cabinet" in listOrg, inserting as note.
WARN: Cant find government term with ID "13th cabinet" in listOrg, inserting as note.
WARN: Cant find government term with ID "14/15th cabinet" in listOrg, inserting as note.
WARN: Cant find government term with ID "16th cabinet" in listOrg, inserting as note.
WARN: TSV person BastaRade not found in TEI corpus, skipping!
WARN: Cant find government term with ID "12th cabinet" in listOrg, inserting as note.
WARN: Cant find government term with ID "13th cabinet" in listOrg, inserting as note.
WARN: Cant find government term with ID "14/15/16th cabinet" in listOrg, inserting as note.
WARN: TSV person TanaskovićJelena not found in TEI corpus, skipping!
WARN: Cant find government term with ID "12th cabinet" in listOrg, inserting as note.
WARN: Cant find government term with ID "15th cabinet" in listOrg, inserting as note.
WARN: Cant find government term with ID "16/17th cabinet" in listOrg, inserting as note.
WARN: Cant find government term with ID "12th cabinet" in listOrg, inserting as note.
WARN: Cant find government term with ID "13/14/15th cabinet" in listOrg, inserting as note.
WARN: Cant find government term with ID "16th cabinet" in listOrg, inserting as note.
WARN: Cant find government term with ID "17th cabinet" in listOrg, inserting as note.
WARN: Cant find government term with ID "12th cabinet" in listOrg, inserting as note.
WARN: Cant find government term with ID "13/14/15th cabinet" in listOrg, inserting as note.
WARN: Cant find government term with ID "16th cabinet" in listOrg, inserting as note.
WARN: TSV person ĐedovićDubravka not found in TEI corpus, skipping!
WARN: Cant find government term with ID "12/13/14/15th cabinet" in listOrg, inserting as note.
WARN: Cant find government term with ID "16th cabinet" in listOrg, inserting as note.
WARN: Cant find government term with ID "17th cabinet" in listOrg, inserting as note.
WARN: Cant find government term with ID "12/13th cabinet" in listOrg, inserting as note.
WARN: Cant find government term with ID "14/15th cabinet" in listOrg, inserting as note.
WARN: Cant find government term with ID "16/17th cabinet" in listOrg, inserting as note.
WARN: Cant find government term with ID "12th cabinet" in listOrg, inserting as note.
WARN: Cant find government term with ID "13th cabinet" in listOrg, inserting as note.
WARN: Cant find government term with ID "14th cabinet" in listOrg, inserting as note.
WARN: Cant find government term with ID "15th cabinet" in listOrg, inserting as note.
WARN: Cant find government term with ID "16th cabinet" in listOrg, inserting as note.
WARN: Cant find government term with ID "17th cabinet" in listOrg, inserting as note.
WARN: Cant find government term with ID "16th cabinet" in listOrg, inserting as note.
WARN: Cant find government term with ID "17th cabinet" in listOrg, inserting as note.
WARN: Cant find government term with ID "10/11/12th cabinet" in listOrg, inserting as note.
WARN: Cant find government term with ID "13/14/15th cabinet" in listOrg, inserting as note.
WARN: Cant find government term with ID "16th cabinet" in listOrg, inserting as note.
WARN: Cant find government term with ID "17th cabinet" in listOrg, inserting as note.
WARN: Cant find government term with ID "12th cabinet" in listOrg, inserting as note.
WARN: Cant find government term with ID "13th cabinet" in listOrg, inserting as note.
WARN: Cant find government term with ID "14th cabinet" in listOrg, inserting as note.
WARN: Cant find government term with ID "14th cabinet" in listOrg, inserting as note.
WARN: Cant find government term with ID "15th cabinet" in listOrg, inserting as note.
WARN: Cant find government term with ID "16th cabinet" in listOrg, inserting as note.
WARN: Cant find government term with ID "17th cabinet" in listOrg, inserting as note.
WARN: Cant find government term with ID "12th cabinet" in listOrg, inserting as note.
WARN: Cant find government term with ID "13/14/15th cabinet" in listOrg, inserting as note.
WARN: Cant find government term with ID "16th cabinet" in listOrg, inserting as note.
WARN: Cant find government term with ID "16th cabinet" in listOrg, inserting as note.
WARN: Cant find government term with ID "17th cabinet" in listOrg, inserting as note.
WARN: Cant find government term with ID "15/16th cabinet" in listOrg, inserting as note.
WARN: TSV person MiščevićTanja not found in TEI corpus, skipping!
WARN: Cant find government term with ID "12th cabinet" in listOrg, inserting as note.
WARN: Cant find government term with ID "13th cabinet" in listOrg, inserting as note.
WARN: Cant find government term with ID "14/15th cabinet" in listOrg, inserting as note.
WARN: Cant find government term with ID "16/17th cabinet" in listOrg, inserting as note.
WARN: Cant find government term with ID "12th cabinet" in listOrg, inserting as note.
WARN: Cant find government term with ID "13/14/15/16th cabinet" in listOrg, inserting as note.
WARN: TSV person GrujičićDanica not found in TEI corpus, skipping!
WARN: Cant find government term with ID "12th cabinet" in listOrg, inserting as note.
WARN: TSV person MartinovićZoran not found in TEI corpus, skipping!
WARN: Cant find government term with ID "13/14th cabinet" in listOrg, inserting as note.
WARN: Cant find government term with ID "15th cabinet" in listOrg, inserting as note.
WARN: Cant find government term with ID "16th cabinet" in listOrg, inserting as note.
WARN: Cant find government term with ID "17th cabinet" in listOrg, inserting as note.
WARN: Cant find government term with ID "16th cabinet" in listOrg, inserting as note.
WARN: Cant find government term with ID "17th cabinet" in listOrg, inserting as note.
WARN: Cant find government term with ID "12/13/14/15/16th cabinet" in listOrg, inserting as note.
WARN: TSV person GajićZoran not found in TEI corpus, skipping!
WARN: Cant find government term with ID "12/13th cabinet" in listOrg, inserting as note.
WARN: Cant find government term with ID "14/15th cabinet" in listOrg, inserting as note.
WARN: Cant find government term with ID "16/17th cabinet" in listOrg, inserting as note.
WARN: Cant find government term with ID "16/17th cabinet" in listOrg, inserting as note.
WARN: TSV person BegovićJelena not found in TEI corpus, skipping!
WARN: TSV person MemićHusein not found in TEI corpus, skipping!
WARN: TSV person JovanovićMihailo not found in TEI corpus, skipping!
WARN: Cant find government term with ID "17th cabinet" in listOrg, inserting as note.
WARN: Cant find government term with ID "12th cabinet" in listOrg, inserting as note.
WARN: Cant find government term with ID "12th cabinet" in listOrg, inserting as note.
WARN: Cant find government term with ID "13th cabinet" in listOrg, inserting as note.
WARN: Cant find government term with ID "13/14th cabinet" in listOrg, inserting as note.
WARN: Cant find government term with ID "14/15th cabinet" in listOrg, inserting as note.
WARN: Cant find government term with ID "14/15th cabinet" in listOrg, inserting as note.
WARN: Cant find government term with ID "15/16/17th cabinet" in listOrg, inserting as note.
WARN: Cant find government term with ID "16/17th cabinet" in listOrg, inserting as note.
WARN: Cant find government term with ID "17th cabinet" in listOrg, inserting as note.
WARN: TSV person ĐerlekEdin not found in TEI corpus, skipping!
INFO: Inserting affiliation member for KrkobabićJovan from "2012-07-27" to "2014-04-22"
INFO: Inserting affiliation minister for KrkobabićJovan from "2012-07-27" to "2014-04-22"
INFO: Inserting affiliation member for MirovićIgor from "2014-01-25" to "2014-04-27"
INFO: Inserting affiliation minister for MirovićIgor from "2014-01-25" to "2014-04-27"
INFO: Inserting affiliation member for MirovićIgor from "2013-09-02" to "2014-04-27"
INFO: Inserting affiliation minister for MirovićIgor from "2013-09-02" to "2014-04-27"
INFO: Inserting affiliation member for ČomićGordana from "2020-10-28" to "2022-10-26"
INFO: Inserting affiliation minister for ČomićGordana from "2020-10-28" to "2022-10-26"
INFO: Inserting affiliation member for RužićBranko from "2017-06-30" to "2020-10-28"
INFO: Inserting affiliation minister for RužićBranko from "2017-06-30" to "2020-10-28"
INFO: Inserting affiliation member for RužićBranko from "2020-10-29" to ""
INFO: Inserting affiliation minister for RužićBranko from "2020-10-29" to ""
INFO: Inserting affiliation member for RužićBranko from "2013-09-02" to "2014-04-27"
INFO: Inserting affiliation minister for RužićBranko from "2013-09-02" to "2014-04-27"
INFO: Inserting affiliation member for VesićGoran from "2022-10-27" to ""
INFO: Inserting affiliation minister for VesićGoran from "2022-10-27" to ""
INFO: Inserting affiliation member for DačićIvica from "2008-07-07" to "2014-04-27"
INFO: Inserting affiliation minister for DačićIvica from "2008-07-07" to "2014-04-27"
INFO: Inserting affiliation member for DačićIvica from "2014-04-28" to "2020-10-22"
INFO: Inserting affiliation minister for DačićIvica from "2014-04-28" to "2020-10-22"
INFO: Inserting affiliation member for DačićIvica from "2022-10-27" to ""
INFO: Inserting affiliation minister for DačićIvica from "2022-10-27" to ""
INFO: Inserting affiliation member for KneževićGoran from "2016-08-12" to "2020-10-28"
INFO: Inserting affiliation minister for KneževićGoran from "2016-08-12" to "2020-10-28"
INFO: Inserting affiliation member for NedimovićBranislav from "2016-08-12" to "2022-10-26"
INFO: Inserting affiliation minister for NedimovićBranislav from "2016-08-12" to "2022-10-26"
INFO: Inserting affiliation member for MartinovićAleksandar from "2022-10-27" to ""
INFO: Inserting affiliation minister for MartinovićAleksandar from "2022-10-27" to ""
INFO: Inserting affiliation member for StefanovićNebojša from "2014-04-28" to "2020-10-28"
INFO: Inserting affiliation minister for StefanovićNebojša from "2014-04-28" to "2020-10-28"
INFO: Inserting affiliation member for StefanovićNebojša from "2020-10-29" to "2022-10-26"
INFO: Inserting affiliation minister for StefanovićNebojša from "2020-10-29" to "2022-10-26"
INFO: Inserting affiliation member for IlićVelimir from "2014-04-28" to "2016-08-11"
INFO: Inserting affiliation minister for IlićVelimir from "2014-04-28" to "2016-08-11"
INFO: Inserting affiliation member for MilićevićĐorđe from "2022-10-26" to ""
INFO: Inserting affiliation minister for MilićevićĐorđe from "2022-10-26" to ""
INFO: Inserting affiliation member for PopovićNenad from "2017-06-30" to "2022-10-26"
INFO: Inserting affiliation minister for PopovićNenad from "2017-06-30" to "2022-10-26"
INFO: Inserting affiliation member for GašićBratislav from "2022-10-27" to ""
INFO: Inserting affiliation minister for GašićBratislav from "2022-10-27" to ""
INFO: Inserting affiliation member for GašićBratislav from "2014-04-28" to "2016-02-05"
INFO: Inserting affiliation minister for GašićBratislav from "2014-04-28" to "2016-02-05"
INFO: Inserting affiliation member for GojkovićMaja from "2020-10-29" to ""
INFO: Inserting affiliation minister for GojkovićMaja from "2020-10-29" to ""
INFO: Inserting affiliation member for AntićAleksandar from "2013-09-02" to "2014-04-27"
INFO: Inserting affiliation minister for AntićAleksandar from "2013-09-02" to "2014-04-27"
INFO: Inserting affiliation member for AntićAleksandar from "2014-04-28" to "2020-10-28"
INFO: Inserting affiliation minister for AntićAleksandar from "2014-04-28" to "2020-10-28"
INFO: Inserting affiliation member for JoksimovićJadranka from "2017-06-29" to "2022-10-26"
INFO: Inserting affiliation minister for JoksimovićJadranka from "2017-06-29" to "2022-10-26"
INFO: Inserting affiliation member for JoksimovićJadranka from "2014-04-28" to "2017-06-29"
INFO: Inserting affiliation minister for JoksimovićJadranka from "2014-04-28" to "2017-06-29"
INFO: Inserting affiliation member for BačevićMilan from "2012-07-27" to "2014-04-27"
INFO: Inserting affiliation minister for BačevićMilan from "2012-07-27" to "2014-04-27"
INFO: Inserting affiliation member for KrkobabićMilan from "2020-10-28" to ""
INFO: Inserting affiliation minister for KrkobabićMilan from "2020-10-28" to ""
INFO: Inserting affiliation member for KrkobabićMilan from "2016-08-12" to "2020-10-28"
INFO: Inserting affiliation minister for KrkobabićMilan from "2016-08-12" to "2020-10-28"
INFO: Inserting affiliation member for LjajićRasim from "2012-07-27" to "2020-10-28"
INFO: Inserting affiliation minister for LjajićRasim from "2012-07-27" to "2020-10-28"
INFO: Inserting affiliation member for ObradovićMarija from "2020-10-29" to "2022-10-26"
INFO: Inserting affiliation minister for ObradovićMarija from "2020-10-29" to "2022-10-26"
INFO: Inserting affiliation member for BogosavljevićBoškovićSnežana from "2014-04-28" to "2016-08-11"
INFO: Inserting affiliation minister for BogosavljevićBoškovićSnežana from "2014-04-28" to "2016-08-11"
INFO: Inserting affiliation member for VujovićIrena from "2020-10-29" to ""
INFO: Inserting affiliation minister for VujovićIrena from "2020-10-29" to ""
INFO: Inserting affiliation member for VulinAleksandar from "2020-10-29" to "2022-10-26"
INFO: Inserting affiliation minister for VulinAleksandar from "2020-10-29" to "2022-10-26"
INFO: Inserting affiliation member for VulinAleksandar from "2017-06-30" to "2020-10-28"
INFO: Inserting affiliation minister for VulinAleksandar from "2017-06-30" to "2020-10-28"
INFO: Inserting affiliation member for VulinAleksandar from "2014-04-28" to "2017-06-29"
INFO: Inserting affiliation minister for VulinAleksandar from "2014-04-28" to "2017-06-29"
INFO: Inserting affiliation member for VulinAleksandar from "2013-09-02" to "2014-04-27"
INFO: Inserting affiliation minister for VulinAleksandar from "2013-09-02" to "2014-04-27"
INFO: Inserting affiliation member for TončevNovica from "2020-10-28" to ""
INFO: Inserting affiliation minister for TončevNovica from "2020-10-28" to ""
INFO: Inserting affiliation member for UdovičićVanja from "2013-09-02" to "2022-10-26"
INFO: Inserting affiliation minister for UdovičićVanja from "2013-09-02" to "2022-10-26"
INFO: Inserting affiliation member for BlagojevićMarko from "2022-10-26" to ""
INFO: Inserting affiliation minister for BlagojevićMarko from "2022-10-26" to ""
INFO: Inserting affiliation member for RadulovićSaša from "2013-09-02" to "2014-01-24"
INFO: Inserting affiliation minister for RadulovićSaša from "2013-09-02" to "2014-01-24"
INFO: Inserting affiliation member for ŽigmanovTomislav from "2022-10-27" to ""
INFO: Inserting affiliation minister for ŽigmanovTomislav from "2022-10-27" to ""
INFO: Inserting affiliation member for DmitrovićRadomir from "2020-10-28" to "2022-10-26"
INFO: Inserting affiliation minister for DmitrovićRadomir from "2020-10-28" to "2022-10-26"
INFO: Inserting affiliation member for TasovacIvan from "2013-09-02" to "2016-08-11"
INFO: Inserting affiliation minister for TasovacIvan from "2013-09-02" to "2016-08-11"
INFO: Inserting affiliation member for VucevicMiloš from "2022-10-27" to ""
INFO: Inserting affiliation minister for VucevicMiloš from "2022-10-27" to ""
INFO: Inserting affiliation member for SelakovićNikola from "2012-07-27" to "2016-08-11"
INFO: Inserting affiliation minister for SelakovićNikola from "2012-07-27" to "2016-08-11"
INFO: Inserting affiliation member for SelakovićNikola from "2020-10-29" to "2022-10-26"
INFO: Inserting affiliation minister for SelakovićNikola from "2020-10-29" to "2022-10-26"
INFO: Inserting affiliation member for SelakovićNikola from "2022-10-27" to ""
INFO: Inserting affiliation minister for SelakovićNikola from "2022-10-27" to ""
INFO: Inserting affiliation member for MomirovićTomislav from "2020-10-28" to "2022-10-26"
INFO: Inserting affiliation minister for MomirovićTomislav from "2020-10-28" to "2022-10-26"
INFO: Inserting affiliation member for MomirovićTomislav from "2022-10-27" to ""
INFO: Inserting affiliation minister for MomirovićTomislav from "2022-10-27" to ""
INFO: Inserting affiliation member for KuburovićNela from "2016-08-12" to "2020-10-28"
INFO: Inserting affiliation minister for KuburovićNela from "2016-08-12" to "2020-10-28"
INFO: Inserting affiliation member for KrstićLazar from "2013-09-02" to "2014-07-15"
INFO: Inserting affiliation minister for KrstićLazar from "2013-09-02" to "2014-07-15"
INFO: Inserting affiliation member for VujovićDušan from "2014-07-16" to "2018-05-16"
INFO: Inserting affiliation minister for VujovićDušan from "2014-07-16" to "2018-05-16"
INFO: Inserting affiliation member for VujovićDušan from "2014-04-28" to "2014-09-03"
INFO: Inserting affiliation minister for VujovićDušan from "2014-04-28" to "2014-09-03"
INFO: Inserting affiliation member for VujovićDušan from "2016-02-06" to "2016-03-02"
INFO: Inserting affiliation minister for VujovićDušan from "2016-02-06" to "2016-03-02"
INFO: Inserting affiliation member for SertićŽeljko from "2014-09-04" to "2016-08-11"
INFO: Inserting affiliation minister for SertićŽeljko from "2014-09-04" to "2016-08-11"
INFO: Inserting affiliation member for RodićNebojša from "2013-09-02" to "2014-04-27"
INFO: Inserting affiliation minister for RodićNebojša from "2013-09-02" to "2014-04-27"
INFO: Inserting affiliation member for MihajlovićZorana from "2014-04-28" to "2020-10-28"
INFO: Inserting affiliation minister for MihajlovićZorana from "2014-04-28" to "2020-10-28"
INFO: Inserting affiliation member for MihajlovićZorana from "2012-07-27" to "2014-04-27"
INFO: Inserting affiliation minister for MihajlovićZorana from "2012-07-27" to "2014-04-27"
INFO: Inserting affiliation member for MihajlovićZorana from "2020-10-29" to "2022-10-26"
INFO: Inserting affiliation minister for MihajlovićZorana from "2020-10-29" to "2022-10-26"
INFO: Inserting affiliation member for GlamočićDragan from "2013-09-02" to "2014-04-27"
INFO: Inserting affiliation minister for GlamočićDragan from "2013-09-02" to "2014-04-27"
INFO: Inserting affiliation member for LončarZlatibor from "2014-04-28" to "2022-10-26"
INFO: Inserting affiliation minister for LončarZlatibor from "2014-04-28" to "2022-10-26"
INFO: Inserting affiliation member for MatićTatjana from "2020-10-29" to "2022-10-26"
INFO: Inserting affiliation minister for MatićTatjana from "2020-10-29" to "2022-10-26"
INFO: Inserting affiliation member for VerbićSrđan from "2014-04-28" to "2016-08-11"
INFO: Inserting affiliation minister for VerbićSrđan from "2014-04-28" to "2016-08-11"
INFO: Inserting affiliation member for MaliSiniša from "2018-05-30" to ""
INFO: Inserting affiliation minister for MaliSiniša from "2018-05-30" to ""
INFO: Inserting affiliation member for KisićTepavčevićDarija from "2020-10-29" to "2022-10-26"
INFO: Inserting affiliation minister for KisićTepavčevićDarija from "2020-10-29" to "2022-10-26"
INFO: Inserting affiliation member for KisićTepavčevićDarija from "2022-10-27" to ""
INFO: Inserting affiliation minister for KisićTepavčevićDarija from "2022-10-27" to ""
INFO: Inserting affiliation member for MrkićIvan from "2012-07-27" to "2014-04-27"
INFO: Inserting affiliation minister for MrkićIvan from "2012-07-27" to "2014-04-27"
INFO: Inserting affiliation member for VukosavljevićVladan from "2016-08-12" to "2020-10-28"
INFO: Inserting affiliation minister for VukosavljevićVladan from "2016-08-12" to "2020-10-28"
INFO: Inserting affiliation member for ĐorđevićZoran from "2016-03-03" to "2017-06-29"
INFO: Inserting affiliation minister for ĐorđevićZoran from "2016-03-03" to "2017-06-29"
INFO: Inserting affiliation member for ĐorđevićZoran from "2017-06-30" to "2020-10-28"
INFO: Inserting affiliation minister for ĐorđevićZoran from "2017-06-30" to "2020-10-28"
INFO: Inserting affiliation member for TrivanGoran from "2017-06-29" to "2020-10-28"
INFO: Inserting affiliation minister for TrivanGoran from "2017-06-29" to "2020-10-28"
INFO: Inserting affiliation member for JovanovićTomislav from "2013-09-02" to "2014-04-27"
INFO: Inserting affiliation minister for JovanovićTomislav from "2013-09-02" to "2014-04-27"
INFO: Inserting affiliation member for PopovićMaja from "2020-10-29" to ""
INFO: Inserting affiliation minister for PopovićMaja from "2020-10-29" to ""
INFO: Inserting affiliation member for UdovičkiKori from "2014-04-28" to "2016-08-11"
INFO: Inserting affiliation minister for UdovičkiKori from "2014-04-28" to "2016-08-11"
INFO: Inserting affiliation member for ĐukićSlavica from "2012-07-27" to "2014-04-27"
INFO: Inserting affiliation minister for ĐukićSlavica from "2012-07-27" to "2014-04-27"
INFO: Inserting affiliation member for ĐukićSlavica from "2016-08-12" to "2020-10-28"
INFO: Inserting affiliation minister for ĐukićSlavica from "2016-08-12" to "2020-10-28"
INFO: Inserting affiliation member for BrnabićAna from "2018-05-17" to "2018-05-29"
INFO: Inserting affiliation minister for BrnabićAna from "2018-05-17" to "2018-05-29"
INFO: Inserting affiliation member for BrnabićAna from "2016-08-12" to "2017-06-29"
INFO: Inserting affiliation minister for BrnabićAna from "2016-08-12" to "2017-06-29"
INFO: Inserting affiliation member for BrnabićAna from "2020-10-23" to "2020-10-28"
INFO: Inserting affiliation minister for BrnabićAna from "2020-10-23" to "2020-10-28"
INFO: Inserting affiliation member for AtanaskovićAnđelka from "2020-10-29" to "2022-10-26"
INFO: Inserting affiliation minister for AtanaskovićAnđelka from "2020-10-29" to "2022-10-26"
INFO: Inserting affiliation member for ŠarčevićMladen from "2016-08-12" to "2020-10-28"
INFO: Inserting affiliation minister for ŠarčevićMladen from "2016-08-12" to "2020-10-28"
INFO: Adding TSV metadata for Sex info
