WARN: Cant find government term with ID "10/11/12th cabinet" in listOrg, inserting as note.
WARN: Cant find government term with ID "12/13/14/15/16th cabinet" in listOrg, inserting as note.
WARN: Cant find government term with ID "12/13/14/15th cabinet" in listOrg, inserting as note.
WARN: Cant find government term with ID "12/13th cabinet" in listOrg, inserting as note.
WARN: Cant find government term with ID "12th cabinet" in listOrg, inserting as note.
WARN: Cant find government term with ID "13/14/15/16th cabinet" in listOrg, inserting as note.
WARN: Cant find government term with ID "13/14/15th cabinet" in listOrg, inserting as note.
WARN: Cant find government term with ID "13/14th cabinet" in listOrg, inserting as note.
WARN: Cant find government term with ID "13th cabinet" in listOrg, inserting as note.
WARN: Cant find government term with ID "14/15/16th cabinet" in listOrg, inserting as note.
WARN: Cant find government term with ID "14/15th cabinet" in listOrg, inserting as note.
WARN: Cant find government term with ID "14th cabinet" in listOrg, inserting as note.
WARN: Cant find government term with ID "15/16/17th cabinet" in listOrg, inserting as note.
WARN: Cant find government term with ID "15/16th cabinet" in listOrg, inserting as note.
WARN: Cant find government term with ID "15th cabinet" in listOrg, inserting as note.
WARN: Cant find government term with ID "16/17th cabinet" in listOrg, inserting as note.
WARN: Cant find government term with ID "16th cabinet" in listOrg, inserting as note.
WARN: Cant find government term with ID "17th cabinet" in listOrg, inserting as note.
WARN: For RS APPS no orientation in Wiki TSV
WARN: For RS BDZ no orientation in Wiki TSV
WARN: For RS BI no orientation in Wiki TSV
WARN: For RS BNS no orientation in Wiki TSV
WARN: For RS DKPB no orientation in Wiki TSV
WARN: For RS DLR no orientation in Wiki TSV
WARN: For RS DPM no orientation in Wiki TSV
WARN: For RS DSHV no orientation in Wiki TSV
WARN: For RS LK no orientation in Wiki TSV
WARN: For RS LSD no orientation in Wiki TSV
WARN: For RS LŠ no orientation in Wiki TSV
WARN: For RS nezavisni no orientation in Wiki TSV
WARN: For RS NL no orientation in Wiki TSV
WARN: For RS PPPS no orientation in Wiki TSV
WARN: For RS PVS no orientation in Wiki TSV
WARN: For RS PVU no orientation in Wiki TSV
WARN: For RS PŽK no orientation in Wiki TSV
WARN: For RS UG no orientation in Wiki TSV
WARN: For RS URS no orientation in Wiki TSV
WARN: TSV person BastaRade not found in TEI corpus, skipping!
WARN: TSV person BegovićJelena not found in TEI corpus, skipping!
WARN: TSV person ĐedovićDubravka not found in TEI corpus, skipping!
WARN: TSV person ĐerlekEdin not found in TEI corpus, skipping!
WARN: TSV person GajićZoran not found in TEI corpus, skipping!
WARN: TSV person GrujičićDanica not found in TEI corpus, skipping!
WARN: TSV person JovanovićMihailo not found in TEI corpus, skipping!
WARN: TSV person MartinovićZoran not found in TEI corpus, skipping!
WARN: TSV person MemićHusein not found in TEI corpus, skipping!
WARN: TSV person MiščevićTanja not found in TEI corpus, skipping!
WARN: TSV person TanaskovićJelena not found in TEI corpus, skipping!
