INFO: *****Converting SE
INFO: ***Making SE samples
INFO: selecting meta file ParlaMint-taxonomy-parla.legislature.xml
INFO: selecting meta file ParlaMint-taxonomy-speaker_types.xml
INFO: selecting meta file ParlaMint-taxonomy-subcorpus.xml
INFO: selecting meta file ParlaMint-taxonomy-CHES.xml
INFO: selecting meta file ParlaMint-taxonomy-politicalOrientation.xml
INFO: selecting meta file ParlaMint-SE-listOrg.xml
INFO: selecting meta file ParlaMint-SE-listPerson.xml
INFO: from 938 component files  selecting ~3 files:
INFO: selecting component file 2017/ParlaMint-SE_2017-12-12-prot-201718--48.xml
INFO: selecting component file 2020/ParlaMint-SE_2020-04-16-prot-201920--106.xml
INFO: selecting component file 2022/ParlaMint-SE_2022-05-13-prot-202122--113.xml
INFO: Converting directory /project/corpora/Parla/ParlaMint/ParlaMint/Corpora/Master/ParlaMint-SE
INFO: Making text files
INFO: converting ParlaMint-SE_2022-05-13-prot-202122--113 to text file
INFO: converting ParlaMint-SE_2020-04-16-prot-201920--106 to text file
INFO: converting ParlaMint-SE_2017-12-12-prot-201718--48 to text file
INFO: Making metadata files
INFO: Converting ParlaMint-SE_2022-05-13-prot-202122--113 to metadata TSV
INFO: Converting ParlaMint-SE_2017-12-12-prot-201718--48 to metadata TSV
INFO: Converting ParlaMint-SE_2020-04-16-prot-201920--106 to metadata TSV
WARN: party Q10585380 without orgName/@full = abb
INFO: Converting ParlaMint-SE_2017-12-12-prot-201718--48 to metadata TSV
INFO: Converting ParlaMint-SE_2020-04-16-prot-201920--106 to metadata TSV
WARN: party Q10585380 without orgName/@full = abb
INFO: Converting ParlaMint-SE_2022-05-13-prot-202122--113 to metadata TSV
INFO: selecting meta file ParlaMint-taxonomy-parla.legislature.xml
INFO: selecting meta file ParlaMint-taxonomy-speaker_types.xml
INFO: selecting meta file ParlaMint-taxonomy-subcorpus.xml
INFO: selecting meta file ParlaMint-taxonomy-UD-SYN.ana.xml
INFO: selecting meta file ParlaMint-taxonomy-NER.ana.xml
INFO: selecting meta file ParlaMint-taxonomy-CHES.xml
INFO: selecting meta file ParlaMint-taxonomy-politicalOrientation.xml
INFO: selecting meta file ParlaMint-SE-listOrg.xml
INFO: selecting meta file ParlaMint-SE-listPerson.xml
INFO: from 938 component files  selecting ~3 files:
INFO: selecting component file 2017/ParlaMint-SE_2017-12-12-prot-201718--48.ana.xml
INFO: selecting component file 2020/ParlaMint-SE_2020-04-16-prot-201920--106.ana.xml
INFO: selecting component file 2022/ParlaMint-SE_2022-05-13-prot-202122--113.ana.xml
INFO: Converting directory /project/corpora/Parla/ParlaMint/ParlaMint/Corpora/Master/ParlaMint-SE
INFO: Converting ParlaMint-SE_2022-05-13-prot-202122--113.ana to vertical
INFO: Converting ParlaMint-SE_2020-04-16-prot-201920--106.ana to vertical
WARN: party Q10585380 without orgName/@full = abb
INFO: Converting ParlaMint-SE_2017-12-12-prot-201718--48.ana to vertical
WARN: registry file parlamint41_se not found
INFO: Converting directory /project/corpora/Parla/ParlaMint/ParlaMint/Corpora/Master/ParlaMint-SE
INFO: Converting ParlaMint-SE_2022-05-13-prot-202122--113.ana to metadata TSV
INFO: Converting ParlaMint-SE_2017-12-12-prot-201718--48.ana to metadata TSV
INFO: Converting ParlaMint-SE_2020-04-16-prot-201920--106.ana to metadata TSV
WARN: party Q10585380 without orgName/@full = abb
INFO: Converting ParlaMint-SE_2022-05-13-prot-202122--113.ana to metadata TSV
INFO: Converting ParlaMint-SE_2020-04-16-prot-201920--106.ana to metadata TSV
WARN: party Q10585380 without orgName/@full = abb
INFO: Converting ParlaMint-SE_2017-12-12-prot-201718--48.ana to metadata TSV
/project/corpora/Parla/ParlaMint/ParlaMint/Corpora/Master/ParlaMint-SE/ParlaMint-SE_2017-12-12-prot-201718--48.ana-meta-en.tsv not renamed: /project/corpora/Parla/ParlaMint/ParlaMint/Corpora/Master/ParlaMint-SE/ParlaMint-SE_2017-12-12-prot-201718--48-meta-en.tsv already exists
/project/corpora/Parla/ParlaMint/ParlaMint/Corpora/Master/ParlaMint-SE/ParlaMint-SE_2020-04-16-prot-201920--106.ana-meta-en.tsv not renamed: /project/corpora/Parla/ParlaMint/ParlaMint/Corpora/Master/ParlaMint-SE/ParlaMint-SE_2020-04-16-prot-201920--106-meta-en.tsv already exists
/project/corpora/Parla/ParlaMint/ParlaMint/Corpora/Master/ParlaMint-SE/ParlaMint-SE_2022-05-13-prot-202122--113.ana-meta-en.tsv not renamed: /project/corpora/Parla/ParlaMint/ParlaMint/Corpora/Master/ParlaMint-SE/ParlaMint-SE_2022-05-13-prot-202122--113-meta-en.tsv already exists
*** PASSED ***
*** PASSED ***
*** PASSED ***
*** PASSED ***
*** PASSED ***
*** PASSED ***
INFO: ***Finished processing SE corpus.
INFO: *****Converting SE-en
INFO: ***Making SE-en samples
WARN: No TEI files for SE-en samples (needed root file is /project/corpora/Parla/ParlaMint/ParlaMint/Corpora/Master/ParlaMint-SE-en.TEI/ParlaMint-SE-en.xml)
INFO: selecting meta file ParlaMint-taxonomy-parla.legislature.xml
INFO: selecting meta file ParlaMint-taxonomy-speaker_types.xml
INFO: selecting meta file ParlaMint-taxonomy-subcorpus.xml
INFO: selecting meta file ParlaMint-taxonomy-NER.ana.xml
INFO: selecting meta file ParlaMint-taxonomy-CHES.xml
INFO: selecting meta file ParlaMint-taxonomy-politicalOrientation.xml
INFO: selecting meta file ParlaMint-taxonomy-USAS.ana.xml
INFO: selecting meta file ParlaMint-SE-listOrg.xml
INFO: selecting meta file ParlaMint-SE-listPerson.xml
INFO: from 938 component files  selecting ~3 files:
INFO: selecting component file 2017/ParlaMint-SE-en_2017-12-12-prot-201718--48.ana.xml
INFO: selecting component file 2020/ParlaMint-SE-en_2020-04-16-prot-201920--106.ana.xml
INFO: selecting component file 2022/ParlaMint-SE-en_2022-05-13-prot-202122--113.ana.xml
INFO: Converting directory /project/corpora/Parla/ParlaMint/ParlaMint/Corpora/Master/ParlaMint-SE-en
INFO: Converting ParlaMint-SE-en_2022-05-13-prot-202122--113.ana to vertical
INFO: Converting ParlaMint-SE-en_2017-12-12-prot-201718--48.ana to vertical
INFO: Converting ParlaMint-SE-en_2020-04-16-prot-201920--106.ana to vertical
WARN: party Q10585380 without orgName/@full = abb
WARN: registry file parlamint41_se_en not found
INFO: Converting directory /project/corpora/Parla/ParlaMint/ParlaMint/Corpora/Master/ParlaMint-SE-en
INFO: Converting ParlaMint-SE-en_2022-05-13-prot-202122--113.ana to metadata TSV
INFO: Converting ParlaMint-SE-en_2020-04-16-prot-201920--106.ana to metadata TSV
WARN: party Q10585380 without orgName/@full = abb
INFO: Converting ParlaMint-SE-en_2017-12-12-prot-201718--48.ana to metadata TSV
*** PASSED ***
*** PASSED ***
*** PASSED ***
*** PASSED ***
*** PASSED ***
*** PASSED ***
INFO: ***Finished processing SE-en corpus.
