ERROR: Person OmilanowskaMalgorzata not found in TEI corpus, skipping!
ERROR: Person GlinskiPiotr not found in TEI corpus, skipping!
WARN: Cant find government term with ID "17/18th government" in corpus header, inserting as note.
WARN: Cant find government term with ID "19th government" in corpus header, inserting as note.
ERROR: Person KolarskaBobinskaLena not found in TEI corpus, skipping!
ERROR: Person GowinJaroslaw not found in TEI corpus, skipping!
WARN: Cant find government term with ID "19th government" in corpus header, inserting as note.
ERROR: Person CzarnekPrzemyslaw not found in TEI corpus, skipping!
WARN: Cant find government term with ID "15/16/17th government" in corpus header, inserting as note.
WARN: Cant find government term with ID "17/18th government" in corpus header, inserting as note.
ERROR: Person BlaszczakMariusz not found in TEI corpus, skipping!
WARN: Cant find government term with ID "16/17th government" in corpus header, inserting as note.
WARN: Cant find government term with ID "17/18th government" in corpus header, inserting as note.
WARN: Cant find government term with ID "18/19th government" in corpus header, inserting as note.
WARN: Cant find government term with ID "19th government" in corpus header, inserting as note.
ERROR: Person BlaszczakMariusz not found in TEI corpus, skipping!
ERROR: Person BrudzinskiJoachim not found in TEI corpus, skipping!
ERROR: Person Witek Elzbieta not found in TEI corpus, skipping!
ERROR: Person KaminskiMariusz not found in TEI corpus, skipping!
WARN: Cant find government term with ID "16/17th government" in corpus header, inserting as note.
WARN: Cant find government term with ID "17th government" in corpus header, inserting as note.
WARN: Cant find government term with ID "17th government" in corpus header, inserting as note.
WARN: Cant find government term with ID "17/18/19th government" in corpus header, inserting as note.
ERROR: Person SzczurekMateusz not found in TEI corpus, skipping!
ERROR: Person ScalamachaPawel not found in TEI corpus, skipping!
WARN: Cant find government term with ID "17/18th government" in corpus header, inserting as note.
ERROR: Person CzerwinskaTeresa not found in TEI corpus, skipping!
ERROR: Person BanasMarian not found in TEI corpus, skipping!
WARN: Cant find government term with ID "18th government" in corpus header, inserting as note.
ERROR: Person KwiecinskiJerzy not found in TEI corpus, skipping!
ERROR: Person KoscinskiTadeusz not found in TEI corpus, skipping!
WARN: Cant find government term with ID "19th government" in corpus header, inserting as note.
ERROR: Date "2015" is not a proper date.
WARN: Cant find government term with ID "17th government" in corpus header, inserting as note.
ERROR: Person StrezynskaAnnaMaria not found in TEI corpus, skipping!
WARN: Cant find government term with ID "18th government" in corpus header, inserting as note.
ERROR: Person ZagorskiMarek not found in TEI corpus, skipping!
ERROR: Person TchorzewskiKrzysztof not found in TEI corpus, skipping!
ERROR: Person KluzikRostkowskaJoanna not found in TEI corpus, skipping!
WARN: Cant find government term with ID "17/18th government" in corpus header, inserting as note.
WARN: Cant find government term with ID "18th government" in corpus header, inserting as note.
ERROR: Person CzarnekPrzemyslaw not found in TEI corpus, skipping!
ERROR: Person WasiakMaria not found in TEI corpus, skipping!
WARN: Cant find government term with ID "17/18th government" in corpus header, inserting as note.
WARN: Cant find government term with ID "18/19th government" in corpus header, inserting as note.
ERROR: Person RafalskaElzbieta not found in TEI corpus, skipping!
ERROR: Person BorysSzopaBozena not found in TEI corpus, skipping!
ERROR: Person MalagMarlena not found in TEI corpus, skipping!
WARN: Cant find government term with ID "17/18th government" in corpus header, inserting as note.
WARN: Cant find government term with ID "18th government" in corpus header, inserting as note.
ERROR: Person KurtykaMichal not found in TEI corpus, skipping!
WARN: Cant find government term with ID "16/17th government" in corpus header, inserting as note.
WARN: Cant find government term with ID "17/18th government" in corpus header, inserting as note.
ERROR: Person ArdanowskiJanKrzysztof not found in TEI corpus, skipping!
WARN: Cant find government term with ID "19th government" in corpus header, inserting as note.
WARN: Cant find government term with ID "19th government" in corpus header, inserting as note.
ERROR: Person BiernatAndrzej not found in TEI corpus, skipping!
WARN: Cant find government term with ID "17th government" in corpus header, inserting as note.
ERROR: Person BankaWitold not found in TEI corpus, skipping!
WARN: Cant find government term with ID "18/19th government" in corpus header, inserting as note.
ERROR: Person DrnowskDanuta not found in TEI corpus, skipping!
ERROR: Person GlinskiPiotr not found in TEI corpus, skipping!
WARN: Cant find government term with ID "19th government" in corpus header, inserting as note.
ERROR: Person ArlukowitzBartosz not found in TEI corpus, skipping!
WARN: Cant find government term with ID "16/17th government" in corpus header, inserting as note.
ERROR: Person RadziwillKonstanty not found in TEI corpus, skipping!
ERROR: Person SzumowskiLukasz not found in TEI corpus, skipping!
ERROR: Person NiedzielskiAdam not found in TEI corpus, skipping!
ERROR: Person GrobarczykMarek not found in TEI corpus, skipping!
WARN: Cant find government term with ID "18th government" in corpus header, inserting as note.
INFO: Inserting minister affiliation(s) for "AdamczykAndrzej"
INFO: Inserting affiliation "minister" from "2015-11-17" to "2018-01-09"
INFO: Inserting affiliation "minister" from "2018-01-10" to ""
INFO: Inserting minister affiliation(s) for "BortniczukKamil"
INFO: Inserting affiliation "minister" from "2021-10-27" to ""
INFO: Inserting minister affiliation(s) for "BudkaBorys"
INFO: Inserting affiliation "minister" from "2015-05-05" to "2015-11-16"
INFO: Inserting minister affiliation(s) for "CzaputowiczJacek"
INFO: Inserting affiliation "minister" from "2018-01-09" to "2020-08-20"
INFO: Inserting minister affiliation(s) for "EmilewiczJadwiga"
INFO: Inserting affiliation "minister" from "2019-11-15" to ""
INFO: Inserting affiliation "minister" from "2018-01-12" to "2019-11-15"
INFO: Inserting minister affiliation(s) for "GrabarczykCezary"
INFO: Inserting affiliation "minister" from "2014-09-22" to "2015-04-30"
INFO: Inserting minister affiliation(s) for "JackiewiczDawid"
INFO: Inserting affiliation "minister" from "" to "2016"
INFO: Inserting minister affiliation(s) for "JurgielKrzysztof"
INFO: Inserting affiliation "minister" from "2015-11-17" to "2018-06-19"
INFO: Inserting minister affiliation(s) for "KopaczEwa"
INFO: Inserting affiliation "minister" from "2015-05-01" to "2015-05-04"
INFO: Inserting minister affiliation(s) for "KorolAdam"
INFO: Inserting affiliation "minister" from "2015-06-16" to "2015-11-16"
INFO: Inserting minister affiliation(s) for "KowalczykHenryk"
INFO: Inserting affiliation "minister" from "2018-01-10" to "2019-11-15"
INFO: Inserting affiliation "minister" from "2021-10-27" to ""
INFO: Inserting minister affiliation(s) for "MacierewiczAntoni"
INFO: Inserting affiliation "minister" from "2015-11-16" to "2018-01-09"
INFO: Inserting minister affiliation(s) for "MorawieckiMateusz"
INFO: Inserting affiliation "minister" from "2015-11-16" to "2018-01-09"
INFO: Inserting affiliation "minister" from "2016-09-29" to "2018-01-09"
INFO: Inserting affiliation "minister" from "2019-08-31" to "2019-09-20"
INFO: Inserting affiliation "minister" from "2022-02-10" to ""
INFO: Inserting affiliation "minister" from "2018-01-10" to "2018-04-17"
INFO: Inserting affiliation "minister" from "2019-11-16" to "2019-12-05"
INFO: Inserting minister affiliation(s) for "MurdzekWojciech"
INFO: Inserting affiliation "minister" from "2020-04-16" to "2020-10-19"
INFO: Inserting minister affiliation(s) for "PiontkowskiDariusz"
INFO: Inserting affiliation "minister" from "2019-06-05" to "2020-10-19"
INFO: Inserting minister affiliation(s) for "PudaGrzegorz"
INFO: Inserting affiliation "minister" from "2020-10-07" to "2021-10-26"
INFO: Inserting minister affiliation(s) for "RauZbigniew"
INFO: Inserting affiliation "minister" from "2020-08-21" to ""
INFO: Inserting minister affiliation(s) for "SawickiMarek"
INFO: Inserting affiliation "minister" from "2014-03-17" to "2015-11-16"
INFO: Inserting minister affiliation(s) for "SchetynaGrzegorz"
INFO: Inserting affiliation "minister" from "2014-09-11" to "2015-11-16"
INFO: Inserting minister affiliation(s) for "SiemoniakTomasz"
INFO: Inserting affiliation "minister" from "2011-02-08" to "2015-11-12"
INFO: Inserting minister affiliation(s) for "SzyszkoJan"
INFO: Inserting affiliation "minister" from "2015-11-16" to "2018-01-09"
INFO: Inserting minister affiliation(s) for "WaszczykowskiWitold"
INFO: Inserting affiliation "minister" from "2015-11-17" to "2018-01-09"
INFO: Inserting minister affiliation(s) for "ZalewskaAnna"
INFO: Inserting affiliation "minister" from "2015-11-17" to "2019-06-04"
INFO: Inserting minister affiliation(s) for "ZembalaMarian"
INFO: Inserting affiliation "minister" from "2015-06-11" to "2015-11-16"
INFO: Inserting minister affiliation(s) for "ZiobroZbigniew"
INFO: Inserting affiliation "minister" from "2015-11-17" to ""
