WARN: Cant find government term with ID "10th Seimas" in corpus header, inserting as note.
WARN: Cant find government term with ID "11th Seimas" in corpus header, inserting as note.
WARN: Cant find government term with ID "11th Seimas" in corpus header, inserting as note.
WARN: Cant find government term with ID "12th Seimas" in corpus header, inserting as note.
WARN: Cant find government term with ID "12th Seimas" in corpus header, inserting as note.
WARN: Cant find government term with ID "12th Seimas" in corpus header, inserting as note.
WARN: Cant find government term with ID "13th Seimas" in corpus header, inserting as note.
ERROR: Person GelunasArunas not found in TEI corpus, skipping!
WARN: Cant find government term with ID "11th Seimas" in corpus header, inserting as note.
WARN: Cant find government term with ID "12th Seimas" in corpus header, inserting as note.
WARN: Cant find government term with ID "12th Seimas" in corpus header, inserting as note.
ERROR: Person KairysSimonas not found in TEI corpus, skipping!
ERROR: Person ZyllusRimantas not found in TEI corpus, skipping!
ERROR: Person VesalteBirute not found in TEI corpus, skipping!
WARN: Cant find government term with ID "11th Seimas" in corpus header, inserting as note.
WARN: Cant find government term with ID "12th Seimas" in corpus header, inserting as note.
WARN: Cant find government term with ID "12th Seimas" in corpus header, inserting as note.
WARN: Cant find government term with ID "12th Seimas" in corpus header, inserting as note.
WARN: Cant find government term with ID "13th Seimas" in corpus header, inserting as note.
WARN: Cant find government term with ID "10th Seimas" in corpus header, inserting as note.
WARN: Cant find government term with ID "11th Seimas" in corpus header, inserting as note.
ERROR: Person PitrenieneAudrone not found in TEI corpus, skipping!
WARN: Cant find government term with ID "12th Seimas" in corpus header, inserting as note.
WARN: Cant find government term with ID "12th Seimas" in corpus header, inserting as note.
ERROR: Person ŠiugždieneJurgita not found in TEI corpus, skipping!
ERROR: Person SekmokasArvydas not found in TEI corpus, skipping!
WARN: Cant find government term with ID "11th Seimas" in corpus header, inserting as note.
WARN: Cant find government term with ID "11th Seimas" in corpus header, inserting as note.
WARN: Cant find government term with ID "12th Seimas" in corpus header, inserting as note.
WARN: Cant find government term with ID "13th Seimas" in corpus header, inserting as note.
ERROR: Person KazlauskasGediminas not found in TEI corpus, skipping!
WARN: Cant find government term with ID "11th Seimas" in corpus header, inserting as note.
WARN: Cant find government term with ID "11th Seimas" in corpus header, inserting as note.
WARN: Cant find government term with ID "12th Seimas" in corpus header, inserting as note.
ERROR: Person MaželkaKestutis not found in TEI corpus, skipping!
WARN: Cant find government term with ID "13th Seimas" in corpus header, inserting as note.
ERROR: Person ŠemetaAlgirdas not found in TEI corpus, skipping!
WARN: Cant find government term with ID "10th Seimas" in corpus header, inserting as note.
WARN: Cant find government term with ID "11th Seimas" in corpus header, inserting as note.
WARN: Cant find government term with ID "11th Seimas" in corpus header, inserting as note.
WARN: Cant find government term with ID "12th Seimas" in corpus header, inserting as note.
WARN: Cant find government term with ID "13th Seimas" in corpus header, inserting as note.
WARN: Cant find government term with ID "10th Seimas" in corpus header, inserting as note.
WARN: Cant find government term with ID "11/12th Seimas" in corpus header, inserting as note.
WARN: Cant find government term with ID "13th Seimas" in corpus header, inserting as note.
WARN: Cant find government term with ID "10th Seimas" in corpus header, inserting as note.
WARN: Cant find government term with ID "11th Seimas" in corpus header, inserting as note.
WARN: Cant find government term with ID "11th Seimas" in corpus header, inserting as note.
WARN: Cant find government term with ID "11th Seimas" in corpus header, inserting as note.
WARN: Cant find government term with ID "12th Seimas" in corpus header, inserting as note.
WARN: Cant find government term with ID "13th Seimas" in corpus header, inserting as note.
ERROR: Person PalaitisRaimundas not found in TEI corpus, skipping!
ERROR: Person MellanasArturas not found in TEI corpus, skipping!
WARN: Cant find government term with ID "11th Seimas" in corpus header, inserting as note.
WARN: Cant find government term with ID "11th Seimas" in corpus header, inserting as note.
WARN: Cant find government term with ID "12th Seimas" in corpus header, inserting as note.
ERROR: Person MisiunasEimutis not found in TEI corpus, skipping!
WARN: Cant find government term with ID "12th Seimas" in corpus header, inserting as note.
WARN: Cant find government term with ID "13th Seimas" in corpus header, inserting as note.
WARN: Cant find government term with ID "10th Seimas" in corpus header, inserting as note.
ERROR: Person BarnatonisJuozas not found in TEI corpus, skipping!
WARN: Cant find government term with ID "12th Seimas" in corpus header, inserting as note.
WARN: Cant find government term with ID "12th Seimas" in corpus header, inserting as note.
ERROR: Person DobrowolskaEwelina not found in TEI corpus, skipping!
WARN: Cant find government term with ID "10th Seimas" in corpus header, inserting as note.
WARN: Cant find government term with ID "11th Seimas" in corpus header, inserting as note.
WARN: Cant find government term with ID "12th Seimas" in corpus header, inserting as note.
WARN: Cant find government term with ID "13th Seimas" in corpus header, inserting as note.
WARN: Cant find government term with ID "10th Seimas" in corpus header, inserting as note.
WARN: Cant find government term with ID "11th Seimas" in corpus header, inserting as note.
WARN: Cant find government term with ID "12th Seimas" in corpus header, inserting as note.
WARN: Cant find government term with ID "13th Seimas" in corpus header, inserting as note.
WARN: Cant find government term with ID "10th Seimas" in corpus header, inserting as note.
WARN: Cant find government term with ID "11th Seimas" in corpus header, inserting as note.
WARN: Cant find government term with ID "12th Seimas" in corpus header, inserting as note.
WARN: Cant find government term with ID "12th Seimas" in corpus header, inserting as note.
WARN: Cant find government term with ID "13th Seimas" in corpus header, inserting as note.
INFO: Inserting minister affiliation(s) for "AnušauskasArvydas"
INFO: Inserting affiliation "minister" from "2020-12-12" to ""
INFO: Inserting minister affiliation(s) for "ArmonaitėAušrinė"
INFO: Inserting affiliation "minister" from "2020-12-12" to ""
INFO: Inserting minister affiliation(s) for "AžubalisAudronius"
INFO: Inserting affiliation "minister" from "2008-12-09" to "2012-12-13"
INFO: Inserting minister affiliation(s) for "BilotaitėAgnė"
INFO: Inserting affiliation "minister" from "2020-12-11" to ""
INFO: Inserting minister affiliation(s) for "BudbergytėRasa"
INFO: Inserting affiliation "minister" from "2016-06-23" to "2016-12-13"
INFO: Inserting minister affiliation(s) for "GentvilasSimonas"
INFO: Inserting affiliation "minister" from "2020-12-12" to ""
INFO: Inserting minister affiliation(s) for "JuknevičienėRasa"
INFO: Inserting affiliation "minister" from "2008-12-09" to "2012-12-13"
INFO: Inserting minister affiliation(s) for "KreivysDainius"
INFO: Inserting affiliation "minister" from "2020-12-11" to ""
INFO: Inserting minister affiliation(s) for "LandsbergisGabrielius"
INFO: Inserting affiliation "minister" from "2020-12-12" to ""
INFO: Inserting minister affiliation(s) for "LinkevičiusLinasAntanas"
INFO: Inserting affiliation "minister" from "2012-12-14" to "2020-12-11"
INFO: Inserting minister affiliation(s) for "MarkauskasBronius"
INFO: Inserting affiliation "minister" from "2016-12-14" to "2018-05-14"
INFO: Inserting minister affiliation(s) for "NarkevičJaroslav"
INFO: Inserting affiliation "minister" from "2019-08-08" to "2020-12-11"
INFO: Inserting minister affiliation(s) for "NavickienėMonika"
INFO: Inserting affiliation "minister" from "2020-12-12" to ""
INFO: Inserting minister affiliation(s) for "OlekasJuozas"
INFO: Inserting affiliation "minister" from "2012-12-14" to "2016-12-13"
INFO: Inserting minister affiliation(s) for "PalionisAndrius"
INFO: Inserting affiliation "minister" from "2019-08-08" to "2020-12-11"
INFO: Inserting minister affiliation(s) for "SinkevičiusRimantas"
INFO: Inserting affiliation "minister" from "2020-06-30" to "2020-12-11"
INFO: Inserting affiliation "minister" from "2012-12-14" to "2016-12-13"
INFO: Inserting minister affiliation(s) for "SinkevičiusVirginijus"
INFO: Inserting affiliation "minister" from "2017-11-28" to "2019-12-30"
INFO: Inserting minister affiliation(s) for "SkaistėGintarė"
INFO: Inserting affiliation "minister" from "2020-12-12" to ""
INFO: Inserting minister affiliation(s) for "SkvernelisSaulius"
INFO: Inserting affiliation "minister" from "2014-11-11" to "2016-04-13"
INFO: Inserting minister affiliation(s) for "StarkevičiusKazys"
INFO: Inserting affiliation "minister" from "2008-12-09" to "2012-12-03"
INFO: Inserting minister affiliation(s) for "SteponavičiusGintaras"
INFO: Inserting affiliation "minister" from "2008-12-09" to "2012-12-13"
INFO: Inserting minister affiliation(s) for "ŠalaševičiūtėRimantė"
INFO: Inserting affiliation "minister" from "2014-07-17" to "2016-02-17"
INFO: Inserting minister affiliation(s) for "ŠimonytėIngrida"
INFO: Inserting affiliation "minister" from "2009-07-03" to "2012-12-13"
INFO: Inserting minister affiliation(s) for "TamašunienėRita"
INFO: Inserting affiliation "minister" from "2019-08-08" to "2020-12-11"
INFO: Inserting minister affiliation(s) for "VerygaAurelijus"
INFO: Inserting affiliation "minister" from "2016-12-13" to "2020-12-11"
INFO: Inserting minister affiliation(s) for "AndriukaitisVytenisPovilas"
INFO: Inserting affiliation "minister" from "2012-12-14" to "2014-07-10"
INFO: Inserting minister affiliation(s) for "BaltraitienėVirginija"
INFO: Inserting affiliation "minister" from "2014-07-17" to "2016-12-13"
INFO: Inserting minister affiliation(s) for "BirutisŠarūnas"
INFO: Inserting affiliation "minister" from "2012-12-14" to "2016-12-13"
INFO: Inserting minister affiliation(s) for "JankauskasDonatas"
INFO: Inserting affiliation "minister" from "2009-07-22" to "2012-12-13"
INFO: Inserting minister affiliation(s) for "MasiulisEligijus"
INFO: Inserting affiliation "minister" from "2008-12-09" to "2012-12-13"
INFO: Inserting minister affiliation(s) for "MazuronisValentinas"
INFO: Inserting affiliation "minister" from "2012-12-14" to "2014-06-15"
INFO: Inserting minister affiliation(s) for "PoželaJuras"
INFO: Inserting affiliation "minister" from "2016-03-10" to "2016-10-16"
INFO: Inserting minister affiliation(s) for "ŠimašiusRemigijus"
INFO: Inserting affiliation "minister" from "2008-12-09" to "2012-12-13"
INFO: Inserting minister affiliation(s) for "VainiutėM"
INFO: Inserting affiliation "minister" from "2016-12-14" to "2018-03-06"
INFO: Inserting minister affiliation(s) for "PabedinskienėA"
INFO: Inserting affiliation "minister" from "2012-12-14" to "2016-12-13"
INFO: Inserting minister affiliation(s) for "MasiulisR"
INFO: Inserting affiliation "minister" from "2014-09-25" to "2016-12-13"
INFO: Inserting affiliation "minister" from "2016-12-14" to "2019-08-07"
INFO: Inserting minister affiliation(s) for "NeverovičJ"
INFO: Inserting affiliation "minister" from "2012-12-14" to "2014-08-25"
INFO: Inserting minister affiliation(s) for "PetrauskienėJ"
INFO: Inserting affiliation "minister" from "2016-12-14" to "2018-12-07"
INFO: Inserting minister affiliation(s) for "SurplysG"
INFO: Inserting affiliation "minister" from "2018-05-15" to "2019-08-07"
INFO: Inserting minister affiliation(s) for "JankevičiusE"
INFO: Inserting affiliation "minister" from "2018-05-15" to "2020-12-11"
INFO: Inserting minister affiliation(s) for "VaičiūnasŽ"
INFO: Inserting affiliation "minister" from "2016-12-14" to "2020-12-11"
INFO: Inserting minister affiliation(s) for "NavickasK"
INFO: Inserting affiliation "minister" from "2020-12-11" to ""
INFO: Inserting affiliation "minister" from "2016-12-14" to "2018-12-07"
INFO: Inserting minister affiliation(s) for "ŠapokaV"
INFO: Inserting affiliation "minister" from "2016-12-14" to "2020-12-11"
INFO: Inserting minister affiliation(s) for "ŠadžiusR"
INFO: Inserting affiliation "minister" from "2012-12-14" to "2016-06-15"
INFO: Inserting minister affiliation(s) for "GustasE"
INFO: Inserting affiliation "minister" from "2013-06-11" to "2016-12-13"
INFO: Inserting minister affiliation(s) for "TrečiokasK"
INFO: Inserting affiliation "minister" from "2014-07-17" to "2016-12-13"
INFO: Inserting minister affiliation(s) for "Ruokytė-jonssonL"
INFO: Inserting affiliation "minister" from "2016-12-14" to "2018-12-21"
INFO: Inserting minister affiliation(s) for "DulkysA"
INFO: Inserting affiliation "minister" from "2020-12-12" to ""
INFO: Inserting minister affiliation(s) for "BarakauskasD"
INFO: Inserting affiliation "minister" from "2012-12-14" to "2014-10-30"
INFO: Inserting minister affiliation(s) for "KukuraitisL"
INFO: Inserting affiliation "minister" from "2016-12-14" to "2020-12-11"
INFO: Inserting minister affiliation(s) for "MonkevičiusA"
INFO: Inserting affiliation "minister" from "2019-01-15" to "2020-12-11"
INFO: Inserting minister affiliation(s) for "JuknaV"
INFO: Inserting affiliation "minister" from "2012-12-14" to "2014-07-11"
INFO: Inserting minister affiliation(s) for "KaroblisR"
INFO: Inserting affiliation "minister" from "2016-12-14" to "2020-12-11"
INFO: Inserting minister affiliation(s) for "PavalkisD"
INFO: Inserting affiliation "minister" from "2012-12-14" to "2015-05-11"
INFO: Inserting minister affiliation(s) for "KvietkauskasM"
INFO: Inserting affiliation "minister" from "2018-12-22" to "2020-12-11"
INFO: Inserting minister affiliation(s) for "ŠukysR"
INFO: Inserting affiliation "minister" from "2010-02-22" to "2012-12-13"
INFO: Inserting minister affiliation(s) for "ŽilinskasT"
INFO: Inserting affiliation "minister" from "2016-04-14" to "2016-12-13"
INFO: Inserting minister affiliation(s) for "SinkevičiusM"
INFO: Inserting affiliation "minister" from "2016-12-14" to "2017-10-13"
INFO: Inserting minister affiliation(s) for "SkuodisM"
INFO: Inserting affiliation "minister" from "2020-12-12" to ""
