WARN: Cant find government term with ID "12th cabinet" in corpus header, inserting as note.
WARN: Cant find government term with ID "13th cabinet" in corpus header, inserting as note.
WARN: Cant find government term with ID "14th cabinet" in corpus header, inserting as note.
WARN: Cant find government term with ID "14th cabinet" in corpus header, inserting as note.
WARN: Cant find government term with ID "14/15th cabinet" in corpus header, inserting as note.
WARN: Cant find government term with ID "12th cabinet" in corpus header, inserting as note.
WARN: Cant find government term with ID "13th cabinet" in corpus header, inserting as note.
WARN: Cant find government term with ID "14th cabinet" in corpus header, inserting as note.
WARN: Cant find government term with ID "14th cabinet" in corpus header, inserting as note.
WARN: Cant find government term with ID "12th cabinet" in corpus header, inserting as note.
WARN: Cant find government term with ID "13/14th cabinet" in corpus header, inserting as note.
WARN: Cant find government term with ID "14/15th cabinet" in corpus header, inserting as note.
WARN: Cant find government term with ID "13th cabinet" in corpus header, inserting as note.
WARN: Cant find government term with ID "14th cabinet" in corpus header, inserting as note.
WARN: Cant find government term with ID "15th cabinet" in corpus header, inserting as note.
WARN: Cant find government term with ID "12th cabinet" in corpus header, inserting as note.
WARN: Cant find government term with ID "13th cabinet" in corpus header, inserting as note.
WARN: Cant find government term with ID "14th cabinet" in corpus header, inserting as note.
WARN: Cant find government term with ID "15th cabinet" in corpus header, inserting as note.
WARN: Cant find government term with ID "12th cabinet" in corpus header, inserting as note.
WARN: Cant find government term with ID "13th cabinet" in corpus header, inserting as note.
WARN: Cant find government term with ID "14th cabinet" in corpus header, inserting as note.
WARN: Cant find government term with ID "14/15th cabinet" in corpus header, inserting as note.
WARN: Cant find government term with ID "12th cabinet" in corpus header, inserting as note.
WARN: Cant find government term with ID "13th cabinet" in corpus header, inserting as note.
WARN: Cant find government term with ID "13th cabinet" in corpus header, inserting as note.
WARN: Cant find government term with ID "14th cabinet" in corpus header, inserting as note.
WARN: Cant find government term with ID "15th cabinet" in corpus header, inserting as note.
WARN: Cant find government term with ID "12th cabinet" in corpus header, inserting as note.
WARN: Cant find government term with ID "13th cabinet" in corpus header, inserting as note.
WARN: Cant find government term with ID "14th cabinet" in corpus header, inserting as note.
WARN: Cant find government term with ID "15th cabinet" in corpus header, inserting as note.
WARN: Cant find government term with ID "15th cabinet" in corpus header, inserting as note.
WARN: Cant find government term with ID "15th cabinet" in corpus header, inserting as note.
WARN: Cant find government term with ID "12th cabinet" in corpus header, inserting as note.
WARN: Cant find government term with ID "13th cabinet" in corpus header, inserting as note.
WARN: Cant find government term with ID "14th cabinet" in corpus header, inserting as note.
WARN: Cant find government term with ID "14/15th cabinet" in corpus header, inserting as note.
WARN: Cant find government term with ID "12th cabinet" in corpus header, inserting as note.
WARN: Cant find government term with ID "13th cabinet" in corpus header, inserting as note.
WARN: Cant find government term with ID "14th cabinet" in corpus header, inserting as note.
WARN: Cant find government term with ID "14th cabinet" in corpus header, inserting as note.
WARN: Cant find government term with ID "14th cabinet" in corpus header, inserting as note.
WARN: Cant find government term with ID "14th cabinet" in corpus header, inserting as note.
WARN: Cant find government term with ID "12th cabinet" in corpus header, inserting as note.
WARN: Cant find government term with ID "13th cabinet" in corpus header, inserting as note.
WARN: Cant find government term with ID "14th cabinet" in corpus header, inserting as note.
WARN: Cant find government term with ID "14th cabinet" in corpus header, inserting as note.
WARN: Cant find government term with ID "15th cabinet" in corpus header, inserting as note.
WARN: Cant find government term with ID "15th cabinet" in corpus header, inserting as note.
WARN: Cant find government term with ID "12th cabinet" in corpus header, inserting as note.
WARN: Cant find government term with ID "13th cabinet" in corpus header, inserting as note.
WARN: Cant find government term with ID "14th cabinet" in corpus header, inserting as note.
WARN: Cant find government term with ID "14th cabinet" in corpus header, inserting as note.
WARN: Cant find government term with ID "15th cabinet" in corpus header, inserting as note.
WARN: Cant find government term with ID "12th cabinet" in corpus header, inserting as note.
WARN: Cant find government term with ID "13/14th cabinet" in corpus header, inserting as note.
WARN: Cant find government term with ID "14th cabinet" in corpus header, inserting as note.
WARN: Cant find government term with ID "14/15th cabinet" in corpus header, inserting as note.
WARN: Cant find government term with ID "12th cabinet" in corpus header, inserting as note.
WARN: Cant find government term with ID "13/14/15th cabinet" in corpus header, inserting as note.
WARN: Cant find government term with ID "12th cabinet" in corpus header, inserting as note.
WARN: Cant find government term with ID "13th cabinet" in corpus header, inserting as note.
WARN: Cant find government term with ID "14th cabinet" in corpus header, inserting as note.
WARN: Cant find government term with ID "14th cabinet" in corpus header, inserting as note.
WARN: Cant find government term with ID "14th cabinet" in corpus header, inserting as note.
WARN: Cant find government term with ID "15th cabinet" in corpus header, inserting as note.
WARN: Cant find government term with ID "15th cabinet" in corpus header, inserting as note.
WARN: Cant find government term with ID "12th cabinet" in corpus header, inserting as note.
WARN: Cant find government term with ID "13th cabinet" in corpus header, inserting as note.
WARN: Cant find government term with ID "13th cabinet" in corpus header, inserting as note.
WARN: Cant find government term with ID "13/14/15th cabinet" in corpus header, inserting as note.
WARN: Cant find government term with ID "12th cabinet" in corpus header, inserting as note.
WARN: Cant find government term with ID "13th cabinet" in corpus header, inserting as note.
WARN: Cant find government term with ID "14th cabinet" in corpus header, inserting as note.
WARN: Cant find government term with ID "14th cabinet" in corpus header, inserting as note.
WARN: Cant find government term with ID "15th cabinet" in corpus header, inserting as note.
WARN: Cant find government term with ID "12th cabinet" in corpus header, inserting as note.
WARN: Cant find government term with ID "13th cabinet" in corpus header, inserting as note.
WARN: Cant find government term with ID "14/15th cabinet" in corpus header, inserting as note.
WARN: Cant find government term with ID "12th cabinet" in corpus header, inserting as note.
WARN: Cant find government term with ID "13th cabinet" in corpus header, inserting as note.
WARN: Cant find government term with ID "14th cabinet" in corpus header, inserting as note.
WARN: Cant find government term with ID "15th cabinet" in corpus header, inserting as note.
WARN: Cant find government term with ID "13/14th cabinet" in corpus header, inserting as note.
WARN: Cant find government term with ID "14th cabinet" in corpus header, inserting as note.
WARN: Cant find government term with ID "15th cabinet" in corpus header, inserting as note.
INFO: Inserting minister affiliation(s) for "BošnjakovićDražen"
INFO: Inserting affiliation "minister" from "2017-06-10" to "2020-07-23"
INFO: Inserting minister affiliation(s) for "OpačićMilanka"
INFO: Inserting affiliation "minister" from "2011-12-23" to "2016-01-22"
INFO: Inserting minister affiliation(s) for "PusićVesna"
INFO: Inserting affiliation "minister" from "2011-12-23" to "2016-01-22"
INFO: Inserting minister affiliation(s) for "BaukArsen"
INFO: Inserting affiliation "minister" from "2011-12-23" to "2016-01-22"
INFO: Inserting minister affiliation(s) for "CappelliGari"
INFO: Inserting affiliation "minister" from "2016-10-20" to "2020-07-23"
INFO: Inserting minister affiliation(s) for "GrčićBranko"
INFO: Inserting affiliation "minister" from "2011-12-23" to "2016-01-22"
INFO: Inserting minister affiliation(s) for "KotromanovićAnte"
INFO: Inserting affiliation "minister" from "2011-12-23" to "2016-01-22"
INFO: Inserting minister affiliation(s) for "MarićGoran"
INFO: Inserting affiliation "minister" from "2016-11-15" to "2019-07-15"
INFO: Inserting minister affiliation(s) for "MrsićMirando"
INFO: Inserting affiliation "minister" from "2011-12-23" to "2016-01-22"
INFO: Inserting minister affiliation(s) for "OstojićRanko"
INFO: Inserting affiliation "minister" from "2011-12-13" to "2016-01-22"
INFO: Inserting minister affiliation(s) for "PejčinovićBurićMarija"
INFO: Inserting affiliation "minister" from "2017-06-20" to "2019-07-22"
INFO: Inserting minister affiliation(s) for "BožinovićDavor"
INFO: Inserting affiliation "minister" from "2017-06-10" to ""
INFO: Inserting minister affiliation(s) for "MurganićNada"
INFO: Inserting affiliation "minister" from "2016-10-20" to "2019-07-17"
INFO: Inserting minister affiliation(s) for "ZmajlovićMihael"
INFO: Inserting affiliation "minister" from "2012-06-13" to "2016-01-22"
INFO: Inserting minister affiliation(s) for "DalićMartina"
INFO: Inserting affiliation "minister" from "2016-10-20" to "2018-05-14"
INFO: Inserting minister affiliation(s) for "StierDavorIvo"
INFO: Inserting affiliation "minister" from "2016-10-20" to "2017-06-19"
INFO: Inserting minister affiliation(s) for "HajdašDončićSiniša"
INFO: Inserting affiliation "minister" from "2012-04-18" to "2016-01-22"
INFO: Inserting minister affiliation(s) for "JakovinaTihomir"
INFO: Inserting affiliation "minister" from "2011-12-23" to "2016-01-22"
INFO: Inserting minister affiliation(s) for "KrstičevićDamir"
INFO: Inserting affiliation "minister" from "2016-10-20" to "2020-05-08"
INFO: Inserting minister affiliation(s) for "VrdoljakIvan"
INFO: Inserting affiliation "minister" from "2012-11-16" to "2016-01-22"
INFO: Inserting minister affiliation(s) for "ĆorićTomislav"
INFO: Inserting affiliation "minister" from "2020-07-24" to "2022-04-29"
INFO: Inserting affiliation "minister" from "2017-06-10" to ""
INFO: Inserting affiliation "minister" from "2016-10-20" to "2017-06-09"
INFO: Inserting minister affiliation(s) for "KovačićIvan"
INFO: Inserting affiliation "minister" from "2016-10-20" to "2017-04-28"
INFO: Inserting minister affiliation(s) for "LalovacBoris"
INFO: Inserting affiliation "minister" from "2014-05-06" to "2016-01-22"
INFO: Inserting minister affiliation(s) for "MatićPredrag"
INFO: Inserting affiliation "minister" from "2011-12-23" to "2016-01-22"
INFO: Inserting minister affiliation(s) for "MiljenićOrsat"
INFO: Inserting affiliation "minister" from "2011-12-23" to "2016-01-22"
INFO: Inserting minister affiliation(s) for "MrakTaritašAnka"
INFO: Inserting affiliation "minister" from "2012-11-16" to "2016-01-22"
INFO: Inserting minister affiliation(s) for "VargaSiniša"
INFO: Inserting affiliation "minister" from "2014-06-11" to "2016-01-22"
INFO: Inserting minister affiliation(s) for "ButkovićOleg"
INFO: Inserting affiliation "minister" from "2016-01-23" to ""
INFO: Inserting minister affiliation(s) for "DobrovićSlaven"
INFO: Inserting affiliation "minister" from "2016-01-23" to "2017-04-27"
INFO: Inserting minister affiliation(s) for "HorvatDarko"
INFO: Inserting affiliation "minister" from "2020-07-24" to "2022-02-19"
INFO: Inserting affiliation "minister" from "2018-05-25" to "2020-07-23"
INFO: Inserting minister affiliation(s) for "KlimanAnton"
INFO: Inserting affiliation "minister" from "2016-01-23" to "2016-10-19"
INFO: Inserting minister affiliation(s) for "KovačMiro"
INFO: Inserting affiliation "minister" from "2016-01-23" to "2016-10-19"
INFO: Inserting minister affiliation(s) for "PanenićTomislav"
INFO: Inserting affiliation "minister" from "2016-01-23" to "2016-10-19"
INFO: Inserting minister affiliation(s) for "ŠtromarPredrag"
INFO: Inserting affiliation "minister" from "2017-06-10" to "2020-07-23"
INFO: Inserting minister affiliation(s) for "TolušićTomislav"
INFO: Inserting affiliation "minister" from "2016-10-20" to "2019-07-17"
INFO: Inserting affiliation "minister" from "2016-01-23" to "2016-10-19"
INFO: Inserting minister affiliation(s) for "BedekovićVesna"
INFO: Inserting affiliation "minister" from "2019-07-22" to ""
INFO: Inserting minister affiliation(s) for "HasanbegovićZlatko"
INFO: Inserting affiliation "minister" from "2016-01-23" to "2016-10-19"
INFO: Inserting minister affiliation(s) for "OrepićVlaho"
INFO: Inserting affiliation "minister" from "2016-01-23" to "2017-04-27"
INFO: Inserting minister affiliation(s) for "RomićDavor"
INFO: Inserting affiliation "minister" from "2016-01-23" to "2016-10-19"
INFO: Inserting minister affiliation(s) for "KujundžićMilan"
INFO: Inserting affiliation "minister" from "2016-10-20" to "2020-01-28"
INFO: Inserting minister affiliation(s) for "KuščevićLovro"
INFO: Inserting affiliation "minister" from "2016-01-23" to "2017-06-09"
INFO: Inserting affiliation "minister" from "2017-06-10" to "2019-07-08"
INFO: Inserting minister affiliation(s) for "MarićZdravko"
INFO: Inserting affiliation "minister" from "2016-01-23" to "2022-07-05"
INFO: Inserting minister affiliation(s) for "MedvedTomo"
INFO: Inserting affiliation "minister" from "2016-03-22" to ""
INFO: Inserting minister affiliation(s) for "AladrovićJosip"
INFO: Inserting affiliation "minister" from "2019-07-22" to "2020-07-23"
INFO: Inserting affiliation "minister" from "2020-07-24" to "2022-04-29"
INFO: Inserting minister affiliation(s) for "BanožićMario"
INFO: Inserting affiliation "minister" from "2020-07-23" to ""
INFO: Inserting affiliation "minister" from "2019-07-22" to "2020-07-23"
INFO: Inserting minister affiliation(s) for "BerošVili"
INFO: Inserting affiliation "minister" from "2020-01-31" to ""
INFO: Inserting minister affiliation(s) for "GrlićRadmanGordan"
INFO: Inserting affiliation "minister" from "2019-07-23" to ""
INFO: Inserting minister affiliation(s) for "MalenicaIvan"
INFO: Inserting affiliation "minister" from "2020-07-24" to ""
INFO: Inserting affiliation "minister" from "2019-07-22" to "2020-07-23"
INFO: Inserting minister affiliation(s) for "NađVesna"
INFO: Inserting affiliation "minister" from "2016-01-29" to "2016-03-21"
INFO: Inserting minister affiliation(s) for "ObuljenKoržinekNina"
INFO: Inserting affiliation "minister" from "2016-10-20" to ""
INFO: Inserting minister affiliation(s) for "PavićMarko"
INFO: Inserting affiliation "minister" from "2019-07-22" to "2020-07-23"
INFO: Inserting affiliation "minister" from "2017-06-09" to "2019-07-17"
INFO: Inserting minister affiliation(s) for "PiletićMarin"
INFO: Inserting affiliation "minister" from "2022-04-30" to ""
INFO: Inserting minister affiliation(s) for "ŠimpragaAnja"
INFO: Inserting affiliation "minister" from "2020-04-29" to ""
INFO: Inserting minister affiliation(s) for "TramišakNataša"
INFO: Inserting affiliation "minister" from "2020-07-24" to ""
INFO: Inserting minister affiliation(s) for "BuljevićJosip"
INFO: Inserting affiliation "minister" from "2016-01-23" to "2016-10-19"
INFO: Inserting minister affiliation(s) for "BarišićPavo"
INFO: Inserting affiliation "minister" from "2016-10-20" to "2019-06-09"
INFO: Inserting minister affiliation(s) for "VučkovićMarija"
INFO: Inserting affiliation "minister" from "2019-07-22" to ""
INFO: Inserting minister affiliation(s) for "CrnojaMijo"
INFO: Inserting affiliation "minister" from "2016-01-23" to "2016-01-28"
INFO: Inserting minister affiliation(s) for "LorencinDarko"
INFO: Inserting affiliation "minister" from "2013-03-19" to "2016-01-22"
INFO: Inserting minister affiliation(s) for "ŠikićNada"
INFO: Inserting affiliation "minister" from "2016-01-23" to "2016-10-19"
INFO: Inserting minister affiliation(s) for "ŠprljeAnte"
INFO: Inserting affiliation "minister" from "2016-01-23" to "2017-04-27"
INFO: Inserting minister affiliation(s) for "ŽalacGabrijela"
INFO: Inserting affiliation "minister" from "2016-10-20" to "2019-07-17"
INFO: Inserting minister affiliation(s) for "JuretićBernardica"
INFO: Inserting affiliation "minister" from "2016-01-23" to "2016-10-19"
INFO: Inserting minister affiliation(s) for "DivjakBlaženka"
INFO: Inserting affiliation "minister" from "2017-06-10" to "2020-07-23"
INFO: Inserting minister affiliation(s) for "ŠiljegMario"
INFO: Inserting affiliation "minister" from "2017-04-28" to "2017-06-09"
INFO: Inserting minister affiliation(s) for "FuchsRadovan"
INFO: Inserting affiliation "minister" from "2020-07-24" to ""
INFO: Inserting minister affiliation(s) for "PrimoracMarko"
INFO: Inserting affiliation "minister" from "2022-07-15" to ""
INFO: Inserting minister affiliation(s) for "NakićDario"
INFO: Inserting affiliation "minister" from "2016-01-23" to "2016-10-19"
INFO: Inserting minister affiliation(s) for "FilipovićDavor"
INFO: Inserting affiliation "minister" from "2022-04-30" to ""
INFO: Inserting minister affiliation(s) for "ŠustarPredrag"
INFO: Inserting affiliation "minister" from "2016-01-23" to "2016-10-19"
INFO: Inserting minister affiliation(s) for "NekićDarko"
INFO: Inserting affiliation "minister" from "2017-04-29" to "2017-06-09"
INFO: Inserting minister affiliation(s) for "BrnjacNikolina"
INFO: Inserting affiliation "minister" from "2020-07-24" to ""
INFO: Inserting minister affiliation(s) for "MornarVedran"
INFO: Inserting affiliation "minister" from "2014-06-11" to "2016-01-22"
INFO: Inserting minister affiliation(s) for "MagašDunja"
INFO: Inserting affiliation "minister" from "2022-02-21" to "2022-03-09"
INFO: Inserting minister affiliation(s) for "TurkaljKristian"
INFO: Inserting affiliation "minister" from "2017-04-28" to "2017-06-09"
INFO: Inserting minister affiliation(s) for "ŠipušBerislav"
INFO: Inserting affiliation "minister" from "2015-03-25" to "2016-01-22"
INFO: Inserting minister affiliation(s) for "JurlinaAlibegovićDubravka"
INFO: Inserting affiliation "minister" from "2016-01-23" to "2016-10-19"
INFO: Inserting minister affiliation(s) for "PaladinaIvan"
INFO: Inserting affiliation "minister" from "2022-03-10" to ""
