ERROR: Person DikaučičMarjan not found in TEI corpus, skipping!
ERROR: Person PoklukarJanez not found in TEI corpus, skipping!
ERROR: Person KustecSimona not found in TEI corpus, skipping!
ERROR: Person AndrijaničMarkBoris not found in TEI corpus, skipping!
INFO: Inserting minister affiliation(s) for "BandelliMarko"
INFO: Inserting affiliation "minister" from "2018-09-13" to "2018-12-19"
INFO: Inserting minister affiliation(s) for "BertonceljAndrej"
INFO: Inserting affiliation "minister" from "2018-09-13" to "2020-03-13"
INFO: Inserting minister affiliation(s) for "BratušekAlenka"
INFO: Inserting affiliation "minister" from "2018-09-13" to "2020-03-13"
INFO: Inserting minister affiliation(s) for "BulcVioleta"
INFO: Inserting affiliation "minister" from "2014-09-18" to "2014-10-29"
INFO: Inserting minister affiliation(s) for "CerarMiro"
INFO: Inserting affiliation "minister" from "2015-03-13" to "2015-03-27"
INFO: Inserting affiliation "minister" from "2015-04-09" to "2015-05-13"
INFO: Inserting affiliation "minister" from "2018-09-13" to "2020-03-13"
INFO: Inserting minister affiliation(s) for "CiglerKraljJanez"
INFO: Inserting affiliation "minister" from "2020-03-13" to "2022-06-01"
INFO: Inserting minister affiliation(s) for "ErjavecKarlViktor"
INFO: Inserting affiliation "minister" from "2012-02-10" to "2018-09-13"
INFO: Inserting affiliation "minister" from "2018-09-13" to "2020-03-13"
INFO: Inserting minister affiliation(s) for "FakinSamo"
INFO: Inserting affiliation "minister" from "2018-09-13" to "2019-03-20"
INFO: Inserting minister affiliation(s) for "GantarTomaž"
INFO: Inserting affiliation "minister" from "2020-03-13" to "2020-12-18"
INFO: Inserting minister affiliation(s) for "GašperšičPeter"
INFO: Inserting affiliation "minister" from "2014-09-18" to "2018-09-13"
INFO: Inserting minister affiliation(s) for "GyörkösŽnidarVesna"
INFO: Inserting affiliation "minister" from "2014-09-18" to "2018-09-13"
INFO: Inserting minister affiliation(s) for "HojsAleš"
INFO: Inserting affiliation "minister" from "2020-03-13" to "2022-06-01"
INFO: Inserting minister affiliation(s) for "JaklitschHelena"
INFO: Inserting affiliation "minister" from "2020-03-13" to "2022-06-01"
INFO: Inserting minister affiliation(s) for "KatičAndreja"
INFO: Inserting affiliation "minister" from "2015-05-13" to "2018-09-13"
INFO: Inserting affiliation "minister" from "2018-09-13" to "2020-03-13"
INFO: Inserting minister affiliation(s) for "KlampferKsenija"
INFO: Inserting affiliation "minister" from "2018-09-13" to "2020-03-13"
INFO: Inserting minister affiliation(s) for "KlemenčičGoran"
INFO: Inserting affiliation "minister" from "2014-09-18" to "2018-09-13"
INFO: Inserting minister affiliation(s) for "KolarCelarcMarijaMilojka"
INFO: Inserting affiliation "minister" from "2014-09-18" to "2018-09-13"
INFO: Inserting minister affiliation(s) for "KopačMrakAnja"
INFO: Inserting affiliation "minister" from "2013-03-20" to "2018-09-13"
INFO: Inserting minister affiliation(s) for "KoprivnikarBoris"
INFO: Inserting affiliation "minister" from "2014-09-18" to "2018-09-13"
INFO: Inserting minister affiliation(s) for "KoritnikBoštjan"
INFO: Inserting affiliation "minister" from "2020-03-13" to "2022-06-01"
INFO: Inserting minister affiliation(s) for "KozlovičLilijana"
INFO: Inserting affiliation "minister" from "2020-03-13" to "2021-05-27"
INFO: Inserting minister affiliation(s) for "LebenJure"
INFO: Inserting affiliation "minister" from "2018-09-13" to "2019-03-20"
INFO: Inserting minister affiliation(s) for "LogarAnže"
INFO: Inserting affiliation "minister" from "2020-03-13" to "2022-06-01"
INFO: Inserting minister affiliation(s) for "MajcenIrena"
INFO: Inserting affiliation "minister" from "2014-09-18" to "2018-09-13"
INFO: Inserting minister affiliation(s) for "MakovecBrenčičMaja"
INFO: Inserting affiliation "minister" from "2015-05-13" to "2018-09-13"
INFO: Inserting minister affiliation(s) for "MarkežKlavdija"
INFO: Inserting affiliation "minister" from "2015-03-27" to "2015-04-09"
INFO: Inserting minister affiliation(s) for "MedvedRudi"
INFO: Inserting affiliation "minister" from "2018-09-13" to "2020-03-13"
INFO: Inserting minister affiliation(s) for "MlinarAngelika"
INFO: Inserting affiliation "minister" from "2019-12-19" to "2020-03-13"
INFO: Inserting minister affiliation(s) for "MramorDušan"
INFO: Inserting affiliation "minister" from "2014-09-18" to "2016-07-14"
INFO: Inserting minister affiliation(s) for "PeršakAnton"
INFO: Inserting affiliation "minister" from "2016-05-20" to "2018-09-13"
INFO: Inserting minister affiliation(s) for "PetrovičJožef"
INFO: Inserting affiliation "minister" from "2014-09-18" to "2014-10-28"
INFO: Inserting minister affiliation(s) for "PikaloJernej"
INFO: Inserting affiliation "minister" from "2018-09-13" to "2020-03-13"
INFO: Inserting minister affiliation(s) for "PivecAleksandra"
INFO: Inserting affiliation "minister" from "2018-09-13" to "2020-03-13"
INFO: Inserting affiliation "minister" from "2020-03-13" to "2020-10-15"
INFO: Inserting minister affiliation(s) for "PodgoršekJože"
INFO: Inserting affiliation "minister" from "2020-10-15" to "2022-06-01"
INFO: Inserting minister affiliation(s) for "PoklukarBoštjan"
INFO: Inserting affiliation "minister" from "2018-09-13" to "2020-03-13"
INFO: Inserting minister affiliation(s) for "PozničZoran"
INFO: Inserting affiliation "minister" from "2019-03-08" to "2020-03-13"
INFO: Inserting minister affiliation(s) for "PočivalšekZdravko"
INFO: Inserting affiliation "minister" from "2014-12-04" to "2022-06-01"
INFO: Inserting affiliation "minister" from "2018-09-13" to "2020-03-13"
INFO: Inserting affiliation "minister" from "2020-03-13" to "2022-06-01"
INFO: Inserting minister affiliation(s) for "PrešičekDejan"
INFO: Inserting affiliation "minister" from "2018-09-13" to "2019-01-29"
INFO: Inserting minister affiliation(s) for "PuričIztok"
INFO: Inserting affiliation "minister" from "2018-12-19" to "2019-10-01"
INFO: Inserting minister affiliation(s) for "SetnikarCankarStanka"
INFO: Inserting affiliation "minister" from "2014-09-18" to "2015-03-13"
INFO: Inserting minister affiliation(s) for "SimonitiVasko"
INFO: Inserting affiliation "minister" from "2020-03-13" to "2022-06-01"
INFO: Inserting minister affiliation(s) for "SmerkoljAlenka"
INFO: Inserting affiliation "minister" from "2014-11-19" to "2018-09-13"
INFO: Inserting minister affiliation(s) for "ToninMatej"
INFO: Inserting affiliation "minister" from "2020-03-13" to "2022-06-01"
INFO: Inserting minister affiliation(s) for "VeberJanko"
INFO: Inserting affiliation "minister" from "2014-09-18" to "2015-04-09"
INFO: Inserting minister affiliation(s) for "VizjakAndrej"
INFO: Inserting affiliation "minister" from "2020-03-13" to "2022-06-01"
INFO: Inserting minister affiliation(s) for "VraničarErmanMateja"
INFO: Inserting affiliation "minister" from "2016-09-21" to "2018-09-13"
INFO: Inserting minister affiliation(s) for "VrtovecJernej"
INFO: Inserting affiliation "minister" from "2020-03-13" to "2022-06-01"
INFO: Inserting minister affiliation(s) for "ZajcSimon"
INFO: Inserting affiliation "minister" from "2019-03-27" to "2020-03-13"
INFO: Inserting minister affiliation(s) for "ČernačZvonko"
INFO: Inserting affiliation "minister" from "2020-03-13" to "2022-06-01"
INFO: Inserting minister affiliation(s) for "ČesnikPeterJožef"
INFO: Inserting affiliation "minister" from "2018-09-13" to "2020-03-13"
INFO: Inserting minister affiliation(s) for "ŠabederAleš"
INFO: Inserting affiliation "minister" from "2019-03-27" to "2020-03-13"
INFO: Inserting minister affiliation(s) for "ŠirceljAndrej"
INFO: Inserting affiliation "minister" from "2020-03-13" to "2022-06-01"
INFO: Inserting minister affiliation(s) for "ŽidanDejan"
INFO: Inserting affiliation "minister" from "2014-09-18" to "2018-09-13"
INFO: Inserting minister affiliation(s) for "ŽmavcGorazd"
INFO: Inserting affiliation "minister" from "2014-09-18" to "2018-09-13"
