ERROR: Person SaenzDeSantamariaSoraya not found in TEI corpus, skipping!
WARN: Cant find government term with ID "Sanchez 1 and 2" in corpus header, inserting as note.
ERROR: Person BolanosFelix not found in TEI corpus, skipping!
WARN: Cant find government term with ID "Sanchez 2" in corpus header, inserting as note.
WARN: Cant find government term with ID "Sanchez 2" in corpus header, inserting as note.
ERROR: Person DeGuindosLuis not found in TEI corpus, skipping!
ERROR: Person EscolanoRoman not found in TEI corpus, skipping!
ERROR: Person CalvinoNadia not found in TEI corpus, skipping!
ERROR: Person CaneteMiguelArias not found in TEI corpus, skipping!
ERROR: Person GarciaTejerinaIsabel not found in TEI corpus, skipping!
WARN: Cant find government term with ID "Sanchez 1 and 2" in corpus header, inserting as note.
ERROR: Person GarciaMargalloYMarfilJose not found in TEI corpus, skipping!
ERROR: Person DastisQuecedoAlfonso not found in TEI corpus, skipping!
WARN: Cant find government term with ID "Sanchez 1" in corpus header, inserting as note.
WARN: Cant find government term with ID "Sanchez 1" in corpus header, inserting as note.
ERROR: Person GonzalezLayaArancha not found in TEI corpus, skipping!
ERROR: Person AlbaresJoseManuel not found in TEI corpus, skipping!
ERROR: Person CatalaPoloRafael not found in TEI corpus, skipping!
ERROR: Person DelgradoGarciaDolores not found in TEI corpus, skipping!
ERROR: Person CompoJuanCarlos not found in TEI corpus, skipping!
ERROR: Person LlopCuencaPillar not found in TEI corpus, skipping!
ERROR: Person MorenesPedro not found in TEI corpus, skipping!
ERROR: Person DeCospoedalMariaDolores not found in TEI corpus, skipping!
WARN: Cant find government term with ID "Sanchez 1 and 2" in corpus header, inserting as note.
ERROR: Person MontoroRomeroCristobal not found in TEI corpus, skipping!
ERROR: Person MonteroMariaJesus not found in TEI corpus, skipping!
ERROR: Person FernandezDiazJorge not found in TEI corpus, skipping!
ERROR: Person ZoidoAlvarezJuanIgnacio not found in TEI corpus, skipping!
ERROR: Person GrandeMariaskaFernando not found in TEI corpus, skipping!
ERROR: Person PastorJulianAna not found in TEI corpus, skipping!
ERROR: Person DeLaSernaInigo not found in TEI corpus, skipping!
ERROR: Person AbalosMecoJoseLuis not found in TEI corpus, skipping!
ERROR: Person SanchezJimenezRaquel not found in TEI corpus, skipping!
ERROR: Person WertJoseIgnacio not found in TEI corpus, skipping!
ERROR: Person MendezDeVigoInigo not found in TEI corpus, skipping!
ERROR: Person CelaaIsabel not found in TEI corpus, skipping!
ERROR: Person AlegriaPilar not found in TEI corpus, skipping!
ERROR: Person BenezFatima not found in TEI corpus, skipping!
WARN: Cant find government term with ID "Sanchez 1" in corpus header, inserting as note.
ERROR: Person DiazYolanda not found in TEI corpus, skipping!
ERROR: Person SoriaLopezJoseManuel not found in TEI corpus, skipping!
ERROR: Person DeGuindosLuis not found in TEI corpus, skipping!
ERROR: Person EscolanoRoman not found in TEI corpus, skipping!
WARN: Cant find government term with ID "Sanchez 1 and 2" in corpus header, inserting as note.
ERROR: Person GarciaTejerinaIsabel not found in TEI corpus, skipping!
WARN: Cant find government term with ID "Sanchez 1 and 2" in corpus header, inserting as note.
ERROR: Person MontoroRomeroCristobal not found in TEI corpus, skipping!
ERROR: Person SaenzDeSantamariaSoraya not found in TEI corpus, skipping!
WARN: Cant find government term with ID "Sanchez 1" in corpus header, inserting as note.
WARN: Cant find government term with ID "Sanchez 1" in corpus header, inserting as note.
WARN: Cant find government term with ID "Sanchez 2" in corpus header, inserting as note.
ERROR: Person IcetaMiquel not found in TEI corpus, skipping!
ERROR: Person RodriguezIsabel not found in TEI corpus, skipping!
ERROR: Person HuertaMaxim not found in TEI corpus, skipping!
ERROR: Person GuiraoJose not found in TEI corpus, skipping!
ERROR: Person RodriguezUribesJoseManuel not found in TEI corpus, skipping!
ERROR: Person IcetaMiquel not found in TEI corpus, skipping!
WARN: Cant find government term with ID "Rajoy 1" in corpus header, inserting as note.
ERROR: Person BanezFatima not found in TEI corpus, skipping!
WARN: Cant find government term with ID "Rajoy 2" in corpus header, inserting as note.
ERROR: Person MontonCarmen not found in TEI corpus, skipping!
ERROR: Person CarcedoMariaLuisa not found in TEI corpus, skipping!
WARN: Cant find government term with ID "Sanchez 2" in corpus header, inserting as note.
WARN: Cant find government term with ID "Sanchez 2" in corpus header, inserting as note.
WARN: Cant find government term with ID "Sanchez 1 and 2" in corpus header, inserting as note.
ERROR: Person MorantDiana not found in TEI corpus, skipping!
WARN: Cant find government term with ID "Sanchez 2" in corpus header, inserting as note.
ERROR: Person GarzonAlberto not found in TEI corpus, skipping!
ERROR: Person EscrivaJoseLuis not found in TEI corpus, skipping!
WARN: Cant find government term with ID "Sanchez 2" in corpus header, inserting as note.
ERROR: Person SubiratsJoan not found in TEI corpus, skipping!
INFO: Inserting minister affiliation(s) for "AlonsoAlfonso"
INFO: Inserting affiliation "minister" from "2014-12-03" to "2016-08-10"
INFO: Inserting minister affiliation(s) for "MontserratDolors"
INFO: Inserting affiliation "minister" from "2016-11-05" to "2018-06-07"
INFO: Inserting minister affiliation(s) for "BatetMeritxell"
INFO: Inserting affiliation "minister" from "2018-06-08" to "2019-05-20"
INFO: Inserting minister affiliation(s) for "ValerioMagdalena"
INFO: Inserting affiliation "minister" from "2018-06-08" to "2020-01-13"
INFO: Inserting minister affiliation(s) for "IglesiasPablo"
INFO: Inserting affiliation "minister" from "2020-01-13" to "2021-03-31"
INFO: Inserting minister affiliation(s) for "MonteroIrene"
INFO: Inserting affiliation "minister" from "2020-01-13" to ""
INFO: Inserting minister affiliation(s) for "BelarraIone"
INFO: Inserting affiliation "minister" from "2021-04-01" to ""
INFO: Inserting minister affiliation(s) for "RoblesMargarita"
INFO: Inserting affiliation "minister" from "2019-12-01" to "2020-01-13"
INFO: Inserting affiliation "minister" from "2018-06-07" to ""
INFO: Inserting minister affiliation(s) for "CalvoCarmen"
INFO: Inserting affiliation "minister" from "2018-06-07" to "2021-07-12"
INFO: Inserting minister affiliation(s) for "PlanasLuis"
INFO: Inserting affiliation "minister" from "2018-06-07" to ""
INFO: Inserting affiliation "minister" from "2019-05-21" to "2020-01-13"
INFO: Inserting minister affiliation(s) for "RiberaTeresa"
INFO: Inserting affiliation "minister" from "2018-06-08" to ""
INFO: Inserting minister affiliation(s) for "BorrellJosep"
INFO: Inserting affiliation "minister" from "2018-06-07" to "2019-11-30"
INFO: Inserting minister affiliation(s) for "DuquePedro"
INFO: Inserting affiliation "minister" from "2018-06-07" to "2021-07-12"
INFO: Inserting minister affiliation(s) for "MarotoReyes"
INFO: Inserting affiliation "minister" from "2018-06-08" to ""
INFO: Inserting minister affiliation(s) for "DariasCarolina"
INFO: Inserting affiliation "minister" from "2020-01-14" to "2021-01-27"
INFO: Inserting affiliation "minister" from "2021-01-28" to ""
INFO: Inserting minister affiliation(s) for "IllaSalvador"
INFO: Inserting affiliation "minister" from "2020-01-14" to "2021-01-27"
INFO: Inserting minister affiliation(s) for "CastellsManuel"
INFO: Inserting affiliation "minister" from "2020-01-13" to "2021-12-20"
