ERROR: Person BordanJan not found in TEI corpus, skipping!
ERROR: Person BrokaBaiba not found in TEI corpus, skipping!
WARN: Cant find government term with ID "Saeima 11" in corpus header, inserting as note.
WARN: Cant find government term with ID "Saeima 11" in corpus header, inserting as note.
WARN: Cant find government term with ID "Saeima 11/12/13" in corpus header, inserting as note.
WARN: Cant find government term with ID "Saeima 11" in corpus header, inserting as note.
WARN: Cant find government term with ID "Saeima 12" in corpus header, inserting as note.
WARN: Cant find government term with ID "Saeima 12" in corpus header, inserting as note.
WARN: Cant find government term with ID "Saeima 13" in corpus header, inserting as note.
WARN: Cant find government term with ID "Saeima 11" in corpus header, inserting as note.
WARN: Cant find government term with ID "Saeima 12" in corpus header, inserting as note.
WARN: Cant find government term with ID "Saeima 13" in corpus header, inserting as note.
WARN: Cant find government term with ID "Saeima 13" in corpus header, inserting as note.
WARN: Cant find government term with ID "Saeima 13" in corpus header, inserting as note.
WARN: Cant find government term with ID "Saeima 13" in corpus header, inserting as note.
WARN: Cant find government term with ID "Saeima 11" in corpus header, inserting as note.
WARN: Cant find government term with ID "Saeima 11" in corpus header, inserting as note.
WARN: Cant find government term with ID "Saeima 12" in corpus header, inserting as note.
WARN: Cant find government term with ID "Saeima 13" in corpus header, inserting as note.
WARN: Cant find government term with ID "Saeima 11/12/13" in corpus header, inserting as note.
WARN: Cant find government term with ID "Saeima 11/12" in corpus header, inserting as note.
WARN: Cant find government term with ID "Saeima 13" in corpus header, inserting as note.
WARN: Cant find government term with ID "Saeima 13" in corpus header, inserting as note.
WARN: Cant find government term with ID "Saeima 13" in corpus header, inserting as note.
WARN: Cant find government term with ID "Saeima 12" in corpus header, inserting as note.
WARN: Cant find government term with ID "Saeima 12" in corpus header, inserting as note.
WARN: Cant find government term with ID "Saeima 13" in corpus header, inserting as note.
WARN: Cant find government term with ID "Saeima 13" in corpus header, inserting as note.
WARN: Cant find government term with ID "Saeima 11/12" in corpus header, inserting as note.
WARN: Cant find government term with ID "Saeima 13" in corpus header, inserting as note.
WARN: Cant find government term with ID "Saeima 12" in corpus header, inserting as note.
WARN: Cant find government term with ID "Saeima 13" in corpus header, inserting as note.
ERROR: Person EglitisGatis not found in TEI corpus, skipping!
ERROR: Person SprudžsEdmunds not found in TEI corpus, skipping!
WARN: Cant find government term with ID "Saeima 11" in corpus header, inserting as note.
WARN: Cant find government term with ID "Saeima 11" in corpus header, inserting as note.
WARN: Cant find government term with ID "Saeima 11/12" in corpus header, inserting as note.
WARN: Cant find government term with ID "Saeima 13" in corpus header, inserting as note.
WARN: Cant find government term with ID "Saeima 13" in corpus header, inserting as note.
WARN: Cant find government term with ID "Saeima 11" in corpus header, inserting as note.
WARN: Cant find government term with ID "Saeima 12" in corpus header, inserting as note.
WARN: Cant find government term with ID "Saeima 13" in corpus header, inserting as note.
ERROR: Person CirceneIngrida not found in TEI corpus, skipping!
WARN: Cant find government term with ID "Saeima 11" in corpus header, inserting as note.
WARN: Cant find government term with ID "Saeima 12" in corpus header, inserting as note.
WARN: Cant find government term with ID "Saeima 13" in corpus header, inserting as note.
WARN: Cant find government term with ID "Saeima 13" in corpus header, inserting as note.
WARN: Cant find government term with ID "Saeima 11" in corpus header, inserting as note.
ERROR: Person DuklavsJanis not found in TEI corpus, skipping!
WARN: Cant find government term with ID "Saeima 13" in corpus header, inserting as note.
INFO: Inserting minister affiliation(s) for "ŠadurskisKārlis"
INFO: Inserting affiliation "minister" from "2016-02-11" to "2018-11-27"
INFO: Inserting minister affiliation(s) for "AugulisUldis"
INFO: Inserting affiliation "minister" from "2016-02-11" to "2019-01-23"
INFO: Inserting minister affiliation(s) for "ŠuplinskaIlga"
INFO: Inserting affiliation "minister" from "2019-01-24" to "2021-06-03"
INFO: Inserting minister affiliation(s) for "PabriksArtis"
INFO: Inserting affiliation "minister" from "2010-11-03" to "2014-01-22"
INFO: Inserting affiliation "minister" from "2019-01-24" to ""
INFO: Inserting affiliation "minister" from "2022-05-17" to ""
INFO: Inserting minister affiliation(s) for "BelēvičsGuntis"
INFO: Inserting affiliation "minister" from "2014-11-06" to "2016-06-10"
INFO: Inserting minister affiliation(s) for "RinkēvičsEdgars"
INFO: Inserting affiliation "minister" from "2011-10-25" to ""
INFO: Inserting minister affiliation(s) for "DombrovskisVjačeslavs"
INFO: Inserting affiliation "minister" from "" to ""
INFO: Inserting minister affiliation(s) for "VilksAndris"
INFO: Inserting affiliation "minister" from "2010-11-03" to "2014-11-05"
INFO: Inserting minister affiliation(s) for "PlešsArtūrsToms"
INFO: Inserting affiliation "minister" from "2020-12-17" to ""
INFO: Inserting minister affiliation(s) for "VitenbergsJānis"
INFO: Inserting affiliation "minister" from "2020-04-02" to "2021-05-15"
INFO: Inserting affiliation "minister" from "2020-06-03" to "2022-05-18"
INFO: Inserting minister affiliation(s) for "PavļutsDaniels"
INFO: Inserting affiliation "minister" from "2021-01-08" to ""
INFO: Inserting minister affiliation(s) for "NemiroRalfs"
INFO: Inserting affiliation "minister" from "2019-01-24" to "2020-03-16"
INFO: Inserting minister affiliation(s) for "CilinskisEinārs"
INFO: Inserting affiliation "minister" from "2014-01-22" to "2014-03-14"
INFO: Inserting minister affiliation(s) for "LinkaitsTālis"
INFO: Inserting affiliation "minister" from "2019-01-24" to ""
INFO: Inserting minister affiliation(s) for "RasnačsDzintars"
INFO: Inserting affiliation "minister" from "2014-11-06" to ""
INFO: Inserting minister affiliation(s) for "IndriksoneIlze"
INFO: Inserting affiliation "minister" from "2022-05-26" to ""
INFO: Inserting minister affiliation(s) for "Reizniece-OzolaDana"
INFO: Inserting affiliation "minister" from "2014-11-05" to "2016-02-11"
INFO: Inserting affiliation "minister" from "2016-02-12" to "2019-01-23"
INFO: Inserting minister affiliation(s) for "GolubevaMarija"
INFO: Inserting affiliation "minister" from "2021-06-04" to "2022-05-16"
INFO: Inserting minister affiliation(s) for "VējonisRaimonds"
INFO: Inserting affiliation "minister" from "2014-01-23" to "2015-07-07"
INFO: Inserting minister affiliation(s) for "GerhardsKaspars"
INFO: Inserting affiliation "minister" from "2014-11-06" to "2019-01-23"
INFO: Inserting affiliation "minister" from "2019-01-24" to ""
INFO: Inserting minister affiliation(s) for "MuižnieceAnita"
INFO: Inserting affiliation "minister" from "2021-06-04" to ""
INFO: Inserting minister affiliation(s) for "MatīssAnrijs"
INFO: Inserting affiliation "minister" from "2013-03-01" to "2015-11-01"
INFO: Inserting minister affiliation(s) for "BērziņšGaidis"
INFO: Inserting affiliation "minister" from "2014-08-22" to "2014-11-05"
INFO: Inserting minister affiliation(s) for "ViņķeleIlze"
INFO: Inserting affiliation "minister" from "2019-01-24" to "2021-07-01"
INFO: Inserting minister affiliation(s) for "ĢirģensSandis"
INFO: Inserting affiliation "minister" from "2019-01-24" to "2021-06-03"
INFO: Inserting minister affiliation(s) for "BergmanisRaimonds"
INFO: Inserting affiliation "minister" from "2015-07-08" to "2019-01-23"
INFO: Inserting minister affiliation(s) for "NaudiņšRomāns"
INFO: Inserting affiliation "minister" from "2014-03-27" to "2014-11-05"
INFO: Inserting minister affiliation(s) for "ReirsJānis"
INFO: Inserting affiliation "minister" from "2014-11-06" to "2016-02-11"
INFO: Inserting affiliation "minister" from "2019-01-24" to ""
INFO: Inserting affiliation "minister" from "2018-11-28" to "2019-01-23"
INFO: Inserting affiliation "minister" from "2016-02-11" to "2019-01-23"
INFO: Inserting minister affiliation(s) for "PetravičaRamona"
INFO: Inserting affiliation "minister" from "2019-01-24" to "2021-06-03"
INFO: Inserting minister affiliation(s) for "PūceJuris"
INFO: Inserting affiliation "minister" from "2019-01-24" to "2020-11-12"
INFO: Inserting minister affiliation(s) for "AšeradensArvils"
INFO: Inserting affiliation "minister" from "2016-02-12" to "2019-01-23"
INFO: Inserting minister affiliation(s) for "PuntulisNauris"
INFO: Inserting affiliation "minister" from "2019-07-08" to ""
INFO: Inserting minister affiliation(s) for "StraujumaLaimdota"
INFO: Inserting affiliation "minister" from "2011-10-25" to "2014-01-22"
INFO: Inserting minister affiliation(s) for "MelbārdeDace"
INFO: Inserting affiliation "minister" from "2014-08-07" to "2014-08-21"
INFO: Inserting affiliation "minister" from "2013-10-31" to "2019-07-04"
INFO: Inserting minister affiliation(s) for "KozlovskisRihards"
INFO: Inserting affiliation "minister" from "2011-10-25" to "2019-01-23"
INFO: Inserting minister affiliation(s) for "ČakšaAnda"
INFO: Inserting affiliation "minister" from "2016-06-16" to "2019-01-23"
