INFO: *****Converting FI
INFO: ***Making FI samples
INFO: selecting meta file ParlaMint-taxonomy-parla.legislature.xml
INFO: selecting meta file ParlaMint-taxonomy-speaker_types.xml
INFO: selecting meta file ParlaMint-taxonomy-subcorpus.xml
INFO: selecting meta file ParlaMint-taxonomy-CHES.xml
INFO: selecting meta file ParlaMint-taxonomy-politicalOrientation.xml
INFO: selecting meta file ParlaMint-FI-listOrg.xml
INFO: selecting meta file ParlaMint-FI-listPerson.xml
INFO: from 962 component files  selecting ~3 files:
INFO: selecting component file 2017/ParlaMint-FI_2017-10-04-ps-98.xml
INFO: selecting component file 2020/ParlaMint-FI_2020-02-18-ps-8.xml
INFO: selecting component file 2022/ParlaMint-FI_2022-01-25-ps-165.xml
INFO: Converting directory /project/corpora/Parla/ParlaMint/ParlaMint/Corpora/Master/ParlaMint-FI
INFO: Making text files
INFO: converting ParlaMint-FI_2017-10-04-ps-98 to text file
INFO: converting ParlaMint-FI_2020-02-18-ps-8 to text file
INFO: converting ParlaMint-FI_2022-01-25-ps-165 to text file
INFO: Making metadata files
INFO: Converting ParlaMint-FI_2022-01-25-ps-165 to metadata TSV
INFO: Converting ParlaMint-FI_2017-10-04-ps-98 to metadata TSV
INFO: Converting ParlaMint-FI_2020-02-18-ps-8 to metadata TSV
INFO: Converting ParlaMint-FI_2017-10-04-ps-98 to metadata TSV
INFO: Converting ParlaMint-FI_2022-01-25-ps-165 to metadata TSV
INFO: Converting ParlaMint-FI_2020-02-18-ps-8 to metadata TSV
INFO: selecting meta file ParlaMint-taxonomy-parla.legislature.xml
INFO: selecting meta file ParlaMint-taxonomy-speaker_types.xml
INFO: selecting meta file ParlaMint-taxonomy-subcorpus.xml
INFO: selecting meta file ParlaMint-taxonomy-UD-SYN.ana.xml
INFO: selecting meta file ParlaMint-taxonomy-NER.ana.xml
INFO: selecting meta file ParlaMint-taxonomy-CHES.xml
INFO: selecting meta file ParlaMint-taxonomy-politicalOrientation.xml
INFO: selecting meta file ParlaMint-FI-listOrg.xml
INFO: selecting meta file ParlaMint-FI-listPerson.xml
INFO: from 962 component files  selecting ~3 files:
INFO: selecting component file 2017/ParlaMint-FI_2017-10-04-ps-98.ana.xml
INFO: selecting component file 2020/ParlaMint-FI_2020-02-18-ps-8.ana.xml
INFO: selecting component file 2022/ParlaMint-FI_2022-01-25-ps-165.ana.xml
INFO: Converting directory /project/corpora/Parla/ParlaMint/ParlaMint/Corpora/Master/ParlaMint-FI
INFO: Converting ParlaMint-FI_2017-10-04-ps-98.ana to vertical
INFO: Converting ParlaMint-FI_2022-01-25-ps-165.ana to vertical
INFO: Converting ParlaMint-FI_2020-02-18-ps-8.ana to vertical
WARN: registry file parlamint41_fi not found
INFO: Converting directory /project/corpora/Parla/ParlaMint/ParlaMint/Corpora/Master/ParlaMint-FI
INFO: Converting ParlaMint-FI_2022-01-25-ps-165.ana to metadata TSV
INFO: Converting ParlaMint-FI_2017-10-04-ps-98.ana to metadata TSV
INFO: Converting ParlaMint-FI_2020-02-18-ps-8.ana to metadata TSV
INFO: Converting ParlaMint-FI_2022-01-25-ps-165.ana to metadata TSV
INFO: Converting ParlaMint-FI_2017-10-04-ps-98.ana to metadata TSV
INFO: Converting ParlaMint-FI_2020-02-18-ps-8.ana to metadata TSV
/project/corpora/Parla/ParlaMint/ParlaMint/Corpora/Master/ParlaMint-FI/ParlaMint-FI_2017-10-04-ps-98.ana-meta-en.tsv not renamed: /project/corpora/Parla/ParlaMint/ParlaMint/Corpora/Master/ParlaMint-FI/ParlaMint-FI_2017-10-04-ps-98-meta-en.tsv already exists
/project/corpora/Parla/ParlaMint/ParlaMint/Corpora/Master/ParlaMint-FI/ParlaMint-FI_2020-02-18-ps-8.ana-meta-en.tsv not renamed: /project/corpora/Parla/ParlaMint/ParlaMint/Corpora/Master/ParlaMint-FI/ParlaMint-FI_2020-02-18-ps-8-meta-en.tsv already exists
/project/corpora/Parla/ParlaMint/ParlaMint/Corpora/Master/ParlaMint-FI/ParlaMint-FI_2022-01-25-ps-165.ana-meta-en.tsv not renamed: /project/corpora/Parla/ParlaMint/ParlaMint/Corpora/Master/ParlaMint-FI/ParlaMint-FI_2022-01-25-ps-165-meta-en.tsv already exists
WARN: skipping segment without sentences ParlaMint-FI_2017-10-04-ps-98.seg281
*** PASSED ***
*** PASSED ***
*** PASSED ***
*** PASSED ***
*** PASSED ***
*** PASSED ***
INFO: ***Finished processing FI corpus.
INFO: *****Converting FI-en
INFO: ***Making FI-en samples
WARN: No TEI files for FI-en samples (needed root file is /project/corpora/Parla/ParlaMint/ParlaMint/Corpora/Master/ParlaMint-FI-en.TEI/ParlaMint-FI-en.xml)
INFO: selecting meta file ParlaMint-taxonomy-parla.legislature.xml
INFO: selecting meta file ParlaMint-taxonomy-speaker_types.xml
INFO: selecting meta file ParlaMint-taxonomy-subcorpus.xml
INFO: selecting meta file ParlaMint-taxonomy-NER.ana.xml
INFO: selecting meta file ParlaMint-taxonomy-CHES.xml
INFO: selecting meta file ParlaMint-taxonomy-politicalOrientation.xml
INFO: selecting meta file ParlaMint-taxonomy-USAS.ana.xml
INFO: selecting meta file ParlaMint-FI-listOrg.xml
INFO: selecting meta file ParlaMint-FI-listPerson.xml
INFO: from 962 component files  selecting ~3 files:
INFO: selecting component file 2017/ParlaMint-FI-en_2017-10-04-ps-98.ana.xml
INFO: selecting component file 2020/ParlaMint-FI-en_2020-02-18-ps-8.ana.xml
INFO: selecting component file 2022/ParlaMint-FI-en_2022-01-25-ps-165.ana.xml
INFO: Converting directory /project/corpora/Parla/ParlaMint/ParlaMint/Corpora/Master/ParlaMint-FI-en
INFO: Converting ParlaMint-FI-en_2017-10-04-ps-98.ana to vertical
INFO: Converting ParlaMint-FI-en_2022-01-25-ps-165.ana to vertical
INFO: Converting ParlaMint-FI-en_2020-02-18-ps-8.ana to vertical
WARN: registry file parlamint41_fi_en not found
INFO: Converting directory /project/corpora/Parla/ParlaMint/ParlaMint/Corpora/Master/ParlaMint-FI-en
INFO: Converting ParlaMint-FI-en_2020-02-18-ps-8.ana to metadata TSV
INFO: Converting ParlaMint-FI-en_2017-10-04-ps-98.ana to metadata TSV
INFO: Converting ParlaMint-FI-en_2022-01-25-ps-165.ana to metadata TSV
WARN: skipping segment without sentences ParlaMint-FI_2017-10-04-ps-98.seg281
*** PASSED ***
*** PASSED ***
*** PASSED ***
*** PASSED ***
*** PASSED ***
*** PASSED ***
INFO: ***Finished processing FI-en corpus.
