WARN:  ParlaMint-DK is missing translation  for taxonomy ParlaMint-taxonomy-subcorpus
WARN:  ParlaMint-EE is missing translation  for taxonomy ParlaMint-taxonomy-subcorpus
WARN:  ParlaMint-NO is missing translation  for taxonomy ParlaMint-taxonomy-subcorpus
WARN:  ParlaMint-SE is missing translation  for taxonomy ParlaMint-taxonomy-subcorpus
WARN:  ParlaMint-DK is missing translation for category reference for taxonomy ParlaMint-taxonomy-subcorpus
WARN:  ParlaMint-EE is missing translation for category reference for taxonomy ParlaMint-taxonomy-subcorpus
WARN:  ParlaMint-NO is missing translation for category reference for taxonomy ParlaMint-taxonomy-subcorpus
WARN:  ParlaMint-DK is missing translation for category covid for taxonomy ParlaMint-taxonomy-subcorpus
WARN:  ParlaMint-EE is missing translation for category covid for taxonomy ParlaMint-taxonomy-subcorpus
WARN:  ParlaMint-NO is missing translation for category covid for taxonomy ParlaMint-taxonomy-subcorpus
WARN:  ParlaMint-BA is missing translation for category war for taxonomy ParlaMint-taxonomy-subcorpus
WARN:  ParlaMint-BE is missing translation for category war for taxonomy ParlaMint-taxonomy-subcorpus
WARN:  ParlaMint-BG is missing translation for category war for taxonomy ParlaMint-taxonomy-subcorpus
WARN:  ParlaMint-DK is missing translation for category war for taxonomy ParlaMint-taxonomy-subcorpus
WARN:  ParlaMint-EE is missing translation for category war for taxonomy ParlaMint-taxonomy-subcorpus
WARN:  ParlaMint-ES-CT is missing translation for category war for taxonomy ParlaMint-taxonomy-subcorpus
WARN:  ParlaMint-ES-GA is missing translation for category war for taxonomy ParlaMint-taxonomy-subcorpus
WARN:  ParlaMint-FR is missing translation for category war for taxonomy ParlaMint-taxonomy-subcorpus
WARN:  ParlaMint-GR is missing translation for category war for taxonomy ParlaMint-taxonomy-subcorpus
WARN:  ParlaMint-HR is missing translation for category war for taxonomy ParlaMint-taxonomy-subcorpus
WARN:  ParlaMint-HU is missing translation for category war for taxonomy ParlaMint-taxonomy-subcorpus
WARN:  ParlaMint-IS is missing translation for category war for taxonomy ParlaMint-taxonomy-subcorpus
WARN:  ParlaMint-IT is missing translation for category war for taxonomy ParlaMint-taxonomy-subcorpus
WARN:  ParlaMint-LV is missing translation for category war for taxonomy ParlaMint-taxonomy-subcorpus
WARN:  ParlaMint-NL is missing translation for category war for taxonomy ParlaMint-taxonomy-subcorpus
WARN:  ParlaMint-NO is missing translation for category war for taxonomy ParlaMint-taxonomy-subcorpus
WARN:  ParlaMint-PL is missing translation for category war for taxonomy ParlaMint-taxonomy-subcorpus
WARN:  ParlaMint-PT is missing translation for category war for taxonomy ParlaMint-taxonomy-subcorpus
WARN:  ParlaMint-RS is missing translation for category war for taxonomy ParlaMint-taxonomy-subcorpus
WARN:  ParlaMint-SE is missing translation for category war for taxonomy ParlaMint-taxonomy-subcorpus
WARN:  ParlaMint-SI is missing translation for category war for taxonomy ParlaMint-taxonomy-subcorpus
WARN:  ParlaMint-TR is missing translation for category war for taxonomy ParlaMint-taxonomy-subcorpus
WARN:  ParlaMint-UA is missing translation for category war for taxonomy ParlaMint-taxonomy-subcorpus
WARN:  ParlaMint-AT is missing translation  for taxonomy ParlaMint-taxonomy-speaker_types
WARN:  ParlaMint-BE is missing translation  for taxonomy ParlaMint-taxonomy-speaker_types
WARN:  ParlaMint-DK is missing translation  for taxonomy ParlaMint-taxonomy-speaker_types
WARN:  ParlaMint-SE is missing translation  for taxonomy ParlaMint-taxonomy-speaker_types
WARN:  ParlaMint-TR is missing translation  for taxonomy ParlaMint-taxonomy-speaker_types
WARN:  ParlaMint-AT is missing translation for category chair for taxonomy ParlaMint-taxonomy-speaker_types
WARN:  ParlaMint-BE is missing translation for category chair for taxonomy ParlaMint-taxonomy-speaker_types
WARN:  ParlaMint-DK is missing translation for category chair for taxonomy ParlaMint-taxonomy-speaker_types
WARN:  ParlaMint-SE is missing translation for category chair for taxonomy ParlaMint-taxonomy-speaker_types
WARN:  ParlaMint-AT is missing translation for category regular for taxonomy ParlaMint-taxonomy-speaker_types
WARN:  ParlaMint-BE is missing translation for category regular for taxonomy ParlaMint-taxonomy-speaker_types
WARN:  ParlaMint-DK is missing translation for category regular for taxonomy ParlaMint-taxonomy-speaker_types
WARN:  ParlaMint-EE is missing translation for category regular for taxonomy ParlaMint-taxonomy-speaker_types
WARN:  ParlaMint-SE is missing translation for category regular for taxonomy ParlaMint-taxonomy-speaker_types
WARN:  ParlaMint-AT is missing translation for category guest for taxonomy ParlaMint-taxonomy-speaker_types
WARN:  ParlaMint-BE is missing translation for category guest for taxonomy ParlaMint-taxonomy-speaker_types
WARN:  ParlaMint-DK is missing translation for category guest for taxonomy ParlaMint-taxonomy-speaker_types
WARN:  ParlaMint-PT is missing translation for category guest for taxonomy ParlaMint-taxonomy-speaker_types
WARN:  ParlaMint-SE is missing translation for category guest for taxonomy ParlaMint-taxonomy-speaker_types
ERROR: ParlaMint-FR contains non-standard category government for taxonomy ParlaMint-taxonomy-speaker_types
ERROR: ParlaMint-FR contains non-standard category unknown for taxonomy ParlaMint-taxonomy-speaker_types
ERROR: ParlaMint-TR contains non-standard category unknown for taxonomy ParlaMint-taxonomy-speaker_types
WARN:  ParlaMint-BE is missing translation  for taxonomy ParlaMint-taxonomy-parla.legislature
WARN:  ParlaMint-DK is missing translation  for taxonomy ParlaMint-taxonomy-parla.legislature
WARN:  ParlaMint-SE is missing translation  for taxonomy ParlaMint-taxonomy-parla.legislature
WARN:  ParlaMint-TR is missing translation  for taxonomy ParlaMint-taxonomy-parla.legislature
WARN:  ParlaMint-BE is missing translation for category parla.geo-political for taxonomy ParlaMint-taxonomy-parla.legislature
WARN:  ParlaMint-BG is missing translation for category parla.geo-political for taxonomy ParlaMint-taxonomy-parla.legislature
WARN:  ParlaMint-DK is missing translation for category parla.geo-political for taxonomy ParlaMint-taxonomy-parla.legislature
WARN:  ParlaMint-EE is missing translation for category parla.geo-political for taxonomy ParlaMint-taxonomy-parla.legislature
WARN:  ParlaMint-FR does not contain standard category parla.geo-political for taxonomy ParlaMint-taxonomy-parla.legislature
WARN:  ParlaMint-GB does not contain standard category parla.geo-political for taxonomy ParlaMint-taxonomy-parla.legislature
WARN:  ParlaMint-SE is missing translation for category parla.geo-political for taxonomy ParlaMint-taxonomy-parla.legislature
WARN:  ParlaMint-AT does not contain standard category parla.supranational for taxonomy ParlaMint-taxonomy-parla.legislature
WARN:  ParlaMint-BE is missing translation for category parla.supranational for taxonomy ParlaMint-taxonomy-parla.legislature
WARN:  ParlaMint-BG is missing translation for category parla.supranational for taxonomy ParlaMint-taxonomy-parla.legislature
WARN:  ParlaMint-DK is missing translation for category parla.supranational for taxonomy ParlaMint-taxonomy-parla.legislature
WARN:  ParlaMint-EE is missing translation for category parla.supranational for taxonomy ParlaMint-taxonomy-parla.legislature
WARN:  ParlaMint-ES-CT does not contain standard category parla.supranational for taxonomy ParlaMint-taxonomy-parla.legislature
WARN:  ParlaMint-FR does not contain standard category parla.supranational for taxonomy ParlaMint-taxonomy-parla.legislature
WARN:  ParlaMint-GB does not contain standard category parla.supranational for taxonomy ParlaMint-taxonomy-parla.legislature
WARN:  ParlaMint-GR does not contain standard category parla.supranational for taxonomy ParlaMint-taxonomy-parla.legislature
WARN:  ParlaMint-LV does not contain standard category parla.supranational for taxonomy ParlaMint-taxonomy-parla.legislature
WARN:  ParlaMint-SE is missing translation for category parla.supranational for taxonomy ParlaMint-taxonomy-parla.legislature
WARN:  ParlaMint-BE is missing translation for category parla.national for taxonomy ParlaMint-taxonomy-parla.legislature
WARN:  ParlaMint-BG is missing translation for category parla.national for taxonomy ParlaMint-taxonomy-parla.legislature
WARN:  ParlaMint-DK is missing translation for category parla.national for taxonomy ParlaMint-taxonomy-parla.legislature
WARN:  ParlaMint-EE is missing translation for category parla.national for taxonomy ParlaMint-taxonomy-parla.legislature
WARN:  ParlaMint-ES-CT does not contain standard category parla.national for taxonomy ParlaMint-taxonomy-parla.legislature
WARN:  ParlaMint-SE is missing translation for category parla.national for taxonomy ParlaMint-taxonomy-parla.legislature
WARN:  ParlaMint-AT does not contain standard category parla.regional for taxonomy ParlaMint-taxonomy-parla.legislature
WARN:  ParlaMint-BE is missing translation for category parla.regional for taxonomy ParlaMint-taxonomy-parla.legislature
WARN:  ParlaMint-BG does not contain standard category parla.regional for taxonomy ParlaMint-taxonomy-parla.legislature
WARN:  ParlaMint-DK is missing translation for category parla.regional for taxonomy ParlaMint-taxonomy-parla.legislature
WARN:  ParlaMint-EE is missing translation for category parla.regional for taxonomy ParlaMint-taxonomy-parla.legislature
WARN:  ParlaMint-GB does not contain standard category parla.regional for taxonomy ParlaMint-taxonomy-parla.legislature
WARN:  ParlaMint-GR does not contain standard category parla.regional for taxonomy ParlaMint-taxonomy-parla.legislature
WARN:  ParlaMint-LV does not contain standard category parla.regional for taxonomy ParlaMint-taxonomy-parla.legislature
WARN:  ParlaMint-SE is missing translation for category parla.regional for taxonomy ParlaMint-taxonomy-parla.legislature
WARN:  ParlaMint-AT does not contain standard category parla.local for taxonomy ParlaMint-taxonomy-parla.legislature
WARN:  ParlaMint-BE is missing translation for category parla.local for taxonomy ParlaMint-taxonomy-parla.legislature
WARN:  ParlaMint-BG does not contain standard category parla.local for taxonomy ParlaMint-taxonomy-parla.legislature
WARN:  ParlaMint-DK is missing translation for category parla.local for taxonomy ParlaMint-taxonomy-parla.legislature
WARN:  ParlaMint-EE is missing translation for category parla.local for taxonomy ParlaMint-taxonomy-parla.legislature
WARN:  ParlaMint-FR does not contain standard category parla.local for taxonomy ParlaMint-taxonomy-parla.legislature
WARN:  ParlaMint-GB does not contain standard category parla.local for taxonomy ParlaMint-taxonomy-parla.legislature
WARN:  ParlaMint-GR does not contain standard category parla.local for taxonomy ParlaMint-taxonomy-parla.legislature
WARN:  ParlaMint-IS does not contain standard category parla.local for taxonomy ParlaMint-taxonomy-parla.legislature
WARN:  ParlaMint-LV does not contain standard category parla.local for taxonomy ParlaMint-taxonomy-parla.legislature
WARN:  ParlaMint-SE is missing translation for category parla.local for taxonomy ParlaMint-taxonomy-parla.legislature
WARN:  ParlaMint-BE is missing translation for category parla.organization for taxonomy ParlaMint-taxonomy-parla.legislature
WARN:  ParlaMint-DK is missing translation for category parla.organization for taxonomy ParlaMint-taxonomy-parla.legislature
WARN:  ParlaMint-SE is missing translation for category parla.organization for taxonomy ParlaMint-taxonomy-parla.legislature
WARN:  ParlaMint-BE is missing translation for category parla.chambers for taxonomy ParlaMint-taxonomy-parla.legislature
WARN:  ParlaMint-DK is missing translation for category parla.chambers for taxonomy ParlaMint-taxonomy-parla.legislature
WARN:  ParlaMint-SE is missing translation for category parla.chambers for taxonomy ParlaMint-taxonomy-parla.legislature
WARN:  ParlaMint-AT does not contain standard category parla.uni for taxonomy ParlaMint-taxonomy-parla.legislature
WARN:  ParlaMint-BE is missing translation for category parla.uni for taxonomy ParlaMint-taxonomy-parla.legislature
WARN:  ParlaMint-DK is missing translation for category parla.uni for taxonomy ParlaMint-taxonomy-parla.legislature
WARN:  ParlaMint-GB does not contain standard category parla.uni for taxonomy ParlaMint-taxonomy-parla.legislature
WARN:  ParlaMint-NO is missing translation for category parla.uni for taxonomy ParlaMint-taxonomy-parla.legislature
WARN:  ParlaMint-SE is missing translation for category parla.uni for taxonomy ParlaMint-taxonomy-parla.legislature
WARN:  ParlaMint-BE is missing translation for category parla.bi for taxonomy ParlaMint-taxonomy-parla.legislature
WARN:  ParlaMint-BG does not contain standard category parla.bi for taxonomy ParlaMint-taxonomy-parla.legislature
WARN:  ParlaMint-DK is missing translation for category parla.bi for taxonomy ParlaMint-taxonomy-parla.legislature
WARN:  ParlaMint-ES-CT does not contain standard category parla.bi for taxonomy ParlaMint-taxonomy-parla.legislature
WARN:  ParlaMint-GR does not contain standard category parla.bi for taxonomy ParlaMint-taxonomy-parla.legislature
WARN:  ParlaMint-LV does not contain standard category parla.bi for taxonomy ParlaMint-taxonomy-parla.legislature
WARN:  ParlaMint-NO is missing translation for category parla.bi for taxonomy ParlaMint-taxonomy-parla.legislature
WARN:  ParlaMint-SE is missing translation for category parla.bi for taxonomy ParlaMint-taxonomy-parla.legislature
WARN:  ParlaMint-BE is missing translation for category parla.upper for taxonomy ParlaMint-taxonomy-parla.legislature
WARN:  ParlaMint-BG does not contain standard category parla.upper for taxonomy ParlaMint-taxonomy-parla.legislature
WARN:  ParlaMint-DK is missing translation for category parla.upper for taxonomy ParlaMint-taxonomy-parla.legislature
WARN:  ParlaMint-ES-CT does not contain standard category parla.upper for taxonomy ParlaMint-taxonomy-parla.legislature
WARN:  ParlaMint-GR does not contain standard category parla.upper for taxonomy ParlaMint-taxonomy-parla.legislature
WARN:  ParlaMint-LV does not contain standard category parla.upper for taxonomy ParlaMint-taxonomy-parla.legislature
WARN:  ParlaMint-SE is missing translation for category parla.upper for taxonomy ParlaMint-taxonomy-parla.legislature
WARN:  ParlaMint-BE is missing translation for category parla.lower for taxonomy ParlaMint-taxonomy-parla.legislature
WARN:  ParlaMint-BG does not contain standard category parla.lower for taxonomy ParlaMint-taxonomy-parla.legislature
WARN:  ParlaMint-DK is missing translation for category parla.lower for taxonomy ParlaMint-taxonomy-parla.legislature
WARN:  ParlaMint-ES-CT does not contain standard category parla.lower for taxonomy ParlaMint-taxonomy-parla.legislature
WARN:  ParlaMint-GR does not contain standard category parla.lower for taxonomy ParlaMint-taxonomy-parla.legislature
WARN:  ParlaMint-LV does not contain standard category parla.lower for taxonomy ParlaMint-taxonomy-parla.legislature
WARN:  ParlaMint-SE is missing translation for category parla.lower for taxonomy ParlaMint-taxonomy-parla.legislature
WARN:  ParlaMint-AT does not contain standard category parla.multi for taxonomy ParlaMint-taxonomy-parla.legislature
WARN:  ParlaMint-BE is missing translation for category parla.multi for taxonomy ParlaMint-taxonomy-parla.legislature
WARN:  ParlaMint-BG does not contain standard category parla.multi for taxonomy ParlaMint-taxonomy-parla.legislature
WARN:  ParlaMint-DK is missing translation for category parla.multi for taxonomy ParlaMint-taxonomy-parla.legislature
WARN:  ParlaMint-ES-CT does not contain standard category parla.multi for taxonomy ParlaMint-taxonomy-parla.legislature
WARN:  ParlaMint-GB does not contain standard category parla.multi for taxonomy ParlaMint-taxonomy-parla.legislature
WARN:  ParlaMint-GR does not contain standard category parla.multi for taxonomy ParlaMint-taxonomy-parla.legislature
WARN:  ParlaMint-IS does not contain standard category parla.multi for taxonomy ParlaMint-taxonomy-parla.legislature
WARN:  ParlaMint-LV does not contain standard category parla.multi for taxonomy ParlaMint-taxonomy-parla.legislature
WARN:  ParlaMint-SE is missing translation for category parla.multi for taxonomy ParlaMint-taxonomy-parla.legislature
WARN:  ParlaMint-AT does not contain standard category parla.chamber for taxonomy ParlaMint-taxonomy-parla.legislature
WARN:  ParlaMint-BE is missing translation for category parla.chamber for taxonomy ParlaMint-taxonomy-parla.legislature
WARN:  ParlaMint-BG does not contain standard category parla.chamber for taxonomy ParlaMint-taxonomy-parla.legislature
WARN:  ParlaMint-DK is missing translation for category parla.chamber for taxonomy ParlaMint-taxonomy-parla.legislature
WARN:  ParlaMint-ES-CT does not contain standard category parla.chamber for taxonomy ParlaMint-taxonomy-parla.legislature
WARN:  ParlaMint-GB does not contain standard category parla.chamber for taxonomy ParlaMint-taxonomy-parla.legislature
WARN:  ParlaMint-GR does not contain standard category parla.chamber for taxonomy ParlaMint-taxonomy-parla.legislature
WARN:  ParlaMint-IS does not contain standard category parla.chamber for taxonomy ParlaMint-taxonomy-parla.legislature
WARN:  ParlaMint-LV does not contain standard category parla.chamber for taxonomy ParlaMint-taxonomy-parla.legislature
WARN:  ParlaMint-SE is missing translation for category parla.chamber for taxonomy ParlaMint-taxonomy-parla.legislature
WARN:  ParlaMint-AT does not contain standard category parla.committee for taxonomy ParlaMint-taxonomy-parla.legislature
WARN:  ParlaMint-BE is missing translation for category parla.committee for taxonomy ParlaMint-taxonomy-parla.legislature
WARN:  ParlaMint-DK is missing translation for category parla.committee for taxonomy ParlaMint-taxonomy-parla.legislature
WARN:  ParlaMint-ES-CT does not contain standard category parla.committee for taxonomy ParlaMint-taxonomy-parla.legislature
WARN:  ParlaMint-GB does not contain standard category parla.committee for taxonomy ParlaMint-taxonomy-parla.legislature
WARN:  ParlaMint-GR does not contain standard category parla.committee for taxonomy ParlaMint-taxonomy-parla.legislature
WARN:  ParlaMint-IS does not contain standard category parla.committee for taxonomy ParlaMint-taxonomy-parla.legislature
WARN:  ParlaMint-LV does not contain standard category parla.committee for taxonomy ParlaMint-taxonomy-parla.legislature
WARN:  ParlaMint-SE is missing translation for category parla.committee for taxonomy ParlaMint-taxonomy-parla.legislature
WARN:  ParlaMint-AT does not contain standard category parla.committee.standing for taxonomy ParlaMint-taxonomy-parla.legislature
WARN:  ParlaMint-BE is missing translation for category parla.committee.standing for taxonomy ParlaMint-taxonomy-parla.legislature
WARN:  ParlaMint-DK is missing translation for category parla.committee.standing for taxonomy ParlaMint-taxonomy-parla.legislature
WARN:  ParlaMint-ES-CT does not contain standard category parla.committee.standing for taxonomy ParlaMint-taxonomy-parla.legislature
WARN:  ParlaMint-GB does not contain standard category parla.committee.standing for taxonomy ParlaMint-taxonomy-parla.legislature
WARN:  ParlaMint-GR does not contain standard category parla.committee.standing for taxonomy ParlaMint-taxonomy-parla.legislature
WARN:  ParlaMint-IS does not contain standard category parla.committee.standing for taxonomy ParlaMint-taxonomy-parla.legislature
WARN:  ParlaMint-LV does not contain standard category parla.committee.standing for taxonomy ParlaMint-taxonomy-parla.legislature
WARN:  ParlaMint-NL does not contain standard category parla.committee.standing for taxonomy ParlaMint-taxonomy-parla.legislature
WARN:  ParlaMint-SE is missing translation for category parla.committee.standing for taxonomy ParlaMint-taxonomy-parla.legislature
WARN:  ParlaMint-AT does not contain standard category parla.committee.special for taxonomy ParlaMint-taxonomy-parla.legislature
WARN:  ParlaMint-BE is missing translation for category parla.committee.special for taxonomy ParlaMint-taxonomy-parla.legislature
WARN:  ParlaMint-DK is missing translation for category parla.committee.special for taxonomy ParlaMint-taxonomy-parla.legislature
WARN:  ParlaMint-ES-CT does not contain standard category parla.committee.special for taxonomy ParlaMint-taxonomy-parla.legislature
WARN:  ParlaMint-GB does not contain standard category parla.committee.special for taxonomy ParlaMint-taxonomy-parla.legislature
WARN:  ParlaMint-GR does not contain standard category parla.committee.special for taxonomy ParlaMint-taxonomy-parla.legislature
WARN:  ParlaMint-IS does not contain standard category parla.committee.special for taxonomy ParlaMint-taxonomy-parla.legislature
WARN:  ParlaMint-LV does not contain standard category parla.committee.special for taxonomy ParlaMint-taxonomy-parla.legislature
WARN:  ParlaMint-SE is missing translation for category parla.committee.special for taxonomy ParlaMint-taxonomy-parla.legislature
WARN:  ParlaMint-AT does not contain standard category parla.committee.inquiry for taxonomy ParlaMint-taxonomy-parla.legislature
WARN:  ParlaMint-BE is missing translation for category parla.committee.inquiry for taxonomy ParlaMint-taxonomy-parla.legislature
WARN:  ParlaMint-DK is missing translation for category parla.committee.inquiry for taxonomy ParlaMint-taxonomy-parla.legislature
WARN:  ParlaMint-EE is missing translation for category parla.committee.inquiry for taxonomy ParlaMint-taxonomy-parla.legislature
WARN:  ParlaMint-ES-CT does not contain standard category parla.committee.inquiry for taxonomy ParlaMint-taxonomy-parla.legislature
WARN:  ParlaMint-GB does not contain standard category parla.committee.inquiry for taxonomy ParlaMint-taxonomy-parla.legislature
WARN:  ParlaMint-GR does not contain standard category parla.committee.inquiry for taxonomy ParlaMint-taxonomy-parla.legislature
WARN:  ParlaMint-IS does not contain standard category parla.committee.inquiry for taxonomy ParlaMint-taxonomy-parla.legislature
WARN:  ParlaMint-LV does not contain standard category parla.committee.inquiry for taxonomy ParlaMint-taxonomy-parla.legislature
WARN:  ParlaMint-SE is missing translation for category parla.committee.inquiry for taxonomy ParlaMint-taxonomy-parla.legislature
WARN:  ParlaMint-BE is missing translation for category parla.term for taxonomy ParlaMint-taxonomy-parla.legislature
WARN:  ParlaMint-DK is missing translation for category parla.term for taxonomy ParlaMint-taxonomy-parla.legislature
WARN:  ParlaMint-EE is missing translation for category parla.term for taxonomy ParlaMint-taxonomy-parla.legislature
WARN:  ParlaMint-PT is missing translation for category parla.term for taxonomy ParlaMint-taxonomy-parla.legislature
WARN:  ParlaMint-SE is missing translation for category parla.term for taxonomy ParlaMint-taxonomy-parla.legislature
WARN:  ParlaMint-BE is missing translation for category parla.session for taxonomy ParlaMint-taxonomy-parla.legislature
WARN:  ParlaMint-DK is missing translation for category parla.session for taxonomy ParlaMint-taxonomy-parla.legislature
WARN:  ParlaMint-EE is missing translation for category parla.session for taxonomy ParlaMint-taxonomy-parla.legislature
WARN:  ParlaMint-SE is missing translation for category parla.session for taxonomy ParlaMint-taxonomy-parla.legislature
WARN:  ParlaMint-BE is missing translation for category parla.meeting for taxonomy ParlaMint-taxonomy-parla.legislature
WARN:  ParlaMint-DK is missing translation for category parla.meeting for taxonomy ParlaMint-taxonomy-parla.legislature
WARN:  ParlaMint-EE is missing translation for category parla.meeting for taxonomy ParlaMint-taxonomy-parla.legislature
WARN:  ParlaMint-SE is missing translation for category parla.meeting for taxonomy ParlaMint-taxonomy-parla.legislature
WARN:  ParlaMint-BE is missing translation for category parla.meeting-types for taxonomy ParlaMint-taxonomy-parla.legislature
WARN:  ParlaMint-BG is missing translation for category parla.meeting-types for taxonomy ParlaMint-taxonomy-parla.legislature
WARN:  ParlaMint-DK is missing translation for category parla.meeting-types for taxonomy ParlaMint-taxonomy-parla.legislature
WARN:  ParlaMint-EE is missing translation for category parla.meeting-types for taxonomy ParlaMint-taxonomy-parla.legislature
WARN:  ParlaMint-GR does not contain standard category parla.meeting-types for taxonomy ParlaMint-taxonomy-parla.legislature
WARN:  ParlaMint-SE is missing translation for category parla.meeting-types for taxonomy ParlaMint-taxonomy-parla.legislature
WARN:  ParlaMint-SI is missing translation for category parla.meeting-types for taxonomy ParlaMint-taxonomy-parla.legislature
WARN:  ParlaMint-BE is missing translation for category parla.meeting.regular for taxonomy ParlaMint-taxonomy-parla.legislature
WARN:  ParlaMint-DK is missing translation for category parla.meeting.regular for taxonomy ParlaMint-taxonomy-parla.legislature
WARN:  ParlaMint-EE is missing translation for category parla.meeting.regular for taxonomy ParlaMint-taxonomy-parla.legislature
WARN:  ParlaMint-GR does not contain standard category parla.meeting.regular for taxonomy ParlaMint-taxonomy-parla.legislature
WARN:  ParlaMint-SE is missing translation for category parla.meeting.regular for taxonomy ParlaMint-taxonomy-parla.legislature
WARN:  ParlaMint-AT does not contain standard category parla.meeting.special for taxonomy ParlaMint-taxonomy-parla.legislature
WARN:  ParlaMint-BE is missing translation for category parla.meeting.special for taxonomy ParlaMint-taxonomy-parla.legislature
WARN:  ParlaMint-DK is missing translation for category parla.meeting.special for taxonomy ParlaMint-taxonomy-parla.legislature
WARN:  ParlaMint-EE is missing translation for category parla.meeting.special for taxonomy ParlaMint-taxonomy-parla.legislature
WARN:  ParlaMint-GB does not contain standard category parla.meeting.special for taxonomy ParlaMint-taxonomy-parla.legislature
WARN:  ParlaMint-GR does not contain standard category parla.meeting.special for taxonomy ParlaMint-taxonomy-parla.legislature
WARN:  ParlaMint-SE is missing translation for category parla.meeting.special for taxonomy ParlaMint-taxonomy-parla.legislature
WARN:  ParlaMint-BE is missing translation for category parla.meeting.extraordinary for taxonomy ParlaMint-taxonomy-parla.legislature
WARN:  ParlaMint-DK is missing translation for category parla.meeting.extraordinary for taxonomy ParlaMint-taxonomy-parla.legislature
WARN:  ParlaMint-EE is missing translation for category parla.meeting.extraordinary for taxonomy ParlaMint-taxonomy-parla.legislature
WARN:  ParlaMint-GB does not contain standard category parla.meeting.extraordinary for taxonomy ParlaMint-taxonomy-parla.legislature
WARN:  ParlaMint-GR does not contain standard category parla.meeting.extraordinary for taxonomy ParlaMint-taxonomy-parla.legislature
WARN:  ParlaMint-IS does not contain standard category parla.meeting.extraordinary for taxonomy ParlaMint-taxonomy-parla.legislature
WARN:  ParlaMint-LV does not contain standard category parla.meeting.extraordinary for taxonomy ParlaMint-taxonomy-parla.legislature
WARN:  ParlaMint-SE is missing translation for category parla.meeting.extraordinary for taxonomy ParlaMint-taxonomy-parla.legislature
WARN:  ParlaMint-AT does not contain standard category parla.meeting.urgent for taxonomy ParlaMint-taxonomy-parla.legislature
WARN:  ParlaMint-BE is missing translation for category parla.meeting.urgent for taxonomy ParlaMint-taxonomy-parla.legislature
WARN:  ParlaMint-DK is missing translation for category parla.meeting.urgent for taxonomy ParlaMint-taxonomy-parla.legislature
WARN:  ParlaMint-EE is missing translation for category parla.meeting.urgent for taxonomy ParlaMint-taxonomy-parla.legislature
WARN:  ParlaMint-ES-CT does not contain standard category parla.meeting.urgent for taxonomy ParlaMint-taxonomy-parla.legislature
WARN:  ParlaMint-GB does not contain standard category parla.meeting.urgent for taxonomy ParlaMint-taxonomy-parla.legislature
WARN:  ParlaMint-GR does not contain standard category parla.meeting.urgent for taxonomy ParlaMint-taxonomy-parla.legislature
WARN:  ParlaMint-IS does not contain standard category parla.meeting.urgent for taxonomy ParlaMint-taxonomy-parla.legislature
WARN:  ParlaMint-SE is missing translation for category parla.meeting.urgent for taxonomy ParlaMint-taxonomy-parla.legislature
WARN:  ParlaMint-AT does not contain standard category parla.meeting.ceremonial for taxonomy ParlaMint-taxonomy-parla.legislature
WARN:  ParlaMint-BE is missing translation for category parla.meeting.ceremonial for taxonomy ParlaMint-taxonomy-parla.legislature
WARN:  ParlaMint-DK is missing translation for category parla.meeting.ceremonial for taxonomy ParlaMint-taxonomy-parla.legislature
WARN:  ParlaMint-EE is missing translation for category parla.meeting.ceremonial for taxonomy ParlaMint-taxonomy-parla.legislature
WARN:  ParlaMint-ES-CT does not contain standard category parla.meeting.ceremonial for taxonomy ParlaMint-taxonomy-parla.legislature
WARN:  ParlaMint-GB does not contain standard category parla.meeting.ceremonial for taxonomy ParlaMint-taxonomy-parla.legislature
WARN:  ParlaMint-GR does not contain standard category parla.meeting.ceremonial for taxonomy ParlaMint-taxonomy-parla.legislature
WARN:  ParlaMint-IS does not contain standard category parla.meeting.ceremonial for taxonomy ParlaMint-taxonomy-parla.legislature
WARN:  ParlaMint-SE is missing translation for category parla.meeting.ceremonial for taxonomy ParlaMint-taxonomy-parla.legislature
WARN:  ParlaMint-AT does not contain standard category parla.meeting.commemorative for taxonomy ParlaMint-taxonomy-parla.legislature
WARN:  ParlaMint-BE is missing translation for category parla.meeting.commemorative for taxonomy ParlaMint-taxonomy-parla.legislature
WARN:  ParlaMint-DK is missing translation for category parla.meeting.commemorative for taxonomy ParlaMint-taxonomy-parla.legislature
WARN:  ParlaMint-EE is missing translation for category parla.meeting.commemorative for taxonomy ParlaMint-taxonomy-parla.legislature
WARN:  ParlaMint-ES-CT does not contain standard category parla.meeting.commemorative for taxonomy ParlaMint-taxonomy-parla.legislature
WARN:  ParlaMint-GB does not contain standard category parla.meeting.commemorative for taxonomy ParlaMint-taxonomy-parla.legislature
WARN:  ParlaMint-GR does not contain standard category parla.meeting.commemorative for taxonomy ParlaMint-taxonomy-parla.legislature
WARN:  ParlaMint-IS does not contain standard category parla.meeting.commemorative for taxonomy ParlaMint-taxonomy-parla.legislature
WARN:  ParlaMint-LV does not contain standard category parla.meeting.commemorative for taxonomy ParlaMint-taxonomy-parla.legislature
WARN:  ParlaMint-SE is missing translation for category parla.meeting.commemorative for taxonomy ParlaMint-taxonomy-parla.legislature
WARN:  ParlaMint-AT does not contain standard category parla.meeting.opinions for taxonomy ParlaMint-taxonomy-parla.legislature
WARN:  ParlaMint-BE is missing translation for category parla.meeting.opinions for taxonomy ParlaMint-taxonomy-parla.legislature
WARN:  ParlaMint-DK is missing translation for category parla.meeting.opinions for taxonomy ParlaMint-taxonomy-parla.legislature
WARN:  ParlaMint-EE is missing translation for category parla.meeting.opinions for taxonomy ParlaMint-taxonomy-parla.legislature
WARN:  ParlaMint-ES-CT does not contain standard category parla.meeting.opinions for taxonomy ParlaMint-taxonomy-parla.legislature
WARN:  ParlaMint-GB does not contain standard category parla.meeting.opinions for taxonomy ParlaMint-taxonomy-parla.legislature
WARN:  ParlaMint-GR does not contain standard category parla.meeting.opinions for taxonomy ParlaMint-taxonomy-parla.legislature
WARN:  ParlaMint-IS does not contain standard category parla.meeting.opinions for taxonomy ParlaMint-taxonomy-parla.legislature
WARN:  ParlaMint-LV does not contain standard category parla.meeting.opinions for taxonomy ParlaMint-taxonomy-parla.legislature
WARN:  ParlaMint-SE is missing translation for category parla.meeting.opinions for taxonomy ParlaMint-taxonomy-parla.legislature
WARN:  ParlaMint-TR does not contain standard category parla.meeting.opinions for taxonomy ParlaMint-taxonomy-parla.legislature
WARN:  ParlaMint-AT does not contain standard category parla.meeting.committee for taxonomy ParlaMint-taxonomy-parla.legislature
WARN:  ParlaMint-BA does not contain standard category parla.meeting.committee for taxonomy ParlaMint-taxonomy-parla.legislature
WARN:  ParlaMint-BE does not contain standard category parla.meeting.committee for taxonomy ParlaMint-taxonomy-parla.legislature
WARN:  ParlaMint-BG does not contain standard category parla.meeting.committee for taxonomy ParlaMint-taxonomy-parla.legislature
WARN:  ParlaMint-CZ does not contain standard category parla.meeting.committee for taxonomy ParlaMint-taxonomy-parla.legislature
WARN:  ParlaMint-DK is missing translation for category parla.meeting.committee for taxonomy ParlaMint-taxonomy-parla.legislature
WARN:  ParlaMint-EE is missing translation for category parla.meeting.committee for taxonomy ParlaMint-taxonomy-parla.legislature
WARN:  ParlaMint-ES-CT does not contain standard category parla.meeting.committee for taxonomy ParlaMint-taxonomy-parla.legislature
WARN:  ParlaMint-ES-GA does not contain standard category parla.meeting.committee for taxonomy ParlaMint-taxonomy-parla.legislature
WARN:  ParlaMint-ES does not contain standard category parla.meeting.committee for taxonomy ParlaMint-taxonomy-parla.legislature
WARN:  ParlaMint-FR does not contain standard category parla.meeting.committee for taxonomy ParlaMint-taxonomy-parla.legislature
WARN:  ParlaMint-GB does not contain standard category parla.meeting.committee for taxonomy ParlaMint-taxonomy-parla.legislature
WARN:  ParlaMint-GR does not contain standard category parla.meeting.committee for taxonomy ParlaMint-taxonomy-parla.legislature
WARN:  ParlaMint-HR does not contain standard category parla.meeting.committee for taxonomy ParlaMint-taxonomy-parla.legislature
WARN:  ParlaMint-HU does not contain standard category parla.meeting.committee for taxonomy ParlaMint-taxonomy-parla.legislature
WARN:  ParlaMint-IS does not contain standard category parla.meeting.committee for taxonomy ParlaMint-taxonomy-parla.legislature
WARN:  ParlaMint-IT does not contain standard category parla.meeting.committee for taxonomy ParlaMint-taxonomy-parla.legislature
WARN:  ParlaMint-LV does not contain standard category parla.meeting.committee for taxonomy ParlaMint-taxonomy-parla.legislature
WARN:  ParlaMint-NL does not contain standard category parla.meeting.committee for taxonomy ParlaMint-taxonomy-parla.legislature
WARN:  ParlaMint-NO does not contain standard category parla.meeting.committee for taxonomy ParlaMint-taxonomy-parla.legislature
WARN:  ParlaMint-PL does not contain standard category parla.meeting.committee for taxonomy ParlaMint-taxonomy-parla.legislature
WARN:  ParlaMint-PT does not contain standard category parla.meeting.committee for taxonomy ParlaMint-taxonomy-parla.legislature
WARN:  ParlaMint-RS does not contain standard category parla.meeting.committee for taxonomy ParlaMint-taxonomy-parla.legislature
WARN:  ParlaMint-SE does not contain standard category parla.meeting.committee for taxonomy ParlaMint-taxonomy-parla.legislature
WARN:  ParlaMint-SI does not contain standard category parla.meeting.committee for taxonomy ParlaMint-taxonomy-parla.legislature
WARN:  ParlaMint-TR does not contain standard category parla.meeting.committee for taxonomy ParlaMint-taxonomy-parla.legislature
WARN:  ParlaMint-UA does not contain standard category parla.meeting.committee for taxonomy ParlaMint-taxonomy-parla.legislature
WARN:  ParlaMint-AT does not contain standard category parla.meeting.continued for taxonomy ParlaMint-taxonomy-parla.legislature
WARN:  ParlaMint-BE is missing translation for category parla.meeting.continued for taxonomy ParlaMint-taxonomy-parla.legislature
WARN:  ParlaMint-BG is missing translation for category parla.meeting.continued for taxonomy ParlaMint-taxonomy-parla.legislature
WARN:  ParlaMint-DK is missing translation for category parla.meeting.continued for taxonomy ParlaMint-taxonomy-parla.legislature
WARN:  ParlaMint-EE is missing translation for category parla.meeting.continued for taxonomy ParlaMint-taxonomy-parla.legislature
WARN:  ParlaMint-GB does not contain standard category parla.meeting.continued for taxonomy ParlaMint-taxonomy-parla.legislature
WARN:  ParlaMint-GR does not contain standard category parla.meeting.continued for taxonomy ParlaMint-taxonomy-parla.legislature
WARN:  ParlaMint-IS does not contain standard category parla.meeting.continued for taxonomy ParlaMint-taxonomy-parla.legislature
WARN:  ParlaMint-SE is missing translation for category parla.meeting.continued for taxonomy ParlaMint-taxonomy-parla.legislature
WARN:  ParlaMint-SI is missing translation for category parla.meeting.continued for taxonomy ParlaMint-taxonomy-parla.legislature
WARN:  ParlaMint-AT does not contain standard category parla.meeting.public for taxonomy ParlaMint-taxonomy-parla.legislature
WARN:  ParlaMint-BE is missing translation for category parla.meeting.public for taxonomy ParlaMint-taxonomy-parla.legislature
WARN:  ParlaMint-DK is missing translation for category parla.meeting.public for taxonomy ParlaMint-taxonomy-parla.legislature
WARN:  ParlaMint-EE is missing translation for category parla.meeting.public for taxonomy ParlaMint-taxonomy-parla.legislature
WARN:  ParlaMint-ES-CT does not contain standard category parla.meeting.public for taxonomy ParlaMint-taxonomy-parla.legislature
WARN:  ParlaMint-GB does not contain standard category parla.meeting.public for taxonomy ParlaMint-taxonomy-parla.legislature
WARN:  ParlaMint-GR does not contain standard category parla.meeting.public for taxonomy ParlaMint-taxonomy-parla.legislature
WARN:  ParlaMint-IS does not contain standard category parla.meeting.public for taxonomy ParlaMint-taxonomy-parla.legislature
WARN:  ParlaMint-IT does not contain standard category parla.meeting.public for taxonomy ParlaMint-taxonomy-parla.legislature
WARN:  ParlaMint-SE is missing translation for category parla.meeting.public for taxonomy ParlaMint-taxonomy-parla.legislature
WARN:  ParlaMint-AT does not contain standard category parla.meeting.executive for taxonomy ParlaMint-taxonomy-parla.legislature
WARN:  ParlaMint-BE is missing translation for category parla.meeting.executive for taxonomy ParlaMint-taxonomy-parla.legislature
WARN:  ParlaMint-DK is missing translation for category parla.meeting.executive for taxonomy ParlaMint-taxonomy-parla.legislature
WARN:  ParlaMint-EE is missing translation for category parla.meeting.executive for taxonomy ParlaMint-taxonomy-parla.legislature
WARN:  ParlaMint-ES-CT does not contain standard category parla.meeting.executive for taxonomy ParlaMint-taxonomy-parla.legislature
WARN:  ParlaMint-GB does not contain standard category parla.meeting.executive for taxonomy ParlaMint-taxonomy-parla.legislature
WARN:  ParlaMint-GR does not contain standard category parla.meeting.executive for taxonomy ParlaMint-taxonomy-parla.legislature
WARN:  ParlaMint-IS does not contain standard category parla.meeting.executive for taxonomy ParlaMint-taxonomy-parla.legislature
WARN:  ParlaMint-SE is missing translation for category parla.meeting.executive for taxonomy ParlaMint-taxonomy-parla.legislature
WARN:  ParlaMint-BE is missing translation for category parla.sitting for taxonomy ParlaMint-taxonomy-parla.legislature
WARN:  ParlaMint-DK is missing translation for category parla.sitting for taxonomy ParlaMint-taxonomy-parla.legislature
WARN:  ParlaMint-EE is missing translation for category parla.sitting for taxonomy ParlaMint-taxonomy-parla.legislature
WARN:  ParlaMint-IS does not contain standard category parla.sitting for taxonomy ParlaMint-taxonomy-parla.legislature
WARN:  ParlaMint-SE is missing translation for category parla.sitting for taxonomy ParlaMint-taxonomy-parla.legislature
ERROR: ParlaMint-IS contains non-standard category parla.meeting.unregistered for taxonomy ParlaMint-taxonomy-parla.legislature
ERROR: ParlaMint-IS contains non-standard category parla.sittinig for taxonomy ParlaMint-taxonomy-parla.legislature
ERROR: ParlaMint-IS contains non-standard category parla.unif for taxonomy ParlaMint-taxonomy-parla.legislature
ERROR: ParlaMint-IT contains non-standard category parla.meetining.public for taxonomy ParlaMint-taxonomy-parla.legislature
WARN:  ParlaMint-AT.ana is missing translation  for taxonomy ParlaMint-taxonomy-NER.ana
WARN:  ParlaMint-BA.ana is missing translation  for taxonomy ParlaMint-taxonomy-NER.ana
WARN:  ParlaMint-BE.ana is missing translation  for taxonomy ParlaMint-taxonomy-NER.ana
WARN:  ParlaMint-BG.ana is missing translation  for taxonomy ParlaMint-taxonomy-NER.ana
WARN:  ParlaMint-CZ.ana is missing translation  for taxonomy ParlaMint-taxonomy-NER.ana
WARN:  ParlaMint-DK.ana is missing translation  for taxonomy ParlaMint-taxonomy-NER.ana
WARN:  ParlaMint-EE.ana is missing translation  for taxonomy ParlaMint-taxonomy-NER.ana
WARN:  ParlaMint-ES-CT.ana is missing translation  for taxonomy ParlaMint-taxonomy-NER.ana
WARN:  ParlaMint-FR.ana is missing translation  for taxonomy ParlaMint-taxonomy-NER.ana
WARN:  ParlaMint-HR.ana is missing translation  for taxonomy ParlaMint-taxonomy-NER.ana
WARN:  ParlaMint-HU.ana is missing translation  for taxonomy ParlaMint-taxonomy-NER.ana
WARN:  ParlaMint-IS.ana is missing translation  for taxonomy ParlaMint-taxonomy-NER.ana
WARN:  ParlaMint-NL.ana is missing translation  for taxonomy ParlaMint-taxonomy-NER.ana
WARN:  ParlaMint-NO.ana is missing translation  for taxonomy ParlaMint-taxonomy-NER.ana
WARN:  ParlaMint-PT.ana is missing translation  for taxonomy ParlaMint-taxonomy-NER.ana
WARN:  ParlaMint-RS.ana is missing translation  for taxonomy ParlaMint-taxonomy-NER.ana
WARN:  ParlaMint-SE.ana is missing translation  for taxonomy ParlaMint-taxonomy-NER.ana
WARN:  ParlaMint-SI.ana is missing translation  for taxonomy ParlaMint-taxonomy-NER.ana
WARN:  ParlaMint-BA.ana is missing translation for category PER for taxonomy ParlaMint-taxonomy-NER.ana
WARN:  ParlaMint-DK.ana is missing translation for category PER for taxonomy ParlaMint-taxonomy-NER.ana
WARN:  ParlaMint-HR.ana is missing translation for category PER for taxonomy ParlaMint-taxonomy-NER.ana
WARN:  ParlaMint-RS.ana is missing translation for category PER for taxonomy ParlaMint-taxonomy-NER.ana
WARN:  ParlaMint-SE.ana is missing translation for category PER for taxonomy ParlaMint-taxonomy-NER.ana
WARN:  ParlaMint-BA.ana is missing translation for category LOC for taxonomy ParlaMint-taxonomy-NER.ana
WARN:  ParlaMint-DK.ana is missing translation for category LOC for taxonomy ParlaMint-taxonomy-NER.ana
WARN:  ParlaMint-HR.ana is missing translation for category LOC for taxonomy ParlaMint-taxonomy-NER.ana
WARN:  ParlaMint-RS.ana is missing translation for category LOC for taxonomy ParlaMint-taxonomy-NER.ana
WARN:  ParlaMint-SE.ana is missing translation for category LOC for taxonomy ParlaMint-taxonomy-NER.ana
WARN:  ParlaMint-BA.ana is missing translation for category ORG for taxonomy ParlaMint-taxonomy-NER.ana
WARN:  ParlaMint-DK.ana is missing translation for category ORG for taxonomy ParlaMint-taxonomy-NER.ana
WARN:  ParlaMint-HR.ana is missing translation for category ORG for taxonomy ParlaMint-taxonomy-NER.ana
WARN:  ParlaMint-RS.ana is missing translation for category ORG for taxonomy ParlaMint-taxonomy-NER.ana
WARN:  ParlaMint-SE.ana is missing translation for category ORG for taxonomy ParlaMint-taxonomy-NER.ana
WARN:  ParlaMint-AT.ana is missing translation for category MISC for taxonomy ParlaMint-taxonomy-NER.ana
WARN:  ParlaMint-BA.ana is missing translation for category MISC for taxonomy ParlaMint-taxonomy-NER.ana
WARN:  ParlaMint-DK.ana is missing translation for category MISC for taxonomy ParlaMint-taxonomy-NER.ana
WARN:  ParlaMint-HR.ana is missing translation for category MISC for taxonomy ParlaMint-taxonomy-NER.ana
WARN:  ParlaMint-RS.ana is missing translation for category MISC for taxonomy ParlaMint-taxonomy-NER.ana
WARN:  ParlaMint-SE.ana is missing translation for category MISC for taxonomy ParlaMint-taxonomy-NER.ana
WARN:  ParlaMint-TR.ana is missing translation for category MISC for taxonomy ParlaMint-taxonomy-NER.ana
27.54user 3.33system 0:10.21elapsed 302%CPU (0avgtext+0avgdata 303904maxresident)k
26864inputs+720outputs (0major+335471minor)pagefaults 0swaps
