INFO: Doing /home/project/corpora/Parla/ParlaMint/ParlaMint/Build/Sources-TSV/ParlaMint-ES-GA
INFO: Transliteration
INFO: copying ES-GA (nothing to transliterate)
INFO: No TSV metadata for Encoder orientations, skipping
INFO: No TSV metadata for CHES orientations, skipping
INFO: Adding TSV metadata for Wiki orientations
WARN: For ES-GA ADCG no orientation in Wiki TSV
WARN: For ES-GA ADCeG no orientation in Wiki TSV
WARN: For ES-GA AIDG no orientation in Wiki TSV
WARN: For ES-GA CC no orientation in Wiki TSV
WARN: For ES-GA DeC no orientation in Wiki TSV
WARN: For ES-GA GPM no orientation in Wiki TSV
WARN: For ES-GA GPPPdeG no orientation in Wiki TSV
WARN: For ES-GA HARTOS.ORG no orientation in Wiki TSV
WARN: For ES-GA PAyJ no orientation in Wiki TSV
WARN: For ES-GA PT no orientation in Wiki TSV
WARN: For ES-GA SAIn no orientation in Wiki TSV
WARN: For ES-GA SDD no orientation in Wiki TSV
WARN: For ES-GA VNG no orientation in Wiki TSV
INFO: Transliteration
INFO: copying ES-GA (nothing to transliterate)
INFO: No TSV metadata for Encoder ministers, skipping
INFO: No TSV metadata for Sex info, skipping
INFO: Doing /home/project/corpora/Parla/ParlaMint/ParlaMint/Build/Sources-TSV/ParlaMint-ES-GA
INFO: Transliteration
INFO: copying ES-GA (nothing to transliterate)
INFO: No TSV metadata for Encoder orientations, skipping
INFO: No TSV metadata for CHES orientations, skipping
INFO: Adding TSV metadata for Wiki orientations
WARN: For ES-GA ADCG no orientation in Wiki TSV
WARN: For ES-GA ADCeG no orientation in Wiki TSV
WARN: For ES-GA AIDG no orientation in Wiki TSV
WARN: For ES-GA CC no orientation in Wiki TSV
WARN: For ES-GA DeC no orientation in Wiki TSV
WARN: For ES-GA GPM no orientation in Wiki TSV
WARN: For ES-GA GPPPdeG no orientation in Wiki TSV
WARN: For ES-GA HARTOS.ORG no orientation in Wiki TSV
WARN: For ES-GA PAyJ no orientation in Wiki TSV
WARN: For ES-GA PT no orientation in Wiki TSV
WARN: For ES-GA SAIn no orientation in Wiki TSV
WARN: For ES-GA SDD no orientation in Wiki TSV
WARN: For ES-GA VNG no orientation in Wiki TSV
INFO: Transliteration
INFO: copying ES-GA (nothing to transliterate)
INFO: No TSV metadata for Encoder ministers, skipping
INFO: No TSV metadata for Sex info, skipping
