INFO: *****Converting NL
INFO: ***Making NL samples
INFO: selecting meta file ParlaMint-taxonomy-parla.legislature.xml
INFO: selecting meta file ParlaMint-taxonomy-speaker_types.xml
INFO: selecting meta file ParlaMint-taxonomy-subcorpus.xml
INFO: selecting meta file ParlaMint-taxonomy-CHES.xml
INFO: selecting meta file ParlaMint-taxonomy-politicalOrientation.xml
INFO: selecting meta file ParlaMint-NL-listOrg.xml
INFO: selecting meta file ParlaMint-NL-listPerson.xml
INFO: from 6100 component files  selecting ~3 files:
INFO: selecting component file 2017/ParlaMint-NL_2017-01-26-tweedekamer-4.xml
INFO: selecting component file 2019/ParlaMint-NL_2019-05-16-tweedekamer-11.xml
INFO: selecting component file 2022/ParlaMint-NL_2022-07-12-eerstekamer-3.xml
INFO: Converting directory /project/corpora/Parla/ParlaMint/ParlaMint/Corpora/Master/ParlaMint-NL
INFO: Making text files
INFO: converting ParlaMint-NL_2017-01-26-tweedekamer-4 to text file
INFO: converting ParlaMint-NL_2022-07-12-eerstekamer-3 to text file
INFO: converting ParlaMint-NL_2019-05-16-tweedekamer-11 to text file
INFO: Making metadata files
INFO: Converting ParlaMint-NL_2022-07-12-eerstekamer-3 to metadata TSV
INFO: Converting ParlaMint-NL_2019-05-16-tweedekamer-11 to metadata TSV
INFO: Converting ParlaMint-NL_2017-01-26-tweedekamer-4 to metadata TSV
INFO: Converting ParlaMint-NL_2017-01-26-tweedekamer-4 to metadata TSV
INFO: Converting ParlaMint-NL_2022-07-12-eerstekamer-3 to metadata TSV
INFO: Converting ParlaMint-NL_2019-05-16-tweedekamer-11 to metadata TSV
INFO: selecting meta file ParlaMint-taxonomy-parla.legislature.xml
INFO: selecting meta file ParlaMint-taxonomy-speaker_types.xml
INFO: selecting meta file ParlaMint-taxonomy-subcorpus.xml
INFO: selecting meta file ParlaMint-taxonomy-NER.ana.xml
INFO: selecting meta file ParlaMint-taxonomy-UD-SYN.ana.xml
INFO: selecting meta file ParlaMint-NL-taxonomy-chn.ana.xml
INFO: selecting meta file ParlaMint-taxonomy-CHES.xml
INFO: selecting meta file ParlaMint-taxonomy-politicalOrientation.xml
INFO: selecting meta file ParlaMint-NL-listOrg.xml
INFO: selecting meta file ParlaMint-NL-listPerson.xml
INFO: from 6100 component files  selecting ~3 files:
INFO: selecting component file 2017/ParlaMint-NL_2017-01-26-tweedekamer-4.ana.xml
INFO: selecting component file 2019/ParlaMint-NL_2019-05-16-tweedekamer-11.ana.xml
INFO: selecting component file 2022/ParlaMint-NL_2022-07-12-eerstekamer-3.ana.xml
INFO: Converting directory /project/corpora/Parla/ParlaMint/ParlaMint/Corpora/Master/ParlaMint-NL
INFO: Converting ParlaMint-NL_2022-07-12-eerstekamer-3.ana to vertical
INFO: Converting ParlaMint-NL_2017-01-26-tweedekamer-4.ana to vertical
INFO: Converting ParlaMint-NL_2019-05-16-tweedekamer-11.ana to vertical
WARN: registry file parlamint41_nl not found
INFO: Converting directory /project/corpora/Parla/ParlaMint/ParlaMint/Corpora/Master/ParlaMint-NL
INFO: Converting ParlaMint-NL_2017-01-26-tweedekamer-4.ana to metadata TSV
INFO: Converting ParlaMint-NL_2019-05-16-tweedekamer-11.ana to metadata TSV
INFO: Converting ParlaMint-NL_2022-07-12-eerstekamer-3.ana to metadata TSV
INFO: Converting ParlaMint-NL_2019-05-16-tweedekamer-11.ana to metadata TSV
INFO: Converting ParlaMint-NL_2017-01-26-tweedekamer-4.ana to metadata TSV
INFO: Converting ParlaMint-NL_2022-07-12-eerstekamer-3.ana to metadata TSV
/project/corpora/Parla/ParlaMint/ParlaMint/Corpora/Master/ParlaMint-NL/ParlaMint-NL_2017-01-26-tweedekamer-4.ana-meta-en.tsv not renamed: /project/corpora/Parla/ParlaMint/ParlaMint/Corpora/Master/ParlaMint-NL/ParlaMint-NL_2017-01-26-tweedekamer-4-meta-en.tsv already exists
/project/corpora/Parla/ParlaMint/ParlaMint/Corpora/Master/ParlaMint-NL/ParlaMint-NL_2019-05-16-tweedekamer-11.ana-meta-en.tsv not renamed: /project/corpora/Parla/ParlaMint/ParlaMint/Corpora/Master/ParlaMint-NL/ParlaMint-NL_2019-05-16-tweedekamer-11-meta-en.tsv already exists
/project/corpora/Parla/ParlaMint/ParlaMint/Corpora/Master/ParlaMint-NL/ParlaMint-NL_2022-07-12-eerstekamer-3.ana-meta-en.tsv not renamed: /project/corpora/Parla/ParlaMint/ParlaMint/Corpora/Master/ParlaMint-NL/ParlaMint-NL_2022-07-12-eerstekamer-3-meta-en.tsv already exists
*** PASSED ***
*** PASSED ***
*** PASSED ***
*** PASSED ***
*** PASSED ***
*** PASSED ***
INFO: ***Finished processing NL corpus.
INFO: *****Converting NL-en
INFO: ***Making NL-en samples
WARN: No TEI files for NL-en samples (needed root file is /project/corpora/Parla/ParlaMint/ParlaMint/Corpora/Master/ParlaMint-NL-en.TEI/ParlaMint-NL-en.xml)
INFO: selecting meta file ParlaMint-taxonomy-parla.legislature.xml
INFO: selecting meta file ParlaMint-taxonomy-speaker_types.xml
INFO: selecting meta file ParlaMint-taxonomy-subcorpus.xml
INFO: selecting meta file ParlaMint-taxonomy-NER.ana.xml
INFO: selecting meta file ParlaMint-taxonomy-CHES.xml
INFO: selecting meta file ParlaMint-taxonomy-politicalOrientation.xml
INFO: selecting meta file ParlaMint-taxonomy-USAS.ana.xml
INFO: selecting meta file ParlaMint-NL-listOrg.xml
INFO: selecting meta file ParlaMint-NL-listPerson.xml
INFO: from 6100 component files  selecting ~3 files:
INFO: selecting component file 2017/ParlaMint-NL-en_2017-01-26-tweedekamer-4.ana.xml
INFO: selecting component file 2019/ParlaMint-NL-en_2019-05-16-tweedekamer-11.ana.xml
INFO: selecting component file 2022/ParlaMint-NL-en_2022-07-12-eerstekamer-3.ana.xml
INFO: Converting directory /project/corpora/Parla/ParlaMint/ParlaMint/Corpora/Master/ParlaMint-NL-en
INFO: Converting ParlaMint-NL-en_2017-01-26-tweedekamer-4.ana to vertical
INFO: Converting ParlaMint-NL-en_2019-05-16-tweedekamer-11.ana to vertical
INFO: Converting ParlaMint-NL-en_2022-07-12-eerstekamer-3.ana to vertical
WARN: registry file parlamint41_nl_en not found
INFO: Converting directory /project/corpora/Parla/ParlaMint/ParlaMint/Corpora/Master/ParlaMint-NL-en
INFO: Converting ParlaMint-NL-en_2019-05-16-tweedekamer-11.ana to metadata TSV
INFO: Converting ParlaMint-NL-en_2022-07-12-eerstekamer-3.ana to metadata TSV
INFO: Converting ParlaMint-NL-en_2017-01-26-tweedekamer-4.ana to metadata TSV
*** PASSED ***
*** PASSED ***
*** PASSED ***
*** PASSED ***
*** PASSED ***
*** PASSED ***
INFO: ***Finished processing NL-en corpus.
