WARN: For UA fr.au no orientation in Wiki TSV
WARN: For UA fr.edu no orientation in Wiki TSV
WARN: For UA fr.edup no orientation in Wiki TSV
WARN: For UA fr.lab-ndp no orientation in Wiki TSV
WARN: For UA fr.ndp-lab no orientation in Wiki TSV
WARN: For UA fr.ndp-ppu no orientation in Wiki TSV
WARN: For UA fr.ndp-resp no orientation in Wiki TSV
WARN: For UA fr.ppu-lab no orientation in Wiki TSV
WARN: For UA fr.regU no orientation in Wiki TSV
WARN: For UA fr.rzm no orientation in Wiki TSV
WARN: For UA fr.vdr no orientation in Wiki TSV
WARN: For UA gr.au no orientation in Wiki TSV
WARN: For UA gr.centre no orientation in Wiki TSV
WARN: For UA gr.demi-narod no orientation in Wiki TSV
WARN: For UA gr.demi no orientation in Wiki TSV
WARN: For UA gr.dovnar no orientation in Wiki TSV
WARN: For UA gr.ech no orientation in Wiki TSV
WARN: For UA gr.ed no orientation in Wiki TSV
WARN: For UA gr.narod no orientation in Wiki TSV
WARN: For UA gr.pch no orientation in Wiki TSV
WARN: For UA gr.ppu-pwill no orientation in Wiki TSV
WARN: For UA gr.ps no orientation in Wiki TSV
WARN: For UA gr.pvd no orientation in Wiki TSV
WARN: For UA gr.pwill no orientation in Wiki TSV
WARN: For UA gr.rzm no orientation in Wiki TSV
WARN: For UA gr.soyuz no orientation in Wiki TSV
WARN: For UA gr.vd no orientation in Wiki TSV
WARN: For UA gr.vdr no orientation in Wiki TSV
WARN: For UA gr.vu no orientation in Wiki TSV
WARN: For UA pp.Demo no orientation in Wiki TSV
WARN: For UA pp.dpuds no orientation in Wiki TSV
WARN: For UA pp.lpu no orientation in Wiki TSV
WARN: For UA pp.NED no orientation in Wiki TSV
WARN: For UA pp.Novi no orientation in Wiki TSV
WARN: For UA pp.Patr no orientation in Wiki TSV
WARN: For UA pp.pora no orientation in Wiki TSV
WARN: For UA pp.RPU no orientation in Wiki TSV
WARN: For UA pp.Sea no orientation in Wiki TSV
WARN: For UA pp.Spravy no orientation in Wiki TSV
WARN: For UA pp.Unity no orientation in Wiki TSV
WARN: For UA pp.UnityOO no orientation in Wiki TSV
WARN: For UA pp.UP no orientation in Wiki TSV
WARN: For UA pp.Vdr no orientation in Wiki TSV
WARN: For UA pp.Volia no orientation in Wiki TSV
WARN: For UA pp.youth no orientation in Wiki TSV
WARN: For UA pp.Zastrup no orientation in Wiki TSV
