INFO: *****Converting BA
INFO: ***Making BA samples
INFO: selecting meta file ParlaMint-taxonomy-parla.legislature.xml
INFO: selecting meta file ParlaMint-taxonomy-speaker_types.xml
INFO: selecting meta file ParlaMint-taxonomy-subcorpus.xml
INFO: selecting meta file ParlaMint-taxonomy-CHES.xml
INFO: selecting meta file ParlaMint-taxonomy-politicalOrientation.xml
INFO: selecting meta file ParlaMint-BA-listOrg.xml
INFO: selecting meta file ParlaMint-BA-listPerson.xml
INFO: from 743 component files  selecting ~3 files:
INFO: selecting component file 2006/ParlaMint-BA_2006-07-07-0.xml
INFO: selecting component file 2013/ParlaMint-BA_2013-10-07-0.xml
INFO: selecting component file 2022/ParlaMint-BA_2022-06-30-0.xml
INFO: Converting directory /project/corpora/Parla/ParlaMint/ParlaMint/Corpora/Master/ParlaMint-BA
INFO: Making text files
INFO: converting ParlaMint-BA_2013-10-07-0 to text file
INFO: converting ParlaMint-BA_2006-07-07-0 to text file
INFO: converting ParlaMint-BA_2022-06-30-0 to text file
INFO: Making metadata files
INFO: Converting ParlaMint-BA_2013-10-07-0 to metadata TSV
INFO: Converting ParlaMint-BA_2006-07-07-0 to metadata TSV
INFO: Converting ParlaMint-BA_2022-06-30-0 to metadata TSV
INFO: Converting ParlaMint-BA_2013-10-07-0 to metadata TSV
INFO: Converting ParlaMint-BA_2006-07-07-0 to metadata TSV
INFO: Converting ParlaMint-BA_2022-06-30-0 to metadata TSV
INFO: selecting meta file ParlaMint-taxonomy-parla.legislature.xml
INFO: selecting meta file ParlaMint-taxonomy-speaker_types.xml
INFO: selecting meta file ParlaMint-taxonomy-subcorpus.xml
INFO: selecting meta file ParlaMint-taxonomy-NER.ana.xml
INFO: selecting meta file ParlaMint-taxonomy-UD-SYN.ana.xml
INFO: selecting meta file ParlaMint-taxonomy-CHES.xml
INFO: selecting meta file ParlaMint-taxonomy-politicalOrientation.xml
INFO: selecting meta file ParlaMint-BA-listOrg.xml
INFO: selecting meta file ParlaMint-BA-listPerson.xml
INFO: from 743 component files  selecting ~3 files:
INFO: selecting component file 2006/ParlaMint-BA_2006-07-07-0.ana.xml
INFO: selecting component file 2013/ParlaMint-BA_2013-10-07-0.ana.xml
INFO: selecting component file 2022/ParlaMint-BA_2022-06-30-0.ana.xml
INFO: Converting directory /project/corpora/Parla/ParlaMint/ParlaMint/Corpora/Master/ParlaMint-BA
INFO: Converting ParlaMint-BA_2013-10-07-0.ana to vertical
INFO: Converting ParlaMint-BA_2022-06-30-0.ana to vertical
INFO: Converting ParlaMint-BA_2006-07-07-0.ana to vertical
INFO: Converting directory /project/corpora/Parla/ParlaMint/ParlaMint/Corpora/Master/ParlaMint-BA
INFO: Converting ParlaMint-BA_2022-06-30-0.ana to metadata TSV
INFO: Converting ParlaMint-BA_2013-10-07-0.ana to metadata TSV
INFO: Converting ParlaMint-BA_2006-07-07-0.ana to metadata TSV
INFO: Converting ParlaMint-BA_2006-07-07-0.ana to metadata TSV
INFO: Converting ParlaMint-BA_2013-10-07-0.ana to metadata TSV
INFO: Converting ParlaMint-BA_2022-06-30-0.ana to metadata TSV
/project/corpora/Parla/ParlaMint/ParlaMint/Corpora/Master/ParlaMint-BA/ParlaMint-BA_2006-07-07-0.ana-meta-en.tsv not renamed: /project/corpora/Parla/ParlaMint/ParlaMint/Corpora/Master/ParlaMint-BA/ParlaMint-BA_2006-07-07-0-meta-en.tsv already exists
/project/corpora/Parla/ParlaMint/ParlaMint/Corpora/Master/ParlaMint-BA/ParlaMint-BA_2013-10-07-0.ana-meta-en.tsv not renamed: /project/corpora/Parla/ParlaMint/ParlaMint/Corpora/Master/ParlaMint-BA/ParlaMint-BA_2013-10-07-0-meta-en.tsv already exists
/project/corpora/Parla/ParlaMint/ParlaMint/Corpora/Master/ParlaMint-BA/ParlaMint-BA_2022-06-30-0.ana-meta-en.tsv not renamed: /project/corpora/Parla/ParlaMint/ParlaMint/Corpora/Master/ParlaMint-BA/ParlaMint-BA_2022-06-30-0-meta-en.tsv already exists
*** PASSED ***
*** PASSED ***
*** PASSED ***
*** PASSED ***
*** PASSED ***
*** PASSED ***
INFO: ***Finished processing BA corpus.
INFO: *****Converting BA-en
INFO: ***Making BA-en samples
WARN: No TEI files for BA-en samples (needed root file is /project/corpora/Parla/ParlaMint/ParlaMint/Corpora/Master/ParlaMint-BA-en.TEI/ParlaMint-BA-en.xml)
INFO: selecting meta file ParlaMint-taxonomy-parla.legislature.xml
INFO: selecting meta file ParlaMint-taxonomy-speaker_types.xml
INFO: selecting meta file ParlaMint-taxonomy-subcorpus.xml
INFO: selecting meta file ParlaMint-taxonomy-NER.ana.xml
INFO: selecting meta file ParlaMint-taxonomy-CHES.xml
INFO: selecting meta file ParlaMint-taxonomy-politicalOrientation.xml
INFO: selecting meta file ParlaMint-taxonomy-USAS.ana.xml
INFO: selecting meta file ParlaMint-BA-listOrg.xml
INFO: selecting meta file ParlaMint-BA-listPerson.xml
INFO: from 743 component files  selecting ~3 files:
INFO: selecting component file 2006/ParlaMint-BA-en_2006-07-07-0.ana.xml
INFO: selecting component file 2013/ParlaMint-BA-en_2013-10-07-0.ana.xml
INFO: selecting component file 2022/ParlaMint-BA-en_2022-06-30-0.ana.xml
INFO: Converting directory /project/corpora/Parla/ParlaMint/ParlaMint/Corpora/Master/ParlaMint-BA-en
INFO: Converting ParlaMint-BA-en_2013-10-07-0.ana to vertical
INFO: Converting ParlaMint-BA-en_2022-06-30-0.ana to vertical
INFO: Converting ParlaMint-BA-en_2006-07-07-0.ana to vertical
WARN: registry file parlamint41_ba_en not found
INFO: Converting directory /project/corpora/Parla/ParlaMint/ParlaMint/Corpora/Master/ParlaMint-BA-en
INFO: Converting ParlaMint-BA-en_2022-06-30-0.ana to metadata TSV
INFO: Converting ParlaMint-BA-en_2013-10-07-0.ana to metadata TSV
INFO: Converting ParlaMint-BA-en_2006-07-07-0.ana to metadata TSV
*** PASSED ***
*** PASSED ***
*** PASSED ***
*** PASSED ***
*** PASSED ***
*** PASSED ***
INFO: ***Finished processing BA-en corpus.
