INFO: Doing /home/project/corpora/Parla/ParlaMint/ParlaMint/Build/Sources-TSV/ParlaMint-BA
INFO: Transliteration
INFO: copying BA (nothing to transliterate)
INFO: No TSV metadata for Encoder orientations, skipping
INFO: No TSV metadata for CHES orientations, skipping
INFO: Adding TSV metadata for Wiki orientations
WARN: For BA BSP no orientation in Wiki TSV
WARN: For BA DSP_BiH no orientation in Wiki TSV
WARN: For BA EB no orientation in Wiki TSV
WARN: For BA GDS no orientation in Wiki TSV
WARN: For BA KCD_BiH no orientation in Wiki TSV
WARN: For BA SPUBiH no orientation in Wiki TSV
WARN: For BA Sloga no orientation in Wiki TSV
INFO: Transliteration
INFO: copying BA (nothing to transliterate)
INFO: Adding TSV metadata for Encoder ministers
WARN: Cant find government term with ID "11th cabinet" in listOrg, inserting as note.
WARN: Cant find government term with ID "12th cabinet" in listOrg, inserting as note.
WARN: TSV person TurkovićBisera not found in TEI corpus, skipping!
WARN: Cant find government term with ID "11th cabinet" in listOrg, inserting as note.
WARN: Cant find government term with ID "12/13th cabinet" in listOrg, inserting as note.
WARN: Cant find government term with ID "11th cabinet" in listOrg, inserting as note.
WARN: Cant find government term with ID "12th cabinet" in listOrg, inserting as note.
WARN: Cant find government term with ID "13th cabinet" in listOrg, inserting as note.
WARN: TSV person OsmićZekerijah not found in TEI corpus, skipping!
WARN: Cant find government term with ID "12th cabinet" in listOrg, inserting as note.
WARN: Cant find government term with ID "13th cabinet" in listOrg, inserting as note.
WARN: Cant find government term with ID "11th cabinet" in listOrg, inserting as note.
WARN: Cant find government term with ID "12th cabinet" in listOrg, inserting as note.
WARN: Cant find government term with ID "13th cabinet" in listOrg, inserting as note.
WARN: Cant find government term with ID "13th cabinet" in listOrg, inserting as note.
WARN: Cant find government term with ID "9/10/11th cabinet" in listOrg, inserting as note.
WARN: Cant find government term with ID "12/13th cabinet" in listOrg, inserting as note.
WARN: Cant find government term with ID "9/10/11th cabinet" in listOrg, inserting as note.
WARN: Cant find government term with ID "12th cabinet" in listOrg, inserting as note.
WARN: Cant find government term with ID "13th cabinet" in listOrg, inserting as note.
WARN: Cant find government term with ID "11th cabinet" in listOrg, inserting as note.
WARN: Cant find government term with ID "12th cabinet" in listOrg, inserting as note.
WARN: Cant find government term with ID "12th cabinet" in listOrg, inserting as note.
WARN: Cant find government term with ID "13th cabinet" in listOrg, inserting as note.
WARN: Cant find government term with ID "11th cabinet" in listOrg, inserting as note.
WARN: Cant find government term with ID "12th cabinet" in listOrg, inserting as note.
WARN: Cant find government term with ID "13th cabinet" in listOrg, inserting as note.
INFO: Inserting affiliation member for ŠpirićNikola from "2012-01-12" to "2015-03-31"
INFO: Inserting affiliation minister for ŠpirićNikola from "2012-01-12" to "2015-03-31"
INFO: Inserting affiliation member for KošaracStaša from "2019-12-24" to ""
INFO: Inserting affiliation minister for KošaracStaša from "2019-12-24" to ""
INFO: Inserting affiliation member for PodžićSifet from "2019-12-24" to ""
INFO: Inserting affiliation minister for PodžićSifet from "2019-12-24" to ""
INFO: Inserting affiliation member for RadončićFahrudin from "2012-11-22" to "2014-04-29"
INFO: Inserting affiliation minister for RadončićFahrudin from "2012-11-22" to "2014-04-29"
INFO: Inserting affiliation member for RadončićFahrudin from "2019-12-24" to "2020-06-02"
INFO: Inserting affiliation minister for RadončićFahrudin from "2019-12-24" to "2020-06-02"
INFO: Inserting affiliation member for ČolakBariša from "2007-01-11" to "2015-03-31"
INFO: Inserting affiliation minister for ČolakBariša from "2007-01-11" to "2015-03-31"
INFO: Inserting affiliation member for NovićSredoje from "2007-01-11" to "2015-03-31"
INFO: Inserting affiliation minister for NovićSredoje from "2007-01-11" to "2015-03-31"
INFO: Inserting affiliation member for LagumdžijaZlatko from "2012-01-12" to "2015-03-31"
INFO: Inserting affiliation minister for LagumdžijaZlatko from "2012-01-12" to "2015-03-31"
INFO: Inserting affiliation member for PendešMarina from "2015-04-01" to "2019-12-23"
INFO: Inserting affiliation minister for PendešMarina from "2015-04-01" to "2019-12-23"
INFO: Inserting affiliation member for MektićDragan from "2015-03-31" to "2019-12-23"
INFO: Inserting affiliation minister for MektićDragan from "2015-03-31" to "2019-12-23"
INFO: Inserting affiliation member for OsmanovićAdil from "2015-04-01" to "2019-12-23"
INFO: Inserting affiliation minister for OsmanovićAdil from "2015-04-01" to "2019-12-23"
INFO: Inserting affiliation member for ŠarovićMirko from "2015-04-01" to "2019-12-23"
INFO: Inserting affiliation minister for ŠarovićMirko from "2015-04-01" to "2019-12-23"
INFO: Inserting affiliation member for LjubićDamir from "2012-01-12" to "2015-03-31"
INFO: Inserting affiliation minister for LjubićDamir from "2012-01-12" to "2015-03-31"
INFO: Inserting affiliation member for CrnadakIgor from "2015-04-01" to "2019-12-23"
INFO: Inserting affiliation minister for CrnadakIgor from "2015-04-01" to "2019-12-23"
INFO: Inserting affiliation member for BevandaVjekoslav from "2015-04-01" to ""
INFO: Inserting affiliation minister for BevandaVjekoslav from "2015-04-01" to ""
INFO: Inserting affiliation member for LučićMiloš from "2020-05-15" to "2022-12-12"
INFO: Inserting affiliation minister for LučićMiloš from "2020-05-15" to "2022-12-12"
INFO: Inserting affiliation member for GudeljevićAnkica from "2019-12-24" to ""
INFO: Inserting affiliation minister for GudeljevićAnkica from "2019-12-24" to ""
INFO: Inserting affiliation member for GrubešaJosip from "2015-04-01" to ""
INFO: Inserting affiliation minister for GrubešaJosip from "2015-04-01" to ""
INFO: Inserting affiliation member for CikotićSelmo from "2020-07-23" to ""
INFO: Inserting affiliation minister for CikotićSelmo from "2020-07-23" to ""
INFO: Inserting affiliation member for MitrovićVojin from "2019-12-23" to "2022-12-23"
INFO: Inserting affiliation minister for MitrovićVojin from "2019-12-23" to "2022-12-23"
INFO: Inserting affiliation member for MatanovićSlavko from "2015-04-01" to "2016-05-11"
INFO: Inserting affiliation minister for MatanovićSlavko from "2015-04-01" to "2016-05-11"
INFO: Inserting affiliation member for HadžićDamir from "2012-01-12" to "2015-03-31"
INFO: Inserting affiliation minister for HadžićDamir from "2012-01-12" to "2015-03-31"
INFO: Inserting affiliation member for TučićBoris from "2013-12-05" to "2015-01-22"
INFO: Inserting affiliation minister for TučićBoris from "2013-12-05" to "2015-01-22"
INFO: Inserting affiliation member for JuskoIsmir from "2016-05-12" to "2018-12-26"
INFO: Inserting affiliation minister for JuskoIsmir from "2016-05-12" to "2018-12-26"
INFO: Inserting affiliation member for BorovacSemiha from "2015-04-01" to "2019-12-23"
INFO: Inserting affiliation minister for BorovacSemiha from "2015-04-01" to "2019-12-23"
INFO: Adding TSV metadata for Sex info
INFO: Doing /home/project/corpora/Parla/ParlaMint/ParlaMint/Build/Sources-TSV/ParlaMint-BA
INFO: Transliteration
INFO: copying BA (nothing to transliterate)
INFO: No TSV metadata for Encoder orientations, skipping
INFO: No TSV metadata for CHES orientations, skipping
INFO: Adding TSV metadata for Wiki orientations
WARN: For BA BSP no orientation in Wiki TSV
WARN: For BA DSP_BiH no orientation in Wiki TSV
WARN: For BA EB no orientation in Wiki TSV
WARN: For BA GDS no orientation in Wiki TSV
WARN: For BA KCD_BiH no orientation in Wiki TSV
WARN: For BA SPUBiH no orientation in Wiki TSV
WARN: For BA Sloga no orientation in Wiki TSV
INFO: Transliteration
INFO: copying BA (nothing to transliterate)
INFO: Adding TSV metadata for Encoder ministers
WARN: Cant find government term with ID "11th cabinet" in listOrg, inserting as note.
WARN: Cant find government term with ID "12th cabinet" in listOrg, inserting as note.
WARN: TSV person TurkovićBisera not found in TEI corpus, skipping!
WARN: Cant find government term with ID "11th cabinet" in listOrg, inserting as note.
WARN: Cant find government term with ID "12/13th cabinet" in listOrg, inserting as note.
WARN: Cant find government term with ID "11th cabinet" in listOrg, inserting as note.
WARN: Cant find government term with ID "12th cabinet" in listOrg, inserting as note.
WARN: Cant find government term with ID "13th cabinet" in listOrg, inserting as note.
WARN: TSV person OsmićZekerijah not found in TEI corpus, skipping!
WARN: Cant find government term with ID "12th cabinet" in listOrg, inserting as note.
WARN: Cant find government term with ID "13th cabinet" in listOrg, inserting as note.
WARN: Cant find government term with ID "11th cabinet" in listOrg, inserting as note.
WARN: Cant find government term with ID "12th cabinet" in listOrg, inserting as note.
WARN: Cant find government term with ID "13th cabinet" in listOrg, inserting as note.
WARN: Cant find government term with ID "13th cabinet" in listOrg, inserting as note.
WARN: Cant find government term with ID "9/10/11th cabinet" in listOrg, inserting as note.
WARN: Cant find government term with ID "12/13th cabinet" in listOrg, inserting as note.
WARN: Cant find government term with ID "9/10/11th cabinet" in listOrg, inserting as note.
WARN: Cant find government term with ID "12th cabinet" in listOrg, inserting as note.
WARN: Cant find government term with ID "13th cabinet" in listOrg, inserting as note.
WARN: Cant find government term with ID "11th cabinet" in listOrg, inserting as note.
WARN: Cant find government term with ID "12th cabinet" in listOrg, inserting as note.
WARN: Cant find government term with ID "12th cabinet" in listOrg, inserting as note.
WARN: Cant find government term with ID "13th cabinet" in listOrg, inserting as note.
WARN: Cant find government term with ID "11th cabinet" in listOrg, inserting as note.
WARN: Cant find government term with ID "12th cabinet" in listOrg, inserting as note.
WARN: Cant find government term with ID "13th cabinet" in listOrg, inserting as note.
INFO: Inserting affiliation member for ŠpirićNikola from "2012-01-12" to "2015-03-31"
INFO: Inserting affiliation minister for ŠpirićNikola from "2012-01-12" to "2015-03-31"
INFO: Inserting affiliation member for KošaracStaša from "2019-12-24" to ""
INFO: Inserting affiliation minister for KošaracStaša from "2019-12-24" to ""
INFO: Inserting affiliation member for PodžićSifet from "2019-12-24" to ""
INFO: Inserting affiliation minister for PodžićSifet from "2019-12-24" to ""
INFO: Inserting affiliation member for RadončićFahrudin from "2012-11-22" to "2014-04-29"
INFO: Inserting affiliation minister for RadončićFahrudin from "2012-11-22" to "2014-04-29"
INFO: Inserting affiliation member for RadončićFahrudin from "2019-12-24" to "2020-06-02"
INFO: Inserting affiliation minister for RadončićFahrudin from "2019-12-24" to "2020-06-02"
INFO: Inserting affiliation member for ČolakBariša from "2007-01-11" to "2015-03-31"
INFO: Inserting affiliation minister for ČolakBariša from "2007-01-11" to "2015-03-31"
INFO: Inserting affiliation member for NovićSredoje from "2007-01-11" to "2015-03-31"
INFO: Inserting affiliation minister for NovićSredoje from "2007-01-11" to "2015-03-31"
INFO: Inserting affiliation member for LagumdžijaZlatko from "2012-01-12" to "2015-03-31"
INFO: Inserting affiliation minister for LagumdžijaZlatko from "2012-01-12" to "2015-03-31"
INFO: Inserting affiliation member for PendešMarina from "2015-04-01" to "2019-12-23"
INFO: Inserting affiliation minister for PendešMarina from "2015-04-01" to "2019-12-23"
INFO: Inserting affiliation member for MektićDragan from "2015-03-31" to "2019-12-23"
INFO: Inserting affiliation minister for MektićDragan from "2015-03-31" to "2019-12-23"
INFO: Inserting affiliation member for OsmanovićAdil from "2015-04-01" to "2019-12-23"
INFO: Inserting affiliation minister for OsmanovićAdil from "2015-04-01" to "2019-12-23"
INFO: Inserting affiliation member for ŠarovićMirko from "2015-04-01" to "2019-12-23"
INFO: Inserting affiliation minister for ŠarovićMirko from "2015-04-01" to "2019-12-23"
INFO: Inserting affiliation member for LjubićDamir from "2012-01-12" to "2015-03-31"
INFO: Inserting affiliation minister for LjubićDamir from "2012-01-12" to "2015-03-31"
INFO: Inserting affiliation member for CrnadakIgor from "2015-04-01" to "2019-12-23"
INFO: Inserting affiliation minister for CrnadakIgor from "2015-04-01" to "2019-12-23"
INFO: Inserting affiliation member for BevandaVjekoslav from "2015-04-01" to ""
INFO: Inserting affiliation minister for BevandaVjekoslav from "2015-04-01" to ""
INFO: Inserting affiliation member for LučićMiloš from "2020-05-15" to "2022-12-12"
INFO: Inserting affiliation minister for LučićMiloš from "2020-05-15" to "2022-12-12"
INFO: Inserting affiliation member for GudeljevićAnkica from "2019-12-24" to ""
INFO: Inserting affiliation minister for GudeljevićAnkica from "2019-12-24" to ""
INFO: Inserting affiliation member for GrubešaJosip from "2015-04-01" to ""
INFO: Inserting affiliation minister for GrubešaJosip from "2015-04-01" to ""
INFO: Inserting affiliation member for CikotićSelmo from "2020-07-23" to ""
INFO: Inserting affiliation minister for CikotićSelmo from "2020-07-23" to ""
INFO: Inserting affiliation member for MitrovićVojin from "2019-12-23" to "2022-12-23"
INFO: Inserting affiliation minister for MitrovićVojin from "2019-12-23" to "2022-12-23"
INFO: Inserting affiliation member for MatanovićSlavko from "2015-04-01" to "2016-05-11"
INFO: Inserting affiliation minister for MatanovićSlavko from "2015-04-01" to "2016-05-11"
INFO: Inserting affiliation member for HadžićDamir from "2012-01-12" to "2015-03-31"
INFO: Inserting affiliation minister for HadžićDamir from "2012-01-12" to "2015-03-31"
INFO: Inserting affiliation member for TučićBoris from "2013-12-05" to "2015-01-22"
INFO: Inserting affiliation minister for TučićBoris from "2013-12-05" to "2015-01-22"
INFO: Inserting affiliation member for JuskoIsmir from "2016-05-12" to "2018-12-26"
INFO: Inserting affiliation minister for JuskoIsmir from "2016-05-12" to "2018-12-26"
INFO: Inserting affiliation member for BorovacSemiha from "2015-04-01" to "2019-12-23"
INFO: Inserting affiliation minister for BorovacSemiha from "2015-04-01" to "2019-12-23"
INFO: Adding TSV metadata for Sex info
