INFO: Doing /home/project/corpora/Parla/ParlaMint/ParlaMint/Build/Sources-TSV/ParlaMint-EE
INFO: Transliteration
INFO: copying EE (nothing to transliterate)
INFO: No TSV metadata for Encoder orientations, skipping
INFO: Adding TSV metadata for CHES orientations
INFO: Adding TSV metadata for Wiki orientations
INFO: Transliteration
INFO: copying EE (nothing to transliterate)
INFO: Adding TSV metadata for Encoder ministers
WARN: Cant find government term with ID "11th/12th parliament" in listOrg, inserting as note.
WARN: Cant find government term with ID "12th parliament" in listOrg, inserting as note.
WARN: Cant find government term with ID "13th parliament" in listOrg, inserting as note.
WARN: Cant find government term with ID "13th parliament" in listOrg, inserting as note.
WARN: Cant find government term with ID "14th parliament" in listOrg, inserting as note.
WARN: Cant find government term with ID "14th parliament" in listOrg, inserting as note.
WARN: Cant find government term with ID "14th parliament" in listOrg, inserting as note.
WARN: Cant find government term with ID "15th parliament" in listOrg, inserting as note.
WARN: Cant find government term with ID "10th/11th/12th parliament" in listOrg, inserting as note.
WARN: Cant find government term with ID "12th parliament" in listOrg, inserting as note.
WARN: Cant find government term with ID "13th parliament" in listOrg, inserting as note.
WARN: Cant find government term with ID "13th parliament" in listOrg, inserting as note.
WARN: Cant find government term with ID "13th parliament" in listOrg, inserting as note.
WARN: Cant find government term with ID "14th parliament" in listOrg, inserting as note.
WARN: Cant find government term with ID "14th parliament" in listOrg, inserting as note.
WARN: Cant find government term with ID "14th parliament" in listOrg, inserting as note.
WARN: Cant find government term with ID "15th parliament" in listOrg, inserting as note.
WARN: Cant find government term with ID "12th parliament" in listOrg, inserting as note.
WARN: Cant find government term with ID "13th parliament" in listOrg, inserting as note.
WARN: Cant find government term with ID "13th parliament" in listOrg, inserting as note.
WARN: Cant find government term with ID "14th parliament" in listOrg, inserting as note.
WARN: Cant find government term with ID "14th parliament" in listOrg, inserting as note.
WARN: TSV person RiisaloTiit not found in TEI corpus, skipping!
WARN: Cant find government term with ID "12th parliament" in listOrg, inserting as note.
WARN: Cant find government term with ID "12th parliament" in listOrg, inserting as note.
WARN: Cant find government term with ID "12th parliament" in listOrg, inserting as note.
WARN: Cant find government term with ID "13th parliament" in listOrg, inserting as note.
WARN: Cant find government term with ID "14th parliament" in listOrg, inserting as note.
WARN: Cant find government term with ID "14th parliament" in listOrg, inserting as note.
WARN: TSV person DanilsonJärgLea not found in TEI corpus, skipping!
WARN: Cant find government term with ID "15th parliament" in listOrg, inserting as note.
WARN: Cant find government term with ID "12th parliament" in listOrg, inserting as note.
WARN: Cant find government term with ID "12th parliament" in listOrg, inserting as note.
WARN: Cant find government term with ID "13th parliament" in listOrg, inserting as note.
WARN: Cant find government term with ID "13th parliament" in listOrg, inserting as note.
WARN: Cant find government term with ID "13th/14th parliament" in listOrg, inserting as note.
WARN: Cant find government term with ID "14th parliament" in listOrg, inserting as note.
WARN: Cant find government term with ID "14th/15th parliament" in listOrg, inserting as note.
WARN: Cant find government term with ID "12th parliament" in listOrg, inserting as note.
WARN: Cant find government term with ID "13th parliament" in listOrg, inserting as note.
WARN: Cant find government term with ID "14th parliament" in listOrg, inserting as note.
WARN: Cant find government term with ID "14th parliament" in listOrg, inserting as note.
WARN: Cant find government term with ID "14th parliament" in listOrg, inserting as note.
WARN: TSV person HartmanPiret not found in TEI corpus, skipping!
WARN: Cant find government term with ID "15th parliament" in listOrg, inserting as note.
WARN: Cant find government term with ID "12th parliament" in listOrg, inserting as note.
WARN: Cant find government term with ID "12th/13th parliament" in listOrg, inserting as note.
WARN: Cant find government term with ID "13th parliament" in listOrg, inserting as note.
WARN: Cant find government term with ID "13th parliament" in listOrg, inserting as note.
WARN: Cant find government term with ID "14th parliament" in listOrg, inserting as note.
WARN: Cant find government term with ID "14th parliament" in listOrg, inserting as note.
WARN: Cant find government term with ID "14th parliament" in listOrg, inserting as note.
WARN: Cant find government term with ID "14th parliament" in listOrg, inserting as note.
WARN: Cant find government term with ID "14th/15th parliament" in listOrg, inserting as note.
WARN: Cant find government term with ID "12th parliament" in listOrg, inserting as note.
WARN: Cant find government term with ID "12th parliament" in listOrg, inserting as note.
WARN: Cant find government term with ID "13th parliament" in listOrg, inserting as note.
WARN: Cant find government term with ID "13th parliament" in listOrg, inserting as note.
WARN: Cant find government term with ID "13th/14th parliament" in listOrg, inserting as note.
WARN: Cant find government term with ID "14th parliament" in listOrg, inserting as note.
WARN: Cant find government term with ID "14th parliament" in listOrg, inserting as note.
WARN: Cant find government term with ID "14th/15th parliament" in listOrg, inserting as note.
WARN: Cant find government term with ID "12th parliament" in listOrg, inserting as note.
WARN: Cant find government term with ID "12th parliament" in listOrg, inserting as note.
WARN: Cant find government term with ID "13th parliament" in listOrg, inserting as note.
WARN: Cant find government term with ID "13th parliament" in listOrg, inserting as note.
WARN: Cant find government term with ID "14th parliament" in listOrg, inserting as note.
WARN: Cant find government term with ID "14th parliament" in listOrg, inserting as note.
WARN: Cant find government term with ID "14th parliament" in listOrg, inserting as note.
WARN: Cant find government term with ID "14th parliament" in listOrg, inserting as note.
WARN: TSV person KallasMadis not found in TEI corpus, skipping!
WARN: Cant find government term with ID "15th parliament" in listOrg, inserting as note.
WARN: Cant find government term with ID "12th parliament" in listOrg, inserting as note.
WARN: Cant find government term with ID "12th parliament" in listOrg, inserting as note.
WARN: Cant find government term with ID "13th parliament" in listOrg, inserting as note.
WARN: Cant find government term with ID "13th parliament" in listOrg, inserting as note.
WARN: Cant find government term with ID "12th parliament" in listOrg, inserting as note.
WARN: Cant find government term with ID "13th parliament" in listOrg, inserting as note.
WARN: Cant find government term with ID "13th parliament" in listOrg, inserting as note.
WARN: Cant find government term with ID "13th parliament" in listOrg, inserting as note.
WARN: Cant find government term with ID "14th parliament" in listOrg, inserting as note.
WARN: Cant find government term with ID "14th parliament" in listOrg, inserting as note.
WARN: TSV person PetersonPeep not found in TEI corpus, skipping!
WARN: Cant find government term with ID "15th parliament" in listOrg, inserting as note.
WARN: Cant find government term with ID "14th/15th parliament" in listOrg, inserting as note.
WARN: Cant find government term with ID "11th/12th parliament" in listOrg, inserting as note.
WARN: Cant find government term with ID "12th parliament" in listOrg, inserting as note.
WARN: Cant find government term with ID "12th parliament" in listOrg, inserting as note.
WARN: Cant find government term with ID "13th parliament" in listOrg, inserting as note.
WARN: Cant find government term with ID "13th parliament" in listOrg, inserting as note.
WARN: Cant find government term with ID "13th parliament" in listOrg, inserting as note.
WARN: Cant find government term with ID "14th parliament" in listOrg, inserting as note.
WARN: Cant find government term with ID "14th parliament" in listOrg, inserting as note.
WARN: Cant find government term with ID "14th parliament" in listOrg, inserting as note.
WARN: TSV person KallasMadis not found in TEI corpus, skipping!
INFO: Inserting affiliation member for a_akkermann_19721005 from "2022-10-20" to "2023-04-17"
INFO: Inserting affiliation minister for a_akkermann_19721005 from "2022-10-20" to "2023-04-17"
INFO: Inserting affiliation member for a_anvelt_19690930 from "2014-03-27" to "2015-04-09"
INFO: Inserting affiliation minister for a_anvelt_19690930 from "2014-03-27" to "2015-04-09"
INFO: Inserting affiliation member for a_anvelt_19690930 from "2016-11-24" to "2018-11-26"
INFO: Inserting affiliation minister for a_anvelt_19690930 from "2016-11-24" to "2018-11-26"
INFO: Inserting affiliation member for a_anvelt_19690930 from "2014-03-27" to "2014-04-07"
INFO: Inserting affiliation minister for a_anvelt_19690930 from "2014-03-27" to "2014-04-07"
INFO: Inserting affiliation member for a_laneman_19620506 from "2020-11-18" to "2021-01-26"
INFO: Inserting affiliation minister for a_laneman_19620506 from "2020-11-18" to "2021-01-26"
INFO: Inserting affiliation member for a_ott_19760502 from "2021-01-27" to "2021-11-03"
INFO: Inserting affiliation minister for a_ott_19760502 from "2021-01-27" to "2021-11-03"
INFO: Inserting affiliation member for e_savisaar_19780616 from "2021-11-19" to "2022-06-03"
INFO: Inserting affiliation minister for e_savisaar_19780616 from "2021-11-19" to "2022-06-03"
INFO: Inserting affiliation member for h_hanso_19711006 from "2015-09-15" to "2016-11-23"
INFO: Inserting affiliation minister for h_hanso_19711006 from "2015-09-15" to "2016-11-23"
INFO: Inserting affiliation member for h_kütt_19610728 from "2014-03-27" to "2015-03-30"
INFO: Inserting affiliation minister for h_kütt_19610728 from "2014-03-27" to "2015-03-30"
INFO: Inserting affiliation member for h_pevkur_19770402 from "2012-12-11" to "2014-03-26"
INFO: Inserting affiliation minister for h_pevkur_19770402 from "2012-12-11" to "2014-03-26"
INFO: Inserting affiliation member for h_pevkur_19770402 from "2022-07-19" to ""
INFO: Inserting affiliation minister for h_pevkur_19770402 from "2022-07-19" to ""
INFO: Inserting affiliation member for h_pevkur_19770402 from "2014-03-27" to "2016-11-23"
INFO: Inserting affiliation minister for h_pevkur_19770402 from "2014-03-27" to "2016-11-23"
INFO: Inserting affiliation member for h_purga_19750318 from "2023-04-18" to ""
INFO: Inserting affiliation minister for h_purga_19750318 from "2023-04-18" to ""
INFO: Inserting affiliation member for hv_seeder_19640907 from "2007-04-05" to "2014-03-26"
INFO: Inserting affiliation minister for hv_seeder_19640907 from "2007-04-05" to "2014-03-26"
INFO: Inserting affiliation member for i_padar_19650312 from "2014-04-08" to "2015-04-09"
INFO: Inserting affiliation minister for i_padar_19650312 from "2014-04-08" to "2015-04-09"
INFO: Inserting affiliation member for i_saar_19730220 from "2015-04-10" to "2019-04-29"
INFO: Inserting affiliation minister for i_saar_19730220 from "2015-04-10" to "2019-04-29"
INFO: Inserting affiliation member for j_aab_19600409 from "2020-11-25" to "2021-01-26"
INFO: Inserting affiliation minister for j_aab_19600409 from "2020-11-25" to "2021-01-26"
INFO: Inserting affiliation member for j_aaviksoo_19540111 from "2011-04-06" to "2014-03-26"
INFO: Inserting affiliation minister for j_aaviksoo_19540111 from "2011-04-06" to "2014-03-26"
INFO: Inserting affiliation member for j_ligi_19590716 from "2009-06-03" to "2014-11-03"
INFO: Inserting affiliation minister for j_ligi_19590716 from "2009-06-03" to "2014-11-03"
INFO: Inserting affiliation member for j_ligi_19590716 from "2016-09-13" to "2016-11-23"
INFO: Inserting affiliation minister for j_ligi_19590716 from "2016-09-13" to "2016-11-23"
INFO: Inserting affiliation member for j_ligi_19590716 from "2015-04-10" to "2016-09-12"
INFO: Inserting affiliation minister for j_ligi_19590716 from "2015-04-10" to "2016-09-12"
INFO: Inserting affiliation member for j_luik_19660817 from "2017-06-13" to "2021-01-26"
INFO: Inserting affiliation minister for j_luik_19660817 from "2017-06-13" to "2021-01-26"
INFO: Inserting affiliation member for j_ossinovski_19860315 from "2014-03-27" to "2015-04-09"
INFO: Inserting affiliation minister for j_ossinovski_19860315 from "2014-03-27" to "2015-04-09"
INFO: Inserting affiliation member for j_ossinovski_19860315 from "2015-09-15" to "2018-05-02"
INFO: Inserting affiliation minister for j_ossinovski_19860315 from "2015-09-15" to "2018-05-02"
INFO: Inserting affiliation member for k_iva_19640428 from "2016-11-24" to "2019-04-29"
INFO: Inserting affiliation minister for k_iva_19640428 from "2016-11-24" to "2019-04-29"
INFO: Inserting affiliation member for k_laanet_19650925 from "2023-04-18" to ""
INFO: Inserting affiliation minister for k_laanet_19650925 from "2023-04-18" to ""
INFO: Inserting affiliation member for k_laanet_19650925 from "2021-01-27" to "2022-07-18"
INFO: Inserting affiliation minister for k_laanet_19650925 from "2021-01-27" to "2022-07-18"
INFO: Inserting affiliation member for k_laanet_19650925 from "2022-06-04" to "2022-07-14"
INFO: Inserting affiliation minister for k_laanet_19650925 from "2022-06-04" to "2022-07-14"
INFO: Inserting affiliation member for k_michal_19750712 from "2015-04-10" to "2016-11-23"
INFO: Inserting affiliation minister for k_michal_19750712 from "2015-04-10" to "2016-11-23"
INFO: Inserting affiliation member for k_michal_19750712 from "2011-04-06" to "2012-12-10"
INFO: Inserting affiliation minister for k_michal_19750712 from "2011-04-06" to "2012-12-10"
INFO: Inserting affiliation member for k_michal_19750712 from "2023-04-18" to ""
INFO: Inserting affiliation minister for k_michal_19750712 from "2023-04-18" to ""
INFO: Inserting affiliation member for k_pentus_rosimannus_19760303 from "2021-01-27" to "2022-10-19"
INFO: Inserting affiliation minister for k_pentus_rosimannus_19760303 from "2021-01-27" to "2022-10-19"
INFO: Inserting affiliation member for k_pentus_rosimannus_19760303 from "2014-11-18" to "2015-07-16"
INFO: Inserting affiliation minister for k_pentus_rosimannus_19760303 from "2014-11-18" to "2015-07-16"
INFO: Inserting affiliation member for k_pentus_rosimannus_19760303 from "2011-04-06" to "2014-11-17"
INFO: Inserting affiliation minister for k_pentus_rosimannus_19760303 from "2011-04-06" to "2014-11-17"
INFO: Inserting affiliation member for k_raik_19671026 from "2018-11-27" to "2019-04-29"
INFO: Inserting affiliation minister for k_raik_19671026 from "2018-11-27" to "2019-04-29"
INFO: Inserting affiliation member for k_simson_19770122 from "2016-11-24" to "2019-04-29"
INFO: Inserting affiliation minister for k_simson_19770122 from "2016-11-24" to "2019-04-29"
INFO: Inserting affiliation member for km_vaher_19740905 from "2011-04-06" to "2014-03-26"
INFO: Inserting affiliation minister for km_vaher_19740905 from "2011-04-06" to "2014-03-26"
INFO: Inserting affiliation member for l_kersna_19800403 from "2021-01-27" to "2022-07-18"
INFO: Inserting affiliation minister for l_kersna_19800403 from "2021-01-27" to "2022-07-18"
INFO: Inserting affiliation member for l_läänemets_19830131 from "2022-07-18" to ""
INFO: Inserting affiliation minister for l_läänemets_19830131 from "2022-07-18" to ""
INFO: Inserting affiliation member for m_helme_19491031 from "2019-04-30" to "2020-11-09"
INFO: Inserting affiliation minister for m_helme_19491031 from "2019-04-30" to "2020-11-09"
INFO: Inserting affiliation member for m_helme_19760424 from "2019-04-30" to "2021-01-26"
INFO: Inserting affiliation minister for m_helme_19760424 from "2019-04-30" to "2021-01-26"
INFO: Inserting affiliation member for m_kaljurand_19620906 from "2015-07-17" to "2016-09-12"
INFO: Inserting affiliation minister for m_kaljurand_19620906 from "2015-07-17" to "2016-09-12"
INFO: Inserting affiliation member for m_lauri_19660101 from "2014-11-04" to "2015-04-09"
INFO: Inserting affiliation minister for m_lauri_19660101 from "2014-11-04" to "2015-04-09"
INFO: Inserting affiliation member for m_lauri_19660101 from "2021-01-27" to "2022-07-18"
INFO: Inserting affiliation minister for m_lauri_19660101 from "2021-01-27" to "2022-07-18"
INFO: Inserting affiliation member for m_lauri_19660101 from "2016-09-13" to "2016-11-23"
INFO: Inserting affiliation minister for m_lauri_19660101 from "2016-09-13" to "2016-11-23"
INFO: Inserting affiliation member for m_pomerants_19640924 from "2015-04-10" to "2017-06-12"
INFO: Inserting affiliation minister for m_pomerants_19640924 from "2015-04-10" to "2017-06-12"
INFO: Inserting affiliation member for m_raidma_19650407 from "2014-11-18" to "2015-04-09"
INFO: Inserting affiliation minister for m_raidma_19650407 from "2014-11-18" to "2015-04-09"
INFO: Inserting affiliation member for m_repinski_19860806 from "2016-11-24" to "2016-12-09"
INFO: Inserting affiliation minister for m_repinski_19860806 from "2016-11-24" to "2016-12-09"
INFO: Inserting affiliation member for m_reps_19750113 from "2016-11-24" to "2020-11-21"
INFO: Inserting affiliation minister for m_reps_19750113 from "2016-11-24" to "2020-11-21"
INFO: Inserting affiliation member for m_tsahkna_19770413 from "2023-04-18" to ""
INFO: Inserting affiliation minister for m_tsahkna_19770413 from "2023-04-18" to ""
INFO: Inserting affiliation member for m_tsahkna_19770413 from "2016-11-24" to "2017-06-12"
INFO: Inserting affiliation minister for m_tsahkna_19770413 from "2016-11-24" to "2017-06-12"
INFO: Inserting affiliation member for m_tsahkna_19770413 from "2015-04-09" to "2016-11-23"
INFO: Inserting affiliation minister for m_tsahkna_19770413 from "2015-04-09" to "2016-11-23"
INFO: Inserting affiliation member for m_võrklaev_19840530 from "2023-04-18" to ""
INFO: Inserting affiliation minister for m_võrklaev_19840530 from "2023-04-18" to ""
INFO: Inserting affiliation member for r_aeg_19620704 from "2019-04-30" to "2021-01-26"
INFO: Inserting affiliation minister for r_aeg_19620704 from "2019-04-30" to "2021-01-26"
INFO: Inserting affiliation member for r_kokk_19800304 from "2019-04-30" to "2020-11-07"
INFO: Inserting affiliation minister for r_kokk_19800304 from "2019-04-30" to "2020-11-07"
INFO: Inserting affiliation member for r_sikkut_19830112 from "2022-07-18" to "2023-04-17"
INFO: Inserting affiliation minister for r_sikkut_19830112 from "2022-07-18" to "2023-04-17"
INFO: Inserting affiliation member for r_sikkut_19830112 from "2018-05-03" to "2019-04-29"
INFO: Inserting affiliation minister for r_sikkut_19830112 from "2018-05-03" to "2019-04-29"
INFO: Inserting affiliation member for r_sikkut_19830112 from "2023-04-17" to ""
INFO: Inserting affiliation minister for r_sikkut_19830112 from "2023-04-17" to ""
INFO: Inserting affiliation member for r_vassiljev_19811108 from "2015-04-09" to "2015-09-14"
INFO: Inserting affiliation minister for r_vassiljev_19811108 from "2015-04-09" to "2015-09-14"
INFO: Inserting affiliation member for s_mikser_19731108 from "2016-11-24" to "2019-04-29"
INFO: Inserting affiliation minister for s_mikser_19731108 from "2016-11-24" to "2019-04-29"
INFO: Inserting affiliation member for s_mikser_19731108 from "2014-03-27" to "2015-09-14"
INFO: Inserting affiliation minister for s_mikser_19731108 from "2014-03-27" to "2015-09-14"
INFO: Inserting affiliation member for s_riisalo_19681008 from "2021-01-26" to ""
INFO: Inserting affiliation minister for s_riisalo_19681008 from "2021-01-26" to ""
INFO: Inserting affiliation member for s_sester_19690714 from "2015-04-10" to "2017-06-12"
INFO: Inserting affiliation minister for s_sester_19690714 from "2015-04-10" to "2017-06-12"
INFO: Inserting affiliation member for sv_kiisler_19651106 from "2017-06-13" to "2019-04-29"
INFO: Inserting affiliation minister for sv_kiisler_19651106 from "2017-06-13" to "2019-04-29"
INFO: Inserting affiliation member for t_aas_19660110 from "2019-04-30" to "2022-06-03"
INFO: Inserting affiliation minister for t_aas_19660110 from "2019-04-30" to "2022-06-03"
INFO: Inserting affiliation member for t_lukas_19620605 from "2019-04-30" to "2021-01-26"
INFO: Inserting affiliation minister for t_lukas_19620605 from "2019-04-30" to "2021-01-26"
INFO: Inserting affiliation member for t_lukas_19620605 from "2022-07-19" to ""
INFO: Inserting affiliation minister for t_lukas_19620605 from "2022-07-19" to ""
INFO: Inserting affiliation member for t_mölder_19891009 from "2021-01-17" to "2021-11-18"
INFO: Inserting affiliation minister for t_mölder_19891009 from "2021-01-17" to "2021-11-18"
INFO: Inserting affiliation member for t_rõivas_19790926 from "2012-12-11" to "2014-03-26"
INFO: Inserting affiliation minister for t_rõivas_19790926 from "2012-12-11" to "2014-03-26"
INFO: Inserting affiliation member for t_tamm_19531203 from "2016-12-12" to "2019-04-29"
INFO: Inserting affiliation minister for t_tamm_19531203 from "2016-12-12" to "2019-04-29"
INFO: Inserting affiliation member for t_terik_19790615 from "2021-11-08" to "2022-06-03"
INFO: Inserting affiliation minister for t_terik_19790615 from "2021-11-08" to "2022-06-03"
INFO: Inserting affiliation member for t_tõniste_19670426 from "2017-06-13" to "2019-04-29"
INFO: Inserting affiliation minister for t_tõniste_19670426 from "2017-06-13" to "2019-04-29"
INFO: Inserting affiliation member for u_kruuse_19650714 from "2014-03-26" to "2015-03-30"
INFO: Inserting affiliation minister for u_kruuse_19650714 from "2014-03-26" to "2015-03-30"
INFO: Inserting affiliation member for u_kruuse_19650714 from "2015-04-10" to "2016-11-23"
INFO: Inserting affiliation minister for u_kruuse_19650714 from "2015-04-10" to "2016-11-23"
INFO: Inserting affiliation member for u_kruuse_19650714 from "2021-01-27" to "2023-04-17"
INFO: Inserting affiliation minister for u_kruuse_19650714 from "2021-01-27" to "2023-04-17"
INFO: Inserting affiliation member for u_paet_19740420 from "2005-04-13" to "2014-11-17"
INFO: Inserting affiliation minister for u_paet_19740420 from "2005-04-13" to "2014-11-17"
INFO: Inserting affiliation member for u_palo_19720710 from "2014-03-26" to "2015-04-09"
INFO: Inserting affiliation minister for u_palo_19720710 from "2014-03-26" to "2015-04-09"
INFO: Inserting affiliation member for u_reinsalu_19750622 from "2019-04-30" to "2021-01-26"
INFO: Inserting affiliation minister for u_reinsalu_19750622 from "2019-04-30" to "2021-01-26"
INFO: Inserting affiliation member for u_reinsalu_19750622 from "2022-07-18" to "2023-04-17"
INFO: Inserting affiliation minister for u_reinsalu_19750622 from "2022-07-18" to "2023-04-17"
INFO: Inserting affiliation member for u_reinsalu_19750622 from "2015-04-10" to "2019-04-29"
INFO: Inserting affiliation minister for u_reinsalu_19750622 from "2015-04-10" to "2019-04-29"
INFO: Inserting affiliation member for u_reinsalu_19750622 from "2012-05-14" to "2014-03-26"
INFO: Inserting affiliation minister for u_reinsalu_19750622 from "2012-05-14" to "2014-03-26"
INFO: Inserting affiliation member for u_tiidus_19540606 from "2013-12-04" to "2015-04-09"
INFO: Inserting affiliation minister for u_tiidus_19540606 from "2013-12-04" to "2015-04-09"
INFO: Inserting affiliation member for t_kiik_19890123 from "2019-04-30" to "2021-01-26"
INFO: Inserting affiliation minister for t_kiik_19890123 from "2019-04-30" to "2021-01-26"
INFO: Inserting affiliation member for t_kiik_19890123 from "2021-01-27" to "2022-06-03"
INFO: Inserting affiliation minister for t_kiik_19890123 from "2021-01-27" to "2022-06-03"
INFO: Inserting affiliation member for k_jaani_19761211 from "2021-01-27" to "2022-06-03"
INFO: Inserting affiliation minister for k_jaani_19761211 from "2021-01-27" to "2022-06-03"
INFO: Inserting affiliation member for em_liimets_19740531 from "2021-01-27" to "2022-06-03"
INFO: Inserting affiliation minister for em_liimets_19740531 from "2021-01-27" to "2022-06-03"
INFO: Inserting affiliation member for a_aller_19730728 from "2019-12-10" to "2021-01-26"
INFO: Inserting affiliation minister for a_aller_19730728 from "2019-12-10" to "2021-01-26"
INFO: Inserting affiliation member for r_epler_19770606 from "2020-11-16" to "2021-01-26"
INFO: Inserting affiliation minister for r_epler_19770606 from "2020-11-16" to "2021-01-26"
INFO: Inserting affiliation member for m_järvik_19560221 from "2019-04-30" to "2019-11-25"
INFO: Inserting affiliation minister for m_järvik_19560221 from "2019-04-30" to "2019-11-25"
INFO: No TSV metadata for Sex info, skipping
INFO: Doing /home/project/corpora/Parla/ParlaMint/ParlaMint/Build/Sources-TSV/ParlaMint-EE
INFO: Transliteration
INFO: copying EE (nothing to transliterate)
INFO: No TSV metadata for Encoder orientations, skipping
INFO: Adding TSV metadata for CHES orientations
INFO: Adding TSV metadata for Wiki orientations
INFO: Transliteration
INFO: copying EE (nothing to transliterate)
INFO: Adding TSV metadata for Encoder ministers
WARN: Cant find government term with ID "11th/12th parliament" in listOrg, inserting as note.
WARN: Cant find government term with ID "12th parliament" in listOrg, inserting as note.
WARN: Cant find government term with ID "13th parliament" in listOrg, inserting as note.
WARN: Cant find government term with ID "13th parliament" in listOrg, inserting as note.
WARN: Cant find government term with ID "14th parliament" in listOrg, inserting as note.
WARN: Cant find government term with ID "14th parliament" in listOrg, inserting as note.
WARN: Cant find government term with ID "14th parliament" in listOrg, inserting as note.
WARN: Cant find government term with ID "15th parliament" in listOrg, inserting as note.
WARN: Cant find government term with ID "10th/11th/12th parliament" in listOrg, inserting as note.
WARN: Cant find government term with ID "12th parliament" in listOrg, inserting as note.
WARN: Cant find government term with ID "13th parliament" in listOrg, inserting as note.
WARN: Cant find government term with ID "13th parliament" in listOrg, inserting as note.
WARN: Cant find government term with ID "13th parliament" in listOrg, inserting as note.
WARN: Cant find government term with ID "14th parliament" in listOrg, inserting as note.
WARN: Cant find government term with ID "14th parliament" in listOrg, inserting as note.
WARN: Cant find government term with ID "14th parliament" in listOrg, inserting as note.
WARN: Cant find government term with ID "15th parliament" in listOrg, inserting as note.
WARN: Cant find government term with ID "12th parliament" in listOrg, inserting as note.
WARN: Cant find government term with ID "13th parliament" in listOrg, inserting as note.
WARN: Cant find government term with ID "13th parliament" in listOrg, inserting as note.
WARN: Cant find government term with ID "14th parliament" in listOrg, inserting as note.
WARN: Cant find government term with ID "14th parliament" in listOrg, inserting as note.
WARN: TSV person RiisaloTiit not found in TEI corpus, skipping!
WARN: Cant find government term with ID "12th parliament" in listOrg, inserting as note.
WARN: Cant find government term with ID "12th parliament" in listOrg, inserting as note.
WARN: Cant find government term with ID "12th parliament" in listOrg, inserting as note.
WARN: Cant find government term with ID "13th parliament" in listOrg, inserting as note.
WARN: Cant find government term with ID "14th parliament" in listOrg, inserting as note.
WARN: Cant find government term with ID "14th parliament" in listOrg, inserting as note.
WARN: TSV person DanilsonJärgLea not found in TEI corpus, skipping!
WARN: Cant find government term with ID "15th parliament" in listOrg, inserting as note.
WARN: Cant find government term with ID "12th parliament" in listOrg, inserting as note.
WARN: Cant find government term with ID "12th parliament" in listOrg, inserting as note.
WARN: Cant find government term with ID "13th parliament" in listOrg, inserting as note.
WARN: Cant find government term with ID "13th parliament" in listOrg, inserting as note.
WARN: Cant find government term with ID "13th/14th parliament" in listOrg, inserting as note.
WARN: Cant find government term with ID "14th parliament" in listOrg, inserting as note.
WARN: Cant find government term with ID "14th/15th parliament" in listOrg, inserting as note.
WARN: Cant find government term with ID "12th parliament" in listOrg, inserting as note.
WARN: Cant find government term with ID "13th parliament" in listOrg, inserting as note.
WARN: Cant find government term with ID "14th parliament" in listOrg, inserting as note.
WARN: Cant find government term with ID "14th parliament" in listOrg, inserting as note.
WARN: Cant find government term with ID "14th parliament" in listOrg, inserting as note.
WARN: TSV person HartmanPiret not found in TEI corpus, skipping!
WARN: Cant find government term with ID "15th parliament" in listOrg, inserting as note.
WARN: Cant find government term with ID "12th parliament" in listOrg, inserting as note.
WARN: Cant find government term with ID "12th/13th parliament" in listOrg, inserting as note.
WARN: Cant find government term with ID "13th parliament" in listOrg, inserting as note.
WARN: Cant find government term with ID "13th parliament" in listOrg, inserting as note.
WARN: Cant find government term with ID "14th parliament" in listOrg, inserting as note.
WARN: Cant find government term with ID "14th parliament" in listOrg, inserting as note.
WARN: Cant find government term with ID "14th parliament" in listOrg, inserting as note.
WARN: Cant find government term with ID "14th parliament" in listOrg, inserting as note.
WARN: Cant find government term with ID "14th/15th parliament" in listOrg, inserting as note.
WARN: Cant find government term with ID "12th parliament" in listOrg, inserting as note.
WARN: Cant find government term with ID "12th parliament" in listOrg, inserting as note.
WARN: Cant find government term with ID "13th parliament" in listOrg, inserting as note.
WARN: Cant find government term with ID "13th parliament" in listOrg, inserting as note.
WARN: Cant find government term with ID "13th/14th parliament" in listOrg, inserting as note.
WARN: Cant find government term with ID "14th parliament" in listOrg, inserting as note.
WARN: Cant find government term with ID "14th parliament" in listOrg, inserting as note.
WARN: Cant find government term with ID "14th/15th parliament" in listOrg, inserting as note.
WARN: Cant find government term with ID "12th parliament" in listOrg, inserting as note.
WARN: Cant find government term with ID "12th parliament" in listOrg, inserting as note.
WARN: Cant find government term with ID "13th parliament" in listOrg, inserting as note.
WARN: Cant find government term with ID "13th parliament" in listOrg, inserting as note.
WARN: Cant find government term with ID "14th parliament" in listOrg, inserting as note.
WARN: Cant find government term with ID "14th parliament" in listOrg, inserting as note.
WARN: Cant find government term with ID "14th parliament" in listOrg, inserting as note.
WARN: Cant find government term with ID "14th parliament" in listOrg, inserting as note.
WARN: TSV person KallasMadis not found in TEI corpus, skipping!
WARN: Cant find government term with ID "15th parliament" in listOrg, inserting as note.
WARN: Cant find government term with ID "12th parliament" in listOrg, inserting as note.
WARN: Cant find government term with ID "12th parliament" in listOrg, inserting as note.
WARN: Cant find government term with ID "13th parliament" in listOrg, inserting as note.
WARN: Cant find government term with ID "13th parliament" in listOrg, inserting as note.
WARN: Cant find government term with ID "12th parliament" in listOrg, inserting as note.
WARN: Cant find government term with ID "13th parliament" in listOrg, inserting as note.
WARN: Cant find government term with ID "13th parliament" in listOrg, inserting as note.
WARN: Cant find government term with ID "13th parliament" in listOrg, inserting as note.
WARN: Cant find government term with ID "14th parliament" in listOrg, inserting as note.
WARN: Cant find government term with ID "14th parliament" in listOrg, inserting as note.
WARN: TSV person PetersonPeep not found in TEI corpus, skipping!
WARN: Cant find government term with ID "15th parliament" in listOrg, inserting as note.
WARN: Cant find government term with ID "14th/15th parliament" in listOrg, inserting as note.
WARN: Cant find government term with ID "11th/12th parliament" in listOrg, inserting as note.
WARN: Cant find government term with ID "12th parliament" in listOrg, inserting as note.
WARN: Cant find government term with ID "12th parliament" in listOrg, inserting as note.
WARN: Cant find government term with ID "13th parliament" in listOrg, inserting as note.
WARN: Cant find government term with ID "13th parliament" in listOrg, inserting as note.
WARN: Cant find government term with ID "13th parliament" in listOrg, inserting as note.
WARN: Cant find government term with ID "14th parliament" in listOrg, inserting as note.
WARN: Cant find government term with ID "14th parliament" in listOrg, inserting as note.
WARN: Cant find government term with ID "14th parliament" in listOrg, inserting as note.
WARN: TSV person KallasMadis not found in TEI corpus, skipping!
INFO: Inserting affiliation member for a_akkermann_19721005 from "2022-10-20" to "2023-04-17"
INFO: Inserting affiliation minister for a_akkermann_19721005 from "2022-10-20" to "2023-04-17"
INFO: Inserting affiliation member for a_anvelt_19690930 from "2014-03-27" to "2015-04-09"
INFO: Inserting affiliation minister for a_anvelt_19690930 from "2014-03-27" to "2015-04-09"
INFO: Inserting affiliation member for a_anvelt_19690930 from "2016-11-24" to "2018-11-26"
INFO: Inserting affiliation minister for a_anvelt_19690930 from "2016-11-24" to "2018-11-26"
INFO: Inserting affiliation member for a_anvelt_19690930 from "2014-03-27" to "2014-04-07"
INFO: Inserting affiliation minister for a_anvelt_19690930 from "2014-03-27" to "2014-04-07"
INFO: Inserting affiliation member for a_laneman_19620506 from "2020-11-18" to "2021-01-26"
INFO: Inserting affiliation minister for a_laneman_19620506 from "2020-11-18" to "2021-01-26"
INFO: Inserting affiliation member for a_ott_19760502 from "2021-01-27" to "2021-11-03"
INFO: Inserting affiliation minister for a_ott_19760502 from "2021-01-27" to "2021-11-03"
INFO: Inserting affiliation member for e_savisaar_19780616 from "2021-11-19" to "2022-06-03"
INFO: Inserting affiliation minister for e_savisaar_19780616 from "2021-11-19" to "2022-06-03"
INFO: Inserting affiliation member for h_hanso_19711006 from "2015-09-15" to "2016-11-23"
INFO: Inserting affiliation minister for h_hanso_19711006 from "2015-09-15" to "2016-11-23"
INFO: Inserting affiliation member for h_kütt_19610728 from "2014-03-27" to "2015-03-30"
INFO: Inserting affiliation minister for h_kütt_19610728 from "2014-03-27" to "2015-03-30"
INFO: Inserting affiliation member for h_pevkur_19770402 from "2012-12-11" to "2014-03-26"
INFO: Inserting affiliation minister for h_pevkur_19770402 from "2012-12-11" to "2014-03-26"
INFO: Inserting affiliation member for h_pevkur_19770402 from "2022-07-19" to ""
INFO: Inserting affiliation minister for h_pevkur_19770402 from "2022-07-19" to ""
INFO: Inserting affiliation member for h_pevkur_19770402 from "2014-03-27" to "2016-11-23"
INFO: Inserting affiliation minister for h_pevkur_19770402 from "2014-03-27" to "2016-11-23"
INFO: Inserting affiliation member for h_purga_19750318 from "2023-04-18" to ""
INFO: Inserting affiliation minister for h_purga_19750318 from "2023-04-18" to ""
INFO: Inserting affiliation member for hv_seeder_19640907 from "2007-04-05" to "2014-03-26"
INFO: Inserting affiliation minister for hv_seeder_19640907 from "2007-04-05" to "2014-03-26"
INFO: Inserting affiliation member for i_padar_19650312 from "2014-04-08" to "2015-04-09"
INFO: Inserting affiliation minister for i_padar_19650312 from "2014-04-08" to "2015-04-09"
INFO: Inserting affiliation member for i_saar_19730220 from "2015-04-10" to "2019-04-29"
INFO: Inserting affiliation minister for i_saar_19730220 from "2015-04-10" to "2019-04-29"
INFO: Inserting affiliation member for j_aab_19600409 from "2020-11-25" to "2021-01-26"
INFO: Inserting affiliation minister for j_aab_19600409 from "2020-11-25" to "2021-01-26"
INFO: Inserting affiliation member for j_aaviksoo_19540111 from "2011-04-06" to "2014-03-26"
INFO: Inserting affiliation minister for j_aaviksoo_19540111 from "2011-04-06" to "2014-03-26"
INFO: Inserting affiliation member for j_ligi_19590716 from "2009-06-03" to "2014-11-03"
INFO: Inserting affiliation minister for j_ligi_19590716 from "2009-06-03" to "2014-11-03"
INFO: Inserting affiliation member for j_ligi_19590716 from "2016-09-13" to "2016-11-23"
INFO: Inserting affiliation minister for j_ligi_19590716 from "2016-09-13" to "2016-11-23"
INFO: Inserting affiliation member for j_ligi_19590716 from "2015-04-10" to "2016-09-12"
INFO: Inserting affiliation minister for j_ligi_19590716 from "2015-04-10" to "2016-09-12"
INFO: Inserting affiliation member for j_luik_19660817 from "2017-06-13" to "2021-01-26"
INFO: Inserting affiliation minister for j_luik_19660817 from "2017-06-13" to "2021-01-26"
INFO: Inserting affiliation member for j_ossinovski_19860315 from "2014-03-27" to "2015-04-09"
INFO: Inserting affiliation minister for j_ossinovski_19860315 from "2014-03-27" to "2015-04-09"
INFO: Inserting affiliation member for j_ossinovski_19860315 from "2015-09-15" to "2018-05-02"
INFO: Inserting affiliation minister for j_ossinovski_19860315 from "2015-09-15" to "2018-05-02"
INFO: Inserting affiliation member for k_iva_19640428 from "2016-11-24" to "2019-04-29"
INFO: Inserting affiliation minister for k_iva_19640428 from "2016-11-24" to "2019-04-29"
INFO: Inserting affiliation member for k_laanet_19650925 from "2023-04-18" to ""
INFO: Inserting affiliation minister for k_laanet_19650925 from "2023-04-18" to ""
INFO: Inserting affiliation member for k_laanet_19650925 from "2021-01-27" to "2022-07-18"
INFO: Inserting affiliation minister for k_laanet_19650925 from "2021-01-27" to "2022-07-18"
INFO: Inserting affiliation member for k_laanet_19650925 from "2022-06-04" to "2022-07-14"
INFO: Inserting affiliation minister for k_laanet_19650925 from "2022-06-04" to "2022-07-14"
INFO: Inserting affiliation member for k_michal_19750712 from "2015-04-10" to "2016-11-23"
INFO: Inserting affiliation minister for k_michal_19750712 from "2015-04-10" to "2016-11-23"
INFO: Inserting affiliation member for k_michal_19750712 from "2011-04-06" to "2012-12-10"
INFO: Inserting affiliation minister for k_michal_19750712 from "2011-04-06" to "2012-12-10"
INFO: Inserting affiliation member for k_michal_19750712 from "2023-04-18" to ""
INFO: Inserting affiliation minister for k_michal_19750712 from "2023-04-18" to ""
INFO: Inserting affiliation member for k_pentus_rosimannus_19760303 from "2021-01-27" to "2022-10-19"
INFO: Inserting affiliation minister for k_pentus_rosimannus_19760303 from "2021-01-27" to "2022-10-19"
INFO: Inserting affiliation member for k_pentus_rosimannus_19760303 from "2014-11-18" to "2015-07-16"
INFO: Inserting affiliation minister for k_pentus_rosimannus_19760303 from "2014-11-18" to "2015-07-16"
INFO: Inserting affiliation member for k_pentus_rosimannus_19760303 from "2011-04-06" to "2014-11-17"
INFO: Inserting affiliation minister for k_pentus_rosimannus_19760303 from "2011-04-06" to "2014-11-17"
INFO: Inserting affiliation member for k_raik_19671026 from "2018-11-27" to "2019-04-29"
INFO: Inserting affiliation minister for k_raik_19671026 from "2018-11-27" to "2019-04-29"
INFO: Inserting affiliation member for k_simson_19770122 from "2016-11-24" to "2019-04-29"
INFO: Inserting affiliation minister for k_simson_19770122 from "2016-11-24" to "2019-04-29"
INFO: Inserting affiliation member for km_vaher_19740905 from "2011-04-06" to "2014-03-26"
INFO: Inserting affiliation minister for km_vaher_19740905 from "2011-04-06" to "2014-03-26"
INFO: Inserting affiliation member for l_kersna_19800403 from "2021-01-27" to "2022-07-18"
INFO: Inserting affiliation minister for l_kersna_19800403 from "2021-01-27" to "2022-07-18"
INFO: Inserting affiliation member for l_läänemets_19830131 from "2022-07-18" to ""
INFO: Inserting affiliation minister for l_läänemets_19830131 from "2022-07-18" to ""
INFO: Inserting affiliation member for m_helme_19491031 from "2019-04-30" to "2020-11-09"
INFO: Inserting affiliation minister for m_helme_19491031 from "2019-04-30" to "2020-11-09"
INFO: Inserting affiliation member for m_helme_19760424 from "2019-04-30" to "2021-01-26"
INFO: Inserting affiliation minister for m_helme_19760424 from "2019-04-30" to "2021-01-26"
INFO: Inserting affiliation member for m_kaljurand_19620906 from "2015-07-17" to "2016-09-12"
INFO: Inserting affiliation minister for m_kaljurand_19620906 from "2015-07-17" to "2016-09-12"
INFO: Inserting affiliation member for m_lauri_19660101 from "2014-11-04" to "2015-04-09"
INFO: Inserting affiliation minister for m_lauri_19660101 from "2014-11-04" to "2015-04-09"
INFO: Inserting affiliation member for m_lauri_19660101 from "2021-01-27" to "2022-07-18"
INFO: Inserting affiliation minister for m_lauri_19660101 from "2021-01-27" to "2022-07-18"
INFO: Inserting affiliation member for m_lauri_19660101 from "2016-09-13" to "2016-11-23"
INFO: Inserting affiliation minister for m_lauri_19660101 from "2016-09-13" to "2016-11-23"
INFO: Inserting affiliation member for m_pomerants_19640924 from "2015-04-10" to "2017-06-12"
INFO: Inserting affiliation minister for m_pomerants_19640924 from "2015-04-10" to "2017-06-12"
INFO: Inserting affiliation member for m_raidma_19650407 from "2014-11-18" to "2015-04-09"
INFO: Inserting affiliation minister for m_raidma_19650407 from "2014-11-18" to "2015-04-09"
INFO: Inserting affiliation member for m_repinski_19860806 from "2016-11-24" to "2016-12-09"
INFO: Inserting affiliation minister for m_repinski_19860806 from "2016-11-24" to "2016-12-09"
INFO: Inserting affiliation member for m_reps_19750113 from "2016-11-24" to "2020-11-21"
INFO: Inserting affiliation minister for m_reps_19750113 from "2016-11-24" to "2020-11-21"
INFO: Inserting affiliation member for m_tsahkna_19770413 from "2023-04-18" to ""
INFO: Inserting affiliation minister for m_tsahkna_19770413 from "2023-04-18" to ""
INFO: Inserting affiliation member for m_tsahkna_19770413 from "2016-11-24" to "2017-06-12"
INFO: Inserting affiliation minister for m_tsahkna_19770413 from "2016-11-24" to "2017-06-12"
INFO: Inserting affiliation member for m_tsahkna_19770413 from "2015-04-09" to "2016-11-23"
INFO: Inserting affiliation minister for m_tsahkna_19770413 from "2015-04-09" to "2016-11-23"
INFO: Inserting affiliation member for m_võrklaev_19840530 from "2023-04-18" to ""
INFO: Inserting affiliation minister for m_võrklaev_19840530 from "2023-04-18" to ""
INFO: Inserting affiliation member for r_aeg_19620704 from "2019-04-30" to "2021-01-26"
INFO: Inserting affiliation minister for r_aeg_19620704 from "2019-04-30" to "2021-01-26"
INFO: Inserting affiliation member for r_kokk_19800304 from "2019-04-30" to "2020-11-07"
INFO: Inserting affiliation minister for r_kokk_19800304 from "2019-04-30" to "2020-11-07"
INFO: Inserting affiliation member for r_sikkut_19830112 from "2022-07-18" to "2023-04-17"
INFO: Inserting affiliation minister for r_sikkut_19830112 from "2022-07-18" to "2023-04-17"
INFO: Inserting affiliation member for r_sikkut_19830112 from "2018-05-03" to "2019-04-29"
INFO: Inserting affiliation minister for r_sikkut_19830112 from "2018-05-03" to "2019-04-29"
INFO: Inserting affiliation member for r_sikkut_19830112 from "2023-04-17" to ""
INFO: Inserting affiliation minister for r_sikkut_19830112 from "2023-04-17" to ""
INFO: Inserting affiliation member for r_vassiljev_19811108 from "2015-04-09" to "2015-09-14"
INFO: Inserting affiliation minister for r_vassiljev_19811108 from "2015-04-09" to "2015-09-14"
INFO: Inserting affiliation member for s_mikser_19731108 from "2016-11-24" to "2019-04-29"
INFO: Inserting affiliation minister for s_mikser_19731108 from "2016-11-24" to "2019-04-29"
INFO: Inserting affiliation member for s_mikser_19731108 from "2014-03-27" to "2015-09-14"
INFO: Inserting affiliation minister for s_mikser_19731108 from "2014-03-27" to "2015-09-14"
INFO: Inserting affiliation member for s_riisalo_19681008 from "2021-01-26" to ""
INFO: Inserting affiliation minister for s_riisalo_19681008 from "2021-01-26" to ""
INFO: Inserting affiliation member for s_sester_19690714 from "2015-04-10" to "2017-06-12"
INFO: Inserting affiliation minister for s_sester_19690714 from "2015-04-10" to "2017-06-12"
INFO: Inserting affiliation member for sv_kiisler_19651106 from "2017-06-13" to "2019-04-29"
INFO: Inserting affiliation minister for sv_kiisler_19651106 from "2017-06-13" to "2019-04-29"
INFO: Inserting affiliation member for t_aas_19660110 from "2019-04-30" to "2022-06-03"
INFO: Inserting affiliation minister for t_aas_19660110 from "2019-04-30" to "2022-06-03"
INFO: Inserting affiliation member for t_lukas_19620605 from "2019-04-30" to "2021-01-26"
INFO: Inserting affiliation minister for t_lukas_19620605 from "2019-04-30" to "2021-01-26"
INFO: Inserting affiliation member for t_lukas_19620605 from "2022-07-19" to ""
INFO: Inserting affiliation minister for t_lukas_19620605 from "2022-07-19" to ""
INFO: Inserting affiliation member for t_mölder_19891009 from "2021-01-17" to "2021-11-18"
INFO: Inserting affiliation minister for t_mölder_19891009 from "2021-01-17" to "2021-11-18"
INFO: Inserting affiliation member for t_rõivas_19790926 from "2012-12-11" to "2014-03-26"
INFO: Inserting affiliation minister for t_rõivas_19790926 from "2012-12-11" to "2014-03-26"
INFO: Inserting affiliation member for t_tamm_19531203 from "2016-12-12" to "2019-04-29"
INFO: Inserting affiliation minister for t_tamm_19531203 from "2016-12-12" to "2019-04-29"
INFO: Inserting affiliation member for t_terik_19790615 from "2021-11-08" to "2022-06-03"
INFO: Inserting affiliation minister for t_terik_19790615 from "2021-11-08" to "2022-06-03"
INFO: Inserting affiliation member for t_tõniste_19670426 from "2017-06-13" to "2019-04-29"
INFO: Inserting affiliation minister for t_tõniste_19670426 from "2017-06-13" to "2019-04-29"
INFO: Inserting affiliation member for u_kruuse_19650714 from "2014-03-26" to "2015-03-30"
INFO: Inserting affiliation minister for u_kruuse_19650714 from "2014-03-26" to "2015-03-30"
INFO: Inserting affiliation member for u_kruuse_19650714 from "2015-04-10" to "2016-11-23"
INFO: Inserting affiliation minister for u_kruuse_19650714 from "2015-04-10" to "2016-11-23"
INFO: Inserting affiliation member for u_kruuse_19650714 from "2021-01-27" to "2023-04-17"
INFO: Inserting affiliation minister for u_kruuse_19650714 from "2021-01-27" to "2023-04-17"
INFO: Inserting affiliation member for u_paet_19740420 from "2005-04-13" to "2014-11-17"
INFO: Inserting affiliation minister for u_paet_19740420 from "2005-04-13" to "2014-11-17"
INFO: Inserting affiliation member for u_palo_19720710 from "2014-03-26" to "2015-04-09"
INFO: Inserting affiliation minister for u_palo_19720710 from "2014-03-26" to "2015-04-09"
INFO: Inserting affiliation member for u_reinsalu_19750622 from "2019-04-30" to "2021-01-26"
INFO: Inserting affiliation minister for u_reinsalu_19750622 from "2019-04-30" to "2021-01-26"
INFO: Inserting affiliation member for u_reinsalu_19750622 from "2022-07-18" to "2023-04-17"
INFO: Inserting affiliation minister for u_reinsalu_19750622 from "2022-07-18" to "2023-04-17"
INFO: Inserting affiliation member for u_reinsalu_19750622 from "2015-04-10" to "2019-04-29"
INFO: Inserting affiliation minister for u_reinsalu_19750622 from "2015-04-10" to "2019-04-29"
INFO: Inserting affiliation member for u_reinsalu_19750622 from "2012-05-14" to "2014-03-26"
INFO: Inserting affiliation minister for u_reinsalu_19750622 from "2012-05-14" to "2014-03-26"
INFO: Inserting affiliation member for u_tiidus_19540606 from "2013-12-04" to "2015-04-09"
INFO: Inserting affiliation minister for u_tiidus_19540606 from "2013-12-04" to "2015-04-09"
INFO: Inserting affiliation member for t_kiik_19890123 from "2019-04-30" to "2021-01-26"
INFO: Inserting affiliation minister for t_kiik_19890123 from "2019-04-30" to "2021-01-26"
INFO: Inserting affiliation member for t_kiik_19890123 from "2021-01-27" to "2022-06-03"
INFO: Inserting affiliation minister for t_kiik_19890123 from "2021-01-27" to "2022-06-03"
INFO: Inserting affiliation member for k_jaani_19761211 from "2021-01-27" to "2022-06-03"
INFO: Inserting affiliation minister for k_jaani_19761211 from "2021-01-27" to "2022-06-03"
INFO: Inserting affiliation member for em_liimets_19740531 from "2021-01-27" to "2022-06-03"
INFO: Inserting affiliation minister for em_liimets_19740531 from "2021-01-27" to "2022-06-03"
INFO: Inserting affiliation member for a_aller_19730728 from "2019-12-10" to "2021-01-26"
INFO: Inserting affiliation minister for a_aller_19730728 from "2019-12-10" to "2021-01-26"
INFO: Inserting affiliation member for r_epler_19770606 from "2020-11-16" to "2021-01-26"
INFO: Inserting affiliation minister for r_epler_19770606 from "2020-11-16" to "2021-01-26"
INFO: Inserting affiliation member for m_järvik_19560221 from "2019-04-30" to "2019-11-25"
INFO: Inserting affiliation minister for m_järvik_19560221 from "2019-04-30" to "2019-11-25"
INFO: No TSV metadata for Sex info, skipping
