INFO: *****Converting ES-PV
INFO: ***Making ES-PV samples
INFO: selecting meta file ParlaMint-taxonomy-parla.legislature.xml
INFO: selecting meta file ParlaMint-taxonomy-speaker_types.xml
INFO: selecting meta file ParlaMint-taxonomy-subcorpus.xml
INFO: selecting meta file ParlaMint-taxonomy-CHES.xml
INFO: selecting meta file ParlaMint-taxonomy-politicalOrientation.xml
INFO: selecting meta file ParlaMint-ES-PV-listOrg.xml
INFO: selecting meta file ParlaMint-ES-PV-listPerson.xml
INFO: from 338 component files  selecting ~3 files:
INFO: selecting component file 2017/ParlaMint-ES-PV_2017-10-05.xml
INFO: selecting component file 2019/ParlaMint-ES-PV_2019-12-20.xml
INFO: selecting component file 2022/ParlaMint-ES-PV_2022-10-14.xml
INFO: Converting directory /project/corpora/Parla/ParlaMint/ParlaMint/Corpora/Master/ParlaMint-ES-PV
INFO: Making text files
INFO: converting ParlaMint-ES-PV_2019-12-20 to text file
INFO: converting ParlaMint-ES-PV_2022-10-14 to text file
INFO: converting ParlaMint-ES-PV_2017-10-05 to text file
INFO: Making metadata files
INFO: Converting ParlaMint-ES-PV_2022-10-14 to metadata TSV
INFO: Converting ParlaMint-ES-PV_2019-12-20 to metadata TSV
INFO: Converting ParlaMint-ES-PV_2017-10-05 to metadata TSV
INFO: Converting ParlaMint-ES-PV_2022-10-14 to metadata TSV
INFO: Converting ParlaMint-ES-PV_2019-12-20 to metadata TSV
INFO: Converting ParlaMint-ES-PV_2017-10-05 to metadata TSV
INFO: selecting meta file ParlaMint-taxonomy-parla.legislature.xml
INFO: selecting meta file ParlaMint-taxonomy-speaker_types.xml
INFO: selecting meta file ParlaMint-taxonomy-subcorpus.xml
INFO: selecting meta file ParlaMint-taxonomy-UD-SYN.ana.xml
INFO: selecting meta file ParlaMint-taxonomy-NER.ana.xml
INFO: selecting meta file ParlaMint-taxonomy-CHES.xml
INFO: selecting meta file ParlaMint-taxonomy-politicalOrientation.xml
INFO: selecting meta file ParlaMint-ES-PV-listOrg.xml
INFO: selecting meta file ParlaMint-ES-PV-listPerson.xml
INFO: from 338 component files  selecting ~3 files:
INFO: selecting component file 2017/ParlaMint-ES-PV_2017-10-05.ana.xml
INFO: selecting component file 2019/ParlaMint-ES-PV_2019-12-20.ana.xml
INFO: selecting component file 2022/ParlaMint-ES-PV_2022-10-14.ana.xml
INFO: Converting directory /project/corpora/Parla/ParlaMint/ParlaMint/Corpora/Master/ParlaMint-ES-PV
INFO: Converting ParlaMint-ES-PV_2019-12-20.ana to vertical
INFO: Converting ParlaMint-ES-PV_2022-10-14.ana to vertical
INFO: Converting ParlaMint-ES-PV_2017-10-05.ana to vertical
INFO: Converting directory /project/corpora/Parla/ParlaMint/ParlaMint/Corpora/Master/ParlaMint-ES-PV
INFO: Converting ParlaMint-ES-PV_2022-10-14.ana to metadata TSV
INFO: Converting ParlaMint-ES-PV_2017-10-05.ana to metadata TSV
INFO: Converting ParlaMint-ES-PV_2019-12-20.ana to metadata TSV
INFO: Converting ParlaMint-ES-PV_2022-10-14.ana to metadata TSV
INFO: Converting ParlaMint-ES-PV_2019-12-20.ana to metadata TSV
INFO: Converting ParlaMint-ES-PV_2017-10-05.ana to metadata TSV
/project/corpora/Parla/ParlaMint/ParlaMint/Corpora/Master/ParlaMint-ES-PV/ParlaMint-ES-PV_2017-10-05.ana-meta-en.tsv not renamed: /project/corpora/Parla/ParlaMint/ParlaMint/Corpora/Master/ParlaMint-ES-PV/ParlaMint-ES-PV_2017-10-05-meta-en.tsv already exists
/project/corpora/Parla/ParlaMint/ParlaMint/Corpora/Master/ParlaMint-ES-PV/ParlaMint-ES-PV_2019-12-20.ana-meta-en.tsv not renamed: /project/corpora/Parla/ParlaMint/ParlaMint/Corpora/Master/ParlaMint-ES-PV/ParlaMint-ES-PV_2019-12-20-meta-en.tsv already exists
/project/corpora/Parla/ParlaMint/ParlaMint/Corpora/Master/ParlaMint-ES-PV/ParlaMint-ES-PV_2022-10-14.ana-meta-en.tsv not renamed: /project/corpora/Parla/ParlaMint/ParlaMint/Corpora/Master/ParlaMint-ES-PV/ParlaMint-ES-PV_2022-10-14-meta-en.tsv already exists
*** PASSED ***
*** PASSED ***
*** PASSED ***
*** PASSED ***
*** PASSED ***
*** PASSED ***
*** PASSED ***
*** PASSED ***
*** PASSED ***
*** PASSED ***
*** PASSED ***
*** PASSED ***
*** PASSED ***
*** PASSED ***
*** PASSED ***
*** PASSED ***
*** PASSED ***
*** PASSED ***
*** PASSED ***
*** PASSED ***
*** PASSED ***
*** PASSED ***
*** PASSED ***
*** PASSED ***
*** PASSED ***
*** PASSED ***
*** PASSED ***
*** PASSED ***
*** PASSED ***
*** PASSED ***
*** PASSED ***
*** PASSED ***
*** PASSED ***
*** PASSED ***
*** PASSED ***
*** PASSED ***
INFO: ***Finished processing ES-PV corpus.
INFO: *****Converting ES-PV-en
INFO: ***Making ES-PV-en samples
WARN: No TEI files for ES-PV-en samples (needed root file is /project/corpora/Parla/ParlaMint/ParlaMint/Corpora/Master/ParlaMint-ES-PV-en.TEI/ParlaMint-ES-PV-en.xml)
INFO: selecting meta file ParlaMint-taxonomy-parla.legislature.xml
INFO: selecting meta file ParlaMint-taxonomy-speaker_types.xml
INFO: selecting meta file ParlaMint-taxonomy-subcorpus.xml
INFO: selecting meta file ParlaMint-taxonomy-NER.ana.xml
INFO: selecting meta file ParlaMint-taxonomy-CHES.xml
INFO: selecting meta file ParlaMint-taxonomy-politicalOrientation.xml
INFO: selecting meta file ParlaMint-taxonomy-USAS.ana.xml
INFO: selecting meta file ParlaMint-ES-PV-listOrg.xml
INFO: selecting meta file ParlaMint-ES-PV-listPerson.xml
INFO: from 338 component files  selecting ~3 files:
INFO: selecting component file 2017/ParlaMint-ES-PV-en_2017-10-05.ana.xml
INFO: selecting component file 2019/ParlaMint-ES-PV-en_2019-12-20.ana.xml
INFO: selecting component file 2022/ParlaMint-ES-PV-en_2022-10-14.ana.xml
INFO: Converting directory /project/corpora/Parla/ParlaMint/ParlaMint/Corpora/Master/ParlaMint-ES-PV-en
INFO: Converting ParlaMint-ES-PV-en_2019-12-20.ana to vertical
INFO: Converting ParlaMint-ES-PV-en_2022-10-14.ana to vertical
INFO: Converting ParlaMint-ES-PV-en_2017-10-05.ana to vertical
WARN: registry file parlamint41_es_pv_en not found
INFO: Converting directory /project/corpora/Parla/ParlaMint/ParlaMint/Corpora/Master/ParlaMint-ES-PV-en
INFO: Converting ParlaMint-ES-PV-en_2019-12-20.ana to metadata TSV
INFO: Converting ParlaMint-ES-PV-en_2022-10-14.ana to metadata TSV
INFO: Converting ParlaMint-ES-PV-en_2017-10-05.ana to metadata TSV
*** PASSED ***
*** PASSED ***
*** PASSED ***
*** PASSED ***
*** PASSED ***
*** PASSED ***
INFO: ***Finished processing ES-PV-en corpus.
