INFO: *****Converting SI
INFO: ***Making SI samples
INFO: selecting meta file ParlaMint-taxonomy-parla.legislature.xml
INFO: selecting meta file ParlaMint-taxonomy-speaker_types.xml
INFO: selecting meta file ParlaMint-taxonomy-subcorpus.xml
INFO: selecting meta file ParlaMint-taxonomy-CHES.xml
INFO: selecting meta file ParlaMint-taxonomy-politicalOrientation.xml
INFO: selecting meta file ParlaMint-SI-listOrg.xml
INFO: selecting meta file ParlaMint-SI-listPerson.xml
INFO: from 1572 component files  selecting ~3 files:
INFO: selecting component file 2007/ParlaMint-SI_2007-11-28-SDZ4-Izredna-30.xml
INFO: selecting component file 2015/ParlaMint-SI_2015-03-06-SDZ7-Redna-05.xml
INFO: selecting component file 2022/ParlaMint-SI_2022-04-06-SDZ8-Izredna-99.xml
INFO: Converting directory /project/corpora/Parla/ParlaMint/ParlaMint/Corpora/Master/ParlaMint-SI
INFO: Making text files
INFO: converting ParlaMint-SI_2007-11-28-SDZ4-Izredna-30 to text file
INFO: converting ParlaMint-SI_2015-03-06-SDZ7-Redna-05 to text file
INFO: converting ParlaMint-SI_2022-04-06-SDZ8-Izredna-99 to text file
INFO: Making metadata files
INFO: Converting ParlaMint-SI_2022-04-06-SDZ8-Izredna-99 to metadata TSV
INFO: Converting ParlaMint-SI_2015-03-06-SDZ7-Redna-05 to metadata TSV
INFO: Converting ParlaMint-SI_2007-11-28-SDZ4-Izredna-30 to metadata TSV
INFO: Converting ParlaMint-SI_2007-11-28-SDZ4-Izredna-30 to metadata TSV
INFO: Converting ParlaMint-SI_2022-04-06-SDZ8-Izredna-99 to metadata TSV
INFO: Converting ParlaMint-SI_2015-03-06-SDZ7-Redna-05 to metadata TSV
INFO: selecting meta file ParlaMint-taxonomy-parla.legislature.xml
INFO: selecting meta file ParlaMint-taxonomy-speaker_types.xml
INFO: selecting meta file ParlaMint-taxonomy-NER.ana.xml
INFO: selecting meta file ParlaMint-taxonomy-UD-SYN.ana.xml
INFO: selecting meta file ParlaMint-taxonomy-subcorpus.xml
INFO: selecting meta file ParlaMint-taxonomy-CHES.xml
INFO: selecting meta file ParlaMint-taxonomy-politicalOrientation.xml
INFO: selecting meta file ParlaMint-SI-listOrg.xml
INFO: selecting meta file ParlaMint-SI-listPerson.xml
INFO: from 1572 component files  selecting ~3 files:
INFO: selecting component file 2007/ParlaMint-SI_2007-11-28-SDZ4-Izredna-30.ana.xml
INFO: selecting component file 2015/ParlaMint-SI_2015-03-06-SDZ7-Redna-05.ana.xml
INFO: selecting component file 2022/ParlaMint-SI_2022-04-06-SDZ8-Izredna-99.ana.xml
INFO: Converting directory /project/corpora/Parla/ParlaMint/ParlaMint/Corpora/Master/ParlaMint-SI
INFO: Converting ParlaMint-SI_2022-04-06-SDZ8-Izredna-99.ana to vertical
INFO: Converting ParlaMint-SI_2007-11-28-SDZ4-Izredna-30.ana to vertical
INFO: Converting ParlaMint-SI_2015-03-06-SDZ7-Redna-05.ana to vertical
WARN: registry file parlamint41_si not found
INFO: Converting directory /project/corpora/Parla/ParlaMint/ParlaMint/Corpora/Master/ParlaMint-SI
INFO: Converting ParlaMint-SI_2015-03-06-SDZ7-Redna-05.ana to metadata TSV
INFO: Converting ParlaMint-SI_2022-04-06-SDZ8-Izredna-99.ana to metadata TSV
INFO: Converting ParlaMint-SI_2007-11-28-SDZ4-Izredna-30.ana to metadata TSV
INFO: Converting ParlaMint-SI_2015-03-06-SDZ7-Redna-05.ana to metadata TSV
INFO: Converting ParlaMint-SI_2007-11-28-SDZ4-Izredna-30.ana to metadata TSV
INFO: Converting ParlaMint-SI_2022-04-06-SDZ8-Izredna-99.ana to metadata TSV
/project/corpora/Parla/ParlaMint/ParlaMint/Corpora/Master/ParlaMint-SI/ParlaMint-SI_2007-11-28-SDZ4-Izredna-30.ana-meta-en.tsv not renamed: /project/corpora/Parla/ParlaMint/ParlaMint/Corpora/Master/ParlaMint-SI/ParlaMint-SI_2007-11-28-SDZ4-Izredna-30-meta-en.tsv already exists
/project/corpora/Parla/ParlaMint/ParlaMint/Corpora/Master/ParlaMint-SI/ParlaMint-SI_2015-03-06-SDZ7-Redna-05.ana-meta-en.tsv not renamed: /project/corpora/Parla/ParlaMint/ParlaMint/Corpora/Master/ParlaMint-SI/ParlaMint-SI_2015-03-06-SDZ7-Redna-05-meta-en.tsv already exists
/project/corpora/Parla/ParlaMint/ParlaMint/Corpora/Master/ParlaMint-SI/ParlaMint-SI_2022-04-06-SDZ8-Izredna-99.ana-meta-en.tsv not renamed: /project/corpora/Parla/ParlaMint/ParlaMint/Corpora/Master/ParlaMint-SI/ParlaMint-SI_2022-04-06-SDZ8-Izredna-99-meta-en.tsv already exists
*** PASSED ***
*** PASSED ***
*** PASSED ***
*** PASSED ***
*** PASSED ***
*** PASSED ***
INFO: ***Finished processing SI corpus.
INFO: *****Converting SI-en
INFO: ***Making SI-en samples
WARN: No TEI files for SI-en samples (needed root file is /project/corpora/Parla/ParlaMint/ParlaMint/Corpora/Master/ParlaMint-SI-en.TEI/ParlaMint-SI-en.xml)
INFO: selecting meta file ParlaMint-taxonomy-parla.legislature.xml
INFO: selecting meta file ParlaMint-taxonomy-speaker_types.xml
INFO: selecting meta file ParlaMint-taxonomy-NER.ana.xml
INFO: selecting meta file ParlaMint-taxonomy-subcorpus.xml
INFO: selecting meta file ParlaMint-taxonomy-CHES.xml
INFO: selecting meta file ParlaMint-taxonomy-politicalOrientation.xml
INFO: selecting meta file ParlaMint-taxonomy-USAS.ana.xml
INFO: selecting meta file ParlaMint-SI-listOrg.xml
INFO: selecting meta file ParlaMint-SI-listPerson.xml
INFO: from 1572 component files  selecting ~3 files:
INFO: selecting component file 2007/ParlaMint-SI-en_2007-11-28-SDZ4-Izredna-30.ana.xml
INFO: selecting component file 2015/ParlaMint-SI-en_2015-03-06-SDZ7-Redna-05.ana.xml
INFO: selecting component file 2022/ParlaMint-SI-en_2022-04-06-SDZ8-Izredna-99.ana.xml
INFO: Converting directory /project/corpora/Parla/ParlaMint/ParlaMint/Corpora/Master/ParlaMint-SI-en
INFO: Converting ParlaMint-SI-en_2007-11-28-SDZ4-Izredna-30.ana to vertical
INFO: Converting ParlaMint-SI-en_2015-03-06-SDZ7-Redna-05.ana to vertical
INFO: Converting ParlaMint-SI-en_2022-04-06-SDZ8-Izredna-99.ana to vertical
WARN: registry file parlamint41_si_en not found
INFO: Converting directory /project/corpora/Parla/ParlaMint/ParlaMint/Corpora/Master/ParlaMint-SI-en
INFO: Converting ParlaMint-SI-en_2022-04-06-SDZ8-Izredna-99.ana to metadata TSV
INFO: Converting ParlaMint-SI-en_2007-11-28-SDZ4-Izredna-30.ana to metadata TSV
INFO: Converting ParlaMint-SI-en_2015-03-06-SDZ7-Redna-05.ana to metadata TSV
*** PASSED ***
*** PASSED ***
*** PASSED ***
*** PASSED ***
*** PASSED ***
*** PASSED ***
INFO: ***Finished processing SI-en corpus.
