INFO: *****Converting IT
INFO: ***Making IT samples
INFO: selecting meta file ParlaMint-taxonomy-parla.legislature.xml
INFO: selecting meta file ParlaMint-taxonomy-speaker_types.xml
INFO: selecting meta file ParlaMint-taxonomy-subcorpus.xml
INFO: selecting meta file ParlaMint-taxonomy-CHES.xml
INFO: selecting meta file ParlaMint-taxonomy-politicalOrientation.xml
INFO: selecting meta file ParlaMint-IT-listOrg.xml
INFO: selecting meta file ParlaMint-IT-listPerson.xml
INFO: from 1388 component files  selecting ~3 files:
INFO: selecting component file 2015/ParlaMint-IT_2015-06-10-LEG17-Senato-sed-462.xml
INFO: selecting component file 2018/ParlaMint-IT_2018-03-23-LEG18-Senato-sed-1.xml
INFO: selecting component file 2022/ParlaMint-IT_2022-09-07-LEG18-Senato-sed-463.xml
INFO: Converting directory /project/corpora/Parla/ParlaMint/ParlaMint/Corpora/Master/ParlaMint-IT
INFO: Making text files
INFO: converting ParlaMint-IT_2022-09-07-LEG18-Senato-sed-463 to text file
INFO: converting ParlaMint-IT_2018-03-23-LEG18-Senato-sed-1 to text file
INFO: converting ParlaMint-IT_2015-06-10-LEG17-Senato-sed-462 to text file
INFO: Making metadata files
INFO: Converting ParlaMint-IT_2018-03-23-LEG18-Senato-sed-1 to metadata TSV
INFO: Converting ParlaMint-IT_2015-06-10-LEG17-Senato-sed-462 to metadata TSV
INFO: Converting ParlaMint-IT_2022-09-07-LEG18-Senato-sed-463 to metadata TSV
INFO: Converting ParlaMint-IT_2018-03-23-LEG18-Senato-sed-1 to metadata TSV
INFO: Converting ParlaMint-IT_2022-09-07-LEG18-Senato-sed-463 to metadata TSV
INFO: Converting ParlaMint-IT_2015-06-10-LEG17-Senato-sed-462 to metadata TSV
INFO: selecting meta file ParlaMint-taxonomy-parla.legislature.xml
INFO: selecting meta file ParlaMint-taxonomy-speaker_types.xml
INFO: selecting meta file ParlaMint-taxonomy-subcorpus.xml
INFO: selecting meta file ParlaMint-taxonomy-NER.ana.xml
INFO: selecting meta file ParlaMint-taxonomy-UD-SYN.ana.xml
INFO: selecting meta file ParlaMint-taxonomy-CHES.xml
INFO: selecting meta file ParlaMint-taxonomy-politicalOrientation.xml
INFO: selecting meta file ParlaMint-IT-listOrg.xml
INFO: selecting meta file ParlaMint-IT-listPerson.xml
INFO: from 1388 component files  selecting ~3 files:
INFO: selecting component file 2015/ParlaMint-IT_2015-06-10-LEG17-Senato-sed-462.ana.xml
INFO: selecting component file 2018/ParlaMint-IT_2018-03-23-LEG18-Senato-sed-1.ana.xml
INFO: selecting component file 2022/ParlaMint-IT_2022-09-07-LEG18-Senato-sed-463.ana.xml
INFO: Converting directory /project/corpora/Parla/ParlaMint/ParlaMint/Corpora/Master/ParlaMint-IT
INFO: Converting ParlaMint-IT_2022-09-07-LEG18-Senato-sed-463.ana to vertical
INFO: Converting ParlaMint-IT_2015-06-10-LEG17-Senato-sed-462.ana to vertical
INFO: Converting ParlaMint-IT_2018-03-23-LEG18-Senato-sed-1.ana to vertical
INFO: Converting directory /project/corpora/Parla/ParlaMint/ParlaMint/Corpora/Master/ParlaMint-IT
INFO: Converting ParlaMint-IT_2018-03-23-LEG18-Senato-sed-1.ana to metadata TSV
INFO: Converting ParlaMint-IT_2015-06-10-LEG17-Senato-sed-462.ana to metadata TSV
INFO: Converting ParlaMint-IT_2022-09-07-LEG18-Senato-sed-463.ana to metadata TSV
INFO: Converting ParlaMint-IT_2018-03-23-LEG18-Senato-sed-1.ana to metadata TSV
INFO: Converting ParlaMint-IT_2022-09-07-LEG18-Senato-sed-463.ana to metadata TSV
INFO: Converting ParlaMint-IT_2015-06-10-LEG17-Senato-sed-462.ana to metadata TSV
/project/corpora/Parla/ParlaMint/ParlaMint/Corpora/Master/ParlaMint-IT/ParlaMint-IT_2015-06-10-LEG17-Senato-sed-462.ana-meta-en.tsv not renamed: /project/corpora/Parla/ParlaMint/ParlaMint/Corpora/Master/ParlaMint-IT/ParlaMint-IT_2015-06-10-LEG17-Senato-sed-462-meta-en.tsv already exists
/project/corpora/Parla/ParlaMint/ParlaMint/Corpora/Master/ParlaMint-IT/ParlaMint-IT_2018-03-23-LEG18-Senato-sed-1.ana-meta-en.tsv not renamed: /project/corpora/Parla/ParlaMint/ParlaMint/Corpora/Master/ParlaMint-IT/ParlaMint-IT_2018-03-23-LEG18-Senato-sed-1-meta-en.tsv already exists
/project/corpora/Parla/ParlaMint/ParlaMint/Corpora/Master/ParlaMint-IT/ParlaMint-IT_2022-09-07-LEG18-Senato-sed-463.ana-meta-en.tsv not renamed: /project/corpora/Parla/ParlaMint/ParlaMint/Corpora/Master/ParlaMint-IT/ParlaMint-IT_2022-09-07-LEG18-Senato-sed-463-meta-en.tsv already exists
*** PASSED ***
*** PASSED ***
*** PASSED ***
*** PASSED ***
*** PASSED ***
*** PASSED ***
INFO: ***Finished processing IT corpus.
INFO: *****Converting IT-en
INFO: ***Making IT-en samples
WARN: No TEI files for IT-en samples (needed root file is /project/corpora/Parla/ParlaMint/ParlaMint/Corpora/Master/ParlaMint-IT-en.TEI/ParlaMint-IT-en.xml)
INFO: selecting meta file ParlaMint-taxonomy-parla.legislature.xml
INFO: selecting meta file ParlaMint-taxonomy-speaker_types.xml
INFO: selecting meta file ParlaMint-taxonomy-subcorpus.xml
INFO: selecting meta file ParlaMint-taxonomy-NER.ana.xml
INFO: selecting meta file ParlaMint-taxonomy-CHES.xml
INFO: selecting meta file ParlaMint-taxonomy-politicalOrientation.xml
INFO: selecting meta file ParlaMint-taxonomy-USAS.ana.xml
INFO: selecting meta file ParlaMint-IT-listOrg.xml
INFO: selecting meta file ParlaMint-IT-listPerson.xml
INFO: from 1388 component files  selecting ~3 files:
INFO: selecting component file 2015/ParlaMint-IT-en_2015-06-10-LEG17-Senato-sed-462.ana.xml
INFO: selecting component file 2018/ParlaMint-IT-en_2018-03-23-LEG18-Senato-sed-1.ana.xml
INFO: selecting component file 2022/ParlaMint-IT-en_2022-09-07-LEG18-Senato-sed-463.ana.xml
INFO: Converting directory /project/corpora/Parla/ParlaMint/ParlaMint/Corpora/Master/ParlaMint-IT-en
INFO: Converting ParlaMint-IT-en_2015-06-10-LEG17-Senato-sed-462.ana to vertical
INFO: Converting ParlaMint-IT-en_2022-09-07-LEG18-Senato-sed-463.ana to vertical
INFO: Converting ParlaMint-IT-en_2018-03-23-LEG18-Senato-sed-1.ana to vertical
WARN: registry file parlamint41_it_en not found
INFO: Converting directory /project/corpora/Parla/ParlaMint/ParlaMint/Corpora/Master/ParlaMint-IT-en
INFO: Converting ParlaMint-IT-en_2022-09-07-LEG18-Senato-sed-463.ana to metadata TSV
INFO: Converting ParlaMint-IT-en_2018-03-23-LEG18-Senato-sed-1.ana to metadata TSV
INFO: Converting ParlaMint-IT-en_2015-06-10-LEG17-Senato-sed-462.ana to metadata TSV
*** PASSED ***
*** PASSED ***
*** PASSED ***
*** PASSED ***
*** PASSED ***
*** PASSED ***
INFO: ***Finished processing IT-en corpus.
