INFO: Doing /home/project/corpora/Parla/ParlaMint/ParlaMint/Build/Sources-TSV/ParlaMint-GB
INFO: Transliteration
INFO: copying GB (nothing to transliterate)
INFO: No TSV metadata for Encoder orientations, skipping
INFO: Adding TSV metadata for CHES orientations
INFO: Adding TSV metadata for Wiki orientations
WARN: For GB 0UBS no orientation in Wiki TSV
WARN: For GB BI cant find language in URL https://www.parliament.uk/site-information/glossary/bishops/
WARN: For GB BI no orientation in Wiki TSV
WARN: For GB CB no orientation in Wiki TSV
WARN: For GB I no orientation in Wiki TSV
WARN: For GB L8TA no orientation in Wiki TSV
WARN: For GB NA no orientation in Wiki TSV
WARN: For GB NPBE no orientation in Wiki TSV
WARN: For GB QHMP no orientation in Wiki TSV
WARN: For GB SO0T no orientation in Wiki TSV
WARN: For GB S no orientation in Wiki TSV
WARN: For GB LS no orientation in Wiki TSV
INFO: Transliteration
INFO: copying GB (nothing to transliterate)
INFO: No TSV metadata for Encoder ministers, skipping
INFO: No TSV metadata for Sex info, skipping
INFO: Doing /home/project/corpora/Parla/ParlaMint/ParlaMint/Build/Sources-TSV/ParlaMint-GB
INFO: Transliteration
INFO: copying GB (nothing to transliterate)
INFO: No TSV metadata for Encoder orientations, skipping
INFO: Adding TSV metadata for CHES orientations
INFO: Adding TSV metadata for Wiki orientations
WARN: For GB 0UBS no orientation in Wiki TSV
WARN: For GB BI cant find language in URL https://www.parliament.uk/site-information/glossary/bishops/
WARN: For GB BI no orientation in Wiki TSV
WARN: For GB CB no orientation in Wiki TSV
WARN: For GB I no orientation in Wiki TSV
WARN: For GB L8TA no orientation in Wiki TSV
WARN: For GB NA no orientation in Wiki TSV
WARN: For GB NPBE no orientation in Wiki TSV
WARN: For GB QHMP no orientation in Wiki TSV
WARN: For GB SO0T no orientation in Wiki TSV
WARN: For GB S no orientation in Wiki TSV
WARN: For GB LS no orientation in Wiki TSV
INFO: Transliteration
INFO: copying GB (nothing to transliterate)
INFO: No TSV metadata for Encoder ministers, skipping
INFO: No TSV metadata for Sex info, skipping
