WARN: Cant find government term with ID "May’s government" in listOrg, inserting as note.
WARN: TSV person LizTruss not found in TEI corpus, skipping!
WARN: Cant find government term with ID "Johnson’s government" in listOrg, inserting as note.
WARN: TSV person KemiBadenoch not found in TEI corpus, skipping!
WARN: TSV person KemiBadenoch not found in TEI corpus, skipping!
WARN: Cant find government term with ID "Cameron’s government" in listOrg, inserting as note.
WARN: Cant find government term with ID "Cameron’s government" in listOrg, inserting as note.
WARN: Cant find government term with ID "May’s government" in listOrg, inserting as note.
WARN: Cant find government term with ID "May’s government" in listOrg, inserting as note.
WARN: Cant find government term with ID "May’s government" in listOrg, inserting as note.
WARN: Cant find government term with ID "May’s government" in listOrg, inserting as note.
WARN: Cant find government term with ID "Johnson’s government" in listOrg, inserting as note.
WARN: Cant find government term with ID "Johnson’s government" in listOrg, inserting as note.
WARN: Cant find government term with ID "Johnson’s government" in listOrg, inserting as note.
WARN: Cant find government term with ID "Sunak’s government" in listOrg, inserting as note.
WARN: Cant find government term with ID "Sunak’s government" in listOrg, inserting as note.
WARN: Cant find government term with ID "Cameron’s government" in listOrg, inserting as note.
WARN: Cant find government term with ID "May’s government" in listOrg, inserting as note.
WARN: Cant find government term with ID "May’s government" in listOrg, inserting as note.
WARN: Cant find government term with ID "Johnson’s government" in listOrg, inserting as note.
WARN: Cant find government term with ID "Johnson’s government" in listOrg, inserting as note.
WARN: Cant find government term with ID "Johnson’s government" in listOrg, inserting as note.
WARN: Cant find government term with ID "Johnson’s government" in listOrg, inserting as note.
WARN: Cant find government term with ID "Truss’ government" in listOrg, inserting as note.
WARN: Cant find government term with ID "Sunak’s government" in listOrg, inserting as note.
WARN: Cant find government term with ID "Cameron’s government" in listOrg, inserting as note.
WARN: Cant find government term with ID "Cameron’s government" in listOrg, inserting as note.
WARN: TSV person GregClark not found in TEI corpus, skipping!
WARN: TSV person AndreaLeadson not found in TEI corpus, skipping!
WARN: Cant find government term with ID "Johnson’s government" in listOrg, inserting as note.
WARN: Cant find government term with ID "Johnson’s government" in listOrg, inserting as note.
WARN: Cant find government term with ID "Truss’ government" in listOrg, inserting as note.
WARN: Cant find government term with ID "Sunak’s government" in listOrg, inserting as note.
WARN: TSV person LizTruss not found in TEI corpus, skipping!
WARN: TSV person AndreaLeadson not found in TEI corpus, skipping!
WARN: Cant find government term with ID "May’s government" in listOrg, inserting as note.
WARN: Cant find government term with ID "Johnson’s government" in listOrg, inserting as note.
WARN: Cant find government term with ID "Johnson’s government" in listOrg, inserting as note.
WARN: Cant find government term with ID "Truss’ government" in listOrg, inserting as note.
WARN: TSV person ThereseCoffey not found in TEI corpus, skipping!
WARN: Cant find government term with ID "Cameron’s government" in listOrg, inserting as note.
WARN: TSV person GregClark not found in TEI corpus, skipping!
WARN: Cant find government term with ID "May’s government" in listOrg, inserting as note.
WARN: Cant find government term with ID "May’s government" in listOrg, inserting as note.
WARN: Cant find government term with ID "May’s government" in listOrg, inserting as note.
WARN: Cant find government term with ID "Johnson’s government" in listOrg, inserting as note.
WARN: Cant find government term with ID "Johnson’s government" in listOrg, inserting as note.
WARN: Cant find government term with ID "Johnson’s government" in listOrg, inserting as note.
WARN: TSV person GregClark not found in TEI corpus, skipping!
WARN: Cant find government term with ID "Truss’ government" in listOrg, inserting as note.
WARN: Cant find government term with ID "Sunak’s government" in listOrg, inserting as note.
WARN: Cant find government term with ID "Cameron and May’s government" in listOrg, inserting as note.
WARN: Cant find government term with ID "May’s government" in listOrg, inserting as note.
WARN: Cant find government term with ID "May and Johnson’s government" in listOrg, inserting as note.
WARN: Cant find government term with ID "Johnson’s government" in listOrg, inserting as note.
WARN: TSV person SteveBraclay not found in TEI corpus, skipping!
WARN: TSV person ThereseCoffey not found in TEI corpus, skipping!
WARN: TSV person SteveBraclay not found in TEI corpus, skipping!
WARN: Cant find government term with ID "Sunak’s government" in listOrg, inserting as note.
WARN: Cant find government term with ID "Cameron’s government" in listOrg, inserting as note.
WARN: TSV person ChrisGrayling not found in TEI corpus, skipping!
WARN: Cant find government term with ID "Johnson’s government" in listOrg, inserting as note.
WARN: Cant find government term with ID "Truss’ government" in listOrg, inserting as note.
WARN: Cant find government term with ID "Sunak’s government" in listOrg, inserting as note.
WARN: Cant find government term with ID "Cameron’s government" in listOrg, inserting as note.
WARN: Cant find government term with ID "Cameron’s government" in listOrg, inserting as note.
WARN: Cant find government term with ID "May’s government" in listOrg, inserting as note.
WARN: Cant find government term with ID "May’s government" in listOrg, inserting as note.
WARN: Cant find government term with ID "May’s government" in listOrg, inserting as note.
WARN: Cant find government term with ID "May’s government" in listOrg, inserting as note.
WARN: TSV person ThereseCoffey not found in TEI corpus, skipping!
WARN: Cant find government term with ID "Truss’ government" in listOrg, inserting as note.
WARN: TSV person MelStride not found in TEI corpus, skipping!
WARN: Cant find government term with ID "Cameron’s government" in listOrg, inserting as note.
WARN: Cant find government term with ID "May’s government" in listOrg, inserting as note.
WARN: Cant find government term with ID "May’s government" in listOrg, inserting as note.
WARN: Cant find government term with ID "Johnson’s government" in listOrg, inserting as note.
WARN: Cant find government term with ID "Johnson’s government" in listOrg, inserting as note.
WARN: TSV person LizTruss not found in TEI corpus, skipping!
WARN: Cant find government term with ID "Truss' and Sunak’s government" in listOrg, inserting as note.
WARN: Cant find government term with ID "Cameron’s government" in listOrg, inserting as note.
WARN: Cant find government term with ID "Cameron’s government" in listOrg, inserting as note.
WARN: Cant find government term with ID "May’s government" in listOrg, inserting as note.
WARN: TSV person LizTruss not found in TEI corpus, skipping!
WARN: Cant find government term with ID "Johnson’s government" in listOrg, inserting as note.
WARN: TSV person SteveBraclay not found in TEI corpus, skipping!
WARN: Cant find government term with ID "Johnson’s government" in listOrg, inserting as note.
WARN: TSV person ChrisPhilip not found in TEI corpus, skipping!
WARN: Cant find government term with ID "Truss’ government" in listOrg, inserting as note.
WARN: Cant find government term with ID "Sunak’s government" in listOrg, inserting as note.
WARN: Cant find government term with ID "Cameron’s government" in listOrg, inserting as note.
WARN: Cant find government term with ID "May’s government" in listOrg, inserting as note.
WARN: Cant find government term with ID "May’s government" in listOrg, inserting as note.
WARN: Cant find government term with ID "Johnson’s government" in listOrg, inserting as note.
WARN: TSV person SuellaBraverman not found in TEI corpus, skipping!
WARN: Cant find government term with ID "Truss’ government" in listOrg, inserting as note.
WARN: TSV person SuellaBraverman not found in TEI corpus, skipping!
WARN: Cant find government term with ID "Cameron’s government" in listOrg, inserting as note.
WARN: Cant find government term with ID "May’s government" in listOrg, inserting as note.
WARN: TSV person PennyMordaunt not found in TEI corpus, skipping!
WARN: Cant find government term with ID "Johnson, Truss and Sunak’s government" in listOrg, inserting as note.
WARN: TSV person ChrisGrayling not found in TEI corpus, skipping!
WARN: Cant find government term with ID "Cameron’s government" in listOrg, inserting as note.
WARN: TSV person LizTruss not found in TEI corpus, skipping!
WARN: Cant find government term with ID "May’s government" in listOrg, inserting as note.
WARN: Cant find government term with ID "May’s government" in listOrg, inserting as note.
WARN: Cant find government term with ID "Johnson’s government" in listOrg, inserting as note.
WARN: Cant find government term with ID "Johnson’s government" in listOrg, inserting as note.
WARN: Cant find government term with ID "Truss’ government" in listOrg, inserting as note.
WARN: Cant find government term with ID "Sunak’s government" in listOrg, inserting as note.
WARN: Cant find government term with ID "Cameron’s government" in listOrg, inserting as note.
WARN: Cant find government term with ID "May’s government" in listOrg, inserting as note.
WARN: Cant find government term with ID "May’s government" in listOrg, inserting as note.
WARN: Cant find government term with ID "Johnson’s government" in listOrg, inserting as note.
WARN: Cant find government term with ID "Johnson’s government" in listOrg, inserting as note.
WARN: Cant find government term with ID "Johnson’s government" in listOrg, inserting as note.
WARN: Cant find government term with ID "Truss' and Sunak’s government" in listOrg, inserting as note.
WARN: Cant find government term with ID "Cameron’s government" in listOrg, inserting as note.
WARN: Cant find government term with ID "Cameron, May and Johnson’s government" in listOrg, inserting as note.
WARN: Cant find government term with ID "Johnson, Truss and Sunak’s government" in listOrg, inserting as note.
WARN: Cant find government term with ID "Cameron’s government" in listOrg, inserting as note.
WARN: TSV person ChrisGrayling not found in TEI corpus, skipping!
WARN: Cant find government term with ID "May’s government" in listOrg, inserting as note.
WARN: TSV person AndreaLeadson not found in TEI corpus, skipping!
WARN: TSV person MelStride not found in TEI corpus, skipping!
WARN: Cant find government term with ID "Johnson’s government" in listOrg, inserting as note.
WARN: Cant find government term with ID "Johnson’s government" in listOrg, inserting as note.
WARN: TSV person PennyMordaunt not found in TEI corpus, skipping!
WARN: Cant find government term with ID "Cameron’s government" in listOrg, inserting as note.
WARN: Cant find government term with ID "Cameron, May and Johnson’s government" in listOrg, inserting as note.
WARN: Cant find government term with ID "Truss' and Sunak’s government" in listOrg, inserting as note.
WARN: Cant find government term with ID "Cameron’s government" in listOrg, inserting as note.
WARN: Cant find government term with ID "Cameron and May’s government" in listOrg, inserting as note.
WARN: Cant find government term with ID "May, Johnson, Truss and Sunak’s government" in listOrg, inserting as note.
WARN: Cant find government term with ID "Cameron’s government" in listOrg, inserting as note.
WARN: Cant find government term with ID "May’s government" in listOrg, inserting as note.
WARN: Cant find government term with ID "Johnson’s government" in listOrg, inserting as note.
WARN: Cant find government term with ID "Johnson and Truss’ government" in listOrg, inserting as note.
WARN: Cant find government term with ID "Sunak’s government" in listOrg, inserting as note.
WARN: Cant find government term with ID "Cameron and May’s government" in listOrg, inserting as note.
WARN: Cant find government term with ID "May and Johnson’s government" in listOrg, inserting as note.
WARN: TSV person SuellaBraverman not found in TEI corpus, skipping!
WARN: Cant find government term with ID "Johnson’s government" in listOrg, inserting as note.
WARN: TSV person SuellaBraverman not found in TEI corpus, skipping!
WARN: Cant find government term with ID "Truss’ government" in listOrg, inserting as note.
WARN: Cant find government term with ID "Sunak’s government" in listOrg, inserting as note.
WARN: Cant find government term with ID "Cameron’s government" in listOrg, inserting as note.
WARN: Cant find government term with ID "Cameron’s government" in listOrg, inserting as note.
WARN: Cant find government term with ID "May’s government" in listOrg, inserting as note.
WARN: Cant find government term with ID "May’s government" in listOrg, inserting as note.
WARN: Cant find government term with ID "May’s government" in listOrg, inserting as note.
WARN: Cant find government term with ID "Johnson’s government" in listOrg, inserting as note.
WARN: Cant find government term with ID "Johnson’s government" in listOrg, inserting as note.
WARN: TSV person SteveBraclay not found in TEI corpus, skipping!
WARN: Cant find government term with ID "Johnson’s government" in listOrg, inserting as note.
WARN: Cant find government term with ID "Truss’ government" in listOrg, inserting as note.
WARN: TSV person ChrisPhilip not found in TEI corpus, skipping!
WARN: Cant find government term with ID "Sunak’s government" in listOrg, inserting as note.
INFO: Inserting affiliation member for TheresaVilliers from "2019-07-25" to "2020-02-13"
INFO: Inserting affiliation minister for TheresaVilliers from "2019-07-25" to "2020-02-13"
INFO: Inserting affiliation member for TheresaVilliers from "2012-09-04" to "2016-07-14"
INFO: Inserting affiliation minister for TheresaVilliers from "2012-09-04" to "2016-07-14"
INFO: Inserting affiliation member for GillianKeegan from "2022-10-26" to ""
INFO: Inserting affiliation minister for GillianKeegan from "2022-10-26" to ""
INFO: Inserting affiliation member for JulianSmith from "2019-07-25" to "2020-02-13"
INFO: Inserting affiliation minister for JulianSmith from "2019-07-25" to "2020-02-13"
INFO: Inserting affiliation member for JamesCleverly from "2022-07-08" to "2022-09-06"
INFO: Inserting affiliation minister for JamesCleverly from "2022-07-08" to "2022-09-06"
INFO: Inserting affiliation member for JamesCleverly from "2022-09-07" to ""
INFO: Inserting affiliation minister for JamesCleverly from "2022-09-07" to ""
INFO: Inserting affiliation member for JacobReesMogg from "2022-09-07" to "2022-10-25"
INFO: Inserting affiliation minister for JacobReesMogg from "2022-09-07" to "2022-10-25"
INFO: Inserting affiliation member for JacobReesMogg from "2019-07-25" to "2022-02-08"
INFO: Inserting affiliation minister for JacobReesMogg from "2019-07-25" to "2022-02-08"
INFO: Inserting affiliation member for LiamFox from "2016-07-13" to "2019-07-24"
INFO: Inserting affiliation minister for LiamFox from "2016-07-13" to "2019-07-24"
INFO: Inserting affiliation member for OliverDowden from "2020-02-14" to "2021-09-15"
INFO: Inserting affiliation minister for OliverDowden from "2020-02-14" to "2021-09-15"
INFO: Inserting affiliation member for OliverDowden from "2019-07-25" to "2020-02-13"
INFO: Inserting affiliation minister for OliverDowden from "2019-07-25" to "2020-02-13"
INFO: Inserting affiliation member for ChristopherHeatonHarris from "2022-09-07" to ""
INFO: Inserting affiliation minister for ChristopherHeatonHarris from "2022-09-07" to ""
INFO: Inserting affiliation member for RanilJayawardena from "2022-09-07" to "2022-10-25"
INFO: Inserting affiliation minister for RanilJayawardena from "2022-09-07" to "2022-10-25"
INFO: Inserting affiliation member for PritiPatel from "2019-07-25" to "2022-09-06"
INFO: Inserting affiliation minister for PritiPatel from "2019-07-25" to "2022-09-06"
INFO: Inserting affiliation member for DominicRaab from "2019-07-25" to "2020-09-02"
INFO: Inserting affiliation minister for DominicRaab from "2019-07-25" to "2020-09-02"
INFO: Inserting affiliation member for DominicRaab from "2020-09-03" to "2021-09-16"
INFO: Inserting affiliation minister for DominicRaab from "2020-09-03" to "2021-09-16"
INFO: Inserting affiliation member for DominicRaab from "2021-09-16" to "2022-09-06"
INFO: Inserting affiliation minister for DominicRaab from "2021-09-16" to "2022-09-06"
INFO: Inserting affiliation member for DominicRaab from "2022-10-26" to ""
INFO: Inserting affiliation minister for DominicRaab from "2022-10-26" to ""
INFO: Inserting affiliation member for DavidDavies from "2022-10-26" to ""
INFO: Inserting affiliation minister for DavidDavies from "2022-10-26" to ""
INFO: Inserting affiliation member for TinaStowell from "2014-07-15" to "2016-07-14"
INFO: Inserting affiliation minister for TinaStowell from "2014-07-15" to "2016-07-14"
INFO: Inserting affiliation member for NickyMorgan from "2019-07-25" to "2020-02-13"
INFO: Inserting affiliation minister for NickyMorgan from "2019-07-25" to "2020-02-13"
INFO: Inserting affiliation member for NickyMorgan from "2014-07-15" to "2016-07-13"
INFO: Inserting affiliation minister for NickyMorgan from "2014-07-15" to "2016-07-13"
INFO: Inserting affiliation member for SimonClarke from "2022-09-07" to "2022-10-25"
INFO: Inserting affiliation minister for SimonClarke from "2022-09-07" to "2022-10-25"
INFO: Inserting affiliation member for SimonClarke from "2021-09-16" to "2022-09-06"
INFO: Inserting affiliation minister for SimonClarke from "2021-09-16" to "2022-09-06"
INFO: Inserting affiliation member for MarkHarper from "2022-10-26" to ""
INFO: Inserting affiliation minister for MarkHarper from "2022-10-26" to ""
INFO: Inserting affiliation member for VictoriaPrentis from "2022-10-26" to ""
INFO: Inserting affiliation minister for VictoriaPrentis from "2022-10-26" to ""
INFO: Inserting affiliation member for JamesBrokenshire from "2018-05-01" to "2019-07-24"
INFO: Inserting affiliation minister for JamesBrokenshire from "2018-05-01" to "2019-07-24"
INFO: Inserting affiliation member for JamesBrokenshire from "2016-07-15" to "2018-01-08"
INFO: Inserting affiliation minister for JamesBrokenshire from "2016-07-15" to "2018-01-08"
INFO: Inserting affiliation member for MarkSpencer from "2022-02-09" to "2022-09-06"
INFO: Inserting affiliation minister for MarkSpencer from "2022-02-09" to "2022-09-06"
INFO: Inserting affiliation member for DamianHinds from "2018-01-09" to "2019-07-24"
INFO: Inserting affiliation minister for DamianHinds from "2018-01-09" to "2019-07-24"
INFO: Inserting affiliation member for EstherMcVey from "2018-01-09" to "2018-11-15"
INFO: Inserting affiliation minister for EstherMcVey from "2018-01-09" to "2018-11-15"
INFO: Inserting affiliation member for DamianGreen from "2016-07-15" to "2017-06-11"
INFO: Inserting affiliation minister for DamianGreen from "2016-07-15" to "2017-06-11"
INFO: Inserting affiliation member for DamianGreen from "2017-06-12" to "2017-12-20"
INFO: Inserting affiliation minister for DamianGreen from "2017-06-12" to "2017-12-20"
INFO: Inserting affiliation member for FrancisMaude from "2010-05-12" to "2015-05-11"
INFO: Inserting affiliation minister for FrancisMaude from "2010-05-12" to "2015-05-11"
INFO: Inserting affiliation member for AlexanderJohnson from "2016-07-14" to "2018-07-09"
INFO: Inserting affiliation minister for AlexanderJohnson from "2016-07-14" to "2018-07-09"
INFO: Inserting affiliation member for GavinWilliamson from "2019-07-25" to "2021-09-15"
INFO: Inserting affiliation minister for GavinWilliamson from "2019-07-25" to "2021-09-15"
INFO: Inserting affiliation member for GavinWilliamson from "2017-11-02" to "2019-05-01"
INFO: Inserting affiliation minister for GavinWilliamson from "2017-11-02" to "2019-05-01"
INFO: Inserting affiliation member for JeremyHunt from "2012-09-04" to "2018-01-08"
INFO: Inserting affiliation minister for JeremyHunt from "2012-09-04" to "2018-01-08"
INFO: Inserting affiliation member for JeremyHunt from "2018-01-09" to "2018-07-09"
INFO: Inserting affiliation minister for JeremyHunt from "2018-01-09" to "2018-07-09"
INFO: Inserting affiliation member for JeremyHunt from "2018-07-10" to "2019-07-24"
INFO: Inserting affiliation minister for JeremyHunt from "2018-07-10" to "2019-07-24"
INFO: Inserting affiliation member for JeremyQuin from "2022-10-26" to ""
INFO: Inserting affiliation minister for JeremyQuin from "2022-10-26" to ""
INFO: Inserting affiliation member for DavidLidington from "2017-06-11" to "2018-01-08"
INFO: Inserting affiliation minister for DavidLidington from "2017-06-11" to "2018-01-08"
INFO: Inserting affiliation member for DavidLidington from "2016-07-15" to "2017-06-11"
INFO: Inserting affiliation minister for DavidLidington from "2016-07-15" to "2017-06-11"
INFO: Inserting affiliation member for DavidLidington from "2018-01-08" to "2019-07-24"
INFO: Inserting affiliation minister for DavidLidington from "2018-01-08" to "2019-07-24"
INFO: Inserting affiliation member for NadineDorries from "2021-09-16" to "2022-09-06"
INFO: Inserting affiliation minister for NadineDorries from "2021-09-16" to "2022-09-06"
INFO: Inserting affiliation member for RobertWallace from "2019-07-25" to ""
INFO: Inserting affiliation minister for RobertWallace from "2019-07-25" to ""
INFO: Inserting affiliation member for ChristopherMalthouse from "2022-09-07" to "2022-10-25"
INFO: Inserting affiliation minister for ChristopherMalthouse from "2022-09-07" to "2022-10-25"
INFO: Inserting affiliation member for PhilipHammond from "2014-07-14" to "2016-07-13"
INFO: Inserting affiliation minister for PhilipHammond from "2014-07-14" to "2016-07-13"
INFO: Inserting affiliation member for DavidGauke from "2017-06-12" to "2018-01-08"
INFO: Inserting affiliation minister for DavidGauke from "2017-06-12" to "2018-01-08"
INFO: Inserting affiliation member for DavidGauke from "2016-07-15" to "2017-06-11"
INFO: Inserting affiliation minister for DavidGauke from "2016-07-15" to "2017-06-11"
INFO: Inserting affiliation member for DavidGauke from "2018-01-09" to "2019-07-24"
INFO: Inserting affiliation minister for DavidGauke from "2018-01-09" to "2019-07-24"
INFO: Inserting affiliation member for MichaelGove from "2017-06-12" to "2019-07-24"
INFO: Inserting affiliation minister for MichaelGove from "2017-06-12" to "2019-07-24"
INFO: Inserting affiliation member for MichaelGove from "2021-09-16" to "2021-09-18"
INFO: Inserting affiliation minister for MichaelGove from "2021-09-16" to "2021-09-18"
INFO: Inserting affiliation member for MichaelGove from "2021-09-19" to "2022-07-06"
INFO: Inserting affiliation minister for MichaelGove from "2021-09-19" to "2022-07-06"
INFO: Inserting affiliation member for MichaelGove from "2022-10-26" to ""
INFO: Inserting affiliation minister for MichaelGove from "2022-10-26" to ""
INFO: Inserting affiliation member for MichaelGove from "2015-05-09" to "2016-07-14"
INFO: Inserting affiliation minister for MichaelGove from "2015-05-09" to "2016-07-14"
INFO: Inserting affiliation member for MichaelGove from "2020-02-14" to "2021-09-15"
INFO: Inserting affiliation minister for MichaelGove from "2020-02-14" to "2021-09-15"
INFO: Inserting affiliation member for KarenBradley from "2016-07-15" to "2017-07-03"
INFO: Inserting affiliation minister for KarenBradley from "2016-07-15" to "2017-07-03"
INFO: Inserting affiliation member for KarenBradley from "2017-07-04" to "2018-01-08"
INFO: Inserting affiliation minister for KarenBradley from "2017-07-04" to "2018-01-08"
INFO: Inserting affiliation member for KarenBradley from "2018-01-09" to "2019-07-24"
INFO: Inserting affiliation minister for KarenBradley from "2018-01-09" to "2019-07-24"
INFO: Inserting affiliation member for GregoryHands from "2015-05-11" to "2016-07-14"
INFO: Inserting affiliation minister for GregoryHands from "2015-05-11" to "2016-07-14"
INFO: Inserting affiliation member for KwasiKwarteng from "2021-01-09" to "2022-09-06"
INFO: Inserting affiliation minister for KwasiKwarteng from "2021-01-09" to "2022-09-06"
INFO: Inserting affiliation member for CharlesEustice from "2020-02-14" to "2022-09-06"
INFO: Inserting affiliation minister for CharlesEustice from "2020-02-14" to "2022-09-06"
INFO: Inserting affiliation member for IanDuncan from "2010-05-12" to "2016-03-18"
INFO: Inserting affiliation minister for IanDuncan from "2010-05-12" to "2016-03-18"
INFO: Inserting affiliation member for ChloeSmith from "2022-09-07" to "2022-10-25"
INFO: Inserting affiliation minister for ChloeSmith from "2022-09-07" to "2022-10-25"
INFO: Inserting affiliation member for BenedictGummer from "2016-07-15" to "2017-06-11"
INFO: Inserting affiliation minister for BenedictGummer from "2016-07-15" to "2017-06-11"
INFO: Inserting affiliation member for AlokSharma from "2020-02-14" to "2021-01-08"
INFO: Inserting affiliation minister for AlokSharma from "2020-02-14" to "2021-01-08"
INFO: Inserting affiliation member for KeithStewart from "2020-10-15" to ""
INFO: Inserting affiliation minister for KeithStewart from "2020-10-15" to ""
INFO: Inserting affiliation member for AnneMarieTrevelyan from "2021-09-16" to "2022-09-06"
INFO: Inserting affiliation minister for AnneMarieTrevelyan from "2021-09-16" to "2022-09-06"
INFO: Inserting affiliation member for AnneMarieTrevelyan from "2022-09-07" to "2022-10-25"
INFO: Inserting affiliation minister for AnneMarieTrevelyan from "2022-09-07" to "2022-10-25"
INFO: Inserting affiliation member for GrantShapps from "2022-10-26" to "2023-02-07"
INFO: Inserting affiliation minister for GrantShapps from "2022-10-26" to "2023-02-07"
INFO: Inserting affiliation member for GrantShapps from "2019-07-26" to "2022-09-06"
INFO: Inserting affiliation minister for GrantShapps from "2019-07-26" to "2022-09-06"
INFO: Inserting affiliation member for GrantShapps from "2022-10-20" to "2022-10-25"
INFO: Inserting affiliation minister for GrantShapps from "2022-10-20" to "2022-10-25"
INFO: Inserting affiliation member for RobertJenrick from "2019-07-25" to "2021-09-15"
INFO: Inserting affiliation minister for RobertJenrick from "2019-07-25" to "2021-09-15"
INFO: Inserting affiliation member for TheresaMay from "2010-05-12" to "2016-07-13"
INFO: Inserting affiliation minister for TheresaMay from "2010-05-12" to "2016-07-13"
INFO: Inserting affiliation member for SimonHart from "2019-12-16" to "2022-07-06"
INFO: Inserting affiliation minister for SimonHart from "2019-12-16" to "2022-07-06"
INFO: Inserting affiliation member for RishiSunak from "2019-07-25" to "2020-02-13"
INFO: Inserting affiliation minister for RishiSunak from "2019-07-25" to "2020-02-13"
INFO: Inserting affiliation member for MichaelFallon from "2014-07-15" to "2017-11-01"
INFO: Inserting affiliation minister for MichaelFallon from "2014-07-15" to "2017-11-01"
INFO: Inserting affiliation member for DavidMundell from "2015-05-11" to "2019-07-24"
INFO: Inserting affiliation minister for DavidMundell from "2015-05-11" to "2019-07-24"
INFO: Inserting affiliation member for NatalieEvans from "2016-07-14" to "2022-09-06"
INFO: Inserting affiliation minister for NatalieEvans from "2016-07-14" to "2022-09-06"
INFO: Inserting affiliation member for PatrickMcLoughlin from "2012-09-06" to "2016-07-14"
INFO: Inserting affiliation minister for PatrickMcLoughlin from "2012-09-06" to "2016-07-14"
INFO: Inserting affiliation member for RichardKeen from "2015-05-29" to "2020-09-16"
INFO: Inserting affiliation minister for RichardKeen from "2015-05-29" to "2020-09-16"
INFO: Inserting affiliation member for SajidJavid from "2014-04-09" to "2015-05-11"
INFO: Inserting affiliation minister for SajidJavid from "2014-04-09" to "2015-05-11"
INFO: Inserting affiliation member for SajidJavid from "2016-07-15" to "2018-01-08"
INFO: Inserting affiliation minister for SajidJavid from "2016-07-15" to "2018-01-08"
INFO: Inserting affiliation member for SajidJavid from "2018-01-09" to "2018-04-30"
INFO: Inserting affiliation minister for SajidJavid from "2018-01-09" to "2018-04-30"
INFO: Inserting affiliation member for SajidJavid from "2021-06-27" to "2022-07-05"
INFO: Inserting affiliation minister for SajidJavid from "2021-06-27" to "2022-07-05"
INFO: Inserting affiliation member for SajidJavid from "2018-04-30" to "2019-07-24"
INFO: Inserting affiliation minister for SajidJavid from "2018-04-30" to "2019-07-24"
INFO: Inserting affiliation member for BrandonLewis from "2022-09-07" to "2022-10-25"
INFO: Inserting affiliation minister for BrandonLewis from "2022-09-07" to "2022-10-25"
INFO: Inserting affiliation member for BrandonLewis from "2020-02-14" to "2022-07-07"
INFO: Inserting affiliation minister for BrandonLewis from "2020-02-14" to "2022-07-07"
INFO: Inserting affiliation member for AmberRudd from "2015-05-11" to "2016-07-14"
INFO: Inserting affiliation minister for AmberRudd from "2015-05-11" to "2016-07-14"
INFO: Inserting affiliation member for AmberRudd from "2018-11-16" to "2019-09-07"
INFO: Inserting affiliation minister for AmberRudd from "2018-11-16" to "2019-09-07"
INFO: Inserting affiliation member for AmberRudd from "2016-07-14" to "2018-04-29"
INFO: Inserting affiliation minister for AmberRudd from "2016-07-14" to "2018-04-29"
INFO: Inserting affiliation member for RobertBuckland from "2019-07-25" to "2021-09-15"
INFO: Inserting affiliation minister for RobertBuckland from "2019-07-25" to "2021-09-15"
INFO: Inserting affiliation member for RobertBuckland from "2022-07-07" to "2022-10-25"
INFO: Inserting affiliation minister for RobertBuckland from "2022-07-07" to "2022-10-25"
INFO: Inserting affiliation member for JeremyWright from "2018-07-09" to "2019-07-24"
INFO: Inserting affiliation minister for JeremyWright from "2018-07-09" to "2019-07-24"
INFO: Inserting affiliation member for JeremyWright from "2014-07-15" to "2018-07-09"
INFO: Inserting affiliation minister for JeremyWright from "2014-07-15" to "2018-07-09"
INFO: Inserting affiliation member for NicholasTrue from "2022-09-07" to ""
INFO: Inserting affiliation minister for NicholasTrue from "2022-09-07" to ""
INFO: Inserting affiliation member for ShaileshVara from "2022-07-08" to "2022-09-06"
INFO: Inserting affiliation minister for ShaileshVara from "2022-07-08" to "2022-09-06"
INFO: Inserting affiliation member for JustineGreening from "2016-07-15" to "2018-01-08"
INFO: Inserting affiliation minister for JustineGreening from "2016-07-15" to "2018-01-08"
INFO: Inserting affiliation member for EdwardDavey from "2012-02-03" to "2015-05-08"
INFO: Inserting affiliation minister for EdwardDavey from "2012-02-03" to "2015-05-08"
INFO: Inserting affiliation member for EdwardArgar from "2022-10-15" to "2022-10-25"
INFO: Inserting affiliation minister for EdwardArgar from "2022-10-15" to "2022-10-25"
INFO: Inserting affiliation member for EdwardArgar from "2022-09-07" to "2022-10-14"
INFO: Inserting affiliation minister for EdwardArgar from "2022-09-07" to "2022-10-14"
INFO: Inserting affiliation member for AlisterJack from "2019-07-24" to ""
INFO: Inserting affiliation minister for AlisterJack from "2019-07-24" to ""
INFO: Inserting affiliation member for MichaelEllis from "2021-03-03" to "2021-09-10"
INFO: Inserting affiliation minister for MichaelEllis from "2021-03-03" to "2021-09-10"
INFO: Inserting affiliation member for MichaelEllis from "2022-09-07" to "2022-10-25"
INFO: Inserting affiliation minister for MichaelEllis from "2022-09-07" to "2022-10-25"
INFO: Inserting affiliation member for MichaelEllis from "2022-02-09" to "2022-09-06"
INFO: Inserting affiliation minister for MichaelEllis from "2022-02-09" to "2022-09-06"
INFO: Inserting affiliation member for CharlesCox from "2018-07-10" to "2020-02-13"
INFO: Inserting affiliation minister for CharlesCox from "2018-07-10" to "2020-02-13"
INFO: Inserting affiliation member for NadhimZahawi from "2021-09-16" to "2022-07-05"
INFO: Inserting affiliation minister for NadhimZahawi from "2021-09-16" to "2022-07-05"
INFO: Inserting affiliation member for JamesWallace from "2010-05-14" to "2015-05-08"
INFO: Inserting affiliation minister for JamesWallace from "2010-05-14" to "2015-05-08"
INFO: Inserting affiliation member for MatthewHancock from "2018-01-09" to "2018-07-08"
INFO: Inserting affiliation minister for MatthewHancock from "2018-01-09" to "2018-07-08"
INFO: Inserting affiliation member for MatthewHancock from "2018-07-10" to "2021-06-26"
INFO: Inserting affiliation minister for MatthewHancock from "2018-07-10" to "2021-06-26"
INFO: Inserting affiliation member for MatthewHancock from "2015-05-12" to "2016-07-14"
INFO: Inserting affiliation minister for MatthewHancock from "2015-05-12" to "2016-07-14"
INFO: Inserting affiliation member for LucyLeighFrazer from "2023-02-08" to ""
INFO: Inserting affiliation minister for LucyLeighFrazer from "2023-02-08" to ""
INFO: Inserting affiliation member for StephenCrabb from "2016-03-19" to "2016-07-14"
INFO: Inserting affiliation minister for StephenCrabb from "2016-03-19" to "2016-07-14"
INFO: Inserting affiliation member for StephenCrabb from "2015-07-15" to "2016-03-19"
INFO: Inserting affiliation minister for StephenCrabb from "2015-07-15" to "2016-03-19"
INFO: Inserting affiliation member for EricPickles from "2010-05-12" to "2015-05-11"
INFO: Inserting affiliation minister for EricPickles from "2010-05-12" to "2015-05-11"
INFO: Inserting affiliation member for WilliamHague from "2014-07-14" to "2015-05-08"
INFO: Inserting affiliation minister for WilliamHague from "2014-07-14" to "2015-05-08"
INFO: Inserting affiliation member for AlunCairns from "2016-03-20" to "2019-11-06"
INFO: Inserting affiliation minister for AlunCairns from "2016-03-20" to "2019-11-06"
INFO: Inserting affiliation member for JohnGlen from "2022-10-26" to ""
INFO: Inserting affiliation minister for JohnGlen from "2022-10-26" to ""
INFO: Inserting affiliation member for MichelleDonelan from "2022-09-07" to "2023-02-07"
INFO: Inserting affiliation minister for MichelleDonelan from "2022-09-07" to "2023-02-07"
INFO: Inserting affiliation member for MichelleDonelan from "2022-07-06" to "2022-07-07"
INFO: Inserting affiliation minister for MichelleDonelan from "2022-07-06" to "2022-07-07"
INFO: Inserting affiliation member for MichelleDonelan from "2023-02-03" to ""
INFO: Inserting affiliation minister for MichelleDonelan from "2023-02-03" to ""
INFO: Inserting affiliation member for JohnWhittingdale from "2015-05-12" to "2016-07-14"
INFO: Inserting affiliation minister for JohnWhittingdale from "2015-05-12" to "2016-07-14"
INFO: Inserting affiliation member for AlexanderCarmichael from "2013-10-07" to "2015-05-08"
INFO: Inserting affiliation minister for AlexanderCarmichael from "2013-10-07" to "2015-05-08"
INFO: Inserting affiliation member for DanielAlexander from "2010-05-29" to "2015-05-08"
INFO: Inserting affiliation minister for DanielAlexander from "2010-05-29" to "2015-05-08"
