INFO: *****Converting PL
INFO: ***Making PL samples
INFO: selecting meta file ParlaMint-taxonomy-parla.legislature.xml
INFO: selecting meta file ParlaMint-taxonomy-speaker_types.xml
INFO: selecting meta file ParlaMint-taxonomy-subcorpus.xml
INFO: selecting meta file ParlaMint-taxonomy-CHES.xml
INFO: selecting meta file ParlaMint-taxonomy-politicalOrientation.xml
INFO: selecting meta file ParlaMint-PL-listOrg.xml
INFO: selecting meta file ParlaMint-PL-listPerson.xml
INFO: from 686 component files  selecting ~3 files:
INFO: selecting component file 2017/ParlaMint-PL_2017-07-20-sejm-46-3.xml
INFO: selecting component file 2020/ParlaMint-PL_2020-01-17-senat-03-3.xml
INFO: selecting component file 2022/ParlaMint-PL_2022-06-23-sejm-57-2.xml
INFO: Converting directory /project/corpora/Parla/ParlaMint/ParlaMint/Corpora/Master/ParlaMint-PL
INFO: Making text files
INFO: converting ParlaMint-PL_2020-01-17-senat-03-3 to text file
INFO: converting ParlaMint-PL_2017-07-20-sejm-46-3 to text file
INFO: converting ParlaMint-PL_2022-06-23-sejm-57-2 to text file
INFO: Making metadata files
INFO: Converting ParlaMint-PL_2017-07-20-sejm-46-3 to metadata TSV
INFO: Converting ParlaMint-PL_2020-01-17-senat-03-3 to metadata TSV
INFO: Converting ParlaMint-PL_2022-06-23-sejm-57-2 to metadata TSV
INFO: Converting ParlaMint-PL_2017-07-20-sejm-46-3 to metadata TSV
INFO: Converting ParlaMint-PL_2020-01-17-senat-03-3 to metadata TSV
INFO: Converting ParlaMint-PL_2022-06-23-sejm-57-2 to metadata TSV
INFO: selecting meta file ParlaMint-taxonomy-parla.legislature.xml
INFO: selecting meta file ParlaMint-taxonomy-speaker_types.xml
INFO: selecting meta file ParlaMint-taxonomy-subcorpus.xml
INFO: selecting meta file ParlaMint-taxonomy-UD-SYN.ana.xml
INFO: selecting meta file ParlaMint-taxonomy-NER.ana.xml
INFO: selecting meta file ParlaMint-taxonomy-CHES.xml
INFO: selecting meta file ParlaMint-taxonomy-politicalOrientation.xml
INFO: selecting meta file ParlaMint-PL-listOrg.xml
INFO: selecting meta file ParlaMint-PL-listPerson.xml
INFO: from 686 component files  selecting ~3 files:
INFO: selecting component file 2017/ParlaMint-PL_2017-07-20-sejm-46-3.ana.xml
INFO: selecting component file 2020/ParlaMint-PL_2020-01-17-senat-03-3.ana.xml
INFO: selecting component file 2022/ParlaMint-PL_2022-06-23-sejm-57-2.ana.xml
INFO: Converting directory /project/corpora/Parla/ParlaMint/ParlaMint/Corpora/Master/ParlaMint-PL
INFO: Converting ParlaMint-PL_2022-06-23-sejm-57-2.ana to vertical
INFO: Converting ParlaMint-PL_2017-07-20-sejm-46-3.ana to vertical
INFO: Converting ParlaMint-PL_2020-01-17-senat-03-3.ana to vertical
INFO: Converting directory /project/corpora/Parla/ParlaMint/ParlaMint/Corpora/Master/ParlaMint-PL
INFO: Converting ParlaMint-PL_2022-06-23-sejm-57-2.ana to metadata TSV
INFO: Converting ParlaMint-PL_2020-01-17-senat-03-3.ana to metadata TSV
INFO: Converting ParlaMint-PL_2017-07-20-sejm-46-3.ana to metadata TSV
INFO: Converting ParlaMint-PL_2020-01-17-senat-03-3.ana to metadata TSV
INFO: Converting ParlaMint-PL_2022-06-23-sejm-57-2.ana to metadata TSV
INFO: Converting ParlaMint-PL_2017-07-20-sejm-46-3.ana to metadata TSV
/project/corpora/Parla/ParlaMint/ParlaMint/Corpora/Master/ParlaMint-PL/ParlaMint-PL_2017-07-20-sejm-46-3.ana-meta-en.tsv not renamed: /project/corpora/Parla/ParlaMint/ParlaMint/Corpora/Master/ParlaMint-PL/ParlaMint-PL_2017-07-20-sejm-46-3-meta-en.tsv already exists
/project/corpora/Parla/ParlaMint/ParlaMint/Corpora/Master/ParlaMint-PL/ParlaMint-PL_2020-01-17-senat-03-3.ana-meta-en.tsv not renamed: /project/corpora/Parla/ParlaMint/ParlaMint/Corpora/Master/ParlaMint-PL/ParlaMint-PL_2020-01-17-senat-03-3-meta-en.tsv already exists
/project/corpora/Parla/ParlaMint/ParlaMint/Corpora/Master/ParlaMint-PL/ParlaMint-PL_2022-06-23-sejm-57-2.ana-meta-en.tsv not renamed: /project/corpora/Parla/ParlaMint/ParlaMint/Corpora/Master/ParlaMint-PL/ParlaMint-PL_2022-06-23-sejm-57-2-meta-en.tsv already exists
*** PASSED ***
*** PASSED ***
*** PASSED ***
*** PASSED ***
*** PASSED ***
*** PASSED ***
INFO: ***Finished processing PL corpus.
INFO: *****Converting PL-en
INFO: ***Making PL-en samples
WARN: No TEI files for PL-en samples (needed root file is /project/corpora/Parla/ParlaMint/ParlaMint/Corpora/Master/ParlaMint-PL-en.TEI/ParlaMint-PL-en.xml)
INFO: selecting meta file ParlaMint-taxonomy-parla.legislature.xml
INFO: selecting meta file ParlaMint-taxonomy-speaker_types.xml
INFO: selecting meta file ParlaMint-taxonomy-subcorpus.xml
INFO: selecting meta file ParlaMint-taxonomy-NER.ana.xml
INFO: selecting meta file ParlaMint-taxonomy-CHES.xml
INFO: selecting meta file ParlaMint-taxonomy-politicalOrientation.xml
INFO: selecting meta file ParlaMint-taxonomy-USAS.ana.xml
INFO: selecting meta file ParlaMint-PL-listOrg.xml
INFO: selecting meta file ParlaMint-PL-listPerson.xml
INFO: from 686 component files  selecting ~3 files:
INFO: selecting component file 2017/ParlaMint-PL-en_2017-07-20-sejm-46-3.ana.xml
INFO: selecting component file 2020/ParlaMint-PL-en_2020-01-17-senat-03-3.ana.xml
INFO: selecting component file 2022/ParlaMint-PL-en_2022-06-23-sejm-57-2.ana.xml
INFO: Converting directory /project/corpora/Parla/ParlaMint/ParlaMint/Corpora/Master/ParlaMint-PL-en
INFO: Converting ParlaMint-PL-en_2022-06-23-sejm-57-2.ana to vertical
INFO: Converting ParlaMint-PL-en_2017-07-20-sejm-46-3.ana to vertical
INFO: Converting ParlaMint-PL-en_2020-01-17-senat-03-3.ana to vertical
WARN: registry file parlamint41_pl_en not found
INFO: Converting directory /project/corpora/Parla/ParlaMint/ParlaMint/Corpora/Master/ParlaMint-PL-en
INFO: Converting ParlaMint-PL-en_2017-07-20-sejm-46-3.ana to metadata TSV
INFO: Converting ParlaMint-PL-en_2020-01-17-senat-03-3.ana to metadata TSV
INFO: Converting ParlaMint-PL-en_2022-06-23-sejm-57-2.ana to metadata TSV
*** PASSED ***
*** PASSED ***
*** PASSED ***
*** PASSED ***
*** PASSED ***
*** PASSED ***
INFO: ***Finished processing PL-en corpus.
