A10+
A10-
A10---
A10+/A5.2-
A10+/G2.2-
A10-/G2.2-
A10+/H2
A10+/I1.1+
A10-/I1.2
A10-/M1/S2mf
A10-/M7
A10+/N4
A10-/N5++
A10+/N6+
A10-/O2
A10-/Q1.1
A10-/Q1.2
A10+/Q2.1
A10-/Q2.1
A10-/Q2.2
A10-/Q4.1
A10+/S1.1.3+
A10+/S1.2
A10+/S2mf
A10-/S2mf
A10-/S3.2
A10+/T1.3
A10+/X2.1
A1.1.1
A1.1.1-
A11.1
A11.1+
A11.1++
A11.1+++
A11.1-
A11.1--
A11.1---
A1.1.1/A10-
A1.1.1/A12-
A1.1.1/A15+
A1.1.1/A1.5.2+
A1.1.1/A1.7+
A11.1+/A1.8+
A11.1+/A2.1
A11.1+/A2.1+
A11.1-/A2.1
A11.1-/A8
A1.1.1/A9-
A1.1.1c
A1.1.1/E2-
A1.1.1/E3+
A11.1+/E6-
A1.1.1/F4
A1.1.1/G2.2-
A1.1.1/H1
A1.1.1/H3
A1.1.1/I3.1
A1.1.1/L2
A1.1.1/M1
A1.1.1/M7
A1.1.1/M8
A1.1.1/N4
A1.1.1/N5+
A1.1.1/N5++
A1.1.1/N5+++
A1.1.1/N5-
A1.1.1/N5.2+
A1.1.1/N5.2-
A11.1+/N5.2+
A1.1.1/N5.2+mfn
A1.1.1/N5+mf
A1.1.1/N6+
A11.1+/N6+
A1.1.1/O1.2
A1.1.1/O2
A1.1.1/O4.5
A11.1+/P1
A11.1+/Q1.1
A11.1-/Q1.1
A11.1-/Q2.2
A11.1++/Q2.2/S2mf
A11.1+/S1.1.1
A11.1-/S2.1m
A1.1.1/S2mf
A1.1.1-/S2mf
A11.1+/S2mf
A11.1-/S2mf
A1.1.1/S2mfc
A1.1.1/S5+
A1.1.1/S5-
A1.1.1/S5+c
A11.1+/S5+c
A1.1.1/S7.1+
A1.1.1/S7.2+
A1.1.1/S7.4+
A1.1.1/T1.1.2
A1.1.1/T1.3+
A1.1.1/W4
A1.1.1/X2.1
A11.1+/X2.1
A1.1.1/X4.2
A1.1.1/X7-
A1.1.1/X9.2-
A1.1.1/Z6
A1.1.2
A1.1.2-
A11.2+
A11.2-
A1.1.2/A2.1
A11.2+/A2.1
A11.2+/A4.2+
A1.1.2/A9-
A1.1.2/B2-
A1.1.2/E3-
A1.1.2/G2.1/S2mf
A1.1.2/L1-
A11.2+mfn
A1.1.2/O2
A1.1.2/O4.4
A1.1.2/S2mf
A1.1.2/S9
A1.2
A1.2+
A1.2-
A12+
A12++
A12+++
A12-
A12--
A12---
A1.2.4-/Q2.2
A12+/A2.1
A1.2+/I3.2+
A1.2-/I3.2
A12-/M7
A1.2/N5.1+
A12-/N5.1+
A12+/N5.2+
A12+/P1
A12+/Q2.2
A12-/S2mf
A1.2/S5-
A12+/X4.2
A1.3
A1.3+
A1.3-
A13
A13.1
A13.2
A13.3
A13.4
A13.5
A13.6
A13.7
A13/A6
A1.3+/I1
A1.4
A1.4+
A1.4-
A14
A1.4-/A1.1.1
A1.4/A1.5.1
A1.4/Df
A1.4/I1/A15-
A14/Q4.2
A1.4/S2mf
A1.4-/S2mf
A1.4/S8-
A1.5
A15
A15+
A15++
A15+++
A15-
A1.5.1
A1.5.1+
A1.5.1-
A1.5.1/A1.3+
A1.5.1/A9+/S2mf
A1.5.1/F4
A1.5.1/M7
A1.5.1/N5+
A1.5.1/N5-
A1.5.1/N5.2+
A1.5.1/N6
A1.5.1/N6+
A1.5.1/S2mf
A1.5.1/S5+
A1.5.1/S6+
A1.5.2
A1.5.2+
A1.5.2-
A1.5.2+/O4.2+
A1.5.2-/S2mf
A15-/A1.1.1
A15+/B5
A15+/E1
A15+/G3
A15+/I3.2/S2mf
A15-/K5.1
A15+/M3
A15+/M7
A15+/O2
A15/S2mf
A15/X2.4
A15-/X9.2+
A1.6
A1.6/S2mf
A1.7+
A1.7+++
A1.7-
A1.7+/A2.1
A1.7-/A2.1
A1.7++/G1.1
A1.7+/G1.1
A1.7-/G1.1
A1.7+/G2.1
A1.7+/L1-
A1.7+/L2
A1.7-/M1
A1.7-/M4
A1.7+/N4
A1.7-/O1.2
A1.7+/O2
A1.7+/S2mf
A1.7-/S2mf
A1.7-/S9
A1.7+/X2.1
A1.8+
A1.8-
A1.8-/B2-
A1.8+/G1.1
A1.8-/G1.2@
A1.8-/G2.1
A1.8-/I3.2
A1.8+/N4
A1.8-/S2mf
A1.8+/T1.3
A1.8+/X2.2+/S2mf
A1.9
A1.9-
A1.9/A11.2+
A1.9/G2.1
A1.9/I3.1
A1.9/S1.2.3+
A1.9/S2mf
A2.1
A2.1+
A2.1-
A2.1--
A2.1+/A3+
A2.1+/A5.1+
A2.1+/A5.1-
A2.1+/A5.1+/M7
A2.1+/A6.1-
A2.1+/A7---
A2.1+/G2.2-
A2.1+/I1.3
A2.1/M7
A2.1+/M7
A2.1+/N3.8+
A2.1+/N6+
A2.1-/O1
A2.1/Q2.2
A2.1+/S2mf
A2.1-/S2mf
A2.1+/S6-
A2.1+/S9
A2.1/X2.1
A2.1-/X2.1
A2.1-/X2.1/S2mf
A2.1+/Y2
A2.1/Z2
A2.2
A2.2+
A2.2-
A2.2/A12+
A2.2/A12-
A2.2/A5.4-/S2.2m
A2.2/E1
A2.2/E2++
A2.2/E4.1-
A2.2/G2.2-
A2.2/L3
A2.2mfn
A2.2/N3.2
A2.2/Q2.2
A2.2/S1.2.4+
A2.2/S2mf
A2.2/X2.1
A3
A3+
A3-
A3+/A11.1+
A3+/A1.6
A3+/A5.1-
A3+/S2mf
A3/T1.3
A3+/T2++
A4.1
A4.1-
A4.1/A2.1
A4.1/A6.2+
A4.1c
A4.1/I1
A4.1/L2
A4.1/L3
A4.1/N6+
A4.1/S2mf
A4.1/X2.4
A4.2+
A4.2++
A4.2-
A4.2--
A4.2---
A4.2+/I3.1
A4.2/N5.2+
A4.2+/P1
A4.2+/Q2.2
A4.2+/S2mf
A5.1
A5.1+
A5.1++
A5.1+++
A5.1-
A5.1--
A5.1---
A5.1+/A13.4
A5.1+++/A2.1
A5.1+++/A2.1+
A5.1+/A2.1
A5.1+/A2.1+
A5.1--/A2.1
A5.1-/A2.1
A5.1+/A2.1/H1
A5.1+/A2.1/S2mf
A5.1+/A2.2
A5.1--/A2.2
A5.1-/A2.2
A5.1+++/A4.1
A5.1++/A4.1
A5.1-/A5.1+
A5.1/A6.1-
A5.1-/A6.1-
A5.1+/A9-
A5.1+/F1
A5.1/G1.1
A5.1/I2.1
A5.1/L1
A5.1-/M7
A5.1/N6+
A5.1/Q1.2
A5.1+/Q1.2
A5.1+/Q2.2
A5.1-/S2.1f
A5.1-/S2.2m
A5.1/S2mf
A5.1+++/S2mf
A5.1++/S2mf
A5.1+/S2mf
A5.1-/S2mf
A5.1-/S2mf/T3-
A5.1+++/S5+c
A5.1+++/T1.2
A5.1+/X2.1
A5.1-/X2.1
A5.1/X2.4
A5.1+/X2.6+
A5.1-/X2.6
A5.1+++/X4.1
A5.1+/X7+
A5.1+++/X9.2+
A5.2+
A5.2++
A5.2+++
A5.2-
A5.2/A7
A5.2+/A8
A5.2-/A8
A5.2-/E4.1+
A5.2-/G2.1-
A5.2-/Q2.2
A5.2-/S2mf
A5.2-/X2.1
A5.2-/X2.2
A5.2-/X4.1
A5.3+
A5.3++
A5.3-
A5.3+/A2.1
A5.3+++/S2mf
A5.4+
A5.4+++
A5.4-
A5.4-/A1.1.1
A5.4-/A2.2
A5.4-/A8
A5.4-/O2
A5.4-/S2mf
A5.4-/S7.1+
A5.4-/T1.3
A5/N6
A6
A6.1
A6.1+
A6.1+++
A6.1-
A6.1-/A15+
A6.1+/A2.1
A6.1-/A2.1
A6.1-/A2.1+
A6.1+/A5.4-
A6.1-/E2-
A6.1-/E3-
A6.1+mfn
A6.1+/N3.5
A6.1-/O2
A6.1-/Q2.2
A6.1-/S1.1.1
A6.1+/S1.1.2+
A6.1+/S2mf
A6.1+/S5+c
A6.1+/S8+
A6.1+/X2.1
A6.1-/X2.1
A6.1-/X2.1mf
A6.1-/X2.2
A6.1-/X2.6
A6.1-/Z8
A6.2+
A6.2++
A6.2+++
A6.2-
A6.2--
A6.2---
A6.2+/A2.1
A6.2-/A2.1
A6.2-/K2
A6.2-/Q2.2
A6.2+/S2mf
A6.2-/S2mf
A6.2+/X2.1
A6.3+
A6.3++
A6.3-
A6.3+/G1.2
A6.3+/S5
A6.3+/S5+c
A6/A5.1
A7
A7+
A7++
A7+++
A7-
A7+/A1.1.1
A7+/A2.1
A7+/A2.1-
A7+/Q2.2
A7+/Q3
A7+/S2mf
A7-/S2mf
A7+++/S7.1-
A7-/X2.1
A7+/X9
A7+/Z6
A8
A8/A5.2+
A8/S5
A9
A9+
A9++
A9-
A9.1+++
A9+/A10-
A9+/G2.1
A9+/G2.1-
A9-/G2.1
A9-/G2.1-
A9+/G2.2-
A9-/G2.2+
A9+/H1
A9+/I1
A9+/I1.1
A9-/I1.1
A9-/I1.1/S2mf
A9+/I1.3-
A9+/I1/S2mf
A9-/M5
A9+/M7
A9+/N3.8+
A9+/N5+
A9-/N5.2+
A9+/N6+
A9-/N6
A9-/N6+
A9-/O1.2
A9+/O1.3
A9+/Q1.2
A9+/Q1.2/S2mf
A9+/Q2.2
A9+/Q2.2/H1
A9+/Q2.2/I1.3
A9+/Q2.2/N5.2+
A9+/Q2.2/Q1.2
A9+/Q2.2/S2mf
A9+/S1.1.1
A9/S1.1.2+
A9+/S2mf
A9-/S2mf
A9+/S4
A9-/S4
A9+/S5+
A9/S7.1
A9+/S7.1+
A9+/T1.3+
A9+/X2.1
A9-/X7+
A9+/Z6
A9-/Z6
A9+/Z8
B1
B1/A1.1.2
B1/A12-
B1/A2.1
B1/A9-
B1/B3
B1/E2-
B1/E4.1-
B1/F1
B1/F2
B1/H4
B1/L1-
B1/L2
B1/N5.2+
B1/N6+
B1/O1
B1/O2
B1/O4.3
B1/O4.4
B1/Q1.2
B1/S2
B1/S2mf
B1/S3.2
B1/S4
B1/S9
B1/T1.3
B1/T1.3+
B1/W4
B1/X3.2
B1/Y2/S9
B2
B2+
B2++
B2+++
B2-
B2+/A2.1
B2-/B1
B2-/B3
B2-/E2+
B2-/E3-
B2-/E6-
B2+/F1
B2-/F1
B2-/F1-
B2-/F3
B2-/G2.1-/S2mf
B2-/I3.1-
B2-/L2
B2-/M3
B2-/M4
B2-/M5
B2+/N6+
B2-/O4.6+
B2-/Q1.2
B2-/Q2.1
B2-/Q3/S2mf
B2-/S1.1.1
B2-/S1.2
B2-/S1.2.6-
B2-/S2mf
B2-/S3.2
B2-/S3.2-
B2-/S4
B2-/S5+
B2-/W4
B2/X1
B2+/X1
B2-/X1
B2-/X1c
B2-/X1mf
B2-/X2.2-
B2-/X2/Q2
B2/X3.4
B2-/X3.4
B2-/X3.4-
B2-/X5.1
B2-/X5.1-
B2+/X5.2+++mf
B2-/Z6
B3
B3/A4.2-
B3/A9+
B3/B1
B3c
B3/C1
B3/E3+
B3/F1
B3/F3
B3/G1.1
B3/G1.1c
B3/G2.1
B3/G2.1-/S2mf
B3/H1
B3/H1c
B3/H2
B3/H2c
B3/H5
B3/I2.2
B3/I2.2c
B3/I3.1
B3/I3.1c
B3/I3.2/S2.1f
B3/I3.2/S2mf
B3/K2
B3/K5.1mf
B3/L3
B3/M3
B3/M3fn
B3/M3/S2.2m
B3/M5fn
B3/M6
B3/N5.2+
B3/O1.1
B3/O2
B3/O3
B3/P1
B3/P1c
B3/Q1.2
B3/Q3
B3/S1.1.1
B3/S1.2
B3/S2
B3/S2.1f
B3/S2.2m
B3/S2c
B3/S2mf
B3/S3.2
B3/S4
B3/S5+c
B3/W3
B3/X1
B3/X1c
B3/X2.4
B3/X3.2
B3/X3.4
B3/Y1
B3/Z6
B4
B4-
B4/B1
B4/B5
B4/H1
B4/H1c
B4/H2
B4/H5
B4/I2.1
B4/I2.1c
B4/I2.2
B4/I3.2/S2.2m
B4/I3.2/S2mf
B4/L2
B4/M4
B4/M7
B4/O1
B4/O1.1
B4/O1.2
B4/O2
B4/O3
B4/O4.2+
B4/S2.1f
B4/S2mf
B4/S5+
B5
B5-
B5/A10-/S9
B5/A1.1.1
B5/A1.1.2
B5/A1.7+
B5/A5.1+
B5/B4
B5/Df
B5/G2.1
B5/I1
B5/I1.1
B5/I2.2
B5/I2.2/H1
B5/I3.2/T1.1.1mf
B5/I4
B5/K1
B5/K4
B5/K5.1
B5/L1-
B5/L2
B5/L2/S2mf
B5/M3
B5/M4
B5/N3.2
B5/N5.1-
B5/O1.1
B5/O1.2-
B5/O2
B5/O3
B5/O4.1
B5/O4.2
B5/O4.3
B5/P1
B5/Q1.2
B5/Q4.2
B5/S2
B5/S2.1f
B5/S2mf
B5-/S2mf
B5/S4
B5/S7.1+
B5/S9
B5/T1
B5/T1.3
B5/T3-
B5/W4
B5/X3.4
B5/Y1
B5/Z2
B5/Z3
B5/Z3c
C1
C1/A10+/S1.1.3+
C1/A9+
C1/B1
C1/H1
C1/H1c
C1/H1/S2mf
C1/H2
C1/I2.1
C1/I2.1/S2mf
C1/I3.2/S2.2m
C1/M7
C1/N3.2++
C1/N5---
C1/N6+
C1/O1
C1/O2
C1/O4.2-
C1/P1/H1
C1/Q1.1
C1/Q1.2
C1/Q4.1
C1/Q4.3
C1/S1.1.3+c
C1/S2.2m
C1/S2mf
C1/S4
C1/S9
C1/T1.1.1
C1/T3+
C1/T3-
C1/Y1
C1/Y2
Df
Df+++
Df/A2.2
Df/A5.1+++mfnc
Df/A8
Dfc
Df/C1
Df/E2+
Df/E2+mf
Df/E4.1+mfn
Df/E6-
Df/H1c
Df/H2
Df/I2.1c
Df/I2.2
Df/I3.1
Df/I3.1c
Df/N5
Df/N5-
Df/O2
Df/P1
Df/P1c
Df/Q4.1mf
Df/S2m
Df/S5+
Df/S5+c
Df/X5.2+
Df/X5.2+mf
Df/X5.2++mfn
Df/X7+
Df/Z6
E1
E1-
E1/A1.7-
E1/A2.1
E1/B1
E1/G2.2-
E1/N5.2+
E1/N5.2+/S2mf
E1/S1.2.5+
E1/T1.1.1
E2
E2+
E2++
E2+++
E2-
E2--
E2+/A1.1.1
E2+/A2.1
E2+/A5.4-
E2+/I1.1
E2--/M7
E2-/Q2.2
E2+/S2mf
E2-/S2mf
E2+/S2mF
E2-/S3.2
E2-/S3.2/S2m
E2+/T1.2
E2+/X3.2+
E2-/X3.2
E2+/Z2
E3+
E3++
E3-
E3--
E3---
E3+/A1.1.1
E3-/A1.1.1
E3-/A1.1.2
E3+/A2.1
E3-/A2.1
E3+/G3
E3-/H2
E3/L1-
E3+/L2
E3-/L2
E3+/N5.2+
E3-/O1
E3-/O2
E3-/Q2.2
E3-/S1.2
E3-/S2.2m
E3+/S2mf
E3-/S2mf
E3-/S4
E3+/S7.1+
E3-/S7.1
E3-/X3.2+
E3-/X3.4
E4.1+
E4.1++
E4.1+++
E4.1-
E4.1--
E4.1---
E4.1+/A2.2
E4.1-/A5.4-
E4.1-/E2
E4.1-/E2/S2mf
E4.1-/G2.1-
E4.1+/K5/S2mf
E4.1-/L1-
E4.1+/S1.2.6-
E4.1+/S2.2m
E4.1+/S2mf
E4.1-/S2mf
E4.1-/S3.2
E4.1-/T1.3
E4.1+/X3.2
E4.1+/X3.2++
E4.2+
E4.2++
E4.2-
E4.2-/A2.1
E4.2+/S1.2
E5+
E5++
E5+++
E5-
E5--
E5-/A1.3+++
E5-/A1.3+++/S2mf
E5-/B1
E5-/N3.7
E5-/Q2.1
E5-/S1.1.1
E5+/S1.2
E5-/S1.2
E5-/S2mf
E6
E6+
E6-
E6--
E6+/E4.2-
E6-/G2.2
E6-/N5
E6+/N5.2+
E6-/P1
E6+/Q2.2
E6-/S2mf
E6+/S8+
F1
F1-
F1/A1.1.1
F1/A5.1+
F1/B1
F1-/B1
F1/B2+
F1/B2-
F1/B5
F1c
F1/E1
F1/E2+
F1/F2
F1/H1
F1/H1c
F1/H2
F1/I1
F1/I2.1/S5+
F1/I2.2
F1/I2.2c
F1/I2.2/H1
F1/I4
F1/L2
F1/L3
F1/M3
F1/N3.1
F1/N3.2-
F1/N4
F1/N5
F1/N5+
F1/N5-
F1/N5.1-
F1/N5.2+
F1/O2
F1/O3
F1/O4.1
F1/P1
F1/Q1.2
F1/Q4.1
F1/S1.1.3
F1/S1.1.3+c
F1/S2
F1/S2.1f
F1/S2.2m
F1/S2c
F1/S2mf
F1/S2/S2mf
F1/S4
F1/S9
F1/T1.3
F1/T3-
F1/X2.2+
F1/Z3c
F2
F2++
F2-
F2/A1.1.1
F2/A1.1.1/H1c
F2/A1.1.1/S2mf
F2/B1
F2+++/B1
F2/B2-
F2++/B2-
F2+++/B2-/S2mf
F2/G2.1
F2/H1
F2/H1c
F2/H2
F2/H3
F2/I2.1
F2/I2.2c
F2/I3.2/S2.2m
F2/I3.2/S2mf
F2/L2
F2/M3/S2mf
F2/N5+
F2/N5.2+
F2/O1.1
F2/O2
F2/O3
F2/O4.5
F2/S1.1.3+
F2/S2.2m
F2/S2mf
F2+++/S2mf
F2/S5+c
F2/T1.3
F2/Z3c
F3
F3-
F3/A6.2+
F3/B3
F3/E3-
F3/G2.1
F3/G2.1-
F3/G2.2-
F3/H1
F3/I2
F3/N5.2+
F3/N6+/S2mf
F3/O2
F3/S2mf
F3-/S2mf
F3/S6+
F4
F4/A1.1.1
F4/A2.1+
F4/F2
F4/H1
F4/H1c
F4/H3
F4/H3c
F4/I1.1
F4/I2.2
F4/I4
F4/K1
F4/L2
F4/L2/S2mf
F4/L3
F4/M3
F4/M4
F4/M4/S2.2m
F4/M7
F4/M7c
F4/N6+
F4/O1
F4/O2
F4/S2
F4/S2.1f
F4/S2.2m
F4/S2mf
F4/S4
F4/S4c
F4/S5+
F4/T1.3
F4/Y1
G1.1
G1.1-
G1.1.1/A1.8-
G1.1/A2.1
G1.1-/A2.1
G1.1/A6.2+
G1.1/A9+
G1.1-c
G1.1c
G1.1c/E2-
G1.1c/T1.1.1
G1.1/G1.1-
G1.1/G2.1
G1.1/G3
G1.1/H1
G1.1/H1c
G1.1/H4c
G1.1/H4/S2mf
G1.1/I1
G1.1/I1-
G1.1/I1.1
G1.1/I1.1c
G1.1/I1.1/S2mf
G1.1/I1.2
G1.1/I1.3
G1.1/I1c
G1.1/I1/Q2.1
G1.1/I2.1
G1.1/M7
G1.1/N5.1-
G1.1/O1.2c
G1.1/O2
G1.1/Q1.2
G1.1/Q1.2/S2mf
G1.1/Q2.2
G1.1/S1.1.1
G1.1/S1.1.3+
G1.1/S2
G1.1/S2.1f
G1.1/S2.2m
G1.1/S2m
G1.1/S2mf
G1.1/S2mn
G1.1/S5+
G1.1-/S5+
G1.1/S5+c
G1.1/S7.1+
G1.1/S7.1+/S2mf
G1.1/S7.1+/S5+
G1.1/S7.4+
G1.1/S7.4+/S2mf
G1.1/S8+
G1.1/T3+/S2mf
G1.1/X2.1
G1.1/X4.2c
G1.1/X7
G1.1/Y2
G1.2
G1.2-
G1.2/A1.7-
G1.2/A6.1-
G1.2/A7-
G1.2c
G1.2/E3+
G1.2/G2.2-
G1.2/H1c
G1.2/I2.1
G1.2/M7
G1.2/M7/S2mf
G1.2/Q1.1
G1.2/Q1.2
G1.2/Q2.2
G1.2/S2.2m
G1.2/S2mf
G1.2/S5+
G1.2/S5-
G1.2/S5+c
G1.2/S5-/S2mf
G1.2/S7.1+
G1.2/S9/E2-
G1.2/T1.3
G1.2/W3
G1.2/X2.1
G1.2/X2.4
G1.2/X4.2
G1.2/X7+
G1.2/X7-
G1.2/X7/A2.1
G1.2/X7+/N6+
G1.2/X7+/S2mf
G1.2/X7+/Z2
G1.2/Z3
G1.2/Z3c
G2.1
G2.1+
G2.1-
G2.1-/A1.1.2
G2.1/A15+
G2.1/A1.7+
G2.1-/A1.9
G2.1+/A2.2
G2.1/A5.2-
G2.1/A9+
G2.1-/A9+
G2.1/A9+/S4
G2.1/B1
G2.1-/B3
G2.1-c
G2.1c
G2.1-/Df
G2.1/E3-
G2.1-/E3-
G2.1/F2
G2.1/F3-
G2.1-/G1.2
G2.1-/G1.2/S2mf
G2.1/G2.2
G2.1-/G3/S2mf
G2.1/H1
G2.1/H1c
G2.1/H2
G2.1/H4
G2.1/H5
G2.1/I1
G2.1/I1.3
G2.1/I2.1
G2.1-/I2.2
G2.1/I3.1/S2mf
G2.1/I3.2/S2.2m
G2.1/I3.2/S2mf
G2.1-/K5.1
G2.1/L1-
G2.1/M1
G2.1/M2
G2.1/M3
G2.1-/M3
G2.1-/M4
G2.1/M7
G2.1/M7c
G2.1/M8
G2.1-/N5
G2.1/N6+
G2.1-/N6+
G2.1-/N6+/S2mf
G2.1/O2
G2.1-/O2
G2.1-/O4.6+
G2.1-/O4.6+/S2mf
G2.1/P1
G2.1/P1%
G2.1/P1c
G2.1/P1mf
G2.1/Q1.1
G2.1/Q1.2
G2.1/Q2.2
G2.1-/Q2.2
G2.1/Q4.1
G2.1/S1.1.1
G2.1/S2
G2.1/S2.1f
G2.1/S2.2m
G2.1-/S2.2m
G2.1/S2f
G2.1/S2mf
G2.1+/S2mf
G2.1-/S2mf
G2.1-/S3.2
G2.1-/S3.2/S2.2m
G2.1-/S4
G2.1/S4c
G2.1/S5
G2.1/S5+
G2.1/S5+c
G2.1/S7.1-
G2.1/S7.4+
G2.1/S9
G2.1/T1.1.1
G2.1/T1.1.1m
G2.1-/T1.1.1mf
G2.1/T1.3
G2.1/T2-
G2.1/T2-/S2mf
G2.1/T3-c
G2.1/X2.4
G2.1/X6
G2.1/X6/S2mf
G2.1-/Y1
G2.1/Y2
G2.1/Z6
G2.2
G2.2+
G2.2++
G2.2-
G2.2-/A11.1+
G2.2-/A1.5.1
G2.2+/A2.1
G2.2-/A2.1
G2.2-/A5.2-
G2.2c
G2.2/E2
G2.2+/E2
G2.2/F2
G2.2-/G3
G2.2+/G3/S2mf
G2.2-/G3/S2mf
G2.2-/I1
G2.2-/I1.1
G2.2-/I1.1/S2mf
G2.2-/I1.2
G2.2/I3.1
G2.2/L2
G2.2/L2/S2mf
G2.2/Q2.2
G2.2-/Q2.2
G2.2+/S1.2
G2.2-/S1.2
G2.2-/S2.1f
G2.2-/S2.2m
G2.2/S2mf
G2.2+/S2mf
G2.2-/S2mf
G2.2-/S3.2
G2.2-/S3.2/S2.1f
G2.2-/S4/E2++
G2.2/S5-
G2.2-/S9
G3
G3-
G3@
G3/A10-/H1
G3/B2-
G3/B3/S2mf
G3/B5
G3c
G3/G2.1
G3/G2.1-
G3/G2.1-mf
G3/H1
G3/H1c
G3/H2
G3/H4
G3/I2
G3/I2.2
G3/I3.2/S2mf
G3/I4
G3/I4/H1
G3/I4/S2mf
G3/K1
G3/K4
G3/K5.2
G3/L1
G3/M2
G3/M3fn
G3/M4
G3/M4c
G3/M4/S2mf
G3/M5
G3/M5/S2mf
G3/M7
G3/M7c
G3/N3.8+
G3/O1.1
G3/O1.3
G3/O2
G3/O4.6+
G3/P1
G3/P1/S2mf
G3/Q2.2
G3/S2.2m
G3/S2m
G3/S2mf
G3-/S2mf
G3/S5
G3/S5+
G3/S5+c
G3/S7.1+
G3/S7.1-
G3/S7.1+/S2.2m
G3/S7.1-/S2.2m
G3/S7.1+/S2mf
G3/S7.3+
G3/S7.4-
G3/T1.1.1
G3/T1.3
G3/Y2
G3/Z2
H1
H1/A10+
H1/A10-
H1/A1.7+
H1/B3c
H1/B4
H1c
H1/E3+c
H1/F4
H1/G1.1
H1/G1.1c
H1/G2.1
H1/G3
H1/H4
H1/H4c
H1/I1
H1/I1.1
H1/I1.1-c
H1/I2.1
H1/I2.1c
H1/I2.2
H1/I3.1
H1/I3.2/S2mf
H1/I4c
H1/K1
H1/L1-
H1/L2
H1/L3
H1/M3
H1/M4
H1/M4fn
H1/M7
H1/N3.7
H1/N6+
H1/O4.2+
H1/P1
H1/P1c
H1/S1.1.1c
H1/S1.1.2+
H1/S1.1.3+c
H1/S1.2.3+
H1/S2
H1/S2mf
H1/S4
H1/S4c
H1/S5+c
H1/S7.1+
H1/S7.4+
H1/S8+
H1/S8+c
H1/S9
H1/T3+c
H1/T3-c
H1/X2.4
H1/Y1/B1
H2
H2/A15-
H2/A9+
H2/B4
H2/B5
H2/F1
H2/H4
H2/I3.1
H2/K1
H2/K2
H2/M1
H2/M2
H2/M4
H2/O1
H2/O1.2
H2/O2
H2/P1
H2/Q2.2
H2/S1.1.1
H2/S2.1f
H2/S2mf
H2/S5+
H2/S5+c
H2/S7.1+
H2/S9
H3
H3/H1
H3/O4.2-
H3/P1
H3/S2mf
H3/S9
H4
H4-
H4/A1.1.1
H4/A2.1
H4/A2.1+
H4/F1
H4/G1.1
H4/G2.1
H4/H1
H4/H1-
H4/H1c
H4/I1.1
H4/I2.1
H4/L2
H4/M7
H4/M7c
H4/N6+
H4/P1
H4/Q1.2
H4/S2.1f
H4-/S2c
H4/S2m
H4/S2mf
H4-/S2mf
H4/S5+c
H4/S9
H4/T1.3
H4-/T3-/S2mf
H4/Y1
H5
H5-
H5/A2.1
H5/B3
H5/B4
H5/F1
H5/G2.1
H5/I2.2
H5/K1
H5/L3
H5/M3
H5/N5
H5/N5.1-
H5/N6+
H5/O2
H5/O4.6+
H5/Q1.2
H5/S2mf
H5/S7.1+
H5/S9
I1
I1-
I1.1
I1.1+
I1.1++
I1.1+++
I1.1-
I1.1--
I1.1---
I1.1/A2.1+
I1.1-/A2.1
I1.1/A2.2
I1.1/A9+
I1.1/A9-
I1.1+/A9+
I1.1+/A9-
I1.1/B2-
I1.1/G1.1
I1.1/G1.1/N5.2+
I1.1/G1.2
I1.1+/G2.1
I1.1/G2.2-
I1.1/H4
I1.1/I2.1
I1.1/I2.1c
I1.1/I2.2
I1.1/I3.1
I1.1/I3.1-
I1.1/I3.1/S2mf
I1.1/M1
I1.1+mfn
I1.1/N5++
I1.1/N5-
I1.1/N5.2+
I1.1/N6+
I1.1/O2
I1.1/O2/Q1.1
I1.1/P1
I1.1/S1.1.1
I1.1/S2.2m
I1.1/S2mf
I1.1+++/S2mf
I1.1++/S2mf
I1.1-/S2mf
I1.1/S4
I1.1/S8+c
I1.1/T1.1.1mf
I1.1/T3+
I1.1/T4+
I1.1/X2.4
I1.2
I1.2+
I1.2-
I1.2/A1.1.1
I1.2/A1.3+
I1.2/A15-
I1.2/Df
I1.2/G1.1
I1.2/G2.1
I1.2/G2.1/H1
I1.2/H1
I1.2/H4
I1.2/I3.1
I1.2/L1
I1.2/M3
I1.2/M5
I1.2/N5+
I1.2/N5.2+
I1.2/Q1.2
I1.2/S2mf
I1.2+/S2mf
I1.3
I1.3+
I1.3+++
I1.3-
I1.3--
I1.3---
I1.3/A10-
I1.3/A1.7+
I1.3+/A2.1
I1.3+/A8
I1.3/A9-
I1.3+/A9+
I1.3/H1
I1.3/M3
I1.3/M5
I1.3/M7
I1.3/N5-
I1.3/N5.2+
I1.3+/N5.2+
I1.3/N6
I1.3/O1.2
I1.3/S2mf
I1.3-/S2mf
I1.3/S5+
I1.3/S7.1+
I1.3/T1.1.2
I1.3-/X2.4
I1.3-/X2.4/S2mf
I1/A1.4
I1/A1.4/Q1.2
I1/A15-
I1/A2.1
I1/A5.4-
I1/A9+
I1/A9-
I1/B2-
I1c
I1/G1.1
I1/G2.2-
I1/H1
I1/H1c
I1/H2
I1/I2.1
I1/I2.1c
I1/I2.2
I1/I3.1
I1/I3.1-
I1/K1
I1/M3
I1/N5
I1/N5-
I1/N5--
I1/N5-/A2.1
I1/O2
I1/O3
I1/Q1.2
I1/S2mf
I1/S8+
I1/S9
I1/T1.3
I1/X7+
I1/Y2
I1/Z2
I1/Z6
I2.1
I2.1-
I2.1/A10+
I2.1/A1.4
I2.1c
I2.1/F1
I2.1/G2.1
I2.1/G2.1-
I2.1/G2.2-
I2.1/H1
I2.1/H1c
I2.1/H4
I2.1/I1
I2.1/I1.1
I2.1/I1.1-
I2.1/I1.1c
I2.1/I1.2
I2.1/I1.3
I2.1/M1
I2.1/M3
I2.1/M7
I2.1/N3.2+c
I2.1/N5+
I2.1/N5++
I2.1/N5-
I2.1/P1
I2.1/Q1.2
I2.1/Q2.1/S8+
I2.1/Q2.2
I2.1/Q3
I2.1/S1.1.1
I2.1/S1.1.3+c
I2.1/S2
I2.1/S2.2m
I2.1/S2m
I2.1/S2mf
I2.1/S4
I2.1/S5
I2.1/S5+
I2.1/S5+c
I2.1/S5c
I2.1/S7.3
I2.1/S8+
I2.1/S8+/S2mf
I2.1/T1.2
I2.1/X2.4
I2.1/X7+
I2.1/Y2
I2.2
I2.2/A5.1+
I2.2/A6.3+
I2.2/A9+
I2.2/A9-
I2.2/B5c
I2.2/B5/H1
I2.2/B5/S2mf
I2.2c
I2.2/Df
I2.2/F2/S2mf
I2.2/G2.2-
I2.2/H1
I2.2/H1c
I2.2/H2
I2.2/H4
I2.2/H5
I2.2/I1.1+
I2.2/I1.3
I2.2/I1.3/S2mf
I2.2/K3c
I2.2/K6
I2.2/L2c
I2.2/M2
I2.2/M3
I2.2/M4
I2.2/M7
I2.2mf/N6+
I2.2/N4
I2.2/N5
I2.2/N5.2+
I2.2/N6+
I2.2/O2
I2.2/O3
I2.2/O4.2-c
I2.2/Q1.2
I2.2/Q1.3
I2.2/Q1.3/S2mf
I2.2/Q2.1
I2.2/Q2.1/Q4
I2.2/Q2.1/S2mf
I2.2/Q2.1/Y2
I2.2/Q2.2
I2.2/Q2.2c
I2.2/Q2.2/S2.2m
I2.2/Q4.1c
I2.2/S1.1.1
I2.2/S2
I2.2/S2.1
I2.2/S2.1f
I2.2/S2.2m
I2.2/S2.2mf
I2.2/S2c
I2.2/S2mf
I2.2/S2mfc
I2.2/S5
I2.2/S5+
I2.2/S5-
I2.2/S5+c
I2.2/S5c
I2.2/S7.1+
I2.2/S7.3+
I2.2/S8+
I2.2/T1.3
I2.2/T3+c
I2.2/X2.2+c
I2.2/X2.4-
I2.2/X4.1
I2.2/X5.2+mf
I2.2/X9.2+
I2.2/Y2
I2.2/Y2/S2mf
I2.2/Y2/S5+
I2.2/Z6
I3.1
I3.1-
I3.1/A1.1.1
I3.1/A2.1+
I3.1/A4.2-mfn
I3.1/A5.1-
I3.1/A9+
I3.1/B4/S2.1f
I3.1/E4.2+
I3.1/F1/S2.1f
I3.1/F1/S2.2m
I3.1/F2/S2.1f
I3.1/F4/S2mf
I3.1/H1
I3.1/H1c
I3.1/H2
I3.1/I1-
I3.1-/I1
I3.1/I1.1-
I3.1/I1.1-/S2mf
I3.1/I2.1
I3.1/I2.1c
I3.1/M7
I3.1-/N4
I3.1/N5+
I3.1/N5-
I3.1-/N5
I3.1/N5.2+
I3.1/N5.2-
I3.1/N6+
I3.1/N6-
I3.1/P1
I3.1/P1m
I3.1/P1/S2mf
I3.1/Q1.2
I3.1-/Q1.2
I3.1/S1.1.2+
I3.1/S2
I3.1/S2-
I3.1/S2.2m
I3.1/S2c
I3.1/S2mf
I3.1-/S2mf
I3.1/S2mfc
I3.1/S4
I3.1-/S4
I3.1/S4/S2.1f
I3.1/S5
I3.1/S5+
I3.1/S5-
I3.1/S5+c
I3.1/S5c
I3.1-/S6+
I3.1/S8+
I3.1/S8+/S2mf
I3.1/T1.1.1
I3.1/T1.3
I3.1/T1.3+
I3.1/T1.3-
I3.1/T1.3mf
I3.1/T2-
I3.1/T2--
I3.1/X2.6+
I3.1/X5.2+++
I3.1-/X5.2+
I3.1/Z6
I3.2
I3.2+
I3.2-
I3.2/G2.1-
I3.2/H1/S2mf
I3.2/H2/S2.2m
I3.2/H2/S2mf
I3.2/H4/S2mf
I3.2/I1.1/S2mf
I3.2/M3/S2mf
I3.2+/N4
I3.2+/N5+
I3.2/P1
I3.2/S2mf
I3.2+/S2mf
I3.2-/S2mf
I3.2/S8+/S2mf
I3.2/T1.1.1mf
I3.2+/X4.2
I4
I4/A4.1
I4c
I4/Df
I4/Dfc
I4/G2.1c
I4/H1
I4/H1c
I4/H2
I4/I2.1
I4/M3
I4/M4
I4/M7
I4/M7c
I4/N4
I4/N5+
I4/S2mf
I4/S8+
I4/T1.1.1mf
K1
K1/A1.4
K1/B2-
K1c
K1/E4.1+/S2mf
K1/G1.1
K1/H1
K1/H1c
K1/H2
K1/H4
K1/I1.1
K1/I2.2
K1/L2
K1/L2/S2mf
K1/M1
K1/M1/S5+
K1/M3
K1/M4
K1/M7
K1/M7c
K1/P1
K1/P1c
K1/Q4.1
K1/Q4.2
K1/S1.1.1
K1/S1.1.3+
K1/S1.1.3+c
K1/S2.1f
K1/S2.2m
K1/S2f
K1/S2mf
K1/S2mfc
K1/S3.2
K1/S4
K1/S5+
K1/S5+c
K1/T1.3
K1/T1.3/S2mf
K1/W3
K1/W4
K1/X9.2+
K2
K2/A2.1
K2c
K2/G3c
K2/H1
K2/H2c
K2/K4
K2/N3.2-
K2/N3.8-
K2/O2
K2/O3
K2/P1
K2/Q4.1c
K2/Q4.3
K2/S1.1.3+
K2/S1.1.3+c
K2/S2.1f
K2/S2.2m
K2/S2m
K2/S2mf
K2/S3.2
K2/S3mf
K2/S5
K2/S5+
K2/S5+c
K2/S5c
K2/S5mf
K2/S7.3+c
K2/S9
K2/T3+
K3
K3/A5.1
K3/H1c
K3/M3
K3/N4
K3/N5+
K3/N6+
K3/O2
K3/O3
K3/Q1.2
K3/S2mf
K3/Y2
K4
K4/A5.3-
K4/B5
K4c
K4/C1
K4/E5-
K4/H1
K4/H2
K4/K2
K4/M7
K4/P1
K4/P1c
K4/Q2.2
K4/Q2.2/S2mf
K4/Q4.1
K4/S2
K4/S2.1f
K4/S2.2m
K4/S2mf
K4/S5+
K4/S5+c
K4/S7.1+/S2mf
K4/T1.3
K4/T2-
K4/X7+
K5
K5.1
K5.1/A5.1++
K5.1/A5.1+++mf
K5.1/B5
K5.1c
K5.1/F1
K5.1/G2.2-
K5.1/H1
K5.1/H1c
K5.1/H2
K5.1/H5
K5.1/I1
K5.1/I3.2/S2mf
K5.1/K1
K5.1/L2
K5.1/M3
K5.1/M4
K5.1/M5
K5.1/M7
K5.1/M7c
K5.1/N3.8
K5.1/N6+
K5.1/O2
K5.1/P1
K5.1/P1c
K5.1/Q1.1
K5.1/Q4.2
K5.1/S2.1c
K5.1/S2.2m
K5.1/S2mf
K5.1/S5+
K5.1/S5+c
K5.1+/S5c
K5.1/S7.1+/S2
K5.1/S7.3+
K5.1/S7.4-
K5.1/T1.1.1
K5.1/X9.1+
K5.1/X9.2+
K5.2
K5.2c
K5.2/H1c
K5.2/H5
K5.2/I1/S2mf
K5.2/Q2.2
K5.2/Q3
K5.2/S2.2m
K5.2/S2mf
K5.2/S7.3+
K5.2/T1.1.1
K5.2/X4.1
K5.2/Y2
K5/O2/Q1.1
K5/S7.3+
K6
K6/G2.2-
K6/H2
K6/H3
K6/M1
K6/M3
K6/M7
K6mfn
K6/S2mf
L1
L1+
L1-
L1-/A1.1.1
L1-/A1.1.2
L1/A12-
L1+/A6.1+
L1/A6.3+
L1-/E3-
L1-/F1/H1c
L1-/G2.1-
L1-/G2.1-/S2.1f
L1-/G2.1-/S2mf
L1+/G3
L1-/H1
L1-/H1c
L1-/H2
L1-/H5
L1-/M3fn
L1-/M7
L1-/N5
L1-/O1.2
L1-/O2
L1-/Q1.2
L1-/Q4.2
L1-/S1.1.1
L1-/S2.2m
L1/S2mf
L1-/S2mf
L1-/S2mfc
L1-/S5+
L1/S7.4+
L1-/S9
L1/T1.2
L1/T1.3+
L1+/T2+++
L1/T3+
L1-/X3.2
L2
L2/A10+
L2/A1.1.1
L2/A4.1
L2/A6.3+
L2/B1
L2/B2-
L2/B3
L2-/B3
L2c
L2/E2+
L2/E3-
L2f
L2/F1
L2/F2
L2fn
L2/G2.1mfn
L2/H1
L2/H1c
L2/H4
L2/H4mfn
L2/H5
L2/K1
L2/K5.1mfn
L2/L1-
L2m
L2/M1
L2/M5
L2/M7c
L2mf
L2mfn
L2mfnc
L2mf/T3-
L2mn
L2/N5+
L2/O2
L2/O4.3
L2/Q2.1
L2/S2mf
L2/S5+c
L2/S8+
L2/S8+/H1
L2/S9mfn
L2/T3-
L2/X3.2
L2/X3.2+
L2/Z6
L3
L3/A1.1.1
L3/B5
L3c
L3/F1
L3/F2
L3-/F4
L3/H2
L3/H3
L3/M7
L3/O2
L3/Q4.1
L3/S2.1f
L3/S2mf
L3/S2mfn
M1
M1/A10-
M1/A10-/S2mf
M1/A10-/S2mff
M1/A1.1.2
M1/A12-
M1/A2.1
M1/B1
M1/E2-
M1/E3-
M1/E4.1+
M1/E5-
M1/F4
M1/G1.1c
M1/I1.1+
M1/I1.3
M1/I2.1
M1/K1
M1/L2
M1/M3
M1/M4
M1/M5
M1/M6
M1/M7
M1/M7/E2-
M1/M7/S2mf
M1/N3.3-
M1/N3.8+
M1/N3.8-
M1/N3.8---
M1/N3.8+/L2
M1/N3.8+/S2mf
M1/N4
M1/N5+
M1/N5.1+
M1/N6
M1/N6+
M1/O1.2
M1/P1
M1/Q1.1
M1/Q1.2
M1/S1.1.2+
M1/S1.2.3+
M1/S2
M1/S2mf
M1/S5+
M1/S7.1-
M1/S8+c
M1/S9
M1/T1.3
M1/T3-/S2mf
M1/W1
M1/X2.4
M1/X3.2
M1/X3.2-
M1/X5.1-
M1/X5.2+/S2mf
M1/X7-/S2mf
M1/X9.1+
M2
M2/A1.7-
M2/A6.1-
M2/B1
M2/G1.1
M2/G1.2
M2/G1.2/S5
M2/G2.1-
M2/I2.1
M2/I3.1
M2/M5
M2/M7
M2/N3.5+
M2/N5.1-
M2/N6+
M2/O1
M2/S2mf
M2/X7-
M2/Z6
M3
M3/A10-
M3/A1.1.2
M3/A1.1.2fn
M3/A1.4
M3/A4.1
M3/A5.1+
M3/B2-
M3/B3/S2mf
M3/B4
M3c
M3/F1
M3/F2
M3fn
M3/G2.1
M3/G2.1-
M3/G2.1fn
M3/H1
M3/H1c
M3/H3
M3/H4
M3/I1.2
M3/I1/A15-
M3/I2.1fn
M3/K1
M3/K5.1
M3/K5.1fn
M3/L2
M3/M1
M3/M4
M3/M6
M3/M7
M3/M7c
M3/N1
M3/N3.1
M3/N3.8
M3/N3.8+
M3/N3.8-
M3/N3.8+fn
M3/N5+
M3/N5fn
M3nf
M3/O1
M3/O1.3
M3/O2
M3/O3
M3/O3/A15+
M3/P1
M3/P1c
M3/P1fn
M3/Q1.1
M3/Q1.2
M3/S1.1.3+
M3/S2
M3/S2.2m
M3/S2mf
M3/S2mfn
M3/S4
M3/S7.1+
M3/S8+
M3/S8+/S2mf
M3/T1.2
M3/T3
M3/T3+fn
M3/W4
M3/Z2
M4
M4/A1.1.2
M4/A15+/I3.2/S2mf
M4/B2-
M4/B5
M4c
M4/F1
M4/F4
M4fn
M4fnc
M4/G2.1-fn
M4/G3
M4/G3fn
M4/H1
M4/H1c
M4/H2
M4/I2.1c
M4/I3.2/S2.2m
M4/I4
M4/K1
M4/K1/T1.3
M4/K5.1
M4/M7
M4/M7c
M4/M8
M4/O1.2fn
M4/O2
M4/S2.2m
M4/S2m
M4/S2mf
M4-/S2mf
M4/S5+c
M4/S7.3+
M4/S8+fn
M4/X3.4/S2mf
M4/Y1
M5
M5/A1.1.1
M5/A1.4
M5/B2-
M5fn
M5fnc
M5/G3
M5/G3c
M5/G3fn
M5/H1
M5/I3.2/S2mf
M5/K1
M5/K6
M5/M7
M5/M7c
M5/N3.8+
M5/P1
M5/Q1.2
M5/S1.1.3+c
M5/S2.1f
M5/S2.2m
M5/S2c
M5/S2mf
M5/S5+c
M5/S5c
M5/S7.4+
M5/W1
M5/W1fn
M5/X2.4+
M6
M6/A1.7+
M6/A2.1
M6/A2.1+
M6/A5.3+
M6/A5.3-
M6/A6.1-
M6/B1
M6/K4
M6/M4
M6/N5.1+
M6/O2
M6/S2mf
M6/S4
M6/S7.1+/H1
M6/S7.4+
M6/Z6
M7
M7/A10-
M7/A11.1+
M7/A11.1-
M7/A11.2+
M7/A12-
M7/A15+
M7/A15-
M7/A2.1+
M7/A4.2+
M7/A5.1-
M7/B2-
M7/B5
M7c
M7/F4
M7/G1.1
M7/G3
M7/G3/A15-
M7/H3
M7/H4
M7/H4c
M7/I2.1c
M7/I4
M7/K1
M7/K5.1
M7/L1-
M7/L2
M7/L3
M7/M1
M7/M3
M7/M4
M7/M5
M7/N3.3+
M7/N3.3+++
M7/N3.7+
M7/N4
M7/N5++
M7/N5-
M7/N5.1+
M7/O1.1c
M7/O1.2
M7/O1.2/W3
M7/O1.3
M7/O2/X7-
M7/O4.2+
M7/O4.2-
M7/O4.2-c
M7/P1
M7/S2.2m
M7/S2mf
M7/S4
M7/S5
M7/S5+
M7/S5+c
M7/S7.1
M7/S7.1+
M7/S7.1-
M7/S7.1+/S2mf
M7/T1.1.1
M7/W1
M7/W3
M7/W3c
M7/X5.2+/Z6
M7/X7+
M7/Y1
M7/Y1c
M7/Y2
M8
M8/M5
M8/T2++
M8/T2-
M8/T2++/S2mf
N1
N1/A4.1
N1/G2.1
N1/I1
N1/M3
N1/N2
N1/N4
N1/N6+
N1/O2
N1/Q4.1
N1/S5
N2
N2/S2mf
N3
N3.1
N3.1c
N3.1/O2
N3.1/O3
N3.1/T3+
N3.1/Y1
N3.2
N3.2+
N3.2++
N3.2+++
N3.2-
N3.2--
N3.2---
N3.2/A2.1
N3.2/A2.1-
N3.2+/A2.1
N3.2+/A2.1+
N3.2-/A2.1
N3.2/A5.1+
N3.2/A6.2+
N3.2--/B1
N3.2+/M6
N3.2+/N3.6+
N3.2/N5.2+
N3.2+/O2
N3.2-/S2mf
N3.2+/S5
N3.3
N3.3+
N3.3++
N3.3+++
N3.3-
N3.3--
N3.3---
N3.3+/A2.1
N3.3+/E5+
N3.3-/H3c
N3.3/O2
N3.3+/O2
N3.4
N3.4+
N3.4-
N3.5
N3.5+
N3.5-
N3.5--
N3.5-/A2.1
N3.5-/A2.1/S2mf
N3.5/B1
N3.5/N5.2+
N3.5/O2
N3.6
N3.6+
N3.7
N3.7+
N3.7++
N3.7+++
N3.7-
N3.7--
N3.7---
N3.7+/A2.1
N3.7+/A2.1+
N3.7-/A2.1
N3.7-/S2mf
N3.8
N3.8+
N3.8++
N3.8+++
N3.8-
N3.8+/A2.1
N3.8-/A2.1
N3.8+/N3.2+
N3.8/O2
N3.8-/S2mf
N3/F1
N4
N4-
N4/A1.1.1
N4/A2.2
N4c
N4/G1.1
N4/L1-
N4/M7
N4/O4.6+
N4/P1/S2mf
N4/P1/S5+
N4/Q1.1
N4/Q3
N4/S2mf
N4/S7.3
N4/T1.1.1
N4/T1.3
N4/X3.4
N4/X9.2+
N4/Z2/G1.1
N5
N5+
N5++
N5+++
N5-
N5--
N5---
N5.1
N5.1+
N5.1++
N5.1+++
N5.1-
N5.1+/F1
N5.1-/I3.1
N5.1+/N5.2+
N5.1-/Q2.2
N5.1+/S2mf
N5.1+/S5+
N5.1+/T1.1.2
N5.2+
N5.2++
N5.2+/A1.1.1
N5.2+/A1.5.1-
N5.2+c
N5.2+/F2
N5.2+/N5
N5.2+/O1.2
N5.2+/Q2.1
N5.2+/Q2.2
N5.2+/X7-
N5/A1.7+
N5/A2.1-
N5+++/A2.1
N5++/A2.1
N5+/A2.1
N5-/A2.1
N5+/A2.1/B5
N5+/A2.1/T3
N5-/A2.2
N5+++c
N5c
N5/I1.3
N5/I2.1
N5+/I2.2
N5---/M4/S2mf
N5+/M7
N5+/O2
N5+/P1
N5-/S1.2.5
N5+/S2
N5-/S2
N5-/S5+
N5/X9.1+
N6
N6+
N6+++
N6-
N6---
N6/A2.1
N6+/A2.1
N6+/I1.1
N6+/N3.2+/A2.1
N6/N5.1+
N6+/Q2.2
N6+/Q4.2
N6+/S2mf
N6+/T1.3
N6+/X2.1
N6/Y2
N6/Z6
O1
O1.1
O1.1/A2.1
O1.1/C1
O1.1/I4
O1.1/I4c
O1.1/K5.1
O1.1/L2
O1.1/S2m
O1.1/S2mf
O1.1/W3
O1.2
O1.2-
O1.2--
O1.2-/A2.1
O1.2/B4
O1.2/F1
O1.2/G1.1
O1.2/G1.1c
O1.2/H1c
O1.2/M1
O1.2/M2
O1.2/M4
O1.2/N5
O1.2/O2
O1.2/O4.2-
O1.2/O4.3
O1.2/W3
O1.2/W4
O1.2/X3.5
O1.3
O1.3-
O1.3/A15-
O1.3/G1.1c
O1.3/H1c
O1.3/M3
O1.3/M7
O1.3/N5
O1.3/O4.3
O1.3/S2.2m
O1.3/S2mf
O1/A1.1.2-
O1/A2.2
O1/B1
O1/F1
O1/H1
O1/I4c
O1/L1
O1/M6
O1/N5
O1/P1
O1/S3.2
O1/W4
O1/W5
O1/X3.1
O1/Z6
O2
O2/A10+
O2/A10-
O2/A1.1.2
O2/A1.3+
O2/A1.7+
O2/A1.7+/G2.1
O2/A1.8+
O2/A5.4-
O2/A6.1-
O2/A9-
O2/B3
O2/B4
O2/B5
O2c
O2/C1
O2/C1/I1.3+++
O2/E2-
O2/E3-
O2/F1
O2/F2
O2/F4
O2/G2.1
O2/G3
O2/H1
O2/H2
O2/H4
O2/H5
O2/I1
O2/I1.3-
O2/I2.2
O2/I4
O2/K5.1
O2/K5.2
O2/L1-
O2/L2
O2/M1
O2/M2
O2/M3
O2/M4
O2/M6
O2/N3.2+
O2/N3.4+
O2/N3.5+
O2/N3.7
O2/N4
O2/N5-
O2/N5---
O2/N6+
O2/O1.1
O2/O1.3
O2/O3
O2/O4.3
O2/O4.4
O2/O4.5
O2/O4.6+
O2/O4.6-
O2/Q1.2
O2/Q1.3
O2/Q2.2-
O2/Q4.1
O2/S2mf
O2/S4
O2/S5-
O2/S6+
O2/S7.1+
O2/S9
O2/T1
O2/T1.3
O2/T3++
O2/W2
O2/W2/M3
O2/X2.2+
O2/X3.2
O2/X3.4
O2/X3.4-
O2/Y1
O3
O3/A15+
O3/A15-
O3/A2.1
O3/B2-
O3/B3
O3/F1
O3/G1.1c
O3/H1c
O3/I4c
O3/M3
O3/M5
O3/N6+
O3/O1.2
O3/O1.2-
O3/O2
O3/O4.3
O3/Q1.1
O3/S2mf
O3/W2
O3/X2.4
O3/X9.2-
O4.1
O4.1/A2.1
O4.1/A3+
O4.1/B1
O4.1/B1/S7.2+
O4.1/F2
O4.1/H1
O4.1/L2
O4.1/L3/F1
O4.1/M3
O4.1/N3.5
O4.1/N4
O4.1/O1.2
O4.1/O1.2-
O4.1/O1.3
O4.1/O2
O4.1/O3
O4.1/O4.5
O4.1/S1.2.5+
O4.1/S2f
O4.1/S2mf
O4.1/W4
O4.2
O4.2+
O4.2++
O4.2+++
O4.2-
O4.2---
O4.2+/A2.1
O4.2-/A2.1
O4.2+/A8
O4.2+/C1
O4.2-/G2.2-
O4.2+/H5
O4.2+/M7
O4.2/Q1.2/S2mf
O4.2/S2.1f
O4.2+/S2.1f
O4.2+/S2.1m
O4.2+/S2.2m
O4.2-/S2.2m
O4.2+/S2mf
O4.2-/S2mf
O4.2/S7.3+
O4.2/T3-
O4.2+/X2.1
O4.2+/X3.2
O4.2-/Z4
O4.3
O4.3-
O4.3/A2.1
O4.3/A4.1
O4.3/B5
O4.3/F1
O4.3/H3
O4.3/N6
O4.3/O3
O4.3/O3/W2
O4.3/S2.1f
O4.3/S2mf
O4.4
O4.4/A2.1
O4.4/A2.1+
O4.4/A6.2-
O4.4/B1
O4.4/H1
O4.4/O2
O4.4/O4.1
O4.4/S2mf
O4.5
O4.5/A2.1
O4.5/O4.1
O4.5/O4.6+
O4.6
O4.6+
O4.6++
O4.6+++
O4.6-
O4.6--
O4.6---
O4.6/A1.1.1
O4.6+/A1.1.2
O4.6+/A15-
O4.6+/A2.1
O4.6-/A2.1
O4.6/B1
O4.6+/G1.1c
O4.6+/H1c
O4.6+/H2
O4.6/N6+
O4.6+/N6+
O4.6/O1.3
O4.6+/O2
O4.6-/O2
O4.6/O3
O4.6+/O3
O4.6-/O3
O4.6+/S2.2m
O4.6+/S2mf
O4.6-/W4
P1
P1-
P1/A1.1.1
P1/A2.1+
P1/A4.1
P1/A5
P1/A5.1+
P1/A5.1-
P1/B1/T3
P1/B2-c
P1/B3
P1/B3c
P1/B5
P1c
P1/C1c
P1/Df
P1/F4
P1/G1.1c
P1/G1.2
P1/G2.1
P1/G2.1-
P1/G3
P1/G3c
P1/H1
P1/H1c
P1/H2
P1/H4c
P1/I1.2
P1/I2.1
P1/I2.1c
P1/I3.1
P1/I3.2
P1/I3.2/S2.2m
P1/I3.2/S2mf
P1/K5.1
P1/L1
P1/L2
P1/M4c
P1/M7
P1mfn
P1/N4
P1/N5
P1/N5.2+
P1/N6
P1/N6+
P1/Q1.2
P1/Q3
P1/Q3c
P1/S1.1.1
P1/S2.1
P1/S2.1f
P1/S2.2f
P1/S2.2m
P1/S2c
P1/S2m
P1/S2mf
P1/S2mf/T1.1.1
P1/S4
P1/S5+c
P1/S7.1+/S2mf
P1/S7.1+/S5+
P1/S8+
P1/S9c
P1/T1.1.1
P1/T1.1.1mf
P1/T1.1.1/S2mf
P1/T1.3
P1/T1.3c
P1/T3-c
P1/W1
P1/W1/S2mf
P1/W3
P1/X2.3+
P1/X2.4
P1/X7+
P1/Y1c
P1/Y2
P1/Z2c
P1/Z3c
P1/Z6
Q1.1
Q1.1/A15-
Q1.1/A1.6
Q1.1/B1
Q1.1/I2.2
Q1.1/N6+
Q1.1/Q1.2
Q1.1/S2mf
Q1.1/S8+
Q1.1/X5.1+
Q1.1/X9.1
Q1.2
Q1.2-
Q1.2/A10-
Q1.2/A1.1.1
Q1.2/A4.2+
Q1.2/A5.2-
Q1.2/A5.3
Q1.2/A5.3-
Q1.2/A5.4-
Q1.2/A9+
Q1.2/B2-
Q1.2c
Q1.2/C1
Q1.2/E2-
Q1.2/G1.1
Q1.2/G1.2
Q1.2/H2
Q1.2/H3
Q1.2/H5
Q1.2/I1
Q1.2/I1.1
Q1.2/I1.3
Q1.2/I2.1
Q1.2/I3.1
Q1.2/I3.1-
Q1.2/I3.1/S2.2m
Q1.2/I3.2/S2.2m
Q1.2/M1
Q1.2/M3
Q1.2/M4
Q1.2/M6
Q1.2/N1
Q1.2/N2
Q1.2/N3.2
Q1.2/N4
Q1.2/N5+
Q1.2/N6
Q1.2/N6+
Q1.2/O2
Q1.2/O3
Q1.2/P1
Q1.2/Q2.2
Q1.2/S1.1.2+
Q1.2/S2
Q1.2/S2.2m
Q1.2/S2mf
Q1.2/S2mf/T1.1.1
Q1.2/S3.1mf
Q1.2/S4
Q1.2/S5+
Q1.2/S9
Q1.2/T1.1.1c
Q1.2/T1.3
Q1.2/T3
Q1.2/W3
Q1.2/X7+
Q1.2/X7-
Q1.2/Y2
Q1.2/Z6
Q1.3
Q1.3/H1
Q1.3/H1c
Q1.3/H2c
Q1.3/I1.3-
Q1.3/Q4.1
Q1.3/S1.1.3+c
Q1.3/S2mf
Q1.3/S8+
Q1.3/Y2
Q2.1
Q2.1+
Q2.1++
Q2.1-
Q2.1/A10-
Q2.1/A1.2-
Q2.1/A4.2+
Q2.1/A5
Q2.1/A5.1-
Q2.1/A5.1-/S2mf
Q2.1/A5.2-
Q2.1/A6.1-
Q2.1/B2-
Q2.1/E3-
Q2.1/N4
Q2.1/N5+
Q2.1/N5-
Q2.1/N5.2+
Q2.1/N5+mf
Q2.1/N6
Q2.1/N6+
Q2.1/O3
Q2.1/P1
Q2.1/S1.2.6-
Q2.1/S2mf
Q2.1/S8+
Q2.1/T1.2
Q2.1/T2+
Q2.1/T2++
Q2.1/X2.1
Q2.1/X3.2-
Q2.1/X4.2
Q2.1/Y2
Q2.2
Q2.2-
Q2.2/A10+
Q2.2/A2.1-
Q2.2/A5.1+
Q2.2/A5.2
Q2.2/A5.2+
Q2.2/A5.2-
Q2.2/A5.2-/S2mf
Q2.2/A5.3-
Q2.2/A5.4-
Q2.2/A6.1-
Q2.2/A7+
Q2.2/B2-
Q2.2/E2+
Q2.2/E2-
Q2.2/E2-/X4.2
Q2.2/E3-
Q2.2/E4.1+
Q2.2/E4.1-
Q2.2/E4.2-
Q2.2/E6-
Q2.2/G2.1
Q2.2/G2.1-
Q2.2/G2.2
Q2.2/G2.2-
Q2.2/I2.2
Q2.2/I3.1
Q2.2/I3.2
Q2.2/M4
Q2.2/N3.7-%
Q2.2/N4
Q2.2/N5.2+
Q2.2/N6+
Q2.2/Q2.1
Q2.2/S1.2.4+
Q2.2/S1.2.4-
Q2.2/S2.1f
Q2.2/S2.2m
Q2.2/S2mf
Q2.2/S2mfnc
Q2.2/S4
Q2.2/S4-
Q2.2/S6+
Q2.2/S7.2-/S9
Q2.2/S7.2-/S9/S2mf
Q2.2/S8+
Q2.2/S9
Q2.2/T1.1.3
Q2.2/T1.1.3/S9
Q2.2/X2.5-
Q2.2/X3.2
Q2.2/X3.2+
Q2.2/X3.2++
Q2.2/X3.2+++
Q2.2/X3.2-
Q2.2/X5.2+
Q2.2/X7+
Q2.2/X7-
Q2.2/X9.1+
Q2.2/Z6
Q3
Q3/A10-
Q3/A12+
Q3/A2.1
Q3/A6.1-
Q3/B1
Q3/B2-
Q3/I3.2-
Q3/I3.2/S2mf
Q3/K2
Q3/M7
Q3/N4-
Q3/P1
Q3/Q1.2
Q3/S1.1.1
Q3/S1.1.1/S2mf
Q3/S1.2.4-
Q3/S2mf
Q3/S8+
Q3/X4.1
Q3/X9.1+
Q3/Y2
Q3/Z2/S3mf
Q4
Q4.1
Q4.1/A1.1.1
Q4.1/Df
Q4.1/F1
Q4.1/H1c
Q4.1/I2.1c
Q4.1/I2.2
Q4.1/I2.2/H1
Q4.1/I2.2/S2mf
Q4.1/M1
Q4.1/M6
Q4.1/M7
Q4.1/N1
Q4.1/N5
Q4.1/P1
Q4.1/Q1.2/I1
Q4.1/Q3
Q4.1/S1.1.3+
Q4.1/S2.1f
Q4.1/S2.2m
Q4.1/S2c
Q4.1/S2f
Q4.1/S2mf
Q4.1/S3.2
Q4.1/S8+
Q4.1/W3
Q4.1/X2.4
Q4.1/X5.2+++
Q4.1/X9.2++
Q4.1/Y2
Q4.2
Q4.2c
Q4.2/H2
Q4.2/I2.1c
Q4.2/I2.2
Q4.2/I2.2/S2mf
Q4.2/I3.2/S2mf
Q4.2/N4
Q4.2/Q2.1c
Q4.2/S1.1.3+c
Q4.2/S2.1
Q4.2/S2.2m
Q4.2/S2m
Q4.2/S2mf
Q4.2/S5+c
Q4.2/Y2
Q4.3
Q4.3/A1.1.1
Q4.3/A5.1+
Q4.3/B3
Q4.3c
Q4.3/E4.1+
Q4.3/E5-
Q4.3/G3
Q4.3/H1
Q4.3/H1c
Q4.3/I3.2/S2.2m
Q4.3/K4
Q4.3/K5.1
Q4.3/K5.2
Q4.3/M1
Q4.3/M3
Q4.3mfc
Q4.3/N4
Q4.3/N6+
Q4.3/O3
Q4.3/O4.3
Q4.3/P1
Q4.3/Q1.2
Q4.3/Q3
Q4.3/Q4.2
Q4.3/S2c
Q4.3/S2mf
Q4.3/S5+
Q4.3/S5+c
Q4.3/S5c
Q4.3/T1.1.1
Q4.3/T1.3
Q4/A4.1
Q4c
Q4/I3.2/S2mf
Q4/N5
Q4/P1
Q4/S2mf
Q4/S3.2
Q4/S5+
Q4/S7.4-
Q4/Y1
Q4/Y2
S1.1.1
S1.1.1-
S1.1.1/A11.1+
S1.1.1c
S1.1.1/C1/A2.1+
S1.1.1/G1.1
S1.1.1/H1c
S1.1.1/H4
S1.1.1/I2.1
S1.1.1/M1
S1.1.1/N6
S1.1.1/N6+
S1.1.1/P1
S1.1.1/Q2.1
S1.1.1/S2
S1.1.1/S2mf
S1.1.1/T3-
S1.1.1/X2.1/G1.2
S1.1.1/Y1
S1.1.2+
S1.1.2-
S1.1.2+/S9
S1.1.3
S1.1.3+
S1.1.3+++
S1.1.3-
S1.1.3+/A10-
S1.1.3+c
S1.1.3+/F2
S1.1.3+/G3
S1.1.3+mfn
S1.1.3/N5.2+
S1.1.3-/P1
S1.1.3+/S2
S1.1.3+++/S2mf
S1.1.3+/S2mf
S1.1.3-/S2mf
S1.1.3/S4
S1.1.3+/S5+
S1.1.3+/W3
S1.1.3+++/X7-
S1.1.4
S1.1.4+
S1.1.4-
S1.2
S1.2.1
S1.2.1+
S1.2.1+++
S1.2.1-
S1.2.1+/E3+
S1.2.1+/S2mf
S1.2.1-/S2mfc
S1.2.2+
S1.2.2++
S1.2.2-
S1.2.2+/S2mf
S1.2.2-/S2mf
S.1.2.3-
S1.2.3+
S1.2.3+++
S1.2.3-
S1.2.3-/A2.2
S1.2.3+/Q2.2
S1.2.3+/S2mf
S1.2.3-/S2mf
S1.2.4
S1.2.4+
S1.2.4-
S1.2.4-/B1
S1.2.4-/Q2.2
S1.2.4-/Q3
S1.2.4-/S2mf
S1.2.5+
S1.2.5++
S1.2.5+++
S1.2.5-
S1.2.5--
S1.2.5---
S1.2.5+/A2.1
S1.2.5-/A2.1
S1.2.5-/O4.1
S1.2.5+/S2.1f
S1.2.5+/S2mf
S1.2.5-/S2mf
S1.2.5-/X1
S1.2.6+
S1.2.6-
S1.2.6---
S1.2.6-/S2
S1.2.6-/S2.2m
S1.2.6-/S2mf
S1.2.6-/S2mfn
S1.2/A5.1-
S1.2/A6.2+
S1.2/Df
S1.2/S8+
S1.2/S8++
S1.2/S8+++
S1.2/S8-
S1.2/T3-
S2
S2.1
S2.1/A5.1+f
S2.1/A8
S2.1/E2-
S2.1/E2-m
S2.1f
S2.1f/G1.2
S2.1f/O4.2-
S2.1f/T3-/T1.3
S2.1f/X9.1-
S2.1/G1.2
S2.1/G1.2f
S2.1/H1f
S2.1/O4.3f
S2.1/S1.2.5+f
S2.1/X2.2-
S2.2
S2.2/A1.1.1m
S2.2/A5.1+m
S2.2/A6.2+m
S2.2m
S2.2/O4.2
S2.2/O4.3
S2.2/S1.2.3+
S2.2/S2.1f
S2.2/S7.1+
S2.2/T3++m
S2/A11.1+
S2/E2+mf
S2-/H4
S2/I3.1mf
S2mf
S2mf/A6.1-
S2mfc
S2mfn
S2mf/P1
S2mf/T3-
S2n
S2/N3.2+mf
S2/N5+
S2/N5++
S2/N5-
S2/N5.2+
S2/N5c
S2/O2mf
S2/O4.3mf
S2/S1.2.3+
S2/S7.2+
S2/T1.3mf
S2/T3+
S2/T3+mf
S2/T3+++mf
S2/T3++mf
S2/X2.1mf
S2/Z6
S3.1
S3.1-
S3.1/A2.2
S3.1-/A6.1-
S3.1mf
S3.1/P1mf
S3.1/Q1.2mf
S3.1/S2.2m
S3.1/S2mf
S3.1-/S4
S3.1/T1.1
S3.2
S3.2+
S3.2-
S3.2/A10-/S2m
S3.2/A5.1-
S3.2/B1
S3.2/B5
S3.2/G2.2+
S3.2/G2.2-
S3.2+/G2.2-
S3.2+/G2.2-/S2.1f
S3.2/G2.2-/S2mf
S3.2/H1
S3.2/H1c
S3.2/H4
S3.2/I2.1
S3.2/I2.2
S3.2+/I3.1/S2mf
S3.2/K4
S3.2/M7
S3.2mf
S3.2/N5+
S3.2/Q2.2
S3.2/Q4
S3.2/Q4/S2mf
S3.2/S2
S3.2/S2.1
S3.2/S2.1f
S3.2+/S2.1f
S3.2-/S2.1f
S3.2/S2.2m
S3.2/S2mf
S3.2-/S2mf
S3.2/S5+c
S3.2/T1.1.1m
S3.2/T2+
S3.2/T3
S3.2/T3-
S3.2/X1
S3.2/X3.3
S4
S4-
S4/A12-
S4/A12-c
S4/B1
S4c
S4/E1
S4f
S4/G2.1-
S4/G2.2-
S4/G2.2-/S2.1f
S4/G2.2-/S2mf
S4/I1
S4/I1.1
S4/I1/A9-
S4/I2.2
S4/K1
S4/L2
S4m
S4/M1/O2
S4/M3/O2
S4mf
S4mfn
S4/N4/H1
S4/N5
S4/N5+
S4/N6+
S4/Q1.2
S4/S2.1
S4/S2.1f
S4/S2.2
S4/S2.2m
S4/S2mf
S4-/S2mf
S4/S5+
S4/S5+c
S4/S6+
S4/S9
S4/T1.1.1
S4T1.1.1
S4/T1.1.1f
S4/T1.1.1m
S4/T1.1.1mf
S4/T1.2
S4/T1.3
S4/T3-/S2mf
S5
S5+
S5+++
S5-
S5+/A11.2+
S5+/A6.1-
S5+/B2
S5+/B2+/H1
S5+c
S5+c/X5.2+
S5+/G3
S5+/G3c
S5/I1.1
S5+/I2.1c
S5-/I3.1
S5+/K1c
S5+/M7
S5+/M7c
S5+mfn
S5/N5+
S5+/N5+
S5+/N5-
S5/N5.1-
S5+/N5-c
S5+/N6+
S5+/O4.2-c
S5+/O4.3c
S5+/P1
S5+/Q2.2
S5+/S2.2m
S5+/S2m
S5+/S2mf
S5-/S2mf
S5+/S7.1-
S5+/S9c
S5/T1.3+
S5+/T3-c
S5/X2.1c
S5+/X7+
S5/X7+c
S5+/Z2
S5+/Z2/S2mf
S6
S6+
S6-
S6+/G2.1
S6+/I2.1
S6+/N6
S6-/Q1.2
S6-/Q2.2
S6+/S1.2
S6++/S2mf
S6+/S2mf
S6-/S2mf
S6+/T1.1
S7.1
S7.1+
S7.1++
S7.1-
S7.1--
S7.1+/A11.1+
S7.1/A2.1
S7.1+/A2.1
S7.1-/A2.1
S7.1+/A5.1-
S7.1+/A6.1+
S7.1+/A9-
S7.1+c
S7.1+/C1
S7.1+/C1/S2mf
S7.1-/E1
S7.1-/E1/S2mf
S7.1+/E2-
S7.1-/E2-
S7.1+f
S7.1/G2.2-
S7.1+/G2.2-
S7.1+/G3/S2.2m
S7.1+/H1c
S7.1+/H4/S2.2m
S7.1/I1.3+
S7.1+/I2.1
S7.1+/I3.1/S2.2m
S7.1+/I3.2/S2mf
S7.1+/M7
S7.1-/M7
S7.1+/M7c
S7.1+/O2
S7.1+/Q2.2
S7.1+/S1.1.3+
S7.1+/S2
S7.1+/S2.1f
S7.1-/S2.1f
S7.1+++/S2.2m
S7.1+/S2.2m
S7.1-/S2.2m
S7.1-/S2c
S7.1+/S2m
S7.1++/S2mf
S7.1+/S2mf
S7.1--/S2mf
S7.1-/S2mf
S7.1+/S4c
S7.1+/S5+
S7.1-/S5
S7.1-/S5-
S7.1+/S5+c
S7.1+/S5-/S2mf
S7.1+/S5+/X2.4
S7.1+/S9m
S7.1+/S9/S2mf
S7.1+/S9/Z1m
S7.1+/T1.1.1mf
S7.1+/X7-
S7.1+/Z6
S7.2+
S7.2-
S7.2+/A11.1+
S7.2-/A2.1
S7.2+/N5.2+
S7.2+/N5.2+/S2mf
S7.2-/Q1.2
S7.2-/Q2.1
S7.2+/Q2.2
S7.2+/Q2.2/S2mf
S7.2+/S2.1f
S7.2+/S2mf
S7.2+/S9
S7.2-/S9
S7.3
S7.3+
S7.3++
S7.3-
S7.3+/E3-
S7.3+/E3-/S2mf
S7.3+/O4.2
S7.3/S2mf
S7.3+/S2mf
S7.3+/S7.1
S7.4
S7.4+
S7.4-
S7.4+/A1.7-
S7.4+/M1
S7.4/M1+/H1
S7.4/M1+/I1.3
S8+
S8+++
S8-
S8+/A10-
S8+/A11.1+
S8+/A1.1.2-
S8+/A15+
S8-/A15-
S8+/A15+/I3.2/S2mf
S8+/A15+/S2mf
S8+/A5.1+
S8-/B1
S8+/B3
S8+c
S8-/E2-
S8-/G2.1
S8+/G2.2-
S8+/H1
S8+/H1c
S8+/H4
S8+/I1
S8+/I1-
S8+/I1.1
S8+/I1.2
S8+/I2.2/H1
S8+/M4
S8+/N5-
S8+/Q1.2
S8+/Q1.3
S8+/Q2.1
S8+/Q2.1/S2mf
S8+/Q2.2
S8+/Q2.2/S2mf
S8+/S1.1.2+
S8+/S2m
S8+/S2mf
S8-/S2mf
S8+/S3.2
S8+/S4
S8+/S4/S2mf
S8+/S5
S8+/S5+
S8+/S5-
S8-/S5
S8+/S5+c
S8+/S5c
S8+/S7.1+/S5+
S8-/X1
S8+/X9.2+
S8+/Y2
S8-/Z6
S9
S9-
S9/A1.1.1
S9/A11.1+
S9/A5.1-
S9/A6.1-
S9/A9-
S9/B3
S9c
S9/E2-
S9f
S9fn
S9/G1.1
S9/G1.1c
S9/G2.1
S9/G2.2-
S9/H1
S9/H1c
S9/H2
S9/H5
S9/K2
S9/L2
S9/L2mfn
S9/L2mnc
S9m
S9/M7
S9mf
S9mfn
S9mn
S9/P1
S9/P1c
S9/Q1.1
S9/Q1.2
S9/Q2.1
S9/Q2.2
S9/Q4.1
S9/S2
S9/S2.1f
S9/S2.2m
S9/S2c
S9/S2f
S9/S2m
S9/S2mf
S9-/S2mf
S9/S2mfn
S9/S4
S9/S5+
S9/S5+c
S9/S7.1+
S9/S7.1+/S2.1f
S9/S7.1+/S2.2m
S9/S7.1+/S2mf
S9/S7.2-
S9/S7.4+
S9/T1.1.1
S9/T1.1.3
S9/T1.3
S9/T1.3/N4
S9/T2+
S9/X2
S9/Z1f
T1
T1.1
T1.1.1
T1.1.1/H1c
T1.1.1/O2
T1.1.1/S2.2m
T1.1.1/S2mf
T1.1.2
T1.1.2-
T1.1.2/A2.1
T1.1.2/N4
T1.1.2/Q1.1
T1.1.2/S2.2m
T1.1.2/S2mf
T1.1.3
T1.1.3/N3.8+
T1.1.3/N3.8++
T1.1.3/N3.8+++
T1.1.3/S2mf
T1.1.3/S9/S2mf
T1.1.3/T1.3
T1.1/A2.1
T1.2
T1.2/A1.2+
T1.2/A1.2-
T1.2/F1
T1.2/N5+
T1.2/P1
T1.2/T2-
T1.2/T3
T1.3
T1.3+
T1.3++
T1.3+++
T1.3-
T1.3--
T1.3-/A1.8+
T1.3/A5.1-
T1.3/E3+
T1.3/F1
T1.3/G1.1
T1.3/G1.2
T1.3/I1
T1.3/I1.3-/F2
T1.3/I3.1
T1.3/I4
T1.3/K1
T1.3-/N4
T1.3/N5.1+
T1.3/O4.6-
T1.3/P1
T1.3/P1-
T1.3/Q1.2
T1.3+/Q1.2
T1.3/Q4.3
T1.3/S4
T1.3/S9
T1.3/T3-
T1.3/X9.2+
T1.3/Y1
T1/A7-
T1/H1
T1/N4
T1/N4-
T1/O2
T1/O3
T1/Q1.2
T1/Q4.3/O2
T1/S2mf
T1/S7.1+
T1/Z6
T2+
T2++
T2+++
T2++@
T2-
T2+/A1.1.1
T2-/A1.1.1
T2+/A2.1
T2-/F3-
T2-/G2.1
T2-/I1.3
T2++/N4
T2+/N6+
T2+/S2mf
T2+/S7.1+
T2-/S7.1+
T2-/T1.2
T2++/T1.3+
T2+/T1.3
T2-/T1.3
T2+++/X5.2-
T3
T3+
T3++
T3+++
T3-
T3--
T3---
T3+/A2.1
T3---/A2.1
T3-/A2.1
T3+/A2.1mfn
T3/A6.1-
T3--/B4
T3-/G2.1/H1
T3-/H1c
T3-/I1.1
T3+/I2.1/S2mf
T3-/I3.1
T3--/L1-
T3--/N3.5
T3/N5.1
T3+/N6+
T3+++/O2
T3/P1
T3-/Q4.1
T3+/S1.1.1
T3+/S2
T3+/S2.1f
T3--/S2.1f
T3-/S2.1f
T3-/S2.2
T3++/S2.2m
T3+/S2.2m
T3--/S2.2m
T3/S2mf
T3+++/S2mf
T3++/S2mf
T3+/S2mf
T3--/S2mf
T3-/S2mf
T3-/S5+c
T3-/T2+
T3++/X2.1
T3/X2.4
T3/X2.4/S2mf
T3/X2.6
T4
T4+
T4-
T4--
T4---
T4+/A10+
T4+/I1.2
T4+/Q2.2
T4+/S2mf
T4-/S2mf
T4+/T1.2
W1
W1/G1.2
W1/L1
W1/S2mf
W2
W2-
W2--
W2---
W2/H1/M4
W2/W1
W2/W4
W3
W3/I3.2/S2mf
W3/I4
W3/K5.1
W3/L1
W3/L2
W3/L3
W3/M4
W3/M4/S2mf
W3/O2
W3/P1
W3/Q1.2
W3/S2mf
W3/S9
W3/Y1
W4
W4/N3.1
W4/O2
W4/O4.6+
W4/T1.3
W4/X2.6+
W5
W5/A1.1.2
W5/M7
W5/O3
W5/S2mf
W5/S7.1+
X1
X1/A6.2+
X1/B2+
X1/L2
X1/M1
X1/S1.1.1
X1/T3
X2
X2.1
X2.1+
X2.1-
X2.1/A10-
X2.1/A1.3+
X2.1/A2.1
X2.1/A2.1+
X2.1/A2.1-
X2.1/A3
X2.1/A5
X2.1/A5.1+++
X2.1/A5.1-
X2.1/A5.1+++/S2mf
X2.1/A6.1+
X2.1/A6.2+
X2.1/A6.2-
X2.1/A7-
X2.1/E1
X2.1/E4.1-
X2.1/G1.2
X2.1/G2.2
X2.1/M7
X2.1/N6+
X2.1/S2mf
X2.1/T1.1.1
X2.1/X5.1+
X2.1/X5.1-
X2.2
X2.2+
X2.2+++
X2.2-
X2.2+/A15-
X2.2/A2.2
X2.2/A2.2-
X2.2+/A9-
X2.2+/G2.2-
X2.2/S1.1.1
X2.2/S2mf
X2.2+/S2mf
X2.2-/S2mf
X2.2+/S5+
X2.2+/S5+c
X2.2+/S7.2+
X2.2+/T1.1.1
X2.2+/T3-
X2.2/X2.4
X2.2/Y2
X2.3
X2.3+
X2.3+/N6+
X2.3+/P1
X2.3+/Y2
X2.4
X2.4+
X2.4-
X2.4/A5
X2.4-/A5
X2.4/A5.2+
X2.4/A5.3
X2.4/A5.3/N6+
X2.4/A5.3/S5+c
X2.4/A5/P1
X2.4/B3/L2
X2.4/G2.1
X2.4+/H1c
X2.4/I2.2mf
X2.4/N4
X2.4/N5.2+
X2.4/N6+
X2.4/P1
X2.4/Q1.2
X2.4/S1.1.1
X2.4/S2
X2.4/S2mf
X2.4/S5+
X2.4/S5-
X2.4/S5+c
X2.4/T2++
X2.4/X2.2
X2.4/X6+
X2.4/X7-
X2.4/Y1
X2.4/Z6
X2.5+
X2.5-
X2.5+/E1
X2.5+/E1/N5.2+
X2.5+/E1/S2mf
X2.5-/Q1.1
X2.5/Q1.2
X2.5-/Q2.1
X2.5+/S1.2
X2.5+/T4-
X2.6
X2.6+
X2.6-
X2.6/A1.1.1
X2.6+/A15-
X2.6/A5.1-
X2.6+/A5.1+
X2.6/A5.1+mf
X2.6+/A5.1+mf
X2.6+/A5.1+/N5.2+
X2.6/A5.1+/S1.2
X2.6+/T1.1.3/S9
X2/A5.2-
X2/S2mf
X2/S9
X3
X3-
X3.1
X3.1+
X3.1/F1
X3.1+/F1
X3.1/F2
X3.1/S2mf
X3.2
X3.2+
X3.2++
X3.2+++
X3.2-
X3.2--
X3.2/A10-
X3.2+/A2.1
X3.2-/A2.1
X3.2/A5.1-
X3.2++/A5.1-
X3.2/A5.2-
X3.2/A5.3-
X3.2/B2-
X3.2/E2-
X3.2/E4.2-
X3.2/K4
X3.2/L2
X3.2/M1
X3.2/N3.1
X3.2/O1.2
X3.2/O2
X3.2/O3
X3.2+/Q4.1
X3.2/S2mf
X3.2/X3.4
X3.3
X3.3/E2+
X3.4
X3.4+
X3.4-
X3.4/A1.3+
X3.4/A15+/S2.2m
X3.4-/B2-
X3.4/E2-
X3.4/E3-
X3.4-/H1c
X3.4/L2
X3.4/M7
X3.4/N3.8+
X3.4/N4
X3.4/N6+
X3.4/O2
X3.4/S1.1.1
X3.4/S2mf
X3.4-/S2mf
X3.4/W4
X3.5
X3.5+
X3.5/A5.1-
X4.1
X4.1/A12
X4.1/A2.1+
X4.1/A5.1+++
X4.1/A5.1-
X4.1/A5.2-
X4.1/S2mf
X4.1+/S5+/S1.1.3+
X4.2
X4.2/P1
X4.2/X2.4
X4.2/Y2
X5.1
X5.1+
X5.1++
X5.1-
X5.1+/A2.1+
X5.1+/S1.2
X5.1+/S2mf
X5.1-/S2mf
X5.2+
X5.2++
X5.2+++
X5.2-
X5.2-/A1.1.1
X5.2+/A2.1
X5.2+/A2.1+
X5.2-/A2.1-
X5.2+/A2.2
X5.2-/A2.2
X5.2+/C1
X5.2++/E3-
X5.2-/E4.1-
X5.2+/N5.2+
X5.2+/Q2.1
X5.2+/S1.2
X5.2-/S1.2
X5.2+++/S2mf
X5.2++/S2mf
X5.2+/S2mf
X5.2-/S2mf
X5.2+/S3.2
X5.2+/Z4
X6
X6+
X6-
X6/A7-
X6+/N4
X6/S2mf
X6/T1.1.3
X7
X7+
X7++
X7-
X7.2+
X7+/A1.6
X7+/A5.1+++
X7++/G2.2-
X7+/G2.2-
X7-/M2
X7+/N3.2+
X7+/N4
X7/N5+
X7/N5++
X7-/O2
X7+/Q1.2
X7-/Q1.2
X7+/Q2.2
X7+/Q2.2/S2mf
X7-/S1.1.3+
X7-/S1.1.3+/S2mf
X7+/S2mf
X7-/S2mf
X7+/S5c
X7+/S6-
X7+/S7.1+
X7+/T1
X7+/T1.1.3
X7+/T1/S2mf
X7-/X2.4+mf
X7/Z3
X8+
X8++
X8+++
X8-
X8+/A12-
X8+/A1.8+
X8+/S2mf
X9.1
X9.1+
X9.1++
X9.1+++
X9.1-
X9.1+/A2.1
X9.1-/A2.1
X9.1+/A6.2-
X9.1/A6.3
X9.1+/E4.1+
X9.1+/I3.2
X9.1-/I3.2
X9.1+/M7
X9.1/N1
X9.1+/N5.2+
X9.1-/S1.2
X9.1+/S2.2m
X9.1++/S2mf
X9.1+/S2mf
X9.1-/S2mf
X9.1+/S5+c
X9.1+/S7.1+
X9.1+/T2++
X9.1+/T3+
X9.1/X2.4
X9.1+/Y2
X9.2
X9.2+
X9.2++
X9.2-
X9.2+/G2.2-
X9.2+/G2.2-/S2mf
X9.2+/G3
X9.2+/G3/S2mf
X9.2+/I2.1/S2.2m
X9.2+/K5.1
X9.2+/N5
X9.2-/N5
X9.2-/N5.1-
X9.2+/S2mf
X9.2-/S2mf
X9.2+++/S7.3
X9.2+/S7.3
X9.2-/S7.3
X9.2+/S7.3/S2mf
X9.2+/T1.1.1
X9.2+/T1.3
Y1
Y1-
Y1/A2.1+
Y1/A2.1-
Y1/A5.1+++
Y1/A9-
Y1/B1
Y1/B1/S2mf
Y1/B2-
Y1/B3
Y1/G1.1c
Y1/G2.1
Y1/G3
Y1/H1
Y1/H1c
Y1/I3.2/S2mf
Y1/K6
Y1/L1
Y1/L1/S2mf
Y1/L2
Y1/L3
Y1/M5
Y1/M5/W1
Y1/N1
Y1/O1.1
Y1/O1.1/S2mf
Y1/O1.2
Y1/O2
Y1/O4.3
Y1/P1
Y1/P1mf
Y1/S2mf
Y1/T1.1.1
Y1/W1
Y1/W1c
Y1/W1fn
Y1/W1/S2.2m
Y1/W1/S2mf
Y1/W3
Y1/W4
Y1/W5/S2mf
Y1/X1
Y1/X2.1
Y1/X2.4
Y1/Z6
Y2
Y2/A6.1+
Y2/B1
Y2/C1
Y2/G2.1
Y2/K5.2/S2mf
Y2/M1
Y2/N2
Y2/N2/S2mf
Y2/N6+
Y2/P1
Y2/Q1.2
Y2/Q3
Y2/S2
Y2/S2mf
Y2/W3
Y2/X2.2+
Y2/X2.2/B1
Y2/X2.2/S2mf
Y2/X9.1+
Y2/X9.1+/S2mf
Z1
Z1c
Z1f
Z1fm
Z1f/T1.1.1
Z1m
Z1m/E2-
Z1mf
Z1mfc
Z1mfn
Z1m/K2
Z1m/K4
Z1m/S3.2
Z1m/S7.1+
Z1m/S9
Z1m/T1.1.1
Z1nf
Z1/S5+
Z1/S9
Z1/W1
Z2
Z2/A6.1+
Z2c
Z2/E2+
Z2/G3
Z2/I1.1-/A15-
Z2/I2.2c
Z2/K5.1
Z2mfn
Z2/O4.3mf
Z2/Q3
Z2/S1.2
Z2/S2
Z2/S2.1f
Z2/S2.2m
Z2/S2.2mf
Z2/S2c
Z2/S2mf
Z2/S2mfc
Z2/S2mfnc
Z2/S3mf
Z2/S5+
Z2/S5+c
Z2/S9
Z2/T1.1.1
Z3
Z3/A5.1+
Z3c
Z3/C1
Z3c/B4
Z3c/B5/O1.1
Z3c/C1
Z3cfn
Z3c/G3
Z3c/K2
Z3c/M3
Z3c/M5
Z3c/O2
Z3c/P1c
Z3c/Q1.3
Z3c/Q4.1
Z3c/Q4.3
Z3c/X2.4
Z3c/Y2
Z3f
Z3/F1
Z3/F2
Z3fn
Z3fnc
Z3/G1.1c/Y1/B1
Z3/G1.2
Z3/G2
Z3/G3
Z3/I1.1
Z3/I2.2
Z3m
Z3/M3
Z3mf
Z3mfn
Z3mn
Z3/P1
Z3/Q1.3
Z3/Q4.2
Z3/Q4.3
Z3/S2mf
Z3/T1
Z3/Y2
Z3/Y2/X2.2+/B3
Z4
Z4/E2-
Z5
Z5/A2.2
Z5/A6
Z5/Q1.2
Z5/Z6
Z6
Z6/Z8
Z6/Z8c
Z6/Z8m
Z7
Z7-
Z8
Z8/A6.1+
Z8f
Z8m
Z8mf
Z8mfc
Z8mfn
Z8/N5.1+
Z8/N5.1+c
Z8/X2.2-
Z8/Z6
Z8/Z6cmf
Z9
Z99
